-3.152499999999999053e-03 3.537802500000000183e-01 3.475530000000000008e-01
1.229500000000000037e-02 3.089639999999999609e-01 3.514194999999999958e-01
-6.761449999999999405e-02 3.646344999999999725e-01 3.404327500000000062e-01
-4.341074999999999795e-02 3.458557499999999618e-01 3.460914999999999964e-01
-1.655399999999999927e-02 3.752242499999999814e-01 3.457607500000000611e-01
-2.517749999999999849e-02 2.902112499999999762e-01 3.517502500000000420e-01
-5.413500000000000256e-02 2.882534999999999958e-01 3.476802500000000240e-01
-4.270475000000000659e-02 1.905215000000000103e-01 3.363185000000000202e-01
2.783749999999999419e-02 3.773599999999999871e-02 3.254910000000000303e-01
8.484875000000000056e-02 7.296825000000001227e-02 3.376350000000000184e-01
1.275702499999999961e-01 1.046199999999999214e-02 3.306634999999999991e-01
1.309939999999999993e-01 -9.508999999999999397e-02 3.163165000000000004e-01
1.349202499999999916e-01 -1.078957499999999986e-01 3.141134999999999899e-01
4.875650000000000123e-02 3.892317499999999875e-01 3.262932499999999791e-01
4.866824999999999624e-02 3.366689999999999405e-01 3.353479999999999794e-01
7.963724999999999277e-02 2.554164999999999908e-01 3.364610000000000101e-01
1.223587500000000022e-01 1.929102499999999776e-01 3.294894999999999907e-01
1.609127499999999933e-01 1.774559999999999749e-01 3.161714999999999942e-01
-6.192749999999999470e-03 4.462289999999999868e-01 3.303070000000000173e-01
-1.329149999999999950e-02 4.429507499999998932e-01 3.326195000000000679e-01
-1.405925000000000057e-02 4.373957499999999166e-01 3.340285000000000060e-01
-1.127350000000000053e-02 4.225944999999999285e-01 3.367060000000000608e-01
2.128000000000000551e-03 4.011504999999999654e-01 3.384982500000000005e-01
1.766374999999999890e-02 4.088969999999998994e-01 3.333099999999999952e-01
-1.521349999999999959e-02 4.476892499999999830e-01 3.313142500000000323e-01
-1.649975000000000053e-02 4.460859999999999825e-01 3.321990000000000220e-01
-1.016875000000000070e-02 4.475529999999999786e-01 3.305052500000000282e-01
-2.217150000000000024e-02 4.431462499999999638e-01 3.335835000000000328e-01
-2.622274999999999953e-02 4.422147499999999343e-01 3.332742499999999941e-01
-2.464125000000000343e-02 4.406299999999999106e-01 3.342022500000000340e-01
-3.140899999999999942e-02 4.397092499999999959e-01 3.332415000000000238e-01
-5.345600000000000351e-02 4.280407499999999699e-01 3.309287500000000493e-01
-6.887400000000000466e-02 4.019885000000000264e-01 3.332984999999999975e-01
-4.354350000000000581e-02 4.088042499999999246e-01 3.374245000000000161e-01
-9.294499999999999984e-02 3.578187499999999632e-01 3.363067500000000432e-01
-1.305972499999999981e-01 3.597282500000000272e-01 3.203829999999999734e-01
-1.934187500000000004e-01 3.339024999999999355e-01 2.987925000000000164e-01
-2.310279999999999834e-01 3.155334999999999668e-01 2.863660000000000094e-01
-2.413270000000000137e-01 3.060204999999999731e-01 2.837322500000000192e-01
-1.708192500000000058e-01 3.017434999999999978e-01 3.136712500000000126e-01
-1.593890000000000029e-01 2.040115000000000123e-01 3.023095000000000088e-01
-2.857139999999999680e-01 1.786577500000000041e-01 2.456339999999999912e-01
-3.718654999999999600e-01 1.232465000000000088e-01 2.004417500000000019e-01
-4.013579999999999925e-01 6.607625000000000304e-02 1.784164999999999779e-01
-3.261167499999999553e-01 -1.363764999999999838e-01 1.748469999999999747e-01
-2.235979999999999912e-01 -3.252147500000000524e-01 1.849122499999999725e-01
-1.835052500000000086e-01 -3.396859999999999880e-01 1.990365000000000051e-01
-1.655552499999999871e-01 -3.407142500000000518e-01 2.062952499999999856e-01
-1.576852499999999713e-01 -3.407557500000000239e-01 2.095477499999999771e-01
-1.559717499999999923e-01 -3.401667500000000177e-01 2.103585000000000038e-01
5.739849999999999813e-02 -1.148679999999999979e-01 3.083905000000000118e-01
-4.677900000000000114e-02 -2.338840000000000086e-01 2.586519999999999930e-01
-7.412525000000000364e-02 -4.115064999999999973e-01 2.129747499999999905e-01
2.886350000000000027e-02 -3.908167499999999905e-01 2.405362499999999792e-01
1.144104999999999983e-01 -3.674704999999999777e-01 2.648030000000000106e-01
1.170592500000000036e-01 -3.661965000000000359e-01 2.656772499999999759e-01
1.192934999999999968e-01 -3.619364999999999943e-01 2.671244999999999870e-01
-1.396677500000000072e-01 -5.207217499999998722e-01 1.738457499999999933e-01
-1.262250000000000039e-01 -5.190879999999999939e-01 1.768289999999999862e-01
-5.813250000000001055e-02 -5.015129999999999866e-01 1.957914999999999794e-01
7.444500000000001463e-03 -4.827540000000000719e-01 2.148130000000000039e-01
2.023350000000000148e-02 -4.777815000000000256e-01 2.190667500000000045e-01
1.203557500000000113e-01 -4.453887499999999999e-01 2.476264999999999994e-01
1.243447500000000039e-01 -4.449194999999999678e-01 2.471364999999999812e-01
1.297574999999999978e-01 -4.428987499999999522e-01 2.470447499999999796e-01
1.389002500000000029e-01 -2.595842500000000164e-01 2.864395000000000135e-01
1.383977499999999861e-01 -3.397835000000000161e-01 2.686792500000000361e-01
1.448727499999999946e-01 -4.212149999999999506e-01 2.490894999999999915e-01
1.521289999999999865e-01 -4.228870000000000129e-01 2.470999999999999863e-01
1.619285000000000030e-01 -4.138059999999999516e-01 2.469399999999999928e-01
2.382709999999999828e-01 5.603799999999999754e-02 2.995530000000000137e-01
2.036432499999999701e-01 -3.355700000000001043e-02 2.985240000000000116e-01
2.076232499999999814e-01 -1.852454999999999796e-01 2.708500000000000352e-01
2.792457500000000148e-01 -1.145944999999999880e-01 2.533050000000000024e-01
4.991825000000000290e-01 1.644257500000000094e-01 9.665775000000000061e-02
4.394514999999999949e-01 1.167987500000000067e-01 1.522832499999999811e-01
4.193775000000000697e-01 3.975224999999999592e-02 1.835277499999999895e-01
4.460745000000000404e-01 2.880225000000000146e-02 1.652937499999999893e-01
5.390907500000000629e-01 2.103724999999999692e-02 9.551649999999999030e-02
2.899762500000000465e-01 3.233959999999999613e-01 2.041967500000000102e-01
2.169560000000000100e-01 3.412174999999999514e-01 2.444997499999999879e-01
2.399512499999999771e-01 2.355584999999999762e-01 2.572530000000000094e-01
3.173095000000000221e-01 1.141405000000000058e-01 2.406344999999999734e-01
8.886724999999999486e-02 4.529274999999999829e-01 2.716615000000000002e-01
6.932724999999999305e-02 4.476214999999999500e-01 2.869172500000000126e-01
5.622999999999999526e-02 4.396682499999999272e-01 2.998427499999999912e-01
5.489650000000000085e-02 4.366372499999999768e-01 3.025225000000000275e-01
5.393625000000000502e-02 4.310917499999999403e-01 3.065172500000000189e-01
6.419149999999999856e-02 4.178492499999998944e-01 3.083517500000000355e-01
9.528425000000000089e-02 3.981839999999999824e-01 3.013350000000000195e-01
-4.910249999999999684e-03 4.542107499999999409e-01 3.259425000000000239e-01
-5.747000000000000372e-03 4.535452499999999554e-01 3.265640000000000209e-01
-2.870249999999999538e-03 4.521587499999999982e-01 3.266837499999999950e-01
1.105749999999999962e-03 4.508347500000000063e-01 3.264854999999999841e-01
-1.057499999999998871e-04 4.582919999999999772e-01 3.218692499999999956e-01
-2.559000000000000163e-02 4.434889999999999666e-01 3.326987500000000431e-01
-2.195450000000000179e-02 4.450894999999999713e-01 3.322182500000000482e-01
-3.628925000000000206e-02 4.414177499999999976e-01 3.313987500000000197e-01
-3.187075000000000324e-02 4.423412499999999636e-01 3.319552500000000350e-01
-3.123800000000000188e-02 4.433862499999999263e-01 3.314747500000000402e-01
-2.357602499999999768e-01 3.526934999999999931e-01 2.774024999999999963e-01
-2.568457499999999838e-01 3.421117499999999922e-01 2.709529999999999994e-01
-3.617922499999999819e-01 2.920167499999999916e-01 2.280254999999999921e-01
-4.187474999999999947e-01 2.659667499999999740e-01 1.996792500000000026e-01
-4.267079999999999762e-01 2.526590000000000225e-01 1.981762499999999982e-01
-5.041942499999999550e-01 2.147477500000000150e-01 1.560349999999999793e-01
-5.329629999999999646e-01 1.920554999999999901e-01 1.386257499999999643e-01
-5.423622500000000457e-01 1.745555000000000023e-01 1.350114999999999787e-01
-5.445612499999999967e-01 1.636095000000000188e-01 1.355747499999999939e-01
-5.808829999999999272e-01 1.310172500000000018e-01 1.133627499999999982e-01
-5.895557499999999340e-01 1.224980000000000097e-01 1.049562500000000009e-01
-5.955667500000000336e-01 1.147202500000000236e-01 9.874475000000000613e-02
-5.984804999999999708e-01 1.070635000000000059e-01 9.493474999999999830e-02
-5.986249999999999627e-01 8.172324999999999728e-02 8.961374999999999202e-02
-5.957417499999999588e-01 5.572300000000000170e-02 8.648024999999999463e-02
-5.933315000000000117e-01 4.001425000000000121e-02 8.509999999999999509e-02
-5.905439999999999579e-01 2.593449999999999922e-02 8.434424999999999562e-02
-5.799694999999999157e-01 5.018325000000000563e-02 9.744374999999999565e-02
-5.854274999999999896e-01 -1.836399999999999838e-02 7.838024999999999853e-02
-5.833147499999999930e-01 -3.574224999999999625e-02 7.525750000000000495e-02
-5.750620000000000731e-01 -7.055124999999999591e-02 7.147199999999999387e-02
-5.565094999999999903e-01 -1.273620000000000030e-01 6.841474999999999640e-02
-5.340429999999999344e-01 -1.769689999999999874e-01 6.959250000000000158e-02
-5.195414999999999894e-01 -2.057199999999999862e-01 7.118424999999999059e-02
-5.114994999999999958e-01 -2.207697499999999868e-01 7.229474999999999096e-02
-4.954444999999999544e-01 -2.483147500000000008e-01 7.514724999999999877e-02
-4.797687499999999661e-01 -2.724990000000000467e-01 7.862149999999999694e-02
-4.687415000000000331e-01 -2.850327500000000014e-01 8.220449999999999979e-02
-4.528042500000000192e-01 -2.952882500000000299e-01 8.938174999999999593e-02
-4.331622499999999709e-01 -2.984662500000000440e-01 1.006339999999999874e-01
-3.652434999999999432e-01 -4.794217500000000354e-01 9.429424999999998225e-02
-3.444364999999999788e-01 -4.898840000000000416e-01 1.006459999999999994e-01
-3.188280000000000003e-01 -4.971577500000000094e-01 1.119040000000000173e-01
-2.994192499999999701e-01 -5.001937499999999925e-01 1.219572500000000032e-01
-1.914687499999999931e-01 -5.180547500000000083e-01 1.624452499999999855e-01
-1.760592500000000005e-01 -5.194932499999999065e-01 1.654812499999999964e-01
-1.690305000000000002e-01 -5.196807500000000246e-01 1.671539999999999970e-01
-1.628970000000000140e-01 -5.193169999999999176e-01 1.689372499999999833e-01
-1.617750000000000021e-01 -5.188639999999999919e-01 1.695004999999999706e-01
-1.405562499999999937e-01 -5.217217499999999841e-01 1.729107499999999742e-01
-1.407897499999999913e-01 -5.211747499999999089e-01 1.732824999999999782e-01
1.201075000000000059e-01 -4.496357500000000562e-01 2.457809999999999717e-01
1.181215000000000181e-01 -4.496487499999999859e-01 2.461792499999999884e-01
1.370137500000000175e-01 -4.459697499999999981e-01 2.441962499999999758e-01
1.422447500000000031e-01 -4.440637500000000348e-01 2.440362499999999824e-01
1.520442500000000197e-01 -4.349827500000000291e-01 2.438762499999999889e-01
1.539525000000000199e-01 -4.375037500000000246e-01 2.411564999999999959e-01
1.808289999999999897e-01 -4.416370000000000018e-01 2.221160000000000079e-01
2.365177499999999988e-01 -4.348470000000000391e-01 1.920914999999999706e-01
2.719872500000000137e-01 -4.202967500000000522e-01 1.792467499999999825e-01
3.059427500000000411e-01 -1.255444999999999756e-01 2.350710000000000022e-01
2.500922500000000159e-01 -2.690487500000000032e-01 2.328662499999999969e-01
3.025539999999999896e-01 -2.798085000000000155e-01 1.979172499999999890e-01
4.180977500000000457e-01 -2.585877500000000051e-01 1.323687499999999795e-01
5.548592500000000260e-01 -1.408074999999999952e-02 8.827250000000000374e-02
5.215362499999999235e-01 -1.285992499999999983e-01 9.029650000000001564e-02
5.661602500000000315e-01 -2.426629999999999898e-01 3.260325000000000029e-02
5.910385000000000222e-01 -2.301582499999999809e-01 1.608450000000000157e-02
6.244807500000000289e-01 -1.554482499999999823e-01 5.784250000000000329e-03
6.442390000000000061e-01 -6.312099999999999655e-02 9.606250000000000205e-03
6.483379999999999699e-01 -3.345375000000000432e-02 1.195475000000000010e-02
6.497344999999999926e-01 -3.299300000000000149e-02 1.001499999999999960e-02
6.503072500000001144e-01 -3.100025000000000003e-02 8.751999999999999363e-03
6.500380000000000047e-01 -2.427300000000000291e-02 7.358999999999999223e-03
6.482185000000000308e-01 -1.282550000000000009e-02 6.762749999999998797e-03
6.465419999999999501e-01 -5.868499999999999585e-03 7.144249999999999559e-03
6.300925000000000553e-01 3.243474999999999830e-02 1.429500000000000041e-02
6.136887500000000051e-01 5.348474999999999757e-02 2.655700000000000074e-02
6.195762500000000506e-01 2.549574999999999758e-02 2.839375000000000232e-02
6.353447500000000137e-01 -9.622250000000000594e-03 2.114975000000000188e-02
4.152677500000000466e-01 2.894767500000000049e-01 1.020552500000000001e-01
3.783157500000000062e-01 3.170700000000000185e-01 1.242279999999999912e-01
3.571807500000000468e-01 3.210202500000000070e-01 1.463779999999999804e-01
3.849947500000000522e-01 2.814832499999999627e-01 1.447059999999999735e-01
4.490637499999999838e-01 2.255137500000000128e-01 1.127649999999999902e-01
2.336272500000000085e-01 4.381962499999999539e-01 1.684769999999999879e-01
1.848595000000000099e-01 4.427335000000000020e-01 2.038702500000000029e-01
1.789227500000000193e-01 4.117439999999999989e-01 2.334185000000000010e-01
2.621622500000000411e-01 3.629330000000000056e-01 2.058687499999999893e-01
1.120855000000000046e-01 5.206792500000000379e-01 1.842587499999999989e-01
1.074349999999999888e-01 5.180432500000000662e-01 1.911372499999999808e-01
9.793374999999999997e-02 5.062760000000000593e-01 2.128324999999999800e-01
8.891024999999999623e-02 4.910694999999999921e-01 2.382639999999999758e-01
8.797874999999999446e-02 4.861714999999999232e-01 2.448749999999999816e-01
9.480399999999999938e-02 4.839169999999999305e-01 2.421132499999999743e-01
3.654450000000000059e-02 4.862702499999999595e-01 2.819860000000000144e-01
2.447900000000000076e-02 4.809444999999999415e-01 2.917362500000000303e-01
1.944699999999999901e-02 4.755397499999999833e-01 2.994292499999999801e-01
3.747600000000000237e-02 4.911682499999999729e-01 2.753750000000000364e-01
2.899249999999999484e-03 4.694042499999999674e-01 3.090915000000000190e-01
-6.942000000000000254e-03 4.637417499999999526e-01 3.139195000000000180e-01
-8.295999999999999555e-03 4.578427499999999095e-01 3.212560000000000415e-01
-3.576750000000000068e-03 4.572417499999999468e-01 3.232627499999999876e-01
1.227749999999999892e-03 4.613229999999999831e-01 3.191895000000000149e-01
-3.163275000000000114e-02 4.477617500000000139e-01 3.266022499999999829e-01
-2.944875000000000270e-02 4.475925000000000042e-01 3.274620000000000308e-01
-2.251450000000000326e-02 4.490692499999999754e-01 3.278962500000000002e-01
-1.577349999999999933e-02 4.516689999999999872e-01 3.269922499999999843e-01
-1.360549999999999954e-02 4.531485000000000096e-01 3.259684999999999944e-01
-1.950485000000000135e-01 3.761722500000000413e-01 2.838519999999999932e-01
-1.533125000000000182e-01 3.914162500000000211e-01 2.989930000000000088e-01
-1.002422500000000050e-01 4.155589999999999562e-01 3.125470000000000192e-01
-7.979200000000001569e-02 4.280562499999999715e-01 3.139450000000000296e-01
-7.862675000000000913e-02 4.294889999999999541e-01 3.131612500000000021e-01
-3.423117499999999702e-01 3.077782499999999755e-01 2.330062499999999703e-01
-3.993499999999999828e-01 2.855652499999999372e-01 2.051389999999999880e-01
-3.514932499999999793e-01 3.015297499999999853e-01 2.306592500000000101e-01
-4.625932499999999559e-01 2.646622499999999878e-01 1.685327499999999812e-01
-4.815199999999999481e-01 2.571074999999999888e-01 1.519117499999999843e-01
-5.060619999999999008e-01 2.305862499999999926e-01 1.437429999999999819e-01
-4.962337499999999735e-01 2.280554999999999943e-01 1.575379999999999836e-01
-5.860272499999999996e-01 1.545897499999999980e-01 1.005800000000000027e-01
-5.842387500000000289e-01 1.468152500000000082e-01 1.049905000000000005e-01
-5.786839999999999762e-01 1.419632500000000130e-01 1.127994999999999970e-01
-5.933169999999999833e-01 1.400567500000000076e-01 9.658400000000000318e-02
-5.964349999999999374e-01 1.266855000000000064e-01 9.598650000000000237e-02
-6.116282499999999844e-01 6.792249999999999677e-02 7.655975000000000974e-02
-6.094152499999999639e-01 4.890299999999999508e-02 7.451349999999999640e-02
-5.961697499999999428e-01 -4.714225000000000360e-02 6.370699999999999974e-02
-5.960020000000000318e-01 -4.261274999999999785e-02 6.528074999999999850e-02
-4.239047499999999968e-01 -4.503604999999999969e-01 6.666175000000000572e-02
-4.207032499999999731e-01 -4.536972499999999964e-01 6.782549999999999690e-02
-4.172994999999999344e-01 -4.563294999999999990e-01 6.979549999999999643e-02
-4.157554999999999445e-01 -4.572645000000000182e-01 7.089649999999998731e-02
-4.056434999999999902e-01 -4.679032499999999928e-01 7.310550000000000381e-02
-3.987365000000000492e-01 -4.739265000000000283e-01 7.381274999999999642e-02
-3.882729999999999793e-01 -4.791587500000000222e-01 7.799899999999999889e-02
-3.802472499999999256e-01 -4.818592500000000167e-01 8.225999999999999979e-02
-3.848854999999999915e-01 -4.762437500000000212e-01 8.304199999999999082e-02
-3.655012499999999998e-01 -4.911812500000000137e-01 8.639049999999999507e-02
-3.588394999999999779e-01 -4.937495000000000078e-01 8.864550000000000207e-02
-3.434614999999999752e-01 -4.980677500000000313e-01 9.577924999999999633e-02
-1.857094999999999996e-01 -5.195792499999999370e-01 1.628499999999999948e-01
-1.931822499999999720e-01 -5.186437499999999590e-01 1.616344999999999865e-01
-1.490382500000000110e-01 -5.223627499999999868e-01 1.701614999999999933e-01
-1.488454999999999917e-01 -5.218777500000000291e-01 1.708434999999999815e-01
1.111919999999999992e-01 -4.550947500000000479e-01 2.410714999999999664e-01
1.198442500000000133e-01 -4.518607500000000332e-01 2.430429999999999813e-01
1.144327499999999997e-01 -4.512012500000000537e-01 2.453049999999999953e-01
1.316009999999999958e-01 -4.479905000000000137e-01 2.442879999999999774e-01
1.295979999999999910e-01 -4.484467500000000051e-01 2.443797499999999789e-01
1.317129999999999967e-01 -4.496105000000000795e-01 2.424082499999999640e-01
1.408552500000000152e-01 -4.497692500000000093e-01 2.394367499999999760e-01
2.613620000000000387e-01 -4.521149999999999891e-01 1.633472499999999716e-01
2.917832500000000495e-01 -4.539175000000000293e-01 1.368454999999999810e-01
3.452264999999999917e-01 -4.425760000000000249e-01 1.076624999999999943e-01
3.769970000000000265e-01 -4.309722500000000012e-01 9.613649999999999973e-02
3.875310000000000143e-01 -3.990760000000000418e-01 1.136982500000000007e-01
4.142532500000000173e-01 -4.038250000000000450e-01 8.851525000000000365e-02
4.894439999999999902e-01 -3.870735000000000148e-01 4.175225000000000464e-02
5.331635000000000124e-01 -3.606490000000000529e-01 2.791250000000000675e-02
5.452645000000000408e-01 -3.700355000000000172e-01 9.178250000000000644e-03
5.510042499999999732e-01 -3.689905000000000546e-01 3.140750000000000312e-03
5.603529999999999900e-01 -3.565762499999999835e-01 1.878750000000000428e-03
5.689567500000000111e-01 -3.429504999999999915e-01 2.478250000000000418e-03
5.725324999999999998e-01 -3.334562500000000096e-01 5.793250000000000656e-03
5.748415000000000052e-01 -3.264040000000000274e-01 8.671250000000001873e-03
5.928257500000000402e-01 -3.127210000000000267e-01 -2.647749999999999930e-03
5.992175000000000695e-01 -2.991945000000000299e-01 -5.800500000000000100e-03
6.085945000000000382e-01 -2.767737499999999851e-01 -9.638749999999999749e-03
6.175310000000000521e-01 -2.390459999999999530e-01 -8.302499999999999117e-03
6.236592499999999983e-01 -2.006087499999999746e-01 -3.551250000000000153e-03
6.249735000000000706e-01 -1.892202500000000065e-01 -1.572250000000000080e-03
6.447317500000000479e-01 -9.689299999999999302e-02 2.249749999999999580e-03
6.456257499999999983e-01 -9.280549999999998523e-02 2.143999999999999639e-03
6.479495000000000671e-01 -7.855949999999999045e-02 2.808999999999999865e-03
6.511544999999999694e-01 -5.297974999999999907e-02 5.263249999999999700e-03
6.562752499999999767e-01 -2.862200000000000161e-02 -5.899999999999999212e-04
6.559962500000000585e-01 -2.480299999999999866e-02 -1.376999999999999969e-03
6.553630000000000289e-01 -2.010125000000000106e-02 -1.646000000000000111e-03
6.548240000000000727e-01 -1.963225000000000386e-02 -5.242500000000000849e-04
6.540774999999999784e-01 -1.002474999999999894e-02 -2.642750000000000134e-03
6.531137500000000484e-01 -5.878250000000000662e-03 -2.343000000000000031e-03
6.520407500000000578e-01 -4.038250000000001040e-03 -8.207499999999999735e-04
6.299465000000000758e-01 3.691449999999999593e-02 9.969749999999999446e-03
6.180545000000000622e-01 5.241400000000000226e-02 1.943625000000000214e-02
6.133665000000000367e-01 5.690475000000000394e-02 2.512350000000000000e-02
5.736605000000000176e-01 1.092275000000000051e-01 4.155300000000000660e-02
5.216345000000000010e-01 1.707542500000000241e-01 6.045575000000000254e-02
5.161185000000000356e-01 1.686912500000000148e-01 7.239550000000000152e-02
5.662372500000000253e-01 1.076032500000000114e-01 5.628824999999999801e-02
3.034810000000000563e-01 3.935552499999999676e-01 1.279289999999999872e-01
2.733984999999999888e-01 4.171162500000000217e-01 1.405662499999999759e-01
2.662947500000000245e-01 4.210772499999999585e-01 1.466562499999999880e-01
3.010755000000000514e-01 3.854350000000000276e-01 1.483254999999999713e-01
1.194640000000000007e-01 5.383962500000000206e-01 1.468644999999999812e-01
1.101634999999999837e-01 5.395487500000000214e-01 1.556304999999999772e-01
1.015537499999999982e-01 5.393192500000000278e-01 1.659904999999999853e-01
1.311284999999999812e-01 5.183530000000000637e-01 1.680774999999999908e-01
1.730474999999999930e-01 4.937187499999999840e-01 1.622324999999999739e-01
1.845799999999999941e-01 4.903519999999999546e-01 1.547182499999999739e-01
1.641387499999999999e-01 5.075270000000000614e-01 1.486282499999999895e-01
1.429092500000000154e-01 5.243539999999999868e-01 1.440529999999999866e-01
9.443624999999999936e-02 5.511427500000000146e-01 1.492152499999999937e-01
9.393100000000000060e-02 5.494879999999999765e-01 1.537467499999999876e-01
9.434449999999999781e-02 5.458405000000000618e-01 1.618914999999999937e-01
8.366124999999999257e-02 5.479549999999999699e-01 1.680919999999999914e-01
8.043725000000000180e-02 5.439895000000000147e-01 1.780122499999999830e-01
8.251074999999999382e-02 5.416455000000000020e-01 1.821717499999999934e-01
8.324774999999999536e-02 5.516025000000001066e-01 1.599472499999999853e-01
8.246649999999999814e-02 5.538655000000001216e-01 1.547824999999999895e-01
8.030375000000000707e-02 5.545235000000000580e-01 1.540209999999999912e-01
3.569324999999999581e-02 5.625427500000000913e-01 1.185850000000000098e-01
2.597824999999999787e-02 5.558922499999999767e-01 1.309259999999999868e-01
4.494724999999999415e-02 5.475275000000000558e-01 1.583739999999999870e-01
6.506225000000000203e-02 5.456102500000000743e-01 1.706942499999999918e-01
6.763924999999999799e-02 5.505902500000000588e-01 1.596562499999999996e-01
6.879774999999999086e-02 5.570222500000000521e-01 1.445712499999999845e-01
6.755674999999999875e-02 5.602927500000001171e-01 1.362009999999999887e-01
6.306724999999999137e-02 5.615992499999999943e-01 1.313299999999999745e-01
2.702999999999999847e-02 5.159994999999999443e-01 2.208772499999999972e-01
2.463749999999999968e-02 4.921712500000000046e-01 2.711660000000000181e-01
3.349325000000000219e-02 4.962309999999999222e-01 2.662167500000000020e-01
4.649949999999999917e-02 5.063747499999999846e-01 2.499434999999999851e-01
-2.095784999999999731e-01 4.369702499999999490e-01 1.377412500000000095e-01
-9.767525000000000512e-02 4.570667500000000216e-01 2.252384999999999804e-01
-5.068125000000000407e-02 4.753395000000000259e-01 2.386794999999999611e-01
-4.027050000000000074e-02 4.838092499999999685e-01 2.311789999999999956e-01
-2.803674999999999917e-02 5.132999999999999785e-01 1.760622499999999757e-01
-2.144375000000000100e-02 5.430867500000000625e-01 1.134325000000000055e-01
-2.761774999999999994e-02 5.484660000000000091e-01 9.322950000000000681e-02
-4.621234999999999649e-01 2.930917499999999842e-01 1.201762499999999984e-01
-3.982262499999999483e-01 3.146487499999999771e-01 1.567824999999999636e-01
-3.207564999999999444e-01 3.464309999999999889e-01 1.913859999999999728e-01
-2.800447499999999534e-01 3.699097499999999816e-01 1.978354999999999975e-01
-3.297162499999999330e-01 3.779399999999999982e-01 1.264517500000000017e-01
-5.189787499999999332e-01 3.008192499999999825e-01 4.447499999999999414e-04
-5.485447499999999144e-01 2.711834999999999662e-01 5.799999999999998950e-04
-5.493485000000000174e-01 2.679569999999999452e-01 5.274749999999999925e-03
-5.487742500000000190e-01 2.642352499999999771e-01 1.359925000000000023e-02
-5.223252499999999632e-01 2.701699999999999657e-01 5.335125000000000284e-02
-4.850292499999999674e-01 2.846792499999999948e-01 9.750699999999999645e-02
-4.656327499999999842e-01 3.203050000000000064e-01 6.605824999999999891e-02
-5.502169999999999561e-01 2.167330000000000367e-01 9.084825000000000539e-02
-5.773609999999999021e-01 1.858037500000000175e-01 7.963050000000000683e-02
-5.710732499999999767e-01 1.672377500000000183e-01 1.120032499999999986e-01
-6.027457499999999690e-01 2.013159999999999950e-01 9.483750000000000860e-03
-6.052592500000000264e-01 1.942080000000000195e-01 1.211000000000000097e-02
-6.048737499999999878e-01 1.813709999999999767e-01 2.852450000000000124e-02
-5.996274999999999800e-01 1.708762500000000073e-01 5.362950000000000356e-02
-5.944104999999999528e-01 1.728257500000000002e-01 6.363925000000000831e-02
-5.935357499999999176e-01 1.738780000000000048e-01 6.444224999999999259e-02
-5.913357499999999378e-01 1.985380000000000200e-01 3.987850000000000422e-02
-6.037247499999999212e-01 1.321227499999999833e-01 8.136075000000000945e-02
-6.088117499999999849e-01 1.274869999999999892e-01 7.239225000000000521e-02
-6.075329999999999897e-01 1.142720000000000125e-01 8.080650000000000333e-02
-6.110179999999999501e-01 1.164990000000000192e-01 7.183799999999999908e-02
-6.127772499999999400e-01 1.036592500000000083e-01 7.249975000000000169e-02
-6.127187499999999787e-01 9.331824999999999148e-02 7.659549999999999692e-02
-6.115777500000000311e-01 8.997299999999999742e-02 8.062949999999999284e-02
-6.110649999999999693e-01 9.043025000000000369e-02 8.169225000000000791e-02
-6.108050000000000423e-01 5.417124999999999718e-02 7.363925000000000332e-02
-6.121409999999999352e-01 6.746525000000000438e-02 7.549699999999999467e-02
-5.993437499999999529e-01 -2.818850000000000175e-02 6.541399999999999992e-02
-6.001489999999999325e-01 -2.077125000000000152e-02 6.685725000000000695e-02
-4.833387499999999837e-01 -3.572827500000000378e-01 5.460700000000000276e-02
-4.386780000000000124e-01 -4.317329999999999779e-01 6.273874999999999591e-02
-4.334457499999999630e-01 -4.384245000000000503e-01 6.405700000000000283e-02
-4.315282499999999466e-01 -4.403892500000000099e-01 6.510449999999999571e-02
-4.071252499999999941e-01 -4.680435000000000012e-01 7.004200000000000703e-02
-4.052342500000000181e-01 -4.693950000000000067e-01 7.108725000000000460e-02
-4.071875000000000355e-01 -4.669682500000000291e-01 7.200449999999999906e-02
-3.866617500000000263e-01 -4.835557500000000064e-01 7.545924999999999161e-02
-3.799527500000000058e-01 -4.866275000000000461e-01 7.790300000000000002e-02
-3.747997499999999871e-01 -4.888395000000000379e-01 8.003525000000001610e-02
-3.737554999999999628e-01 -4.889287500000000231e-01 8.108925000000000161e-02
-3.735269999999999979e-01 -4.884807500000000191e-01 8.212950000000000805e-02
-3.639257499999999923e-01 -4.932112500000000455e-01 8.447550000000000892e-02
-3.570354999999999501e-01 -4.953315000000000357e-01 8.777074999999999461e-02
-2.086169999999999969e-01 -5.200605000000000366e-01 1.523589999999999944e-01
-2.025705000000000144e-01 -5.197602500000000347e-01 1.555957500000000049e-01
-2.068402500000000033e-01 -5.182522499999999699e-01 1.570142499999999941e-01
-1.814397500000000107e-01 -5.210872499999998908e-01 1.614314999999999778e-01
-1.726105000000000000e-01 -5.231219999999999759e-01 1.598947500000000022e-01
-1.566614999999999813e-01 -5.235582500000000028e-01 1.649400000000000033e-01
-1.575539999999999996e-01 -5.220264999999999489e-01 1.682972499999999816e-01
-7.669249999999998985e-03 -4.955370000000000608e-01 1.952847499999999792e-01
7.358299999999999563e-02 -4.841135000000000299e-01 1.917947499999999861e-01
1.249689999999999968e-01 -4.539664999999999950e-01 2.385759999999999825e-01
1.043902500000000177e-01 -4.593407500000000199e-01 2.358177500000000204e-01
1.200654999999999917e-01 -4.666762499999999592e-01 2.133062499999999750e-01
1.785857500000000153e-01 -4.663045000000000662e-01 1.890399999999999858e-01
2.056732500000000019e-01 -4.589049999999999518e-01 1.933717499999999812e-01
3.637314999999999854e-01 -4.655075000000000185e-01 4.445450000000000790e-02
3.989080000000000403e-01 -4.550092500000000872e-01 2.685800000000000687e-02
4.304532500000000095e-01 -4.422410000000000507e-01 1.902550000000000768e-02
4.060257500000000186e-01 -4.412997500000000461e-01 5.075250000000000594e-02
4.377962499999999979e-01 -4.296960000000000224e-01 3.922650000000000442e-02
4.832587500000000702e-01 -4.210674999999999835e-01 1.562500000000001605e-03
4.998512499999999692e-01 -4.121049999999999991e-01 -2.116249999999998341e-03
5.037460000000000271e-01 -4.029727500000000462e-01 9.192250000000000767e-03
5.015450000000000186e-01 -3.964600000000000346e-01 2.301800000000000374e-02
5.506917500000000354e-01 -3.917090000000000294e-01 -2.621349999999999722e-02
5.566880000000000717e-01 -3.835027500000000034e-01 -2.193099999999999911e-02
5.592015000000000180e-01 -3.769700000000000828e-01 -1.414275000000000081e-02
5.636250000000000426e-01 -3.749805000000000499e-01 -1.893849999999999700e-02
5.657745000000000690e-01 -3.711247500000000588e-01 -1.819925000000000015e-02
5.706997500000000612e-01 -3.607000000000000206e-01 -1.466549999999999972e-02
5.894762500000000349e-01 -3.240640000000000187e-01 -8.241250000000000311e-03
5.905167500000000347e-01 -3.197732500000000089e-01 -5.525750000000000280e-03
6.395760000000000334e-01 -1.467202499999999965e-01 -5.360000000000000181e-03
6.417842500000000561e-01 -1.312442499999999790e-01 -3.486750000000000266e-03
6.508840000000000181e-01 -6.650399999999999368e-02 2.000500000000000108e-03
6.528780000000000694e-01 -5.045299999999999785e-02 3.323500000000000065e-03
6.562982499999999719e-01 -1.478000000000000147e-02 -1.096699999999999932e-02
6.559592499999999937e-01 -1.614074999999999885e-02 -7.030999999999999923e-03
6.555630000000000068e-01 -8.962499999999999981e-03 -1.127274999999999978e-02
6.548534999999999773e-01 -8.017250000000000071e-03 -7.737249999999999336e-03
6.546165000000000456e-01 -1.049374999999999961e-02 -3.764500000000000485e-03
6.547217499999999912e-01 -3.416999999999999899e-03 -1.200999999999999984e-02
6.531982499999999803e-01 3.475000000000003151e-04 -1.230999999999999976e-02
6.513444999999999929e-01 4.536500000000000601e-03 -1.131475000000000015e-02
6.516672500000000312e-01 2.442000000000000160e-03 -6.742249999999999979e-03
6.505942500000000406e-01 4.282000000000000216e-03 -5.219999999999999814e-03
6.448027500000000911e-01 1.467450000000000004e-02 -2.654500000000000609e-03
6.423432500000000323e-01 1.717000000000000123e-02 3.488250000000000031e-03
6.471772500000000372e-01 8.199500000000000191e-03 2.126250000000000102e-03
5.820794999999999719e-01 1.015495000000000009e-01 2.565650000000000222e-02
5.606442500000000662e-01 1.275664999999999993e-01 3.734800000000000619e-02
5.783485000000000431e-01 1.047367500000000035e-01 3.586575000000000180e-02
3.236622500000000402e-01 3.808397499999999769e-01 1.068710000000000077e-01
3.414327500000000626e-01 3.618194999999999606e-01 1.118462499999999943e-01
3.830830000000000624e-01 3.221450000000000147e-01 1.039799999999999891e-01
1.973504999999999843e-01 4.825152500000000066e-01 1.487827499999999914e-01
9.522825000000000040e-02 5.508887500000000381e-01 1.485939999999999761e-01
1.045342499999999952e-01 5.462425000000000752e-01 1.481009999999999827e-01
8.338324999999999210e-02 5.567842499999999806e-01 1.467797499999999866e-01
8.429299999999999293e-02 5.562925000000000786e-01 1.477449999999999875e-01
8.557950000000000279e-02 5.556842499999999907e-01 1.483782499999999893e-01
8.637149999999998995e-02 5.554302500000001253e-01 1.477569999999999717e-01
8.155674999999999730e-02 5.571880000000000166e-01 1.469834999999999892e-01
7.953425000000000078e-02 5.578312500000000007e-01 1.449442499999999689e-01
7.704025000000000456e-02 5.584372500000001072e-01 1.436114999999999753e-01
7.255074999999999719e-02 5.597437499999999844e-01 1.387404999999999888e-01
7.244249999999999301e-02 5.599150000000000515e-01 1.375494999999999912e-01
3.085849999999999704e-02 5.641245000000000287e-01 1.037627500000000008e-01
1.959074999999999706e-02 5.645465000000000622e-01 8.929125000000000256e-02
3.567250000000000108e-03 5.648090000000000055e-01 7.127424999999999733e-02
1.846749999999999781e-02 5.611120000000000552e-01 1.105965000000000004e-01
1.363275000000000077e-02 5.626937499999999925e-01 9.577424999999999133e-02
-1.222872500000000001e-01 5.370409999999999906e-01 -1.246890000000000082e-01
-1.683752500000000041e-01 5.188142500000000323e-01 -1.319340000000000235e-01
-1.502900000000000069e-01 5.176860000000000905e-01 -5.960700000000000026e-02
-6.378100000000000436e-02 5.437667500000000764e-01 2.222500000000000170e-02
-3.251800000000000523e-02 5.564127500000000115e-01 2.476975000000000010e-02
-3.131575000000000331e-02 5.581059999999999910e-01 1.474124999999999568e-02
-3.157675000000000065e-02 5.584664999999999768e-01 1.081024999999999521e-02
-3.300475000000000630e-02 5.582312500000000677e-01 7.819249999999998077e-03
-5.657325000000000548e-02 5.533072500000000282e-01 -3.278000000000000358e-02
-3.150214999999999543e-01 4.562914999999999610e-01 -1.556165000000000187e-01
-3.619404999999999983e-01 4.306487499999999691e-01 -1.466377500000000111e-01
-3.857592499999999980e-01 4.073957500000000009e-01 -8.915199999999999514e-02
-3.944789999999999686e-01 3.924027499999999669e-01 -3.459674999999999556e-02
-3.631714999999999804e-01 4.050019999999999731e-01 -1.725899999999999657e-02
-2.430337500000000206e-01 4.640322499999999795e-01 -5.969499999999997378e-03
-4.822870000000000212e-01 3.512084999999999790e-01 -1.218177499999999885e-01
-4.977152499999999979e-01 3.381565000000000265e-01 -1.121789999999999871e-01
-4.995909999999999518e-01 3.364272500000000110e-01 -1.098765000000000019e-01
-5.031747500000000040e-01 3.329644999999999966e-01 -1.042142500000000083e-01
-4.910077499999999651e-01 3.385370000000000323e-01 -7.431849999999999568e-02
-4.652172499999999711e-01 3.541462499999999958e-01 -4.111249999999999627e-02
-5.582205000000000084e-01 2.822009999999999796e-01 -7.433625000000000649e-02
-5.623907499999999393e-01 2.767127500000000073e-01 -6.908924999999999095e-02
-5.694884999999999531e-01 2.645912500000000001e-01 -4.908749999999999919e-02
-5.447692499999999827e-01 2.852100000000000191e-01 -3.276124999999999871e-02
-5.831257499999998872e-01 2.469257500000000272e-01 -3.545249999999999790e-02
-5.869114999999999194e-01 2.412055000000000171e-01 -3.065749999999999725e-02
-5.882362500000000161e-01 2.391247500000000248e-01 -2.849749999999999853e-02
-5.910087499999999716e-01 2.344567499999999916e-01 -2.206899999999999834e-02
-5.914762499999999257e-01 2.321090000000000375e-01 -1.147250000000000006e-02
-5.947892499999999361e-01 2.273054999999999937e-01 -1.559774999999999877e-02
-5.980267499999999403e-01 2.172332500000000166e-01 -5.800250000000000718e-03
-5.955174999999999219e-01 2.188102500000000117e-01 3.019749999999999865e-03
-6.005107499999999821e-01 2.165047499999999958e-01 -1.780024999999999663e-02
-6.014429999999999499e-01 2.138665000000000149e-01 -1.645299999999999888e-02
-6.042030000000000456e-01 2.048337500000000089e-01 -8.215749999999999095e-03
-6.071847500000000508e-01 1.949372500000000064e-01 1.161500000000000423e-03
-6.052549999999999875e-01 1.997390000000000276e-01 6.637500000000003857e-04
-6.124560000000000004e-01 1.604897500000000143e-01 3.164200000000000346e-02
-6.132222499999999688e-01 1.395152500000000073e-01 4.777850000000000152e-02
-6.122967499999999452e-01 1.297139999999999960e-01 6.342375000000000096e-02
-6.147224999999999495e-01 1.450980000000000047e-01 3.257700000000000179e-02
-6.156644999999999479e-01 1.308145000000000002e-01 3.970525000000000443e-02
-6.164922499999999639e-01 1.090412500000000062e-01 5.519100000000000394e-02
-6.163839999999999320e-01 1.006837500000000024e-01 6.436975000000000335e-02
-6.147407499999999470e-01 7.405125000000001290e-02 6.421025000000001037e-02
-6.121554999999999636e-01 5.741199999999999776e-02 6.720775000000001054e-02
-6.137402499999999872e-01 7.370350000000000512e-02 7.146300000000001262e-02
-6.083432500000000021e-01 3.515174999999999550e-02 7.219300000000000717e-02
-6.088014999999999954e-01 3.504725000000000201e-02 6.919550000000000700e-02
-6.087792499999999940e-01 3.189399999999999874e-02 6.618350000000000621e-02
-6.046867500000000506e-01 6.040000000000000230e-03 6.616900000000000559e-02
-6.028977500000000100e-01 -3.055750000000000740e-03 6.836799999999999822e-02
-5.564582499999999321e-01 -2.034492499999999982e-01 4.858575000000000393e-02
-5.455132500000000606e-01 -2.297937499999999911e-01 4.886050000000000115e-02
-4.902282499999999765e-01 -3.446520000000000139e-01 5.308250000000000468e-02
-4.913807499999999773e-01 -3.422330000000000094e-01 5.349650000000000238e-02
-4.273997499999999672e-01 -4.467027500000000373e-01 6.340149999999999952e-02
-4.257572499999999760e-01 -4.486595000000000444e-01 6.452375000000000471e-02
-4.244334999999999636e-01 -4.501934999999999687e-01 6.568899999999999739e-02
-4.258222499999999577e-01 -4.483957500000000373e-01 6.561424999999999896e-02
-4.160599999999999854e-01 -4.599540000000000295e-01 6.681125000000000258e-02
-4.111024999999999818e-01 -4.646377500000000160e-01 6.790025000000000921e-02
-4.124822499999999392e-01 -4.629844999999999655e-01 6.898925000000000196e-02
-3.990972499999999590e-01 -4.748519999999999963e-01 7.121525000000000771e-02
-3.954724999999999491e-01 -4.775750000000000273e-01 7.167874999999999941e-02
-3.930727499999999708e-01 -4.792139999999999733e-01 7.328449999999998854e-02
-3.917437500000000572e-01 -4.800875000000000559e-01 7.444549999999999779e-02
-3.777132500000000004e-01 -4.881245000000000167e-01 7.682100000000000040e-02
-3.742389999999999883e-01 -4.894850000000000034e-01 7.893950000000000966e-02
-3.649700000000000166e-01 -4.931220000000000048e-01 8.342150000000000953e-02
-3.660760000000000125e-01 -4.928309999999999635e-01 8.201925000000000188e-02
-3.655904999999999849e-01 -4.931977500000000458e-01 8.063075000000000103e-02
-2.704984999999999751e-01 -5.143535000000000190e-01 1.268755000000000022e-01
-2.514274999999999705e-01 -5.172127499999998879e-01 1.278939999999999799e-01
-2.309592500000000326e-01 -5.188014999999999155e-01 1.383312499999999889e-01
-2.308367500000000072e-01 -5.175242499999999080e-01 1.465187500000000032e-01
-1.844449999999999978e-01 -5.230722500000000164e-01 1.552902499999999908e-01
-1.965852500000000169e-01 -5.227862500000000079e-01 1.453214999999999646e-01
-1.817094999999999960e-01 -5.259847499999998899e-01 1.359027499999999888e-01
-7.576175000000000270e-02 -5.131120000000000125e-01 1.763222499999999859e-01
-8.897099999999999453e-02 -5.152927499999999661e-01 1.729672499999999891e-01
-9.257300000000000251e-02 -5.159682500000000172e-01 1.714380000000000071e-01
-9.804750000000000965e-02 -5.173167499999999919e-01 1.666692499999999910e-01
-1.018422499999999953e-01 -5.197929999999999495e-01 1.516552499999999915e-01
-7.092099999999999793e-02 -5.212569999999999704e-01 1.096150000000000041e-01
-3.444374999999999520e-02 -5.209142499999999121e-01 7.574150000000000327e-02
3.983375000000000110e-02 -5.115239999999999787e-01 7.278949999999999310e-02
1.321032500000000054e-01 -4.837417500000000259e-01 1.675284999999999691e-01
1.373660000000000159e-01 -4.907682500000000725e-01 1.179024999999999934e-01
2.404185000000000072e-01 -4.830862500000000503e-01 6.335224999999999884e-02
3.133410000000000362e-01 -4.723164999999999725e-01 5.842800000000000771e-02
3.314195000000000335e-01 -4.683882500000000060e-01 6.515175000000000827e-02
3.107429999999999914e-01 -4.665345000000000186e-01 9.753199999999999370e-02
4.332037500000000541e-01 -4.553205000000000169e-01 -2.859799999999999842e-02
4.727500000000000036e-01 -4.422155000000000391e-01 -5.608299999999999397e-02
4.828930000000000167e-01 -4.379427500000000473e-01 -5.548274999999999735e-02
4.683264999999999789e-01 -4.416115000000001012e-01 -3.563874999999999682e-02
4.998717499999999481e-01 -4.288432500000000647e-01 -4.347124999999999601e-02
5.177570000000000228e-01 -4.229984999999999995e-01 -6.037175000000000180e-02
5.214855000000000462e-01 -4.202907499999999907e-01 -5.619375000000000064e-02
5.246557500000000873e-01 -4.165890000000000426e-01 -4.540500000000000091e-02
5.269792500000000102e-01 -4.136397500000000282e-01 -3.627624999999999600e-02
5.412867500000000387e-01 -4.093500000000000472e-01 -5.652000000000000079e-02
5.402677500000000466e-01 -4.097870000000000679e-01 -5.378149999999999598e-02
5.425912500000000804e-01 -4.068377500000000535e-01 -4.465274999999999800e-02
5.449795000000000611e-01 -4.045704999999999996e-01 -4.513350000000000001e-02
5.469852499999999784e-01 -4.013849999999999363e-01 -4.043574999999999947e-02
5.467969999999999775e-01 -4.008412499999999823e-01 -3.752199999999999980e-02
5.553035000000000609e-01 -3.902632500000000060e-01 -3.392299999999999482e-02
5.611115000000000963e-01 -3.815132500000000260e-01 -2.672674999999999704e-02
5.763032500000000447e-01 -3.542402499999999788e-01 -1.743199999999999958e-02
5.816270000000000051e-01 -3.426802500000000196e-01 -1.450325000000000052e-02
5.860429999999999806e-01 -3.327355000000000174e-01 -1.113724999999999958e-02
5.847160000000000135e-01 -3.351740000000000275e-01 -1.069999999999999944e-02
5.908032500000000020e-01 -3.216255000000000086e-01 -8.678500000000000450e-03
5.982355000000000311e-01 -3.038082500000000019e-01 -9.115750000000000589e-03
6.413722499999999771e-01 -1.366389999999999827e-01 -5.189749999999999919e-03
6.449432499999999679e-01 -1.121292499999999859e-01 -3.226500000000000201e-03
6.480059999999999709e-01 -9.042249999999998900e-02 -8.584999999999999966e-04
6.476790000000000047e-01 -9.208374999999999200e-02 -4.537500000000000517e-04
6.514769999999999728e-01 -6.438199999999999479e-02 1.129500000000000079e-03
6.536927500000000446e-01 -4.795775000000000038e-02 7.247500000000000253e-04
6.556665000000000409e-01 -3.203600000000000197e-02 1.655750000000000104e-03
6.542180000000000772e-01 -6.509500000000000529e-03 -2.690999999999999989e-02
6.547960000000000447e-01 -6.937500000000000090e-03 -2.294674999999999840e-02
6.549277500000000307e-01 -7.601750000000000868e-03 -2.261000000000000162e-02
6.553240000000000176e-01 -1.057500000000000107e-02 -2.257324999999999957e-02
6.521310000000000162e-01 -6.651250000000000044e-03 -4.087324999999999986e-02
6.526975000000000415e-01 -6.634499999999999773e-03 -3.728075000000000139e-02
6.529440000000000799e-01 -1.024275000000000012e-02 -3.933249999999999941e-02
6.539715000000000389e-01 -2.901250000000000183e-03 -2.485824999999999840e-02
6.529127500000000417e-01 4.157500000000004833e-04 -2.221324999999999689e-02
6.522137500000000365e-01 3.545250000000000224e-03 -1.720050000000000051e-02
6.518427500000000263e-01 5.607500000000002673e-04 -2.946899999999999520e-02
6.505567500000000170e-01 2.233249999999999992e-03 -3.171199999999999714e-02
6.489555000000000184e-01 5.608000000000000138e-03 -3.110124999999999695e-02
6.480992500000000156e-01 8.111000000000000154e-03 -2.893324999999999717e-02
6.503600000000000492e-01 7.734249999999999806e-03 -1.620524999999999743e-02
6.489167500000000421e-01 8.780249999999999860e-03 -2.129299999999999943e-02
6.278949999999999809e-01 3.829174999999999940e-02 -8.398749999999999966e-03
6.167397500000000310e-01 5.561300000000000271e-02 8.564999999999999697e-03
6.324060000000000237e-01 3.441899999999999821e-02 3.826999999999999673e-03
4.906930000000000458e-01 2.033112499999999989e-01 4.355875000000000719e-02
4.241865000000000219e-01 2.746764999999999901e-01 6.290400000000000158e-02
4.315330000000000554e-01 2.721887499999999793e-01 8.224924999999999597e-02
4.637177500000000396e-01 2.395204999999999973e-01 8.032449999999999313e-02
1.761209999999999998e-01 4.993422499999999875e-01 1.442074999999999885e-01
2.263357500000000022e-01 4.597767500000000118e-01 1.359909999999999730e-01
2.570682500000000537e-01 4.345340000000000313e-01 1.227992499999999987e-01
9.625849999999999684e-02 5.495740000000000069e-01 1.425379999999999980e-01
9.895849999999999091e-02 5.486552500000000387e-01 1.449009999999999743e-01
1.090087499999999876e-01 5.436010000000000009e-01 1.452449999999999852e-01
1.239385000000000070e-01 5.357547500000000573e-01 1.440084999999999837e-01
7.818500000000000449e-02 5.584422500000000289e-01 1.422167500000000029e-01
8.074974999999999514e-02 5.575987500000000319e-01 1.440522499999999928e-01
7.975150000000000294e-02 5.577717500000000106e-01 1.420332499999999720e-01
3.319999999999998842e-04 5.648727500000000346e-01 6.233974999999999933e-02
5.575500000000000594e-03 5.651695000000001023e-01 6.961250000000000770e-02
1.759999999999999629e-03 5.651080000000000547e-01 6.533075000000000687e-02
-1.110710000000000031e-01 5.400274999999999936e-01 -1.162880000000000025e-01
-1.156220000000000026e-01 5.388892499999999863e-01 -1.203830000000000039e-01
-1.057472500000000148e-01 5.417334999999999789e-01 -1.086539999999999867e-01
-1.355995000000000117e-01 5.324435000000000695e-01 -1.440504999999999980e-01
-1.405407500000000198e-01 5.311867500000000408e-01 -1.470442500000000152e-01
-1.321620000000000017e-01 5.341967499999999980e-01 -1.364180000000000115e-01
-2.060672500000000074e-01 4.946014999999999717e-01 -2.414775000000000393e-01
-2.095829999999999915e-01 4.932647499999999741e-01 -2.404732499999999995e-01
-2.349532499999999746e-01 4.862457499999999766e-01 -2.111910000000000176e-01
-2.487307499999999727e-01 4.841985000000000317e-01 -1.804844999999999922e-01
-2.023169999999999968e-01 5.037212500000000093e-01 -1.779880000000000073e-01
-1.646077499999999971e-01 5.189380000000000104e-01 -1.813692500000000096e-01
-1.677457499999999990e-01 5.166807500000000219e-01 -1.894035000000000302e-01
-3.717039999999999789e-01 4.167489999999999251e-01 -2.157405000000000295e-01
-3.709749999999999992e-01 4.203474999999999850e-01 -1.990527500000000283e-01
-3.318432499999999785e-01 4.427477499999999955e-01 -1.863230000000000164e-01
-2.740804999999999492e-01 4.667239999999999722e-01 -2.145330000000000015e-01
-4.230515000000000247e-01 3.928634999999999766e-01 -1.707032500000000008e-01
-4.466074999999999351e-01 3.766539999999999888e-01 -1.558822500000000000e-01
-4.522917499999999924e-01 3.734052499999999664e-01 -1.470430000000000070e-01
-4.365229999999999944e-01 3.863722499999999727e-01 -1.401555000000000162e-01
-5.053902499999999298e-01 3.312787500000000107e-01 -1.272247500000000253e-01
-5.113377499999999243e-01 3.267815000000000025e-01 -1.214507499999999823e-01
-4.980557500000000193e-01 3.382414999999999727e-01 -1.287052500000000210e-01
-5.480764999999999665e-01 2.939157499999999756e-01 -8.423025000000000651e-02
-5.777240000000000153e-01 2.562789999999999790e-01 -5.397849999999999870e-02
-5.722612499999999436e-01 2.641989999999999617e-01 -6.135899999999999688e-02
-5.698742499999999156e-01 2.674889999999999768e-01 -6.503450000000000897e-02
-5.959244999999999681e-01 2.260650000000000159e-01 -2.521674999999999611e-02
-5.943217499999999820e-01 2.296532500000000032e-01 -2.619424999999999532e-02
-6.079259999999999664e-01 1.913394999999999957e-01 -7.235000000000000762e-04
-6.109077499999999716e-01 1.814429999999999932e-01 8.653749999999999984e-03
-6.118595000000000006e-01 1.748605000000000020e-01 9.301999999999999505e-03
-6.133237499999999454e-01 1.681827500000000197e-01 1.374724999999999905e-02
-6.137219999999999898e-01 1.671297500000000213e-01 1.571875000000000008e-02
-6.128415000000000390e-01 1.733267500000000017e-01 1.522749999999999972e-02
-6.148489999999999789e-01 8.240875000000000283e-02 5.503150000000000402e-02
-6.122414999999999941e-01 6.889000000000000679e-02 4.874350000000000904e-02
-6.096340000000000092e-01 4.074000000000000538e-02 5.708649999999999836e-02
-5.953644999999999632e-01 -5.455950000000000383e-02 6.226375000000000659e-02
-5.997732500000000355e-01 -2.685449999999999990e-02 6.239424999999999832e-02
-6.038434999999999775e-01 5.117500000000000521e-03 5.612075000000000397e-02
-6.019202499999999345e-01 -7.517499999999987300e-04 4.984725000000000267e-02
-5.952309999999999546e-01 -4.757924999999999655e-02 5.444124999999999659e-02
-5.487669999999998938e-01 -2.206114999999999882e-01 4.314950000000000035e-02
-5.449989999999999002e-01 -2.307502499999999901e-01 4.677100000000000701e-02
-5.554222500000000062e-01 -2.057497500000000090e-01 4.734050000000000757e-02
-5.348142500000000465e-01 -2.555385000000000018e-01 4.801625000000000337e-02
-5.208574999999999733e-01 -2.827137499999999859e-01 4.744675000000000281e-02
-5.046817499999999290e-01 -3.152277500000000288e-01 4.946875000000000577e-02
-5.069867499999999305e-01 -3.114712500000000328e-01 5.149075000000000180e-02
-4.291182500000000344e-01 -4.442787500000000001e-01 6.203400000000000580e-02
-4.340967500000000312e-01 -4.377462500000000589e-01 6.176325000000000565e-02
-4.126754999999999729e-01 -4.633120000000000016e-01 6.637774999999999925e-02
-4.172387499999999916e-01 -4.584972499999999673e-01 6.537674999999999736e-02
-4.146209999999999063e-01 -4.608635000000000370e-01 6.437574999999999548e-02
-3.987229999999999386e-01 -4.751750000000000140e-01 6.966474999999999751e-02
-4.017152499999999682e-01 -4.728627500000000539e-01 6.953674999999999440e-02
-4.038327499999999626e-01 -4.710845000000000726e-01 6.831974999999999854e-02
-4.054527499999999729e-01 -4.696702500000000113e-01 6.696149999999999325e-02
-3.819597499999999313e-01 -4.855345000000000355e-01 7.315599999999999881e-02
-3.847559999999999869e-01 -4.843934999999999769e-01 7.462349999999999539e-02
-3.879907500000000509e-01 -4.826822500000000349e-01 7.429824999999999624e-02
-3.720997499999999514e-01 -4.906944999999999779e-01 7.755099999999999494e-02
-3.733504999999999741e-01 -4.899144999999999750e-01 7.535350000000000381e-02
-3.698417499999999691e-01 -4.911042500000000199e-01 7.314125000000000487e-02
-3.416575000000000029e-01 -4.996497500000000591e-01 9.490450000000000275e-02
-3.480872499999999592e-01 -4.978874999999999829e-01 9.020700000000000940e-02
-3.510877499999999762e-01 -4.965740000000000154e-01 8.491500000000000437e-02
-3.480289999999999773e-01 -4.958517500000000355e-01 7.729724999999999790e-02
-3.142957499999999849e-01 -4.998199999999999865e-01 6.861875000000000613e-02
-2.568757500000000138e-01 -5.082805000000000240e-01 6.461574999999999958e-02
-2.557824999999999682e-01 -5.125880000000000436e-01 9.071900000000000797e-02
-2.899072499999999497e-01 -5.113174999999999804e-01 1.168222500000000025e-01
-2.170534999999999826e-01 -5.226615000000000011e-01 1.237655000000000144e-01
-2.019997499999999779e-01 -5.210727499999999734e-01 9.664375000000000049e-02
-1.357344999999999802e-01 -5.258599999999999941e-01 6.674075000000000146e-02
7.545324999999999949e-02 -5.059739999999999238e-01 -3.299900000000000055e-02
1.480550000000000199e-01 -4.892445000000000266e-01 -8.746949999999999170e-02
2.154879999999999851e-01 -4.871125000000000038e-01 -3.623124999999999263e-02
2.775345000000000173e-01 -4.702179999999999693e-01 -9.070174999999998378e-02
3.849885000000000668e-01 -4.542330000000000534e-01 -8.417349999999999832e-02
4.359975000000000378e-01 -4.475509999999999766e-01 -7.535224999999999562e-02
4.361847500000000655e-01 -4.494695000000000218e-01 -6.305099999999999594e-02
4.048310000000000519e-01 -4.603737500000000260e-01 -2.555774999999999714e-02
3.662320000000000020e-01 -4.713525000000000076e-01 5.159000000000000391e-03
5.075695000000000068e-01 -4.286020000000000385e-01 -1.046467499999999967e-01
5.137040000000000495e-01 -4.271765000000000145e-01 -9.528625000000000289e-02
5.040062500000001000e-01 -4.313742500000000701e-01 -9.376774999999999693e-02
5.112107500000000471e-01 -4.270200000000000107e-01 -1.039989999999999942e-01
5.138645000000000573e-01 -4.257535000000000069e-01 -1.035567499999999891e-01
5.187869999999999981e-01 -4.244632500000000142e-01 -9.725899999999999823e-02
5.226402500000000284e-01 -4.236342500000000455e-01 -9.139250000000000151e-02
5.223130000000000273e-01 -4.247317500000000745e-01 -8.467774999999999608e-02
5.226855000000000251e-01 -4.240617500000000706e-01 -8.772950000000000192e-02
5.259900000000000686e-01 -4.220117500000000188e-01 -8.387050000000000061e-02
5.289362499999999967e-01 -4.205057500000000670e-01 -7.787524999999999309e-02
5.294922499999999976e-01 -4.188317500000000027e-01 -8.436824999999999186e-02
5.265877500000000211e-01 -4.203792500000000376e-01 -8.977149999999999019e-02
5.278479999999999839e-01 -4.191162500000000235e-01 -8.978250000000000119e-02
5.298650000000000304e-01 -4.172530000000000405e-01 -8.917075000000000695e-02
5.324385000000000367e-01 -4.173257500000000508e-01 -7.837299999999999822e-02
5.331265000000000587e-01 -4.160695000000000365e-01 -8.056625000000000592e-02
5.367157500000000470e-01 -4.131787499999999835e-01 -6.967500000000000082e-02
5.368970000000000686e-01 -4.137022499999999936e-01 -6.504400000000000459e-02
5.532977500000000326e-01 -3.934487500000000693e-01 -3.862074999999999536e-02
5.519285000000000441e-01 -3.952789999999999915e-01 -4.087849999999999817e-02
5.481837499999999697e-01 -3.983320000000000194e-01 -5.219875000000000209e-02
5.627849999999999797e-01 -3.655590000000000228e-01 -6.304524999999999713e-02
5.766525000000000123e-01 -3.463280000000000247e-01 -4.200550000000000117e-02
5.713780000000000525e-01 -3.646650000000000169e-01 -2.096574999999999828e-02
5.915945000000000231e-01 -3.196595000000000408e-01 -1.434100000000000132e-02
5.915452500000000224e-01 -3.128825000000000078e-01 -3.830949999999999633e-02
6.011222500000000801e-01 -2.824340000000000184e-01 -6.377724999999999367e-02
6.084239999999999648e-01 -2.642675000000000440e-01 -6.564849999999999852e-02
6.148649999999999949e-01 -2.564440000000000608e-01 -3.879374999999999490e-02
6.173477499999999729e-01 -2.296357499999999996e-01 -6.728549999999999809e-02
6.261390000000000011e-01 -1.714772499999999700e-01 -6.993749999999999967e-02
6.335422499999999735e-01 -1.270702499999999957e-01 -6.760200000000000931e-02
6.349055000000000115e-01 -1.484622499999999901e-01 -3.760374999999999829e-02
6.343972500000000236e-01 -1.793327499999999852e-01 -9.941000000000000184e-03
6.334477499999999761e-01 -1.851575000000000026e-01 -1.011125000000000045e-02
6.436845000000001038e-01 -9.411775000000000002e-02 -3.259224999999999622e-02
6.443195000000000450e-01 -6.285774999999999002e-02 -5.902824999999999739e-02
6.457200000000000717e-01 -5.543575000000000585e-02 -5.581250000000000100e-02
6.482917500000000555e-01 -4.483999999999999792e-02 -4.687349999999999850e-02
6.502269999999999994e-01 -3.771900000000000253e-02 -3.929525000000000379e-02
6.506140000000000256e-01 -3.675774999999999876e-02 -3.731724999999999626e-02
6.516425000000000134e-01 -3.565274999999999694e-02 -3.060949999999999782e-02
6.533872499999999750e-01 -3.515899999999999581e-02 -1.785024999999999806e-02
6.543615000000000403e-01 -3.936399999999999622e-02 -6.244000000000000418e-03
6.543015000000000914e-01 -4.454375000000000001e-02 -1.520999999999999783e-03
6.457035000000000968e-01 -3.138425000000000242e-02 -7.564400000000000290e-02
6.475592500000000307e-01 -2.505825000000000066e-02 -6.874500000000000055e-02
6.447895000000000154e-01 -2.733500000000000166e-02 -7.591175000000000006e-02
6.461647500000000655e-01 -2.422449999999999604e-02 -7.161774999999999392e-02
6.453987500000001321e-01 -2.965500000000000080e-02 -7.559300000000000741e-02
6.505870000000000264e-01 -5.590000000000000351e-03 -4.446599999999999858e-02
6.513490000000000668e-01 -1.136449999999999960e-02 -4.963275000000000325e-02
6.482757500000000395e-01 -1.918274999999999841e-02 -6.471875000000000544e-02
6.406554999999999334e-01 -8.220999999999999142e-03 -6.523125000000000451e-02
6.407349999999999435e-01 8.887500000000004338e-04 -5.455199999999999633e-02
6.488567499999999821e-01 -2.565249999999999822e-03 -4.448349999999999527e-02
6.499960000000000182e-01 -1.042950000000000127e-02 -5.161075000000000385e-02
6.395037499999999264e-01 1.012750000000000108e-02 -4.523924999999999474e-02
6.293190000000000728e-01 1.385849999999999929e-02 -5.774474999999999747e-02
5.623662500000000675e-01 7.986850000000000893e-02 -5.957099999999999895e-02
4.912235000000000351e-01 1.702280000000000182e-01 -2.233374999999999597e-02
5.318199999999999594e-01 1.488482499999999875e-01 1.490350000000000182e-02
5.932347500000000329e-01 8.422825000000000450e-02 8.692750000000000823e-03
3.974990000000000467e-01 2.446630000000000194e-01 -4.602474999999999622e-02
2.233519999999999672e-01 3.554647499999999405e-01 -5.565299999999999414e-02
7.019100000000000339e-02 4.593367499999999604e-01 -5.299850000000000394e-02
7.916974999999998319e-02 4.615984999999999672e-01 -3.869200000000000417e-02
1.520367499999999983e-01 4.581569999999999809e-01 3.966600000000000681e-02
2.201315000000000077e-01 4.518264999999999643e-01 1.074985000000000107e-01
2.274277500000000118e-01 4.476017499999999649e-01 1.086249999999999855e-01
2.913720000000000199e-01 3.973472499999999852e-01 9.558774999999999911e-02
3.579660000000000064e-01 3.436529999999999863e-01 7.965950000000000808e-02
-2.323650000000000368e-02 5.599487499999999951e-01 2.174050000000000288e-02
-1.838950000000000307e-02 5.601840000000000153e-01 2.815050000000000191e-02
-4.238750000000001197e-03 5.599830000000001196e-01 4.476099999999999524e-02
1.409799999999999769e-02 5.587317499999999715e-01 6.393775000000000153e-02
2.297049999999999786e-02 5.570475000000000287e-01 7.066000000000001446e-02
2.771474999999999633e-02 5.557477500000000958e-01 7.330825000000000535e-02
4.422174999999999023e-02 5.475499999999999812e-01 7.381300000000000361e-02
-1.468824999999999992e-01 5.277937500000000615e-01 -1.590452500000000269e-01
-1.396785000000000110e-01 5.299755000000000438e-01 -1.512607499999999994e-01
-1.283954999999999957e-01 5.346252500000000518e-01 -1.362660000000000260e-01
-1.209252499999999841e-01 5.368992500000000501e-01 -1.279197500000000265e-01
-2.039745000000000030e-01 4.943052499999999738e-01 -2.430122500000000130e-01
-2.124787500000000218e-01 4.873099999999999654e-01 -2.553402499999999908e-01
-2.103860000000000174e-01 4.870137500000000230e-01 -2.568749999999999645e-01
-2.262429999999999997e-01 4.629702499999999721e-01 -2.964747500000000091e-01
-2.371505000000000141e-01 4.580584999999999796e-01 -2.949442499999999634e-01
-2.636757499999999865e-01 4.535924999999998986e-01 -2.734987500000000127e-01
-2.507659999999999889e-01 4.677874999999999672e-01 -2.554469999999999796e-01
-2.167602500000000154e-01 4.846617500000000023e-01 -2.565192499999999765e-01
-2.146437499999999943e-01 4.813009999999999788e-01 -2.670399999999999996e-01
-2.871017499999999334e-01 4.324164999999999259e-01 -2.884219999999999562e-01
-3.231889999999999485e-01 4.210054999999999770e-01 -2.664249999999999674e-01
-3.470347499999999474e-01 4.163882500000000153e-01 -2.468280000000000196e-01
-3.516882499999999800e-01 4.176542499999999492e-01 -2.392510000000000192e-01
-3.235182499999999517e-01 4.306899999999999618e-01 -2.492725000000000357e-01
-4.398817499999999603e-01 3.748365000000000169e-01 -1.841494999999999937e-01
-4.428567500000000212e-01 3.740080000000000071e-01 -1.799902499999999905e-01
-4.240579999999999905e-01 3.882129999999999748e-01 -1.888917499999999972e-01
-3.998740000000000072e-01 4.037132499999999680e-01 -2.057190000000000130e-01
-4.816667499999999769e-01 3.479920000000000235e-01 -1.492380000000000095e-01
-4.864239999999999675e-01 3.459875000000000034e-01 -1.433185000000000153e-01
-5.564200000000000257e-01 2.834654999999999814e-01 -7.842699999999999672e-02
-5.546367499999999007e-01 2.856637499999999941e-01 -7.999850000000000017e-02
-5.444927499999999698e-01 2.973784999999999901e-01 -8.989250000000000018e-02
-5.826022499999999882e-01 2.453847499999999848e-01 -4.904675000000000007e-02
-5.820789999999999020e-01 2.476962500000000345e-01 -4.918349999999999805e-02
-5.775810000000000111e-01 2.539797500000000041e-01 -5.617824999999999902e-02
-5.917107499999999520e-01 2.314545000000000075e-01 -3.356549999999999812e-02
-5.962939999999999907e-01 2.243779999999999941e-01 -2.520624999999999602e-02
-5.917077499999999768e-01 2.339382499999999865e-01 -3.262274999999999897e-02
-6.139989999999999615e-01 1.103000000000000091e-01 3.325775000000000259e-02
-6.126587499999999187e-01 1.256365000000000121e-01 2.415800000000000239e-02
-6.075557500000000610e-01 8.614199999999999635e-02 2.693974999999999842e-02
-6.043652499999999650e-01 3.678624999999999950e-02 3.810900000000000398e-02
-5.976759999999999851e-01 -1.004125000000000156e-02 4.270299999999999790e-02
-5.894175000000000386e-01 -3.658100000000000240e-02 3.628699999999999981e-02
-5.776837499999999403e-01 -1.112284999999999940e-01 4.299450000000000494e-02
-5.735687499999999606e-01 -1.498394999999999866e-01 5.067250000000000226e-02
-5.746047499999998864e-01 -1.475390000000000035e-01 5.191775000000000556e-02
-5.308907499999999668e-01 -2.505445000000000033e-01 3.192149999999999849e-02
-5.136017499999999680e-01 -2.823385000000000478e-01 2.934024999999999828e-02
-5.077424999999999855e-01 -3.034685000000000299e-01 4.096924999999999872e-02
-4.821862499999999829e-01 -3.597017500000000423e-01 5.419300000000000506e-02
-4.853939999999999921e-01 -3.527957500000000191e-01 5.175700000000000439e-02
-4.879329999999999501e-01 -3.423805000000000320e-01 4.410175000000000206e-02
-4.607184999999999198e-01 -3.782417499999999877e-01 3.846850000000000269e-02
-4.343802499999999678e-01 -4.209350000000000036e-01 4.225900000000000489e-02
-4.400077500000000308e-01 -4.211082500000000173e-01 5.220525000000000165e-02
-4.478550000000000031e-01 -4.155267500000000558e-01 5.933650000000000035e-02
-4.524362499999999843e-01 -4.095135000000000303e-01 6.031200000000000450e-02
-4.167322500000000263e-01 -4.546862500000000140e-01 5.612075000000000397e-02
-4.209924999999999917e-01 -4.503632499999999927e-01 5.599950000000000760e-02
-4.227109999999999479e-01 -4.479392500000000110e-01 5.463200000000000001e-02
-3.943462500000000093e-01 -4.554880000000000595e-01 2.931225000000000497e-02
-3.775582499999999841e-01 -4.670407499999999490e-01 2.989325000000000315e-02
-3.899599999999999733e-01 -4.663147500000000556e-01 4.298699999999999743e-02
-4.061069999999999403e-01 -4.622582499999999817e-01 5.464674999999999394e-02
-4.107119999999999660e-01 -4.582662500000000416e-01 5.306199999999999806e-02
-4.128232499999999749e-01 -4.520890000000000186e-01 4.480699999999999961e-02
-3.784509999999999819e-01 -4.867242500000000249e-01 7.094374999999999987e-02
-3.852279999999999038e-01 -4.830757500000000815e-01 7.048025000000000817e-02
-3.869399999999999507e-01 -4.817405000000000714e-01 6.938350000000000073e-02
-3.754052500000000236e-01 -4.820705000000000129e-01 5.623749999999999583e-02
-3.620252499999999651e-01 -4.870634999999999826e-01 5.191400000000000181e-02
-3.282920000000000282e-01 -4.910317500000000446e-01 4.323550000000000310e-02
-3.292702499999999866e-01 -4.867647500000000238e-01 3.446525000000000283e-02
-2.855912499999999632e-01 -4.695855000000000445e-01 -2.123949999999999450e-02
-2.375384999999999858e-01 -4.514075000000000171e-01 -8.096774999999999112e-02
-2.273905000000000232e-01 -4.494875000000000398e-01 -8.944900000000000073e-02
-1.918674999999999964e-01 -4.524355000000000460e-01 -9.831674999999999442e-02
-1.235580000000000012e-01 -4.637055000000000482e-01 -1.033077500000000037e-01
-1.721717499999999845e-01 -5.167652499999999538e-01 3.961900000000000144e-02
-1.085735000000000033e-01 -4.964502500000000373e-01 -3.374425000000000341e-02
1.905600000000000349e-02 -4.845254999999999979e-01 -1.113352500000000106e-01
5.589075000000000293e-02 -4.946875000000000577e-01 -1.008862500000000106e-01
1.175750000000004699e-03 -5.153642499999999682e-01 -3.004700000000000426e-02
1.226659999999999973e-01 -4.699120000000000519e-01 -1.812587500000000240e-01
1.656714999999999993e-01 -4.621100000000000207e-01 -1.836505000000000221e-01
2.160654999999999937e-01 -4.572235000000000604e-01 -1.761775000000000146e-01
2.491130000000000011e-01 -4.597602500000000370e-01 -1.574170000000000014e-01
2.101014999999999966e-01 -4.723500000000000476e-01 -1.419400000000000106e-01
3.316762500000000058e-01 -4.419237500000000041e-01 -1.669164999999999954e-01
3.590935000000000099e-01 -4.386107499999999937e-01 -1.623067500000000274e-01
3.726567500000000366e-01 -4.371555000000000302e-01 -1.596307500000000157e-01
4.100160000000000471e-01 -4.357162499999999716e-01 -1.467277500000000179e-01
4.377725000000000088e-01 -4.358002500000000001e-01 -1.346572500000000339e-01
4.415697500000000386e-01 -4.366847500000000104e-01 -1.311260000000000203e-01
4.430275000000000185e-01 -4.377755000000000396e-01 -1.281527500000000097e-01
4.947035000000000182e-01 -4.297462499999999963e-01 -1.217190000000000077e-01
4.999347500000000943e-01 -4.287272500000000597e-01 -1.178170000000000051e-01
5.013257500000000144e-01 -4.292992500000000211e-01 -1.147817499999999880e-01
4.976844999999999741e-01 -4.308812500000000489e-01 -1.154294999999999904e-01
5.106230000000000491e-01 -4.252832500000000571e-01 -1.120950000000000002e-01
5.065782500000001187e-01 -4.259777499999999884e-01 -1.155725000000000086e-01
5.051232500000000236e-01 -4.251972500000000266e-01 -1.186077499999999979e-01
5.088315000000001032e-01 -4.233432500000000043e-01 -1.175272499999999859e-01
5.112147500000000511e-01 -4.225130000000000274e-01 -1.162072499999999980e-01
5.155454999999999899e-01 -4.239930000000000088e-01 -1.057972499999999955e-01
5.206589999999999829e-01 -4.219010000000000260e-01 -9.994175000000000975e-02
5.226760000000000295e-01 -4.200377499999999875e-01 -9.933000000000000163e-02
5.174202500000000260e-01 -4.209787500000000127e-01 -1.073429999999999940e-01
5.237457500000000099e-01 -4.106314999999999826e-01 -1.083620000000000000e-01
5.519169999999999909e-01 -3.791577500000000156e-01 -8.336249999999999216e-02
5.503415000000000390e-01 -3.800982500000000264e-01 -8.596075000000000244e-02
5.494780000000000220e-01 -3.725357499999999988e-01 -9.713900000000000312e-02
5.504255000000000120e-01 -3.632765000000000577e-01 -1.060737500000000083e-01
5.725712500000000871e-01 -3.221907500000000257e-01 -1.032022499999999954e-01
5.948687500000000572e-01 -2.813230000000000453e-01 -9.970850000000000546e-02
5.970760000000000511e-01 -2.802405000000000590e-01 -9.578499999999999515e-02
6.033327500000000843e-01 -2.441494999999999915e-01 -1.075842499999999924e-01
6.069212499999999677e-01 -2.163075000000000137e-01 -1.117825000000000069e-01
6.090342499999999992e-01 -2.046624999999999972e-01 -1.122207500000000080e-01
6.119747500000000118e-01 -2.078897500000000120e-01 -1.045065000000000160e-01
6.109067500000000539e-01 -2.374592500000000106e-01 -9.414024999999999477e-02
6.161635000000000861e-01 -1.641324999999999867e-01 -1.134737499999999982e-01
6.238867500000000454e-01 -1.355434999999999834e-01 -1.057595000000000202e-01
6.426990000000000203e-01 -4.086424999999999780e-02 -8.378924999999999568e-02
6.437035000000000950e-01 -3.947874999999999995e-02 -8.212075000000000624e-02
6.440082500000000598e-01 -4.120800000000000157e-02 -8.217175000000000173e-02
6.415852499999999958e-01 -3.217624999999999652e-02 -8.258574999999999944e-02
6.428355000000000041e-01 -3.346650000000000319e-02 -8.155549999999998911e-02
6.422269999999999923e-01 -3.729550000000000226e-02 -8.341774999999999884e-02
6.435392500000000071e-01 -2.604474999999999846e-02 -7.694199999999999651e-02
6.345960000000000489e-01 -1.753924999999999929e-02 -8.084599999999998732e-02
6.267622500000000763e-01 -1.842499999999999303e-03 -7.766674999999999274e-02
6.294605000000000894e-01 3.724250000000000130e-03 -6.998125000000000873e-02
5.828232500000000149e-01 1.521625000000000061e-02 -1.031917499999999988e-01
5.031204999999999705e-01 5.492050000000000404e-02 -1.351984999999999992e-01
4.179052500000000614e-01 1.224310000000000120e-01 -1.493657500000000193e-01
4.138472499999999998e-01 1.617774999999999908e-01 -1.211279999999999996e-01
4.686417500000000791e-01 1.543035000000000101e-01 -8.326199999999998880e-02
2.029634999999999911e-01 2.628054999999999697e-01 -1.973915000000000253e-01
4.836074999999999402e-02 3.292835000000000067e-01 -2.414917499999999773e-01
-1.899675000000000669e-02 3.707550000000000012e-01 -2.457257500000000205e-01
-2.420225000000000848e-02 3.802712500000000051e-01 -2.384945000000000259e-01
-2.400175000000000225e-02 3.896762500000000018e-01 -2.270707500000000156e-01
-2.241950000000000887e-02 3.951695000000000069e-01 -2.192262499999999836e-01
-1.827100000000000946e-02 4.008287500000000114e-01 -2.091292500000000165e-01
-1.185950000000000719e-02 4.081202499999999622e-01 -1.952665000000000095e-01
3.953249999999993228e-03 4.186629999999999519e-01 -1.699872500000000064e-01
2.656099999999999434e-02 4.300835000000000075e-01 -1.382195000000000229e-01
4.211049999999998822e-02 4.358714999999999673e-01 -1.188452499999999995e-01
5.196474999999999012e-02 4.389997499999999664e-01 -1.072135000000000032e-01
-2.231705000000000216e-01 4.467607499999999843e-01 -3.156112500000000098e-01
-2.257847500000000063e-01 4.487199999999999522e-01 -3.141769999999999841e-01
-2.250782500000000075e-01 4.524104999999999377e-01 -3.097572499999999840e-01
-2.218352499999999838e-01 4.555537499999999795e-01 -3.051864999999999717e-01
-2.249877499999999864e-01 4.603477500000000000e-01 -3.006409999999999916e-01
-2.216347499999999915e-01 4.652412499999999396e-01 -2.933945000000000025e-01
-2.322730000000000072e-01 4.532860000000000222e-01 -3.092705000000000037e-01
-2.303025000000000211e-01 4.556452499999999461e-01 -3.067067499999999725e-01
-2.282307499999999822e-01 4.572044999999999582e-01 -3.052117500000000039e-01
-2.316130000000000133e-01 4.468435000000000046e-01 -3.168917499999999721e-01
-2.324650000000000050e-01 4.490230000000000055e-01 -3.141484999999999972e-01
-2.309077499999999949e-01 4.511547499999999933e-01 -3.121952500000000352e-01
-2.338302500000000173e-01 4.511542500000000344e-01 -3.112237499999999657e-01
-2.352015000000000078e-01 4.471782499999999994e-01 -3.148884999999999601e-01
-2.365310000000000190e-01 4.454535000000000022e-01 -3.158904999999999630e-01
-2.417222500000000274e-01 4.436422499999999602e-01 -3.139054999999999485e-01
-2.538777500000000131e-01 4.420662499999999384e-01 -3.060659999999999492e-01
-2.562522499999999592e-01 4.453010000000000024e-01 -3.002920000000000034e-01
-2.694204999999999517e-01 4.281762499999999805e-01 -3.072487499999999594e-01
-2.922712499999999824e-01 4.231342499999999895e-01 -2.929984999999999951e-01
-2.847272499999999873e-01 4.291817499999999730e-01 -2.941960000000000131e-01
-4.259922499999999612e-01 3.757507500000000222e-01 -2.000867500000000077e-01
-4.138257499999999922e-01 3.883367500000000083e-01 -2.045860000000000178e-01
-4.958047499999999608e-01 2.971082500000000182e-01 -1.496870000000000145e-01
-4.963899999999999424e-01 3.168132499999999907e-01 -1.430052500000000282e-01
-4.746422499999999323e-01 3.322559999999999958e-01 -1.630667500000000103e-01
-4.567637499999999129e-01 3.446522499999999933e-01 -1.796502500000000113e-01
-4.478052499999999880e-01 3.457804999999999906e-01 -1.895112500000000477e-01
-5.236802499999999583e-01 2.967792499999999944e-01 -1.176600000000000007e-01
-5.223862499999999409e-01 2.763482499999999620e-01 -1.246425000000000033e-01
-5.432040000000000202e-01 2.724812499999999527e-01 -9.851449999999999096e-02
-5.600984999999999436e-01 2.753437499999999427e-01 -7.575524999999999620e-02
-5.578545000000000309e-01 2.809329999999999328e-01 -7.723100000000000798e-02
-5.444002500000000300e-01 2.969094999999999929e-01 -9.062349999999999572e-02
-6.078712499999999741e-01 1.281117499999999965e-01 1.329674999999999954e-02
-6.042872500000000535e-01 1.433417500000000178e-01 4.677999999999998999e-03
-6.015272500000000688e-01 1.542000000000000037e-01 -1.733750000000000699e-03
-5.960117499999999513e-01 1.639147499999999980e-01 -1.144025000000000077e-02
-5.869032499999999875e-01 1.778450000000000031e-01 -2.692149999999999752e-02
-5.657187499999999369e-01 1.824457499999999899e-01 -5.572224999999999401e-02
-5.454287500000000177e-01 1.541995000000000171e-01 -7.484274999999999956e-02
-5.642637499999999529e-01 4.875850000000000323e-02 -2.296350000000000474e-02
-4.962962499999999388e-01 -5.574749999999999844e-02 -7.120400000000000340e-02
-4.563974999999999005e-01 -2.076192500000000052e-01 -7.029775000000000607e-02
-4.947549999999999448e-01 -2.076937499999999825e-01 -2.657774999999999721e-02
-5.454289999999999417e-01 -1.869329999999999881e-01 2.481300000000000172e-02
-5.633052499999999796e-01 -1.570000000000000007e-01 3.604100000000000359e-02
-4.665799999999998837e-01 -2.934040000000000536e-01 -2.510249999999999634e-02
-4.277212499999999418e-01 -2.980347500000000149e-01 -6.793349999999999389e-02
-4.276709999999999678e-01 -3.448157500000000319e-01 -3.055999999999999689e-02
-4.332977499999999815e-01 -3.971692499999999737e-01 1.807150000000000423e-02
-4.390827499999999661e-01 -4.028027499999999872e-01 2.950750000000000595e-02
-3.393954999999999611e-01 -3.805635000000000545e-01 -8.587899999999999701e-02
-3.183499999999999663e-01 -3.410147500000000331e-01 -1.343664999999999998e-01
-2.589960000000000040e-01 -3.865012500000000184e-01 -1.454632500000000161e-01
-3.885612499999999692e-01 -4.498544999999999905e-01 1.787625000000000325e-02
-3.280942499999999762e-01 -4.442280000000000117e-01 -3.724749999999999589e-02
-1.269617500000000121e-01 -3.909307500000000490e-01 -2.186302500000000260e-01
-8.425600000000001144e-02 -3.993997499999999978e-01 -2.220180000000000209e-01
-9.921775000000000733e-02 -4.174840000000000217e-01 -1.968490000000000240e-01
-3.090825000000000516e-02 -4.287540000000000240e-01 -2.018400000000000194e-01
1.585974999999999885e-02 -4.181022500000000086e-01 -2.278455000000000064e-01
5.690825000000000050e-02 -4.354972500000000024e-01 -2.158170000000000366e-01
9.189999999999999558e-02 -4.526202500000000017e-01 -2.025725000000000164e-01
9.233549999999998703e-02 -4.544960000000000111e-01 -2.002410000000000301e-01
8.583124999999999782e-02 -4.597500000000000475e-01 -1.917077500000000378e-01
1.609394999999999853e-01 -4.507967500000000238e-01 -2.097472499999999962e-01
1.874004999999999976e-01 -4.482285000000000297e-01 -2.062350000000000294e-01
1.983184999999999809e-01 -4.481192500000000245e-01 -2.035472499999999851e-01
2.083587500000000092e-01 -4.481395000000000239e-01 -2.009180000000000132e-01
2.844177500000000247e-01 -4.401382500000000086e-01 -1.891595000000000082e-01
2.986287500000000539e-01 -4.393870000000000275e-01 -1.856770000000000087e-01
4.968780000000000419e-01 -4.258407499999999346e-01 -1.251562500000000244e-01
4.970220000000000193e-01 -4.268559999999999577e-01 -1.238255000000000050e-01
4.932457500000000383e-01 -4.286555000000000226e-01 -1.246922500000000045e-01
5.044322500000000264e-01 -4.238207500000000238e-01 -1.211969999999999853e-01
5.059675000000000145e-01 -4.206222500000000308e-01 -1.225277500000000047e-01
5.098197500000000160e-01 -4.170225000000000182e-01 -1.223260000000000042e-01
5.175402500000000350e-01 -4.121657499999999419e-01 -1.172262499999999902e-01
5.173460000000000836e-01 -4.093962500000000171e-01 -1.196752499999999969e-01
5.195222500000000743e-01 -4.039232500000000115e-01 -1.214485000000000009e-01
5.266752500000000392e-01 -3.958907500000000135e-01 -1.193094999999999989e-01
6.024092500000000072e-01 -2.281232499999999719e-01 -1.152677500000000022e-01
6.011254999999999793e-01 -2.452320000000000055e-01 -1.115077500000000027e-01
6.132229999999999626e-01 -1.609052499999999997e-01 -1.211880000000000041e-01
6.135119999999999463e-01 -1.517729999999999912e-01 -1.231787500000000035e-01
6.312900000000000178e-01 -9.113649999999999529e-02 -1.034240000000000020e-01
6.238557500000000422e-01 -1.105932500000000041e-01 -1.131289999999999935e-01
6.215325000000000433e-01 -1.115492499999999887e-01 -1.151084999999999886e-01
6.304929999999999701e-01 -7.865574999999999650e-02 -1.014697499999999974e-01
6.411312500000000414e-01 -4.644675000000000192e-02 -8.668449999999999767e-02
6.416032500000000693e-01 -5.001549999999999746e-02 -8.705600000000000838e-02
5.987430000000000252e-01 -1.340332499999999927e-01 -1.353732500000000283e-01
5.684080000000000243e-01 -7.755100000000000882e-02 -1.396340000000000081e-01
5.805197500000000010e-01 -3.664950000000000152e-02 -1.217945000000000139e-01
6.221872499999999695e-01 -5.656425000000000342e-02 -1.012750000000000039e-01
6.303385000000000238e-01 -6.821424999999999017e-02 -9.923324999999999507e-02
1.323384999999999700e-01 2.356067500000000037e-01 -2.640267499999999767e-01
2.070214999999999972e-01 2.234590000000000187e-01 -2.256292500000000034e-01
-2.156729999999999758e-01 4.360839999999999717e-01 -3.204949999999999743e-01
-2.221849999999999936e-01 4.393467499999999526e-01 -3.201477500000000087e-01
-2.189929999999999655e-01 4.408054999999999612e-01 -3.184402499999999803e-01
-2.147219999999999962e-01 4.416467499999999768e-01 -3.168374999999999941e-01
-2.304677499999999990e-01 4.460540000000000060e-01 -3.177329999999999877e-01
-2.274414999999999909e-01 4.459195000000000242e-01 -3.172139999999999960e-01
-2.340529999999999833e-01 4.409409999999999719e-01 -3.210890000000000133e-01
-2.344140000000000112e-01 4.428880000000000039e-01 -3.195207499999999645e-01
-2.321907499999999736e-01 4.446844999999999826e-01 -3.185992500000000005e-01
-2.310454999999999870e-01 4.438949999999999840e-01 -3.194404999999999606e-01
-2.380525000000000002e-01 4.382064999999999988e-01 -3.218824999999999603e-01
-2.363620000000000165e-01 4.379842500000000194e-01 -3.224487499999999507e-01
-2.358522499999999855e-01 4.355460000000000442e-01 -3.240754999999999608e-01
-2.499900000000000178e-01 4.326859999999999595e-01 -3.180322499999999608e-01
-2.435127500000000278e-01 4.357997499999999858e-01 -3.200977499999999587e-01
-2.385730000000000073e-01 4.348575000000000634e-01 -3.237094999999999834e-01
-2.682879999999999709e-01 3.770199999999999663e-01 -3.215077499999999810e-01
-2.650367499999999876e-01 4.129012499999999974e-01 -3.143782499999999702e-01
-2.456062500000000259e-01 4.174109999999999765e-01 -3.251617499999999716e-01
-2.387284999999999824e-01 4.155584999999999973e-01 -3.298559999999999826e-01
-2.970599999999999352e-01 3.857152499999999540e-01 -3.001280000000000059e-01
-2.873014999999999874e-01 3.521372499999999572e-01 -3.145194999999999519e-01
-2.893894999999999662e-01 3.481749999999999567e-01 -3.137320000000000109e-01
-3.495042499999999608e-01 3.464192500000000119e-01 -2.679654999999999676e-01
-4.030279999999999418e-01 3.640174999999999939e-01 -2.232770000000000310e-01
-3.812149999999999705e-01 3.939877499999999699e-01 -2.338525000000000464e-01
-3.895752499999999841e-01 1.773475000000000745e-02 -1.839497500000000230e-01
-4.318492499999999623e-01 1.932014999999999982e-01 -1.875885000000000191e-01
-4.313214999999999688e-01 2.253147499999999803e-01 -1.945960000000000190e-01
-4.066247499999999793e-01 2.447185000000000055e-01 -2.175360000000000349e-01
-3.270427499999999377e-01 2.602552499999999935e-01 -2.817957500000000115e-01
-2.871209999999999596e-01 -3.014660000000000117e-01 -1.788965000000000138e-01
-3.082167499999999283e-01 -2.942337500000000161e-01 -1.677825000000000288e-01
-3.087179999999999369e-01 -2.895285000000000220e-01 -1.686715000000000020e-01
-2.635569999999999857e-01 -1.413692499999999741e-01 -2.340830000000000133e-01
-1.826317500000000094e-01 -8.311449999999999394e-02 -2.985882499999999995e-01
-2.277669999999999972e-01 -3.469525000000000525e-01 -1.899932500000000302e-01
-1.571539999999999881e-01 -3.525417500000000426e-01 -2.299187500000000051e-01
-1.507762500000000006e-01 -3.598772500000000374e-01 -2.293305000000000204e-01
-1.499877500000000030e-01 -3.757737500000000175e-01 -2.200540000000000274e-01
-1.774465000000000070e-01 -4.060670000000000113e-01 -1.845935000000000215e-01
-9.950300000000000811e-02 -3.606375000000000552e-01 -2.540907499999999763e-01
-7.031900000000000650e-02 -3.585757500000000264e-01 -2.627789999999999848e-01
2.302225000000000105e-02 -3.985424999999999662e-01 -2.545784999999999854e-01
-8.783999999999998406e-03 -3.911100000000000132e-01 -2.537420000000000231e-01
-2.230574999999999919e-02 -3.805792500000000356e-01 -2.590425000000000089e-01
-3.414749999999998949e-03 -3.775152500000000244e-01 -2.652774999999999994e-01
1.605040000000000078e-01 -4.489210000000000700e-01 -2.120787500000000103e-01
1.832182499999999992e-01 -4.463122500000000215e-01 -2.094105000000000272e-01
2.743775000000000519e-01 -4.401180000000000092e-01 -1.917887500000000078e-01
3.160057500000000297e-01 -4.360537499999999622e-01 -1.836965000000000126e-01
4.984132500000000299e-01 -4.226422499999999971e-01 -1.264870000000000161e-01
4.925030000000000241e-01 -4.235572499999999407e-01 -1.295542500000000097e-01
5.495212500000000722e-01 -3.339110000000000134e-01 -1.213222500000000065e-01
5.780792500000000445e-01 -2.706140000000000212e-01 -1.198857499999999993e-01
5.773789999999999756e-01 -2.915080000000000449e-01 -1.150015000000000065e-01
6.102810000000000734e-01 -1.735062500000000008e-01 -1.215827500000000033e-01
6.079762499999999958e-01 -1.842395000000000005e-01 -1.211445000000000022e-01
6.055114999999999803e-01 -1.864519999999999789e-01 -1.225810000000000094e-01
6.066730000000000178e-01 -1.606649999999999745e-01 -1.269917500000000143e-01
6.100455000000000183e-01 -1.376752499999999990e-01 -1.291307500000000164e-01
3.841285000000000394e-01 -1.141579999999999956e-01 -2.239040000000000197e-01
2.774455000000000116e-01 -2.597025000000000028e-02 -2.529629999999999934e-01
1.954882499999999745e-01 5.288899999999999851e-02 -2.733807499999999502e-01
2.060824999999999740e-01 9.680125000000000535e-02 -2.614582500000000032e-01
3.311104999999999743e-01 8.635500000000000120e-02 -2.114620000000000111e-01
4.910087499999999938e-01 6.696750000000001313e-03 -1.588972500000000176e-01
7.310499999999999290e-03 2.460529999999999939e-01 -3.140229999999999411e-01
-8.341125000000000622e-02 2.847279999999999811e-01 -3.256217499999999876e-01
-1.631342500000000084e-01 3.776209999999999845e-01 -3.226867500000000222e-01
-1.629062500000000024e-01 3.912612499999999494e-01 -3.195962499999999706e-01
-1.544527499999999998e-01 3.939354999999999385e-01 -3.171165000000000234e-01
-1.438787499999999997e-01 3.959504999999999830e-01 -3.143109999999999515e-01
-2.350909999999999944e-01 4.335327499999999668e-01 -3.250399999999999956e-01
-2.335432500000000078e-01 4.361742499999999301e-01 -3.236802500000000027e-01
-2.262469999999999759e-01 4.340689999999999271e-01 -3.233004999999999907e-01
-2.376392500000000241e-01 4.274077499999999752e-01 -3.274582499999999508e-01
-2.380397500000000222e-01 4.298557500000000364e-01 -3.263757499999999645e-01
-2.370094999999999841e-01 4.307664999999999966e-01 -3.261754999999999516e-01
-2.362482499999999930e-01 4.287532499999999192e-01 -3.271399999999999864e-01
-2.373342499999999966e-01 3.846077499999999705e-01 -3.373844999999999761e-01
-2.382957500000000006e-01 3.864245000000000041e-01 -3.367652499999999605e-01
-2.379262499999999780e-01 4.005004999999999815e-01 -3.337107500000000004e-01
-2.368370000000000197e-01 4.123497499999999594e-01 -3.313129999999999686e-01
-2.513134999999999675e-01 3.390442499999999360e-01 -3.396429999999999727e-01
-2.579424999999999635e-01 3.412507499999999361e-01 -3.365184999999999982e-01
-2.485575000000000145e-01 3.656012499999999332e-01 -3.362279999999999713e-01
-1.590022500000000116e-01 1.540749999999999759e-02 -3.299562499999999510e-01
-1.975944999999999785e-01 8.842275000000000829e-02 -3.264982499999999899e-01
-2.378577499999999789e-01 2.250385000000000024e-01 -3.332602499999999801e-01
-2.409322499999999867e-01 2.781567499999999526e-01 -3.411002499999999937e-01
-2.322152500000000119e-01 2.799124999999999530e-01 -3.450122499999999648e-01
-2.218687500000000312e-01 2.766462499999999824e-01 -3.487377499999999575e-01
-1.041812500000000030e-01 -3.142847500000000571e-01 -2.756842499999999641e-01
-1.154157500000000114e-01 -2.385572499999999985e-01 -2.900562500000000155e-01
-1.177820000000000117e-01 -1.561810000000000143e-01 -3.078862499999999724e-01
-1.045145000000000102e-01 -1.539312499999999917e-01 -3.113442499999999891e-01
-5.142800000000000149e-02 -3.555117500000000152e-01 -2.690139999999999754e-01
-8.140050000000000063e-02 -3.416770000000000085e-01 -2.696022499999999877e-01
-6.152074999999999905e-02 -3.343927500000000164e-01 -2.760304999999999565e-01
-2.693374999999999936e-02 -3.437915000000000276e-01 -2.780714999999999715e-01
1.229615000000000014e-01 -4.317172499999999968e-01 -2.259097499999999925e-01
8.722050000000000636e-02 -4.137065000000000325e-01 -2.395022499999999999e-01
3.295690000000000008e-01 -4.345984999999999987e-01 -1.810205000000000009e-01
2.770227500000000398e-01 -4.387719999999999954e-01 -1.918005000000000126e-01
2.732760000000000189e-01 -4.387315000000000520e-01 -1.926445000000000241e-01
2.118344999999999811e-01 -4.228710000000000524e-01 -2.098712500000000092e-01
1.412132499999999846e-01 -3.978602499999999709e-01 -2.311825000000000407e-01
1.269984999999999864e-01 -3.835092500000000237e-01 -2.375482499999999886e-01
2.124594999999999956e-01 -2.904440000000000355e-01 -2.392430000000000112e-01
3.255350000000000188e-01 -2.146915000000000073e-01 -2.309255000000000335e-01
5.423682499999999962e-01 -3.419435000000000113e-01 -1.234612500000000085e-01
5.395382499999999970e-01 -3.450567500000000232e-01 -1.240992500000000082e-01
5.297757499999999897e-01 -3.495714999999999795e-01 -1.273682500000000162e-01
4.951187500000000519e-01 -3.538672500000000221e-01 -1.409867500000000218e-01
4.426325000000000398e-01 -2.535160000000000191e-01 -1.799447500000000144e-01
5.012260000000000604e-01 -1.529824999999999935e-01 -1.729232500000000006e-01
5.953705000000000247e-01 -1.570229999999999959e-01 -1.332342500000000263e-01
-9.679974999999998997e-02 1.607975000000000099e-01 -3.484467499999999718e-01
-1.381084999999999952e-01 2.170887500000000248e-01 -3.464742499999999836e-01
-1.568322499999999786e-01 2.765949999999999798e-01 -3.411049999999999915e-01
-1.567044999999999966e-01 3.028909999999999658e-01 -3.376262499999999611e-01
-7.685374999999999845e-02 2.236640000000000017e-01 -3.375442499999999901e-01
-2.409670000000000145e-01 3.357779999999999654e-01 -3.433684999999999654e-01
-2.374619999999999786e-01 3.583117499999999844e-01 -3.408632499999999510e-01
-1.457347499999999962e-01 1.765725000000000627e-02 -3.334142499999999676e-01
-1.357462500000000127e-01 8.423325000000000951e-02 -3.434942500000000010e-01
5.852724999999998901e-02 -2.507262500000000394e-01 -2.797662499999999941e-01
2.597324999999999634e-02 -1.633502500000000024e-01 -2.955552499999999916e-01
7.337999999999999037e-03 -1.434674999999999839e-02 -3.176252499999999701e-01
4.628449999999999925e-02 6.221750000000000197e-02 -3.225777499999999964e-01
3.946047500000000596e-01 -4.662992499999999985e-01 2.118749999999999974e-03
3.844080000000000275e-01 -4.673612500000000058e-01 1.207424999999999991e-02
