-8.220750000000002361e-03 -8.889149999999999829e-02 3.662905000000000189e-01
8.829874999999999530e-02 -1.578277499999999889e-01 3.626590000000000091e-01
1.250632500000000147e-01 -1.492719999999999880e-01 3.566922499999999885e-01
1.474044999999999939e-01 -1.242707500000000131e-01 3.504595000000000349e-01
1.620802500000000090e-01 -1.049675000000000191e-01 3.459862499999999952e-01
1.624440000000000051e-01 -9.395425000000001692e-02 3.444885000000000308e-01
-2.809034999999999727e-01 3.329852500000000104e-01 2.930007500000000320e-01
-3.340822499999999695e-01 2.758575000000000332e-01 2.935207500000000524e-01
-3.098732499999999890e-01 2.447344999999999937e-01 3.008055000000000034e-01
-2.172824999999999895e-01 1.364049999999999985e-01 3.272570000000000201e-01
-1.249185000000000018e-01 3.554600000000000815e-02 3.526952500000000157e-01
-9.415950000000002096e-02 1.447350000000000546e-02 3.595192500000000124e-01
-8.601400000000000712e-02 1.007762499999999978e-01 3.492297500000000054e-01
-9.397550000000000348e-02 -1.317709999999999992e-01 3.720790000000000486e-01
-1.811224999999999988e-02 -2.107135000000000258e-01 3.716735000000000455e-01
5.257024999999999892e-02 -2.627632499999999482e-01 3.741267500000000079e-01
-1.636625000000000232e-02 -1.751942499999999958e-01 3.765800000000000258e-01
1.308687500000000059e-01 -3.550612499999999949e-01 3.719632500000000230e-01
1.361755000000000049e-01 -3.641797499999999133e-01 3.700642500000000390e-01
1.590587499999999987e-01 -3.497764999999999347e-01 3.689479999999999982e-01
1.807139999999999858e-01 -3.264199999999999879e-01 3.691720000000000002e-01
1.841972500000000068e-01 -3.174614999999999521e-01 3.698927500000000479e-01
2.907494999999999941e-01 -2.139112499999999972e-01 3.408527499999999821e-01
3.022747500000000365e-01 -2.010200000000000042e-01 3.338670000000000249e-01
3.058072500000000304e-01 -1.948867499999999975e-01 3.313515000000000210e-01
2.989630000000000343e-01 -1.778527500000000039e-01 3.312640000000000029e-01
3.166124999999999495e-02 1.488155000000000172e-01 3.201707500000000040e-01
2.937099999999999086e-02 1.113997499999999918e-01 3.290192500000000408e-01
1.574522500000000158e-01 -4.225350000000000633e-02 3.347180000000000155e-01
2.825100000000000389e-01 -1.397082500000000060e-01 3.285667500000000185e-01
2.878359999999999808e-01 -1.116367500000000068e-01 3.211240000000000205e-01
-2.812427499999999858e-01 5.312020000000000630e-01 2.429082499999999645e-01
-2.685417499999999680e-01 4.961332500000000811e-01 2.552550000000000097e-01
-1.945264999999999911e-01 4.041565000000000296e-01 2.806540000000000146e-01
-1.220652500000000001e-01 3.413452500000000445e-01 2.942390000000000283e-01
-1.335564999999999669e-01 3.944627500000000286e-01 2.742085000000000217e-01
-3.646982500000000016e-01 6.152142500000000735e-01 2.090712500000000140e-01
-3.773404999999999676e-01 6.048672500000000785e-01 2.111880000000000146e-01
-3.868234999999999868e-01 5.863327500000000692e-01 2.172380000000000144e-01
-3.632615000000000149e-01 5.669250000000000123e-01 2.293194999999999817e-01
-3.344244999999999579e-01 5.680884999999999962e-01 2.337852499999999722e-01
-3.842012499999999942e-01 5.465662500000000312e-01 2.339767499999999834e-01
-4.088944999999999941e-01 5.053959999999999564e-01 2.376487499999999919e-01
-4.336632500000000001e-01 4.546750000000000513e-01 2.434322499999999889e-01
-4.259294999999999609e-01 4.124117499999999659e-01 2.545740000000000225e-01
-4.134162499999999296e-01 3.754337500000000105e-01 2.656030000000000335e-01
-3.549187499999999496e-01 4.249620000000000619e-01 2.676017500000000271e-01
-4.930835000000000079e-01 3.821589999999999709e-01 2.445942499999999853e-01
-4.921067499999999817e-01 3.672557499999999919e-01 2.475559999999999983e-01
-4.822202500000000169e-01 3.511302500000000326e-01 2.544177500000000536e-01
-4.730362500000000470e-01 3.379317499999999752e-01 2.604862500000000303e-01
-1.229885000000000145e-01 -9.381200000000000649e-02 3.677082500000000143e-01
6.781049999999999578e-02 -3.215882499999999644e-01 3.670694999999999930e-01
6.814274999999998805e-02 -3.164442499999999825e-01 3.682897500000000268e-01
-3.756250000000001775e-03 -2.410327499999999901e-01 3.690725000000000255e-01
1.338472500000000009e-01 -3.920494999999999397e-01 3.643529999999999824e-01
1.403459999999999985e-01 -4.012997499999999551e-01 3.616364999999999719e-01
1.432017500000000165e-01 -3.989787499999999931e-01 3.630877499999999869e-01
1.423420000000000241e-01 -3.937029999999999141e-01 3.651255000000000472e-01
1.484637500000000054e-01 -4.093092500000000133e-01 3.596045000000000491e-01
1.490665000000000184e-01 -4.098542499999999755e-01 3.592752499999999904e-01
1.509232500000000088e-01 -4.062662499999999954e-01 3.604430000000000134e-01
1.652252499999999902e-01 -3.792997499999999911e-01 3.640092500000000064e-01
1.682537500000000075e-01 -3.816527499999999851e-01 3.628100000000000214e-01
1.783685000000000132e-01 -3.742879999999999541e-01 3.621972500000000261e-01
2.203325000000000422e-01 -3.104249999999999510e-01 3.639260000000000272e-01
2.301349999999999785e-01 -2.974744999999999751e-01 3.620875000000000066e-01
3.219507500000000078e-01 -1.783797500000000036e-01 3.202080000000000481e-01
3.289392500000000163e-01 -1.740040000000000198e-01 3.139457500000000234e-01
3.344582500000000125e-01 -1.637184999999999890e-01 3.075960000000000361e-01
3.042890000000000317e-01 -1.497812500000000047e-01 3.238212500000000049e-01
3.145992499999999970e-01 -1.550440000000000151e-01 3.188290000000000290e-01
7.289250000000001457e-03 2.423062500000000008e-01 2.832594999999999974e-01
1.430222500000000174e-01 7.908075000000000521e-02 3.001402499999999973e-01
-2.832477500000000203e-01 6.094337499999999963e-01 1.971592499999999804e-01
-2.983859999999999846e-01 5.834312500000000679e-01 2.169752499999999806e-01
-2.452042499999999570e-01 5.465447500000000236e-01 2.260982499999999729e-01
-3.269027500000000197e-01 6.577772499999999800e-01 1.730557499999999804e-01
-3.332857499999999917e-01 6.503147499999999415e-01 1.800942499999999835e-01
-3.370892500000000069e-01 6.397717499999999724e-01 1.889659999999999951e-01
-3.365307499999999896e-01 6.327782500000000976e-01 1.942175000000000151e-01
-3.337037499999999657e-01 6.286795000000000577e-01 1.967812499999999909e-01
-3.076457499999999956e-01 6.338175000000000336e-01 1.874810000000000088e-01
-3.644877499999999992e-01 6.377464999999999939e-01 1.943934999999999691e-01
-3.637922500000000392e-01 6.326147500000000035e-01 1.984740000000000115e-01
-3.705187500000000078e-01 6.254970000000000807e-01 2.019489999999999896e-01
-3.748102500000000115e-01 6.191887500000000655e-01 2.047309999999999686e-01
-3.675252499999999700e-01 6.193130000000000024e-01 2.065074999999999827e-01
-4.024979999999999669e-01 5.820067500000000171e-01 2.152840000000000031e-01
-4.064737500000000225e-01 5.716250000000000497e-01 2.192172500000000024e-01
-4.077632500000000215e-01 5.659740000000000881e-01 2.218952500000000161e-01
-4.889972499999999389e-01 4.284272500000000372e-01 2.360182500000000128e-01
-4.905027499999999874e-01 4.161165000000000003e-01 2.382249999999999923e-01
-4.914232499999999781e-01 4.038595000000000379e-01 2.407772499999999705e-01
-4.896204999999999585e-01 4.070700000000000429e-01 2.410674999999999624e-01
-4.975340000000000318e-01 3.756392500000000356e-01 2.429529999999999745e-01
-4.969784999999999897e-01 3.694167500000000159e-01 2.446584999999999732e-01
-4.948862499999999720e-01 3.789485000000000214e-01 2.443039999999999934e-01
-4.605230000000000157e-01 3.009537500000000199e-01 2.715152500000000413e-01
-4.592349999999999488e-01 2.924835000000000074e-01 2.707620000000000027e-01
-4.535844999999999461e-01 2.805779999999999941e-01 2.726500000000000035e-01
-4.495537499999999742e-01 2.814487500000000253e-01 2.759220000000000006e-01
-4.253447499999999382e-01 2.503257500000000135e-01 2.832067500000000071e-01
7.784924999999999484e-02 -3.563772499999999788e-01 3.526410000000000378e-01
7.420624999999998750e-02 -3.435532499999999767e-01 3.582782500000000203e-01
8.169499999999999679e-03 -2.730920000000000014e-01 3.609947499999999754e-01
1.472070000000000323e-01 -4.352517499999999373e-01 3.440557499999999935e-01
1.475267500000000120e-01 -4.280272499999999702e-01 3.485730000000000217e-01
1.472147500000000053e-01 -4.210972499999999785e-01 3.527487499999999998e-01
1.440470000000000084e-01 -4.192492500000000177e-01 3.530780000000000585e-01
1.411912500000000181e-01 -4.228229999999999489e-01 3.501572500000000310e-01
1.468872500000000247e-01 -4.414609999999999923e-01 3.393570000000000197e-01
1.465257500000000102e-01 -4.577702499999999897e-01 3.267682500000000378e-01
1.487910000000000066e-01 -4.339047499999999502e-01 3.452742500000000048e-01
1.484712499999999991e-01 -4.401140000000000052e-01 3.405755000000000310e-01
1.493785000000000251e-01 -4.202879999999999949e-01 3.536482499999999973e-01
1.494015000000000204e-01 -4.265599999999999392e-01 3.497915000000000330e-01
1.496922500000000267e-01 -4.257824999999999527e-01 3.501950000000000340e-01
1.610380000000000145e-01 -3.989015000000000200e-01 3.598302500000000181e-01
1.594720000000000304e-01 -4.079767499999999991e-01 3.552195000000000213e-01
1.654657500000000225e-01 -4.075904999999999667e-01 3.517765000000000475e-01
2.532407500000000145e-01 -2.748792499999999639e-01 3.547732499999999844e-01
2.670297500000000102e-01 -2.569144999999999346e-01 3.508757500000000418e-01
2.875052499999999900e-01 -2.381344999999999990e-01 3.418447500000000305e-01
2.961854999999999905e-01 -2.254477500000000023e-01 3.377927500000000305e-01
2.903857499999999980e-01 -2.249244999999999994e-01 3.423505000000000575e-01
4.785132500000000011e-01 -1.659807500000000102e-01 1.370717499999999922e-01
3.628692500000000321e-01 -1.704489999999999894e-01 2.778997500000000009e-01
3.930514999999999981e-01 -1.689295000000000102e-01 2.430520000000000180e-01
2.432362499999999872e-01 8.952749999999999597e-02 2.167082499999999634e-01
2.652824999999999767e-01 3.368050000000000210e-02 2.349947499999999745e-01
2.852655000000000052e-01 6.642249999999994513e-03 2.326997500000000108e-01
2.981360000000000121e-01 -6.408000000000004838e-03 2.277289999999999870e-01
3.317767500000000092e-01 -1.161899999999999912e-02 1.916112499999999830e-01
3.634942500000000187e-01 -1.533124999999999939e-02 1.565974999999999728e-01
3.898199999999999443e-01 -1.020275000000000522e-02 1.209662499999999974e-01
4.171899999999999498e-01 -4.173750000000004713e-03 8.336425000000000085e-02
4.193857500000000016e-01 -6.342500000000039512e-04 7.790249999999999952e-02
4.168560000000000043e-01 1.221349999999999346e-02 7.065125000000001265e-02
7.519999999999931253e-04 5.422927499999999901e-01 5.356074999999999031e-02
-8.215975000000000361e-02 5.173950000000000493e-01 1.398294999999999677e-01
-5.567424999999998764e-02 4.631930000000000214e-01 1.620079999999999854e-01
8.517149999999999721e-02 3.110365000000000490e-01 1.710589999999999888e-01
2.080237500000000073e-01 2.713527500000000314e-01 1.045077499999999965e-01
-8.376025000000000831e-02 6.967934999999999546e-01 -4.969224999999999337e-02
-9.179250000000001297e-02 6.978785000000000682e-01 -4.456449999999999301e-02
-9.982000000000000595e-02 6.981722499999999387e-01 -3.849299999999999944e-02
-1.078647500000000092e-01 6.981242500000000017e-01 -3.199799999999999867e-02
-1.199402500000000121e-01 6.972530000000000117e-01 -2.129175000000000165e-02
-1.359809999999999908e-01 6.938309999999999755e-01 -4.358000000000000762e-03
-1.556420000000000026e-01 6.876692500000000097e-01 1.875399999999999984e-02
-1.758075000000000054e-01 6.802872500000000100e-01 4.373124999999999929e-02
-1.868357499999999949e-01 6.712167500000000286e-01 6.341875000000000984e-02
-1.864262499999999878e-01 6.540034999999999599e-01 8.370550000000000213e-02
-1.815084999999999893e-01 6.371300000000000852e-01 9.997775000000001799e-02
-1.571104999999999863e-01 6.127462500000000478e-01 1.096560000000000035e-01
-4.480650000000000605e-02 5.931962499999999805e-01 4.320324999999999860e-02
-3.219739999999999824e-01 6.785772500000000207e-01 1.489442499999999725e-01
-3.250447499999999934e-01 6.744580000000000020e-01 1.545744999999999758e-01
-3.090074999999999905e-01 6.675702500000000317e-01 1.575259999999999994e-01
-3.005737500000000284e-01 6.981979999999999853e-01 1.179987499999999995e-01
-3.135605000000000198e-01 6.895350000000000090e-01 1.326552499999999746e-01
-3.063462499999999866e-01 6.889027500000000082e-01 1.316089999999999760e-01
-3.429427499999999629e-01 6.682535000000000558e-01 1.654265000000000041e-01
-3.472315000000000262e-01 6.639242499999999936e-01 1.699567499999999898e-01
-3.465894999999999948e-01 6.627275000000000249e-01 1.716830000000000023e-01
-3.429400000000000226e-01 6.646650000000000613e-01 1.701042499999999846e-01
-3.542555000000000009e-01 6.536165000000000447e-01 1.806342499999999962e-01
-3.576845000000000163e-01 6.479052499999999881e-01 1.860939999999999817e-01
-3.570999999999999730e-01 6.471502499999999269e-01 1.871327499999999866e-01
-3.720904999999999907e-01 6.343665000000000553e-01 1.926904999999999868e-01
-3.750339999999999785e-01 6.286310000000000509e-01 1.972042499999999976e-01
-3.711032499999999956e-01 6.315700000000000758e-01 1.968297499999999978e-01
-3.650722499999999870e-01 6.385015000000000551e-01 1.933547499999999919e-01
-3.823252499999999499e-01 6.173889999999999656e-01 2.034944999999999948e-01
-3.862237499999999768e-01 6.142792500000000544e-01 2.028635000000000022e-01
-3.928457499999999936e-01 6.020032500000001008e-01 2.073877500000000096e-01
-3.943044999999999467e-01 5.948902499999999538e-01 2.119120000000000170e-01
-4.321732499999999533e-01 5.330977500000000369e-01 2.204725000000000157e-01
-4.592827499999999619e-01 4.850720000000000587e-01 2.264370000000000271e-01
-4.635515000000000052e-01 4.707479999999999998e-01 2.327869999999999939e-01
-4.986182499999999851e-01 4.019152500000000017e-01 2.340089999999999948e-01
-4.945212500000000233e-01 3.974280000000000035e-01 2.400462499999999888e-01
-5.074647500000000200e-01 3.749912500000000537e-01 2.306439999999999879e-01
-5.017470000000000541e-01 3.799960000000000560e-01 2.367984999999999951e-01
-5.039569999999999883e-01 3.946612500000000745e-01 2.301164999999999738e-01
-5.040824999999999889e-01 3.592387499999999956e-01 2.385039999999999660e-01
-5.109390000000000320e-01 3.572115000000000151e-01 2.290427499999999894e-01
-5.083292499999999547e-01 3.338212500000000138e-01 2.263807499999999917e-01
-5.036085000000000145e-01 3.119279999999999831e-01 2.268575000000000175e-01
-4.979322499999999652e-01 3.299467500000000109e-01 2.389259999999999717e-01
-4.880457499999999449e-01 3.138212499999999960e-01 2.457877499999999993e-01
-4.922307499999999947e-01 2.938812500000000383e-01 2.349332499999999546e-01
-4.765539999999999221e-01 2.907615000000000061e-01 2.518402499999999877e-01
-4.293755000000000210e-01 2.494550000000000101e-01 2.799347500000000100e-01
-4.470847499999999752e-01 2.533922500000000411e-01 2.618770000000000264e-01
-4.441222499999999407e-01 2.044100000000000084e-01 2.262292499999999651e-01
-2.915727499999999917e-01 -4.823799999999999616e-02 2.067512499999999698e-01
-1.566427499999999973e-01 -1.715887500000000121e-01 2.696357500000000074e-01
-1.609442500000000109e-01 -7.952000000000000735e-02 3.381574999999999998e-01
-1.732022500000000020e-01 -5.260474999999999873e-02 3.450150000000000161e-01
-1.863394999999999913e-01 -3.091200000000000198e-02 3.466407500000000530e-01
-2.153525000000000023e-01 7.047000000000000312e-03 3.422700000000000187e-01
3.277625000000000677e-02 -5.474160000000000137e-01 1.645899999999999863e-01
8.282225000000000004e-02 -5.141932499999999351e-01 2.312217499999999759e-01
8.194250000000000145e-02 -4.650557499999999900e-01 2.698375000000000079e-01
7.945599999999999885e-02 -4.444304999999999506e-01 2.843519999999999937e-01
1.611399999999999985e-02 -3.779847499999999805e-01 2.868357500000000004e-01
4.642575000000000868e-02 -5.965354999999999963e-01 1.313897499999999996e-01
6.279774999999999940e-02 -6.346279999999999699e-01 9.887175000000000824e-02
1.174639999999999990e-01 -6.858337500000000198e-01 8.129225000000001033e-02
1.581390000000000295e-01 -6.961835000000000662e-01 1.014457500000000151e-01
1.610460000000000225e-01 -6.786915000000000031e-01 1.247200000000000114e-01
1.570832500000000076e-01 -6.424859999999998905e-01 1.649082500000000062e-01
1.640490000000000004e-01 -6.675287500000000041e-01 1.392952499999999816e-01
1.685190000000000299e-01 -6.915212499999999762e-01 1.133269999999999972e-01
1.690262500000000168e-01 -6.731327499999999464e-01 1.344302500000000011e-01
1.624862500000000265e-01 -7.600427499999999892e-01 2.825475000000000209e-02
1.640969999999999929e-01 -7.608437500000000409e-01 2.762850000000000375e-02
1.664615000000000122e-01 -7.602994999999999060e-01 2.895075000000000079e-02
1.682057500000000150e-01 -7.570479999999999432e-01 3.364024999999999654e-02
1.689430000000000098e-01 -7.466699999999999449e-01 4.735625000000000251e-02
1.704915000000000180e-01 -7.567997499999999933e-01 3.398550000000000182e-02
1.703590000000000104e-01 -6.776179999999999426e-01 1.292449999999999710e-01
1.698517500000000235e-01 -6.960064999999999724e-01 1.081417499999999948e-01
1.693445000000000089e-01 -7.082195000000000018e-01 9.392175000000001217e-02
1.697925000000000129e-01 -7.153202499999999908e-01 8.505950000000001010e-02
1.713410000000000211e-01 -7.254499999999999282e-01 7.168875000000000941e-02
1.743597500000000078e-01 -7.298035000000000494e-01 6.405950000000000533e-02
1.751165000000000083e-01 -7.017672499999999536e-01 9.703000000000000513e-02
1.556860000000000188e-01 -4.253962499999999203e-01 3.467520000000000047e-01
1.550755000000000050e-01 -4.323829999999999618e-01 3.416497500000000298e-01
1.543712500000000154e-01 -4.496447499999999819e-01 3.284005000000000396e-01
1.540097500000000286e-01 -4.939272500000000399e-01 2.932547500000000085e-01
1.570480000000000209e-01 -5.393867500000000259e-01 2.544467499999999993e-01
1.640137500000000137e-01 -5.644295000000000284e-01 2.288337499999999747e-01
3.362317499999999959e-01 -2.309162500000000173e-01 2.910262499999999863e-01
3.151269999999999905e-01 -2.512154999999999805e-01 3.000572499999999976e-01
2.914002499999999718e-01 -2.782054999999999945e-01 3.068747500000000294e-01
2.793647499999999950e-01 -2.942004999999999759e-01 3.084892499999999926e-01
2.686840000000000339e-01 -3.119642499999999430e-01 3.070660000000000056e-01
2.573472500000000274e-01 -3.361914999999999765e-01 3.012560000000000238e-01
2.538289999999999713e-01 -4.295244999999999758e-01 2.307842499999999963e-01
2.543714999999999726e-01 -5.142352500000000326e-01 1.623489999999999933e-01
2.557042500000000218e-01 -5.187205000000000288e-01 1.571637499999999910e-01
2.575022499999999881e-01 -5.218085000000000084e-01 1.525394999999999945e-01
3.512912499999999993e-01 -3.839592499999999742e-01 1.505262499999999726e-01
4.481539999999999968e-01 -2.333554999999999935e-01 1.550379999999999814e-01
3.092267499999999947e-01 -2.096987500000000171e-01 3.302312500000000317e-01
3.485084999999999988e-01 -2.127612499999999851e-01 2.845462500000000561e-01
3.861109999999999820e-01 -1.943060000000000065e-01 2.473422499999999580e-01
3.573502500000000359e-01 -1.807344999999999924e-01 2.842494999999999883e-01
4.232177500000000592e-01 -1.877457499999999890e-01 2.061447499999999877e-01
4.403414999999999968e-01 -2.039175000000000015e-01 1.796364999999999768e-01
4.623825000000000296e-01 -1.967032500000000239e-01 1.527822499999999806e-01
4.726772499999999932e-01 -1.789989999999999915e-01 1.439552500000000068e-01
4.521875000000000755e-01 -1.711092499999999905e-01 1.727029999999999954e-01
5.357030000000000403e-01 -1.523662500000000086e-01 3.785474999999999257e-02
5.408564999999999623e-01 -1.524810000000000054e-01 2.545624999999999971e-02
5.454744999999999733e-01 -1.513482500000000175e-01 1.387449999999999968e-02
5.277317499999999439e-01 -1.522515000000000118e-01 5.506975000000000064e-02
5.211385000000000600e-01 -1.496254999999999946e-01 6.814300000000000912e-02
5.186087499999999517e-01 -1.367777500000000035e-01 6.089175000000000837e-02
5.301762500000000156e-01 -1.383857500000000018e-01 3.542000000000000703e-02
5.350184999999999524e-01 -1.380942500000000017e-01 2.359249999999999889e-02
5.311744999999999939e-01 -1.278547500000000170e-01 2.033774999999999819e-02
5.141360000000000374e-01 -9.175350000000000172e-02 1.712449999999999736e-02
4.973667499999999686e-01 -5.753674999999999762e-02 1.368574999999999826e-02
4.669897500000000368e-01 -4.249999999999959106e-04 2.052499999999988362e-04
4.164077499999999654e-01 8.961349999999999871e-02 -1.638475000000000001e-02
3.586557499999999954e-01 1.817047499999999982e-01 -2.293299999999999852e-02
3.091829999999999856e-01 2.520455000000000334e-01 -1.865125000000000116e-02
2.854237499999999761e-01 2.737245000000000372e-01 -2.590750000000002773e-03
2.994982500000000214e-01 2.176200000000000079e-01 3.795650000000000412e-02
1.516262500000000180e-01 5.120780000000000332e-01 -7.627299999999999358e-02
1.006824999999999942e-01 5.686087499999999961e-01 -8.709925000000000306e-02
7.726099999999998247e-02 5.829929999999999835e-01 -6.958675000000000277e-02
9.045674999999998855e-02 5.554149999999999920e-01 -4.171674999999999689e-02
1.360152500000000042e-01 5.045115000000000016e-01 -3.135925000000000518e-02
8.295500000000000790e-03 6.697710000000000052e-01 -1.089887499999999815e-01
-5.544250000000000567e-03 6.812847500000001055e-01 -1.129134999999999861e-01
-1.450500000000000053e-02 6.884075000000000610e-01 -1.148797499999999888e-01
-2.203650000000000400e-02 6.916492499999999932e-01 -1.117789999999999895e-01
-4.623899999999999538e-02 7.006877499999999426e-01 -9.942624999999999380e-02
-7.371350000000000124e-02 7.073497499999999993e-01 -7.917124999999999857e-02
-3.052650000000000155e-02 6.721382500000000482e-01 -6.816550000000000387e-02
-1.053672500000000095e-01 7.301832500000000614e-01 -8.243899999999999839e-02
-1.132244999999999918e-01 7.319740000000000135e-01 -7.719550000000000023e-02
-1.203899999999999970e-01 7.333395000000000330e-01 -7.177949999999999608e-02
-1.253434999999999966e-01 7.330900000000000194e-01 -6.520625000000000726e-02
-1.269472500000000115e-01 7.320050000000000168e-01 -6.069800000000000195e-02
-2.744214999999999849e-01 7.110085000000000433e-01 8.446150000000000879e-02
-2.818112499999999576e-01 7.083855000000001123e-01 9.327575000000000449e-02
-2.823577499999999629e-01 7.074422500000000502e-01 9.554075000000000761e-02
-2.823312499999999781e-01 7.066362499999999658e-01 9.726500000000000423e-02
-2.510597500000000259e-01 7.190987500000000088e-01 5.630575000000000163e-02
-2.545337500000000031e-01 7.173940000000000872e-01 6.174925000000000552e-02
-3.095757499999999829e-01 6.957427500000000764e-01 1.207162499999999972e-01
-3.096467500000000261e-01 6.946017500000000178e-01 1.234439999999999843e-01
-3.006002500000000133e-01 6.990039999999999587e-01 1.162745000000000029e-01
-3.248440000000000216e-01 6.851264999999999716e-01 1.391102499999999631e-01
-3.312157500000000310e-01 6.791382500000000544e-01 1.492759999999999920e-01
-3.316197499999999909e-01 6.774820000000000286e-01 1.526692499999999786e-01
-3.291882500000000156e-01 6.792095000000000216e-01 1.499904999999999711e-01
-3.464672500000000044e-01 6.704197499999999810e-01 1.560812499999999770e-01
-3.489067499999999877e-01 6.662795000000000245e-01 1.629469999999999807e-01
-3.425387500000000029e-01 6.699097499999999705e-01 1.620332499999999898e-01
-3.565562500000000190e-01 6.603305000000000424e-01 1.674337499999999923e-01
-3.600417499999999937e-01 6.563314999999999566e-01 1.703260000000000052e-01
-3.636607499999999771e-01 6.493760000000000643e-01 1.781837500000000019e-01
-3.614140000000000130e-01 6.479059999999999819e-01 1.833289999999999920e-01
-3.548974999999999769e-01 6.548132500000000134e-01 1.789079999999999837e-01
-3.743372499999999548e-01 6.358365000000000267e-01 1.875452499999999967e-01
-3.790682499999999955e-01 6.337607499999999838e-01 1.823999999999999788e-01
-3.879540000000000211e-01 6.241380000000000816e-01 1.838279999999999914e-01
-3.937977499999999464e-01 6.163832499999999381e-01 1.875309999999999755e-01
-3.927057499999999646e-01 6.135534999999999739e-01 1.951309999999999711e-01
-4.051607499999999584e-01 6.023990000000000178e-01 1.882559999999999789e-01
-4.221484999999999821e-01 5.783150000000000235e-01 1.867059999999999831e-01
-4.344882499999999648e-01 5.596177500000000249e-01 1.869714999999999849e-01
-4.384519999999999529e-01 5.524847500000000800e-01 1.883607499999999935e-01
-4.431832500000000286e-01 5.429939999999999767e-01 1.911495000000000000e-01
-4.456572500000000048e-01 5.295560000000000267e-01 2.024147499999999766e-01
-4.246854999999999936e-01 5.526457500000000467e-01 2.120150000000000090e-01
-4.010392499999999583e-01 5.891197500000000531e-01 2.107597499999999957e-01
-4.874837499999999935e-01 4.630782500000000246e-01 1.985939999999999928e-01
-5.044222499999999609e-01 4.287767500000000398e-01 1.998709999999999931e-01
-5.008679999999999799e-01 4.261317500000000313e-01 2.114879999999999816e-01
-4.956697500000000201e-01 4.276737500000000747e-01 2.219452500000000106e-01
-4.903309999999999613e-01 4.349277499999999463e-01 2.258377499999999760e-01
-4.847285000000000066e-01 4.427512500000000406e-01 2.296682499999999905e-01
-5.234895000000000520e-01 3.811957500000000554e-01 1.979134999999999922e-01
-5.212375000000000203e-01 3.695252500000000273e-01 2.077619999999999745e-01
-5.194035000000000180e-01 3.715525000000000078e-01 2.108427499999999954e-01
-5.148730000000000251e-01 3.881145000000000289e-01 2.135047499999999931e-01
-5.259332500000000188e-01 3.762790000000000301e-01 1.944972499999999827e-01
-5.268652500000000627e-01 3.743142500000000705e-01 1.929982499999999823e-01
-5.283025000000000082e-01 3.659022499999999845e-01 1.927449999999999997e-01
-5.298144999999999660e-01 3.558100000000000152e-01 1.929539999999999866e-01
-5.267775000000000096e-01 3.536017500000000480e-01 2.011302499999999827e-01
-5.316824999999999468e-01 3.517030000000000434e-01 1.888579999999999981e-01
-5.323337499999999389e-01 3.461755000000000249e-01 1.851722500000000105e-01
-5.325814999999999300e-01 3.345972500000000127e-01 1.801470000000000016e-01
-5.322209999999999441e-01 3.240105000000000346e-01 1.769689999999999874e-01
-5.315054999999999641e-01 3.187460000000000293e-01 1.766829999999999790e-01
-5.164364999999999650e-01 3.330117500000000508e-01 2.154399999999999926e-01
-5.178322499999999939e-01 3.326252500000000389e-01 2.122687500000000060e-01
-5.222694999999999421e-01 3.138837500000000169e-01 1.946852500000000041e-01
-5.254834999999999923e-01 2.953677500000000400e-01 1.798329999999999929e-01
-5.057807499999998901e-01 2.878342500000000137e-01 2.175494999999999790e-01
-5.151112500000000205e-01 2.908250000000000002e-01 1.990492499999999831e-01
-5.241434999999999844e-01 2.899912500000000337e-01 1.766367499999999813e-01
-5.177479999999999860e-01 2.486102499999999771e-01 1.418257500000000004e-01
-5.095307500000000323e-01 2.030817499999999776e-01 1.063242499999999952e-01
-5.065815000000000179e-01 1.905235000000000123e-01 9.814900000000000013e-02
-4.952317499999999706e-01 1.587309999999999832e-01 8.665625000000000411e-02
-4.726515000000000022e-01 1.074607499999999938e-01 7.825925000000000242e-02
-4.640754999999999741e-01 1.329832499999999973e-01 1.294019999999999893e-01
-4.305529999999999635e-01 4.346500000000002271e-03 4.729325000000000889e-02
-3.905987499999999946e-01 -7.444575000000000498e-02 2.531175000000000438e-02
-3.492537500000000295e-01 -1.485652500000000098e-01 1.114550000000000263e-02
-2.908864999999999923e-01 -2.390920000000000267e-01 7.472750000000003695e-03
-2.263387500000000052e-01 -3.310354999999999825e-01 1.286400000000000390e-02
-1.800360000000000016e-01 -3.626562500000000133e-01 5.646075000000000399e-02
-1.527260000000000006e-01 -3.576015000000000166e-01 1.096047500000000147e-01
-1.663755000000000095e-01 -3.084819999999999784e-01 1.428049999999999875e-01
-6.482300000000000562e-02 -6.275327499999999725e-01 -6.817649999999998711e-02
-2.294124999999999984e-02 -6.707300000000000484e-01 -7.072599999999999720e-02
7.781000000000000590e-03 -6.862730000000000219e-01 -4.131224999999999481e-02
-1.455825000000000174e-02 -6.396827499999999667e-01 5.681000000000002020e-03
5.773774999999999741e-02 -7.409777499999999906e-01 -5.094774999999999998e-02
6.312999999999999168e-02 -7.456482499999999014e-01 -5.279649999999999621e-02
6.795724999999999683e-02 -7.494734999999999037e-01 -5.383549999999999447e-02
7.163224999999999454e-02 -7.519510000000000360e-01 -5.387349999999999084e-02
7.725674999999999903e-02 -7.554454999999999920e-01 -5.341674999999999895e-02
8.446324999999998973e-02 -7.588070000000000093e-01 -5.089950000000000030e-02
1.018997499999999973e-01 -7.619325000000000125e-01 -3.613574999999999426e-02
1.148927500000000018e-01 -7.622964999999999325e-01 -2.173100000000000032e-02
1.187510000000000093e-01 -7.559510000000000396e-01 -6.277249999999999844e-03
1.218112499999999959e-01 -7.496929999999999428e-01 8.101250000000000812e-03
1.176174999999999859e-01 -7.947527500000000078e-01 -7.616649999999999809e-02
1.223487499999999922e-01 -7.965220000000000633e-01 -7.464624999999999733e-02
1.236347500000000016e-01 -7.968105000000000881e-01 -7.377699999999999536e-02
1.303725000000000023e-01 -7.967792499999999389e-01 -6.556674999999999309e-02
1.359970000000000068e-01 -7.952657499999999935e-01 -5.518850000000000144e-02
1.576895000000000102e-01 -7.866987500000000022e-01 -1.723724999999999910e-02
1.623605000000000187e-01 -7.845845000000000180e-01 -1.068350000000000029e-02
1.628007499999999941e-01 -7.798734999999998863e-01 -3.497500000000006680e-04
1.498025000000000051e-01 -7.976944999999999730e-01 -4.545799999999999841e-02
1.533444999999999947e-01 -7.973544999999999661e-01 -4.328300000000000203e-02
1.567627500000000063e-01 -7.963287500000000296e-01 -3.949900000000000633e-02
1.580620000000000080e-01 -7.940832500000001293e-01 -3.358125000000000693e-02
1.538312500000000027e-01 -7.930442500000000061e-01 -3.269099999999999784e-02
1.666342500000000115e-01 -7.939022500000001425e-01 -3.276999999999999358e-02
1.703247500000000247e-01 -7.913220000000000809e-01 -2.795225000000000140e-02
1.669682500000000125e-01 -7.887702500000000061e-01 -2.050825000000000217e-02
1.674085000000000156e-01 -7.840592499999998743e-01 -1.017450000000000125e-02
1.708187500000000192e-01 -7.840559999999999752e-01 -1.162849999999999995e-02
1.685755000000000170e-01 -7.793259999999999632e-01 -4.814999999999992897e-04
1.741752500000000037e-01 -7.899504999999999999e-01 -2.627099999999999921e-02
1.764700000000000157e-01 -7.920445000000000402e-01 -3.400424999999999975e-02
1.800280000000000213e-01 -7.914619999999998878e-01 -3.691975000000000118e-02
1.801262500000000155e-01 -7.886157499999999487e-01 -3.029299999999999701e-02
1.697542499999999954e-01 -7.671777499999998806e-01 2.026949999999999932e-02
1.714202499999999962e-01 -7.737687499999998941e-01 6.927500000000000498e-03
1.760565000000000047e-01 -7.777464999999998962e-01 -5.326000000000000872e-03
1.801940000000000208e-01 -7.703529999999998434e-01 2.690500000000000183e-03
1.793137500000000217e-01 -7.603507499999999641e-01 2.103075000000000083e-02
1.842637500000000039e-01 -7.812222499999998959e-01 -2.227650000000000116e-02
1.903992499999999921e-01 -7.823219999999999619e-01 -3.629699999999999593e-02
2.025737499999999969e-01 -7.762127500000000069e-01 -4.805049999999999599e-02
2.110215000000000007e-01 -7.702274999999998428e-01 -5.282249999999999446e-02
2.198717499999999769e-01 -7.615899999999999892e-01 -5.323474999999999735e-02
1.800705000000000222e-01 -7.323144999999999794e-01 5.400125000000000064e-02
2.032467500000000038e-01 -7.297184999999999366e-01 1.686849999999999808e-02
2.264002499999999973e-01 -7.221377500000000227e-01 -1.445649999999999713e-02
2.457202500000000289e-01 -6.991092500000000154e-01 -2.126725000000000143e-02
2.668272500000000158e-01 -6.722120000000000317e-01 -2.669625000000000123e-02
3.034080000000000110e-01 -6.182042500000000107e-01 -2.755174999999999638e-02
3.366577499999999779e-01 -5.680482499999999213e-01 -2.709549999999999806e-02
3.436507500000000048e-01 -5.523897500000000127e-01 -2.108650000000000108e-02
3.549754999999999994e-01 -4.686272499999999397e-01 5.622675000000000589e-02
4.518382499999999968e-01 -3.180234999999999590e-01 6.073850000000000082e-02
4.661790000000000100e-01 -3.493072499999999581e-01 -1.102200000000000055e-02
4.991154999999999342e-01 -2.756374999999999797e-01 -1.204999999999990801e-04
5.141179999999999639e-01 -2.351177500000000142e-01 1.325325000000000114e-02
5.182432499999999331e-01 -2.206992499999999857e-01 2.088724999999999957e-02
5.216280000000000916e-01 -2.066787499999999944e-01 2.979574999999999932e-02
5.227017500000000760e-01 -1.984852500000000020e-01 3.714499999999999746e-02
5.192590000000000261e-01 -1.956034999999999857e-01 4.878325000000000022e-02
4.994802499999999590e-01 -2.000030000000000141e-01 9.034375000000001432e-02
4.990029999999999744e-01 -1.738705000000000112e-01 1.083240000000000036e-01
5.139120000000000354e-01 -1.771832500000000143e-01 7.479924999999999768e-02
5.287635000000000529e-01 -1.633792500000000036e-01 4.872999999999999554e-02
5.267804999999999849e-01 -1.540375000000000216e-01 5.700225000000000430e-02
5.188092499999999996e-01 -1.539227500000000248e-01 7.421724999999999850e-02
5.481559999999999766e-01 -1.789090000000000125e-01 -1.604249999999999773e-03
5.487400000000000055e-01 -1.748250000000000082e-01 -1.452499999999998931e-03
5.487064999999999859e-01 -1.695775000000000199e-01 6.355000000000002140e-04
5.481614999999999682e-01 -1.647335000000000049e-01 3.803500000000000023e-03
5.476722499999999716e-01 -1.630570000000000075e-01 5.624999999999999792e-03
5.427060000000000217e-01 -1.625805000000000167e-01 1.779649999999999982e-02
5.516845000000000221e-01 -1.561445000000000194e-01 -2.144250000000000322e-03
5.513642500000000002e-01 -1.538302500000000295e-01 -2.026750000000000773e-03
5.506634999999999724e-01 -1.526972500000000066e-01 1.498750000000000082e-03
5.508324999999999472e-01 -1.520594999999999863e-01 -2.052500000000001372e-04
5.507894999999999319e-01 -1.506737500000000229e-01 -1.319500000000000360e-03
5.504427499999999807e-01 -1.501475000000000171e-01 3.429999999999999889e-04
5.500122499999999803e-01 -1.479542500000000094e-01 -3.588749999999999926e-03
5.457254999999999745e-01 -1.369642500000000096e-01 -5.816500000000000489e-03
5.423120000000000163e-01 -1.289180000000000048e-01 -5.139499999999999971e-03
5.252735000000000598e-01 -9.281675000000000342e-02 -8.352749999999999064e-03
5.210555000000000048e-01 -8.323325000000000862e-02 -1.179149999999999990e-02
5.044237500000000596e-01 -4.954349999999999726e-02 -1.455325000000000021e-02
2.077972500000000167e-01 4.413535000000000097e-01 -6.972849999999998494e-02
1.975225000000000175e-01 4.538797500000000262e-01 -6.446349999999999303e-02
3.800500000000000406e-02 6.405542499999999917e-01 -1.070274999999999976e-01
6.655250000000000055e-02 6.115247500000000613e-01 -1.051089999999999941e-01
9.231774999999999010e-02 5.859240000000000004e-01 -1.057629999999999820e-01
-1.762925000000000256e-02 6.923727500000000923e-01 -1.187567499999999804e-01
-8.852999999999999758e-03 6.854040000000000132e-01 -1.168957499999999788e-01
-3.132125000000000187e-02 7.029069999999999485e-01 -1.210034999999999999e-01
-3.551474999999999771e-02 7.048384999999999234e-01 -1.199417499999999998e-01
-4.204599999999999310e-02 7.075642500000000057e-01 -1.168282499999999946e-01
-4.519499999999999906e-02 7.087472500000000508e-01 -1.146490000000000009e-01
-6.904025000000001133e-02 7.177115000000000578e-01 -1.029139999999999916e-01
-8.630474999999999952e-02 7.237275000000000791e-01 -9.338749999999999829e-02
-8.666200000000000292e-02 7.238017500000000215e-01 -9.276974999999999805e-02
-1.441604999999999970e-01 7.350262499999999921e-01 -4.907274999999999832e-02
-1.392069999999999974e-01 7.352757500000000057e-01 -5.564600000000000102e-02
-1.386639999999999817e-01 7.353497500000000242e-01 -5.675024999999998820e-02
-1.390354999999999785e-01 7.353939999999999921e-01 -5.671500000000000152e-02
-1.517112499999999919e-01 7.353979999999999961e-01 -4.407025000000000525e-02
-2.113232500000000180e-01 7.308762500000000051e-01 9.367999999999999591e-03
-2.257089999999999930e-01 7.269177500000000292e-01 2.505125000000000060e-02
-2.358672499999999728e-01 7.239482500000000709e-01 3.745025000000000437e-02
-2.287442499999999823e-01 7.257284999999999986e-01 3.104899999999999674e-02
-2.602685000000000137e-01 7.172277500000000527e-01 6.119349999999999790e-02
-2.705319999999999947e-01 7.136927500000000979e-01 7.324975000000000236e-02
-2.781342499999999718e-01 7.106955000000000355e-01 8.457225000000000159e-02
-2.713967499999999644e-01 7.127132500000000759e-01 7.856875000000000664e-02
-2.581827500000000164e-01 7.173185000000000811e-01 6.270699999999999885e-02
-2.955954999999999555e-01 7.038609999999999589e-01 1.032650000000000096e-01
-3.016677499999999568e-01 7.006565000000000154e-01 1.090480000000000060e-01
-3.054664999999999742e-01 6.984722500000000167e-01 1.141720000000000096e-01
-3.081737500000000241e-01 6.968652499999999916e-01 1.182467499999999977e-01
-2.999827499999999647e-01 7.010882499999999684e-01 1.112817499999999987e-01
-3.309735000000000316e-01 6.827754999999999797e-01 1.381007499999999943e-01
-3.343182499999999835e-01 6.802547500000000191e-01 1.423237499999999989e-01
-3.326297500000000018e-01 6.809702499999999992e-01 1.430729999999999780e-01
-3.248367500000000074e-01 6.862507500000000205e-01 1.363004999999999911e-01
-3.177667499999999867e-01 6.915197499999999886e-01 1.276812499999999684e-01
-3.605014999999999747e-01 6.591515000000001123e-01 1.639039999999999941e-01
-3.547365000000000101e-01 6.641402499999999876e-01 1.594172499999999826e-01
-3.495937500000000364e-01 6.687230000000000674e-01 1.543609999999999982e-01
-3.557759999999999811e-01 6.635777500000000773e-01 1.575477499999999864e-01
-3.785884999999999945e-01 6.391707500000000097e-01 1.722920000000000007e-01
-3.702385000000000259e-01 6.482020000000000559e-01 1.695794999999999941e-01
-3.681909999999999905e-01 6.512197500000000971e-01 1.657162499999999816e-01
-4.062527499999999958e-01 6.052287499999999820e-01 1.806560000000000110e-01
-4.080102499999999632e-01 6.033117500000000355e-01 1.783809999999999840e-01
-5.000817499999999916e-01 4.475675000000000070e-01 1.856637499999999885e-01
-4.850097500000000172e-01 4.765162500000000301e-01 1.873287499999999883e-01
-5.175862500000000255e-01 4.130327500000000041e-01 1.851894999999999791e-01
-5.218964999999999854e-01 4.027632500000000171e-01 1.847152499999999697e-01
-5.247624999999999096e-01 3.954860000000000042e-01 1.859609999999999874e-01
-5.223187499999999428e-01 4.004027500000000295e-01 1.893772499999999970e-01
-5.325407500000000072e-01 3.689095000000000013e-01 1.806304999999999994e-01
-5.316834999999999756e-01 3.755072500000000701e-01 1.794447499999999862e-01
-5.349657499999999066e-01 3.533852500000000396e-01 1.793382500000000046e-01
-5.342989999999999684e-01 3.571057499999999996e-01 1.806817500000000021e-01
-5.340357500000000313e-01 3.604995000000000283e-01 1.792870000000000019e-01
-5.358120000000000660e-01 3.050785000000000302e-01 1.593199999999999894e-01
-5.347194999999999032e-01 3.002299999999999969e-01 1.618307499999999954e-01
-5.350745000000000084e-01 2.996530000000000027e-01 1.590127499999999805e-01
-5.348707499999999504e-01 2.939570000000000238e-01 1.546025000000000038e-01
-4.964990000000000236e-01 1.079969999999999819e-01 1.814800000000000094e-02
-4.859080000000000066e-01 7.899724999999999109e-02 6.224000000000000365e-03
-4.851910000000000389e-01 7.867799999999999794e-02 1.112975000000000075e-02
-4.644194999999999851e-01 2.659724999999999936e-02 -8.755250000000000879e-03
-4.409377500000000172e-01 -2.198649999999999563e-02 -1.533750000000000044e-02
-4.391289999999999916e-01 -2.117599999999999691e-02 -3.849499999999999623e-03
-1.123175000000000007e-01 -5.669397499999999646e-01 -7.101824999999999111e-02
-9.730175000000000629e-02 -5.854850000000000332e-01 -6.477999999999999037e-02
-7.401249999999997241e-03 -6.915847499999999703e-01 -8.261825000000000419e-02
2.746999999999999789e-02 -7.262790000000000079e-01 -8.191374999999999351e-02
2.701549999999999785e-02 -7.254347500000000171e-01 -8.036149999999998850e-02
6.456800000000000039e-02 -7.636924999999999963e-01 -8.376249999999998974e-02
6.950574999999999115e-02 -7.675187500000000274e-01 -8.405899999999999483e-02
1.036865000000000009e-01 -7.893399999999999306e-01 -8.315949999999999731e-02
1.069022500000000042e-01 -7.905800000000000605e-01 -8.109899999999999054e-02
1.070914999999999923e-01 -7.904022500000000839e-01 -7.968274999999999664e-02
1.189367499999999939e-01 -7.957242500000000218e-01 -7.899899999999999978e-02
1.174282499999999979e-01 -7.949304999999999843e-01 -7.758274999999999200e-02
1.393837500000000285e-01 -7.998232499999999856e-01 -6.451574999999999671e-02
1.454760000000000220e-01 -7.996282500000000404e-01 -5.719225000000000003e-02
1.441780000000000006e-01 -7.992079999999999185e-01 -5.583625000000000393e-02
1.489660000000000151e-01 -8.006689999999999641e-01 -6.119199999999999640e-02
1.429987500000000078e-01 -8.003099999999999659e-01 -6.443374999999999797e-02
1.523327500000000168e-01 -8.001150000000000206e-01 -5.386849999999999972e-02
1.593500000000000194e-01 -7.995499999999999829e-01 -5.659424999999999872e-02
1.677254999999999996e-01 -7.984307499999999669e-01 -5.646900000000000530e-02
1.629522500000000207e-01 -7.982354999999998757e-01 -5.021224999999999994e-02
1.653350000000000097e-01 -7.961477500000000429e-01 -3.868774999999999298e-02
1.701672500000000199e-01 -7.966082500000000177e-01 -4.642825000000000424e-02
1.769915000000000238e-01 -7.964984999999999982e-01 -5.255975000000000230e-02
1.782547500000000174e-01 -7.957092500000000346e-01 -4.883899999999999353e-02
1.787150000000000127e-01 -7.948722500000000579e-01 -4.401399999999999757e-02
1.825417500000000026e-01 -7.958827499999999722e-01 -5.893774999999999709e-02
1.878452500000000192e-01 -7.939672500000000133e-01 -6.129600000000000326e-02
1.822729999999999906e-01 -7.942897499999999056e-01 -4.692949999999999899e-02
1.871162500000000117e-01 -7.932112499999999233e-01 -5.411275000000000113e-02
1.931880000000000264e-01 -7.913719999999999644e-01 -6.060000000000000109e-02
1.945785000000000153e-01 -7.907039999999999624e-01 -6.081050000000000344e-02
2.001200000000000201e-01 -7.892927499999999874e-01 -6.945249999999998647e-02
2.047022500000000300e-01 -7.863004999999999578e-01 -7.361449999999999938e-02
2.113352499999999745e-01 -7.816024999999999778e-01 -7.672599999999998865e-02
2.358200000000000018e-01 -7.611592500000000650e-01 -8.433974999999999111e-02
2.406052500000000482e-01 -7.570330000000000670e-01 -8.696424999999999295e-02
2.476992500000000097e-01 -7.500914999999999111e-01 -8.757149999999999657e-02
2.533887500000000514e-01 -7.443049999999999944e-01 -8.718424999999999092e-02
2.574265000000000025e-01 -7.406719999999999970e-01 -9.082149999999998558e-02
2.628369999999999873e-01 -7.340815000000000534e-01 -9.362824999999999620e-02
2.732924999999999938e-01 -7.209765000000000201e-01 -9.680174999999999197e-02
2.845512500000000333e-01 -7.065299999999999914e-01 -9.818124999999999769e-02
4.450262500000000121e-01 -4.582017500000000187e-01 -9.839974999999999417e-02
4.702994999999999814e-01 -4.072247500000000242e-01 -9.477599999999999913e-02
4.760459999999999692e-01 -3.938394999999999535e-01 -8.922324999999999007e-02
4.977070000000000105e-01 -3.510824999999999640e-01 -9.115224999999999023e-02
5.065479999999999983e-01 -3.278240000000000043e-01 -8.449724999999999597e-02
5.178234999999999921e-01 -2.969112499999999599e-01 -7.166675000000000129e-02
5.519915000000000793e-01 -1.827519999999999978e-01 -1.668425000000000116e-02
5.515987500000000265e-01 -1.817907500000000010e-01 -1.324250000000000080e-02
5.522437500000000332e-01 -1.809955000000000036e-01 -1.652349999999999999e-02
5.524350000000000094e-01 -1.779130000000000156e-01 -1.489299999999999999e-02
5.526244999999999630e-01 -1.728812500000000141e-01 -1.129950000000000052e-02
5.524542500000000356e-01 -1.702075000000000116e-01 -1.282375000000000181e-02
5.520927500000000210e-01 -1.635622500000000201e-01 -8.924500000000000141e-03
5.522295000000000398e-01 -1.609885000000000066e-01 -5.312250000000000999e-03
5.515477500000000033e-01 -1.576039999999999941e-01 -6.870750000000001856e-03
5.503112499999999185e-01 -1.534097500000000114e-01 -1.048299999999999926e-02
5.493489999999999762e-01 -1.458335000000000048e-01 -8.980999999999999400e-03
5.503589999999999316e-01 -1.484805000000000152e-01 -5.251250000000000709e-03
5.450192499999999551e-01 -1.345719999999999972e-01 -1.120874999999999996e-02
5.394014999999999782e-01 -1.240167500000000089e-01 -2.166349999999999873e-02
5.337012500000000159e-01 -1.129615000000000202e-01 -3.107174999999999868e-02
5.316874999999999796e-01 -1.058870000000000089e-01 -2.337875000000000023e-02
5.150557500000000344e-01 -7.219725000000000448e-02 -2.614050000000000054e-02
5.155049999999999910e-01 -7.689000000000001389e-02 -3.618224999999999913e-02
4.744959999999999734e-01 2.875500000000002186e-03 -3.807549999999999824e-02
1.203362499999999918e-01 5.518365000000000631e-01 -9.301824999999998289e-02
1.610052500000000164e-01 5.006120000000000569e-01 -8.219200000000000117e-02
2.360999999999999904e-02 6.539017499999999483e-01 -1.150347500000000051e-01
2.867350000000000107e-02 6.493567500000000381e-01 -1.129710000000000020e-01
5.838300000000000434e-02 6.201399999999999135e-01 -1.110097500000000043e-01
-3.012375000000000122e-02 7.019382499999999858e-01 -1.228579999999999811e-01
-2.993475000000000302e-02 7.018109999999999626e-01 -1.227177500000000004e-01
-2.627475000000000296e-02 6.990027500000000060e-01 -1.227149999999999769e-01
-3.565624999999999351e-02 7.037760000000000682e-01 -1.282067500000000082e-01
-3.386099999999999527e-02 7.033210000000000850e-01 -1.258287500000000170e-01
-3.135049999999999643e-02 7.024884999999999602e-01 -1.235190000000000038e-01
-3.015300000000000272e-02 7.015197499999999975e-01 -1.253734999999999988e-01
-3.819550000000000028e-02 7.057842500000000019e-01 -1.223889999999999839e-01
-1.067362500000000186e-01 7.296967500000000051e-01 -8.738574999999999815e-02
-1.077767500000000184e-01 7.305004999999999971e-01 -8.335175000000000223e-02
-1.050100000000000061e-01 7.301090000000000080e-01 -8.305674999999999863e-02
-1.167720000000000008e-01 7.325850000000000417e-01 -7.734074999999999978e-02
-1.218624999999999986e-01 7.339842500000000047e-01 -7.180224999999999802e-02
-1.430102499999999777e-01 7.353077500000000377e-01 -5.464175000000000282e-02
-1.601044999999999829e-01 7.351395000000000568e-01 -3.882574999999999221e-02
-1.768502499999999866e-01 7.351817499999999672e-01 -2.175925000000000081e-02
-1.407157499999999728e-01 7.344282500000001157e-01 -6.292249999999999233e-02
-1.520762499999999684e-01 7.344225000000000891e-01 -5.159849999999999159e-02
-1.613175000000000026e-01 7.347992500000000149e-01 -3.997774999999999246e-02
-2.414012499999999839e-01 7.225209999999999688e-01 3.949624999999999664e-02
-2.444985000000000075e-01 7.218052500000000649e-01 4.425524999999999598e-02
-2.619659999999999767e-01 7.163667500000000521e-01 6.091475000000000362e-02
-2.537062499999999665e-01 7.186905000000001209e-01 5.116724999999999746e-02
-3.247599999999999931e-01 6.868319999999999981e-01 1.300882499999999886e-01
-3.195077499999999793e-01 6.903669999999999529e-01 1.261559999999999904e-01
-3.460464999999999791e-01 6.714177500000000354e-01 1.499887500000000040e-01
-3.426040000000000196e-01 6.738505000000000189e-01 1.459689999999999876e-01
-3.965542499999999970e-01 6.181260000000000643e-01 1.762279999999999958e-01
-3.918724999999999570e-01 6.238160000000000371e-01 1.737199999999999855e-01
-5.180807499999999788e-01 4.122677500000000439e-01 1.824007499999999726e-01
-5.005762499999999449e-01 4.468024999999999913e-01 1.828749999999999820e-01
-4.807729999999999504e-01 4.852420000000000067e-01 1.817512499999999753e-01
-5.305725000000000025e-01 3.811322500000000613e-01 1.780555000000000054e-01
-5.299924999999999775e-01 3.829465000000000230e-01 1.794944999999999735e-01
-5.261945000000000094e-01 3.921884999999999954e-01 1.797477499999999839e-01
-5.227172500000000221e-01 4.003967499999999680e-01 1.790982499999999866e-01
-5.261797499999999461e-01 3.910500000000000087e-01 1.756657499999999816e-01
-5.335562499999999542e-01 3.611920000000000130e-01 1.745797500000000058e-01
-5.333099999999999508e-01 3.645065000000000666e-01 1.763404999999999834e-01
-5.322065000000000268e-01 3.716302500000000508e-01 1.764982499999999954e-01
-5.310955000000000537e-01 3.772552500000000419e-01 1.751089999999999869e-01
-5.356170000000000098e-01 3.478577500000000211e-01 1.756524999999999892e-01
-5.351964999999999639e-01 3.494492499999999890e-01 1.740494999999999959e-01
-5.118369999999999864e-01 1.599037499999999834e-01 4.593325000000000879e-02
-5.092689999999999717e-01 1.511312499999999948e-01 3.637925000000000186e-02
-5.075129999999999919e-01 1.432560000000000222e-01 3.316774999999999585e-02
-5.071317499999999923e-01 1.394702499999999901e-01 3.454650000000000082e-02
-4.651499999999999524e-01 3.061675000000000507e-02 -2.640800000000000092e-02
-4.569122500000000198e-01 1.107925000000000056e-02 -2.762600000000000125e-02
-4.651365000000000083e-01 2.691650000000000292e-02 -1.366099999999999953e-02
-4.317162500000000236e-01 -4.164324999999999971e-02 -3.420824999999999561e-02
-4.312327499999999425e-01 -3.860924999999999774e-02 -4.470174999999999843e-02
-3.879687499999999734e-01 -1.223390000000000033e-01 -4.781249999999999389e-02
-4.292874999999999469e-02 -6.546844999999998915e-01 -8.907075000000000409e-02
-4.463924999999999838e-02 -6.529475000000000140e-01 -8.607225000000000292e-02
-5.248349999999999543e-02 -6.433977499999998795e-01 -8.197050000000000169e-02
-8.045900000000001662e-02 -6.073577499999999185e-01 -7.942100000000000548e-02
6.600049999999998973e-02 -7.646227500000000177e-01 -8.717174999999999230e-02
6.500224999999999753e-02 -7.639405000000000223e-01 -8.591324999999999656e-02
3.003000000000000461e-02 -7.290427499999999617e-01 -8.561675000000000535e-02
-4.877250000000000509e-03 -6.937722499999999792e-01 -8.706300000000000150e-02
7.012474999999999958e-02 -7.679985000000000284e-01 -8.602200000000000124e-02
7.485099999999998699e-02 -7.716202500000000075e-01 -8.605999999999998373e-02
9.684999999999999165e-02 -7.854692499999998967e-01 -8.645150000000000057e-02
1.002079999999999915e-01 -7.873920000000000918e-01 -8.535600000000000132e-02
9.666924999999999824e-02 -7.858007499999999368e-01 -8.426050000000000206e-02
1.116877499999999884e-01 -7.924937499999999968e-01 -8.665275000000000061e-02
1.140802500000000080e-01 -7.936712500000000503e-01 -8.508924999999999128e-02
1.144669999999999854e-01 -7.939347499999999114e-01 -8.422299999999999232e-02
1.119494999999999935e-01 -7.929649999999999199e-01 -8.361074999999999757e-02
1.072252499999999942e-01 -7.909312500000000856e-01 -8.425499999999999656e-02
1.214542499999999997e-01 -7.966940000000000133e-01 -7.961124999999999452e-02
1.282257499999999995e-01 -7.976694999999999203e-01 -8.022349999999998926e-02
1.315422499999999995e-01 -7.987567500000000154e-01 -7.667474999999999985e-02
1.352990000000000026e-01 -7.987960000000000615e-01 -8.016850000000000365e-02
1.365442500000000059e-01 -7.991132499999999972e-01 -7.900374999999999759e-02
1.376885000000000192e-01 -7.998492499999999561e-01 -7.455874999999999309e-02
1.349630000000000274e-01 -7.999209999999999932e-01 -7.128800000000000414e-02
1.313480000000000203e-01 -7.994342500000000129e-01 -7.137000000000000288e-02
1.568795000000000051e-01 -7.987492499999999662e-01 -7.330949999999999966e-02
1.559832500000000177e-01 -7.996732500000000021e-01 -6.718849999999999822e-02
1.457242499999999996e-01 -8.005972499999999270e-01 -7.043024999999999980e-02
1.684967500000000007e-01 -7.980607499999998744e-01 -6.667174999999998797e-02
1.685515000000000208e-01 -7.970827499999999510e-01 -7.279275000000000329e-02
1.797755000000000325e-01 -7.954109999999999792e-01 -7.212399999999999367e-02
1.843305000000000082e-01 -7.953052499999999636e-01 -6.823599999999999111e-02
1.812785000000000091e-01 -7.966720000000000468e-01 -6.265849999999999198e-02
1.903267499999999890e-01 -7.932799999999999851e-01 -7.059424999999999728e-02
1.928047499999999970e-01 -7.917224999999998847e-01 -7.505124999999999991e-02
1.971240000000000214e-01 -7.901432500000000747e-01 -7.329075000000000173e-02
1.987295000000000034e-01 -7.899607500000001004e-01 -6.924199999999999799e-02
1.972385000000000110e-01 -7.894437499999999996e-01 -7.818474999999999731e-02
2.035109999999999975e-01 -7.861632499999999801e-01 -7.862175000000000413e-02
2.093174999999999897e-01 -7.832672500000000815e-01 -7.829799999999999260e-02
2.159504999999999897e-01 -7.785692499999999905e-01 -8.140949999999999576e-02
2.168744999999999978e-01 -7.777274999999999050e-01 -8.246399999999999564e-02
2.239764999999999950e-01 -7.720127499999999143e-01 -8.456974999999999909e-02
2.269697500000000256e-01 -7.697967500000000296e-01 -8.392750000000000210e-02
2.410147499999999998e-01 -7.571337499999999388e-01 -9.139599999999999114e-02
2.477957500000000091e-01 -7.501452499999999857e-01 -9.222149999999999792e-02
2.517369999999999886e-01 -7.464585000000000248e-01 -9.120875000000000510e-02
3.024842500000000101e-01 -6.836252499999999621e-01 -1.044870000000000104e-01
3.118600000000000261e-01 -6.712659999999999183e-01 -1.053424999999999917e-01
4.386484999999999967e-01 -4.712442500000000312e-01 -1.081202499999999872e-01
4.583297499999999802e-01 -4.333217500000000055e-01 -1.062644999999999978e-01
4.380332500000000406e-01 -4.738602500000000384e-01 -1.044087500000000085e-01
4.919605000000000228e-01 -3.644677499999999792e-01 -9.670499999999999929e-02
4.869837500000000485e-01 -3.749062499999999964e-01 -1.021844999999999976e-01
4.890822500000000517e-01 -3.688924999999999566e-01 -1.054784999999999889e-01
5.446947500000000053e-01 -2.139565000000000217e-01 -4.375325000000000741e-02
5.456737499999999574e-01 -2.129367499999999802e-01 -3.859150000000000080e-02
5.493107499999999588e-01 -1.971597499999999947e-01 -2.952225000000000335e-02
5.507772499999999960e-01 -1.916695000000000204e-01 -2.387275000000000161e-02
5.505250000000000421e-01 -1.934260000000000146e-01 -2.403350000000000278e-02
5.508562499999999362e-01 -1.613307499999999950e-01 -1.449975000000000222e-02
5.510282499999999972e-01 -1.674327499999999913e-01 -1.641725000000000129e-02
5.493704999999999838e-01 -1.760055000000000092e-01 -2.369724999999999956e-02
5.469232499999999719e-01 -1.842709999999999904e-01 -3.276650000000000396e-02
5.359097499999999625e-01 -1.870327499999999976e-01 -6.041175000000000017e-02
5.316049999999999942e-01 -1.545337499999999975e-01 -5.837774999999999215e-02
5.259047499999999209e-01 -1.434785000000000088e-01 -6.778599999999999903e-02
5.179592499999999822e-01 -1.766902500000000209e-01 -9.912200000000000177e-02
5.157365000000000421e-01 -1.774030000000000051e-01 -1.042137499999999939e-01
5.085865000000000524e-01 -1.685702500000000048e-01 -1.158274999999999860e-01
5.010697499999999804e-01 -1.589205000000000201e-01 -1.278807500000000152e-01
4.944204999999999850e-01 -1.265547500000000214e-01 -1.283355000000000190e-01
5.083252499999999507e-01 -1.006110000000000060e-01 -8.727974999999998929e-02
4.673162500000000441e-01 -2.084549999999999945e-02 -8.917299999999998839e-02
4.369817500000000576e-01 -3.818750000000000096e-03 -1.405012499999999942e-01
4.045659999999999812e-01 3.796725000000000100e-02 -1.668657500000000071e-01
3.770752499999999729e-01 7.669574999999999310e-02 -1.852505000000000124e-01
3.709834999999999661e-01 8.664850000000000330e-02 -1.876687499999999953e-01
3.652262499999999745e-01 1.502577499999999955e-01 -1.245039999999999897e-01
3.442087500000000078e-01 1.321259999999999935e-01 -1.949800000000000144e-01
2.314847500000000169e-01 3.002785000000000037e-01 -1.956174999999999997e-01
1.174262500000000098e-01 4.748372500000000440e-01 -1.911529999999999896e-01
1.142500000000000043e-01 4.905499999999999861e-01 -1.784717500000000123e-01
1.393947500000000117e-01 4.906592499999999912e-01 -1.348002500000000103e-01
1.667975000000000152e-01 4.820715000000000416e-01 -9.728174999999998629e-02
1.721847500000000253e-01 4.768850000000000033e-01 -9.395349999999998147e-02
2.165895000000000181e-01 4.214427500000000881e-01 -8.120874999999998234e-02
2.633814999999999906e-01 3.621842499999999854e-01 -6.874524999999999386e-02
-1.477499999999999994e-02 6.570389999999999286e-01 -1.833892500000000036e-01
-1.910099999999999992e-02 6.736592500000000427e-01 -1.595657500000000062e-01
-1.871524999999999925e-02 6.736547499999999689e-01 -1.588270000000000237e-01
-1.502600000000000116e-02 6.712650000000000006e-01 -1.563087500000000241e-01
-6.546249999999999986e-03 6.647750000000000048e-01 -1.524530000000000052e-01
2.591674999999999882e-02 6.332727500000000509e-01 -1.505920000000000036e-01
-4.463049999999999656e-02 6.765695000000000459e-01 -1.873487500000000083e-01
-4.818574999999999248e-02 6.883215000000000305e-01 -1.711102499999999915e-01
-4.024474999999999580e-02 6.897290000000000365e-01 -1.594839999999999869e-01
-2.906200000000000103e-02 6.726407500000000095e-01 -1.761372499999999952e-01
-4.433874999999999622e-02 7.027482499999999632e-01 -1.411634999999999973e-01
-4.013024999999999926e-02 7.036297500000000538e-01 -1.339932500000000082e-01
-3.304599999999999899e-02 7.023420000000000218e-01 -1.284902500000000003e-01
-5.869400000000000311e-02 6.994759999999999867e-01 -1.595525000000000138e-01
-5.898324999999999402e-02 7.026107500000000616e-01 -1.529260000000000064e-01
-5.427275000000000155e-02 7.026452499999999990e-01 -1.508345000000000102e-01
-5.227974999999999983e-02 7.013407499999999573e-01 -1.527897500000000297e-01
-7.350250000000001227e-02 7.116244999999999932e-01 -1.376047499999999979e-01
-6.812950000000000950e-02 7.084217500000000722e-01 -1.432820000000000205e-01
-1.157315000000000010e-01 7.317812500000000497e-01 -8.137474999999999570e-02
-1.122357499999999952e-01 7.301975000000000549e-01 -8.653475000000000750e-02
-1.183627500000000027e-01 7.307145000000000445e-01 -8.294400000000000384e-02
-1.297824999999999951e-01 7.334072499999999550e-01 -7.207674999999999499e-02
-1.327964999999999840e-01 7.349692500000000184e-01 -6.715299999999999048e-02
-1.303344999999999920e-01 7.353037500000000337e-01 -6.728649999999998521e-02
-1.027192499999999981e-01 7.237032500000000201e-01 -1.051227500000000009e-01
-9.592800000000001326e-02 7.195929999999999271e-01 -1.168832499999999941e-01
-9.605200000000001237e-02 7.194382500000000569e-01 -1.171635000000000038e-01
-1.780632500000000062e-01 7.348415000000000363e-01 -2.291125000000000106e-02
-1.878285000000000093e-01 7.336405000000000287e-01 -1.396599999999999925e-02
-2.009414999999999951e-01 7.326110000000000122e-01 -5.717500000000002094e-04
-1.987669999999999715e-01 7.331090000000000106e-01 -2.017249999999999946e-03
-1.608352499999999852e-01 7.324969999999999537e-01 -4.753675000000000261e-02
-1.798417499999999669e-01 7.316727499999999829e-01 -2.697075000000000167e-02
-2.892177499999999957e-01 7.045540000000000136e-01 8.984974999999999212e-02
-2.769189999999999707e-01 7.097805000000000364e-01 7.614550000000000485e-02
-2.661997499999999572e-01 7.131100000000000216e-01 6.182574999999999876e-02
-4.458832499999999532e-01 5.150529999999999831e-01 1.408564999999999956e-01
-4.306530000000000080e-01 5.372200000000000308e-01 1.401314999999999922e-01
-4.177182499999999576e-01 5.537845000000000129e-01 1.368984999999999785e-01
-4.023867500000000152e-01 5.721570000000000267e-01 1.316072499999999812e-01
-3.959327500000000000e-01 5.792815000000000047e-01 1.286747499999999766e-01
-3.859095000000000164e-01 5.872782500000000017e-01 1.205697500000000033e-01
-3.680654999999999899e-01 6.002597499999999808e-01 1.046890000000000043e-01
-3.590144999999999587e-01 6.059790000000000454e-01 9.563275000000000248e-02
-3.469124999999999570e-01 6.094617500000000243e-01 7.870449999999999668e-02
-5.063797500000000174e-01 3.973867500000000108e-01 1.357414999999999872e-01
-4.824132499999999601e-01 4.467285000000000283e-01 1.385244999999999949e-01
-4.608127499999999932e-01 4.889020000000000032e-01 1.382589999999999930e-01
-4.628627499999999895e-01 4.523820000000000063e-01 9.901899999999999591e-02
-4.920977499999999449e-01 2.907692500000000346e-01 5.314875000000000849e-02
-5.047854999999999981e-01 3.677227499999999871e-01 1.134342500000000004e-01
-5.039270000000000138e-01 3.714950000000000196e-01 1.132014999999999966e-01
-4.841269999999999740e-01 3.778317500000000217e-01 7.327725000000000211e-02
-5.356082500000000080e-01 2.993824999999999958e-01 1.549097499999999850e-01
-5.359687499999999938e-01 3.127870000000000372e-01 1.609057499999999863e-01
-5.353004999999999569e-01 3.259567500000000173e-01 1.643280000000000018e-01
-5.336602499999999472e-01 3.376995000000000413e-01 1.648582500000000117e-01
-5.196152499999999730e-01 2.696855000000000224e-01 1.049442500000000028e-01
-5.066237500000000393e-01 1.948007499999999947e-01 4.494599999999999984e-02
-5.116359999999999797e-01 1.940660000000000163e-01 5.676549999999999652e-02
-5.174862500000000365e-01 1.966597499999999943e-01 7.188075000000000714e-02
-5.200542499999999402e-01 2.054322499999999829e-01 8.143475000000000019e-02
-4.688472499999999377e-01 6.164649999999999991e-02 -3.173774999999999513e-02
-4.809257499999999297e-01 9.269399999999999862e-02 -1.444950000000000054e-02
-4.906389999999999363e-01 1.228364999999999874e-01 -2.525499999999999967e-03
-4.865447499999999703e-01 1.281180000000000097e-01 -1.442925000000000110e-02
-4.532269999999999355e-01 7.926749999999998034e-03 -4.348375000000000157e-02
-4.569242499999999763e-01 3.895649999999999807e-02 -4.881349999999999578e-02
-4.247752499999999376e-01 2.020149999999999724e-02 -1.100109999999999977e-01
-3.947697499999999748e-01 -2.029800000000000007e-02 -1.572780000000000011e-01
-2.964887499999999676e-01 -2.438082500000000319e-01 -1.236165000000000042e-01
-3.511067500000000230e-01 -1.396562500000000095e-01 -1.199437500000000018e-01
-3.680624999999999591e-01 -6.539625000000000299e-02 -1.694297500000000178e-01
-3.252302499999999985e-01 -9.297075000000000478e-02 -2.376397500000000107e-01
-3.059007499999999991e-01 -1.149092500000000044e-01 -2.569572499999999704e-01
-2.731500000000000247e-02 -6.235545000000000115e-01 -1.576935000000000142e-01
-7.121275000000000521e-02 -5.847789999999999377e-01 -1.265407500000000074e-01
-1.030712500000000170e-01 -5.443609999999999838e-01 -1.181380000000000069e-01
-1.526032499999999958e-01 -4.709627500000000411e-01 -1.172910000000000064e-01
-2.021149999999999891e-01 -3.467700000000000227e-01 -1.752560000000000229e-01
-1.361047499999999966e-01 -3.954685000000000006e-01 -2.332210000000000394e-01
-5.546650000000000191e-02 -5.218479999999999785e-01 -2.266305000000000403e-01
4.719074999999999659e-02 -7.273287499999999683e-01 -1.236759999999999943e-01
1.323874999999999705e-02 -6.983112500000000500e-01 -1.141140000000000071e-01
-2.481275000000000147e-02 -6.592234999999999623e-01 -1.161217500000000097e-01
-1.060099999999999931e-02 -6.602219999999999756e-01 -1.417265000000000330e-01
7.072674999999999101e-02 -7.682444999999999968e-01 -8.720974999999998867e-02
6.877324999999999411e-02 -7.613092500000000484e-01 -9.695949999999999014e-02
7.787624999999999409e-02 -7.618700000000000472e-01 -1.065214999999999912e-01
8.946999999999999398e-02 -7.698467500000000241e-01 -1.061232499999999884e-01
9.394175000000000442e-02 -7.759500000000000286e-01 -1.007284999999999986e-01
9.778449999999999642e-02 -7.815354999999999386e-01 -9.550224999999998299e-02
9.355524999999999258e-02 -7.813889999999998892e-01 -9.086199999999998445e-02
8.768674999999999387e-02 -7.803834999999998967e-01 -8.581274999999999320e-02
1.091479999999999950e-01 -7.898827499999999668e-01 -9.118724999999999747e-02
1.035519999999999913e-01 -7.872154999999999569e-01 -9.075124999999999165e-02
1.036634999999999918e-01 -7.854112499999998942e-01 -9.516174999999998940e-02
1.282650000000000179e-01 -7.930754999999998223e-01 -9.346724999999998784e-02
1.206417499999999920e-01 -7.930234999999998813e-01 -9.031374999999999820e-02
1.181019999999999986e-01 -7.904124999999999623e-01 -9.484824999999999506e-02
1.389487500000000098e-01 -7.975854999999999473e-01 -8.667799999999999117e-02
1.319825000000000026e-01 -7.964862500000000622e-01 -8.666849999999999554e-02
1.248242499999999838e-01 -7.952472499999998501e-01 -8.692249999999999976e-02
1.300550000000000317e-01 -7.941217499999999596e-01 -9.163949999999999874e-02
1.626287500000000164e-01 -7.954854999999998455e-01 -8.277125000000000454e-02
1.523150000000000059e-01 -7.969567500000001026e-01 -8.316274999999999362e-02
1.470327499999999898e-01 -7.971447499999999575e-01 -8.472849999999999826e-02
1.458885000000000320e-01 -7.956169999999999076e-01 -8.885400000000000242e-02
1.738527500000000003e-01 -7.938137499999998736e-01 -8.210250000000000881e-02
1.724860000000000282e-01 -7.923525000000000151e-01 -8.583475000000000132e-02
1.846877500000000116e-01 -7.906194999999999196e-01 -8.434024999999999161e-02
1.934687499999999949e-01 -7.901387499999998898e-01 -8.161400000000000599e-02
1.929192500000000143e-01 -7.910230000000000317e-01 -7.994524999999999548e-02
2.017260000000000164e-01 -7.858887499999999138e-01 -8.328874999999999473e-02
2.036462500000000009e-01 -7.839985000000000426e-01 -8.544899999999999718e-02
2.085625000000000395e-01 -7.809962499999999475e-01 -8.662749999999999617e-02
2.133727499999999999e-01 -7.791487500000000566e-01 -8.519799999999999596e-02
2.204747499999999971e-01 -7.734340000000000659e-01 -8.730374999999999941e-02
2.208567499999999906e-01 -7.719260000000000010e-01 -8.947324999999999029e-02
2.304655000000000453e-01 -7.652227499999999516e-01 -8.996324999999999461e-02
2.378620000000000179e-01 -7.603885000000001337e-01 -8.977599999999999469e-02
2.511570000000000191e-01 -7.456042499999999684e-01 -9.502824999999999467e-02
2.605087500000000111e-01 -7.353270000000000639e-01 -9.682224999999999859e-02
3.133207500000000367e-01 -6.689662499999999845e-01 -1.071850000000000025e-01
3.174097500000000460e-01 -6.605037499999999451e-01 -1.098959999999999937e-01
3.541547500000000182e-01 -6.032634999999999525e-01 -1.124967499999999926e-01
3.867272499999999669e-01 -5.564065000000000261e-01 -1.103084999999999899e-01
3.851022499999999793e-01 -5.619387499999999314e-01 -1.067207499999999892e-01
4.618840000000000723e-01 -4.239199999999999635e-01 -1.109579999999999872e-01
4.419945000000000679e-01 -4.611432500000000045e-01 -1.131462499999999899e-01
4.479795000000000860e-01 -4.422599999999999865e-01 -1.217639999999999972e-01
4.574630000000000640e-01 -4.175240000000000062e-01 -1.291582500000000022e-01
4.659022500000000178e-01 -4.007372499999999893e-01 -1.294287500000000091e-01
4.764030000000000209e-01 -3.841329999999999467e-01 -1.245929999999999954e-01
5.104899999999999993e-01 -2.805054999999999632e-01 -1.004255000000000009e-01
4.983932500000000099e-01 -3.096337499999999299e-01 -1.139982499999999954e-01
4.913485000000000213e-01 -3.211767499999999553e-01 -1.242245000000000016e-01
4.924755000000000105e-01 -2.989427499999999793e-01 -1.313212500000000282e-01
5.016847500000000126e-01 -2.438010000000000177e-01 -1.351095000000000212e-01
5.336812499999999959e-01 -2.167182500000000012e-01 -7.139849999999998975e-02
5.305349999999999788e-01 -2.301169999999999882e-01 -7.387074999999999891e-02
5.239812499999999540e-01 -2.488800000000000179e-01 -8.251849999999999463e-02
5.148772499999999530e-01 -2.361939999999999873e-01 -1.093482499999999941e-01
4.779740000000000100e-01 -1.493092500000000045e-01 -1.726242500000000069e-01
4.597175000000000011e-01 -1.128492500000000121e-01 -1.869652499999999995e-01
4.446217500000000378e-01 -7.141650000000000775e-02 -1.958979999999999888e-01
4.169852499999999740e-01 -4.270175000000000359e-02 -2.208077500000000248e-01
3.979877500000000290e-01 -1.119100000000000129e-02 -2.328312500000000174e-01
3.932084999999999608e-01 1.880249999999998893e-03 -2.342860000000000220e-01
2.792187500000000155e-01 1.492022500000000085e-01 -2.790629999999999500e-01
2.122297500000000225e-01 2.276709999999999845e-01 -2.964974999999999694e-01
1.813319999999999932e-01 2.706662499999999971e-01 -2.990952499999999792e-01
1.473060000000000203e-01 3.269007500000000732e-01 -2.948452500000000032e-01
1.249167499999999792e-01 3.665242500000000514e-01 -2.899517500000000081e-01
1.236554999999999876e-01 3.884440000000000115e-01 -2.739219999999999988e-01
3.545250000000000658e-03 5.455090000000000217e-01 -2.882987499999999925e-01
-8.478499999999999925e-03 5.623749999999999583e-01 -2.844237499999999752e-01
-1.104675000000000101e-02 5.700730000000000519e-01 -2.803187500000000054e-01
-1.165000000000000063e-02 5.802180000000000115e-01 -2.726834999999999676e-01
-3.029999999999999707e-03 5.900137500000000035e-01 -2.579472500000000168e-01
-1.630175000000000027e-02 5.999497499999999484e-01 -2.602625000000000077e-01
-1.863124999999999851e-02 6.047795000000000254e-01 -2.563427500000000081e-01
-2.117300000000000085e-02 6.121689999999999632e-01 -2.495270000000000266e-01
-2.367975000000000288e-02 6.296089999999999742e-01 -2.306470000000000187e-01
-1.801325000000000148e-02 6.387092500000000062e-01 -2.152142499999999958e-01
-3.726250000000000395e-03 6.231074999999999253e-01 -2.224662500000000043e-01
-4.057074999999999571e-02 6.521365000000001189e-01 -2.157677500000000359e-01
-3.798874999999999474e-02 6.523262499999999964e-01 -2.147635000000000238e-01
-5.330874999999999503e-02 6.863410000000000899e-01 -1.769517500000000187e-01
-5.273049999999999959e-02 6.868469999999999853e-01 -1.761422500000000280e-01
-4.747149999999999981e-02 6.769252500000000339e-01 -1.877095000000000014e-01
-4.506149999999999739e-02 6.664812500000000250e-01 -2.006957500000000061e-01
-8.193525000000000114e-02 7.133160000000000611e-01 -1.357912500000000022e-01
-7.643825000000001313e-02 7.102680000000000105e-01 -1.411882500000000151e-01
-6.787025000000000696e-02 7.045720000000000871e-01 -1.508322500000000288e-01
-6.463599999999999901e-02 7.013355000000000006e-01 -1.558887500000000204e-01
-6.922150000000000525e-02 7.020012500000000211e-01 -1.538325000000000109e-01
-5.789424999999999433e-02 6.870067500000001104e-01 -1.748955000000000093e-01
-1.514244999999999897e-01 7.249847499999999556e-01 -6.630374999999999464e-02
-1.437157499999999755e-01 7.267440000000000566e-01 -7.036549999999999749e-02
-1.342605000000000048e-01 7.255587500000000301e-01 -7.935100000000000486e-02
-1.162127499999999897e-01 7.187232500000000357e-01 -1.019787499999999930e-01
-1.020960000000000062e-01 7.126010000000000399e-01 -1.206065000000000054e-01
-3.362149999999999861e-02 5.908849999999999936e-01 -2.730679999999999774e-01
-6.985500000000000043e-02 5.533567500000000638e-01 -2.741039999999999588e-01
-1.054185000000000122e-01 5.984607500000000968e-01 -2.095539999999999903e-01
-8.528775000000000939e-02 6.791282500000000999e-01 -1.611125000000000196e-01
-6.114449999999999746e-02 6.748130000000001072e-01 -1.838850000000000207e-01
-4.981725000000000042e-02 6.598185000000000855e-01 -2.049479999999999913e-01
-4.224349999999999633e-02 6.485937500000000799e-01 -2.199905000000000332e-01
-3.775274999999999465e-02 6.342490000000000627e-01 -2.350625000000000353e-01
-1.657739999999999769e-01 4.064029999999999587e-01 -3.055842499999999462e-01
-2.429204999999999837e-01 3.925617500000000426e-01 -2.242704999999999838e-01
-3.320067500000000171e-01 3.873570000000000069e-01 -1.217470000000000080e-01
-3.551894999999999913e-01 4.067445000000000643e-01 -7.846999999999999809e-02
-3.588559999999999528e-01 4.302802500000000308e-01 -5.524574999999999625e-02
-2.925417499999999893e-01 5.331044999999999812e-01 -5.238275000000000570e-02
-2.241277499999999867e-01 6.315262500000000667e-01 -5.555725000000000247e-02
-2.146434999999999871e-01 6.361542500000000322e-01 -6.321200000000000430e-02
-2.023384999999999767e-01 6.399847499999999911e-01 -7.488300000000000511e-02
-1.910499999999999976e-01 6.432275000000000631e-01 -8.580725000000000158e-02
-1.871957499999999941e-01 6.442170000000000396e-01 -8.963124999999999565e-02
-1.704309999999999992e-01 6.434930000000000927e-01 -1.102877499999999900e-01
-1.479832499999999829e-01 6.370097500000000412e-01 -1.423584999999999989e-01
-2.918499999999999983e-01 -1.844099999999999906e-02 -3.101929999999999965e-01
-2.951169999999999627e-01 -1.851349999999999871e-02 -3.064932499999999949e-01
-3.309752499999999431e-01 1.018657499999999910e-01 -2.288972499999999966e-01
-2.924100000000000033e-01 2.300974999999999826e-01 -2.336884999999999935e-01
-2.231499999999999595e-01 2.086957499999999854e-01 -3.191232499999999694e-01
-2.425954999999999639e-01 1.170344999999999858e-01 -3.249502499999999405e-01
-3.581570000000000031e-01 1.016762499999999958e-01 -1.940794999999999881e-01
-4.111042500000000044e-01 1.376715000000000022e-01 -1.157465000000000022e-01
-4.512374999999999581e-01 1.927554999999999963e-01 -4.916449999999999987e-02
-4.621797499999999448e-01 2.125789999999999902e-01 -2.976525000000000351e-02
-4.487297500000000383e-01 2.805219999999999936e-01 -2.968100000000000252e-02
-3.475042499999999590e-01 -2.254950000000000010e-02 -2.378300000000000136e-01
-3.214027499999999593e-01 -2.320724999999999871e-02 -2.716755000000000142e-01
-3.190802499999999542e-01 -2.445400000000000004e-02 -2.743792500000000190e-01
-3.257772499999999627e-01 -4.911925000000000319e-02 -2.592577500000000090e-01
-3.064477499999999632e-01 -7.105775000000000285e-02 -2.785752499999999965e-01
-2.980182499999999846e-01 -5.322724999999999679e-02 -2.936209999999999654e-01
-2.944915000000000171e-01 -6.952325000000000865e-02 -2.926642500000000147e-01
-2.913747500000000157e-01 -8.690825000000000633e-02 -2.909082499999999794e-01
-2.898334999999999662e-01 -9.710575000000001844e-02 -2.895512499999999823e-01
-1.521305000000000018e-01 -3.612044999999999839e-01 -2.445310000000000261e-01
-2.291054999999999897e-01 -2.370482499999999881e-01 -2.516967499999999691e-01
-2.245844999999999925e-01 -2.196902500000000036e-01 -2.710009999999999919e-01
-2.129627499999999785e-01 -2.216492499999999921e-01 -2.833512499999999990e-01
-2.100874999999999826e-01 -2.259082500000000049e-01 -2.833864999999999856e-01
-1.811609999999999887e-01 -2.745327499999999921e-01 -2.791190000000000060e-01
8.662500000000000061e-03 -6.441642499999999938e-01 -1.838430000000000064e-01
1.166649999999999979e-02 -6.570549999999999446e-01 -1.759315000000000184e-01
5.954250000000000341e-03 -6.527357499999999479e-01 -1.748170000000000279e-01
-1.075975000000000195e-02 -6.160682499999999839e-01 -1.907840000000000369e-01
-1.277224999999999888e-02 -6.006285000000000096e-01 -2.015285000000000271e-01
7.570599999999999552e-02 -7.493454999999999977e-01 -1.230764999999999915e-01
4.941350000000000603e-02 -7.183815000000000062e-01 -1.391192500000000276e-01
3.538550000000000029e-02 -6.946817499999999868e-01 -1.562765000000000126e-01
3.971950000000000480e-02 -6.974329999999999696e-01 -1.564497499999999985e-01
1.073304999999999815e-01 -7.778562500000000268e-01 -1.086364999999999831e-01
1.062052499999999872e-01 -7.731687499999999602e-01 -1.136329999999999979e-01
1.301857500000000167e-01 -7.888222499999999471e-01 -1.013269999999999865e-01
1.221767500000000006e-01 -7.873094999999999954e-01 -1.012219999999999925e-01
1.133342499999999836e-01 -7.849755000000000482e-01 -1.019714999999999927e-01
1.124077500000000007e-01 -7.840400000000000702e-01 -1.029507499999999937e-01
1.165217499999999934e-01 -7.826647500000000202e-01 -1.058094999999999869e-01
1.636782499999999974e-01 -7.909134999999999360e-01 -9.173075000000001367e-02
1.535870000000000291e-01 -7.923182500000000017e-01 -9.251550000000001439e-02
1.450127500000000236e-01 -7.920739999999999448e-01 -9.505650000000000210e-02
1.432227500000000098e-01 -7.910277500000000295e-01 -9.688424999999999121e-02
1.431682499999999969e-01 -7.909032499999999466e-01 -9.706074999999998731e-02
1.889740000000000308e-01 -7.874810000000000976e-01 -8.817524999999999669e-02
1.776320000000000121e-01 -7.878957500000000058e-01 -9.116475000000000273e-02
1.777535000000000087e-01 -7.865505000000000413e-01 -9.265974999999999906e-02
2.377845000000000097e-01 -7.550082500000000474e-01 -9.658474999999999699e-02
2.367952500000000127e-01 -7.576579999999999426e-01 -9.420274999999998788e-02
2.336182500000000273e-01 -7.619679999999999787e-01 -9.158325000000000493e-02
2.561697500000000294e-01 -7.380054999999999810e-01 -9.920424999999999383e-02
2.562510000000000066e-01 -7.356125000000000025e-01 -1.010537499999999977e-01
2.597955000000000125e-01 -7.287759999999999794e-01 -1.036877499999999952e-01
2.800612500000000393e-01 -7.067952499999999860e-01 -1.050602499999999939e-01
2.975130000000000274e-01 -6.894814999999999694e-01 -1.049500000000000016e-01
2.912255000000000260e-01 -6.980717499999999909e-01 -1.031074999999999908e-01
3.555150000000000254e-01 -5.973977499999999496e-01 -1.166679999999999939e-01
3.940725000000000477e-01 -5.316575000000000051e-01 -1.230974999999999847e-01
4.728085000000000204e-01 -3.536064999999999903e-01 -1.396000000000000019e-01
4.777390000000000247e-01 -3.104482499999999812e-01 -1.471570000000000100e-01
4.824605000000000143e-01 -3.187407499999999616e-01 -1.392467500000000025e-01
4.916697500000000165e-01 -2.635989999999999722e-01 -1.430349999999999955e-01
4.909827500000000233e-01 -2.223102500000000148e-01 -1.546335000000000071e-01
3.654864999999999919e-01 3.988150000000000028e-02 -2.529977499999999657e-01
3.588200000000000278e-01 5.360975000000000462e-02 -2.552904999999999758e-01
3.422804999999999875e-01 7.509199999999999209e-02 -2.611914999999999654e-01
3.395182500000000214e-01 8.004624999999998547e-02 -2.616274999999999573e-01
3.499659999999999993e-01 6.851675000000000126e-02 -2.581447499999999784e-01
-2.523000000000000069e-03 5.281910000000000771e-01 -3.060032500000000044e-01
-4.710750000000000527e-03 5.330709999999999615e-01 -3.043502499999999888e-01
4.806500000000000009e-03 5.235892500000000060e-01 -3.043285000000000018e-01
-1.799575000000000133e-02 5.475444999999999895e-01 -3.027189999999999603e-01
-2.050225000000000311e-02 5.549287499999999707e-01 -2.988222499999999560e-01
-2.556649999999999895e-02 5.839175000000000892e-01 -2.799167499999999920e-01
-2.492174999999999946e-02 5.901540000000000674e-01 -2.749987500000000140e-01
-2.900974999999999734e-02 5.881939999999999946e-01 -2.764149999999999663e-01
-3.069450000000000303e-02 5.992602500000000498e-01 -2.675772499999999887e-01
-2.341225000000000250e-02 5.550712500000000160e-01 -2.992694999999999661e-01
-2.758725000000000413e-02 5.526487500000000219e-01 -2.996949999999999892e-01
-3.135874999999999774e-02 5.625160000000000160e-01 -2.926769999999999650e-01
-3.068874999999999728e-02 5.759102499999999569e-01 -2.846230000000000149e-01
-2.776175000000000170e-02 5.771577500000000249e-01 -2.846014999999999517e-01
-2.431849999999999984e-02 5.728812500000000085e-01 -2.881032499999999774e-01
-8.683174999999999921e-02 4.691885000000000083e-01 -3.174222499999999614e-01
-1.226880000000000054e-01 4.358679999999999777e-01 -3.158652499999999863e-01
-1.159422500000000106e-01 4.649590000000000112e-01 -3.021447499999999620e-01
-7.109725000000000072e-02 5.296134999999999593e-01 -2.899812499999999682e-01
-1.829419999999999935e-01 3.420690000000000119e-01 -3.218687499999999813e-01
-1.754195000000000060e-01 3.474000000000000421e-01 -3.251317499999999971e-01
-1.741324999999999956e-01 3.318857500000000349e-01 -3.298677499999999596e-01
-1.786204999999999876e-01 3.036352500000000232e-01 -3.342969999999999553e-01
-1.864749999999999741e-01 2.797565000000000190e-01 -3.355472499999999636e-01
-2.153614999999999835e-01 1.750124999999999875e-01 -3.361684999999999257e-01
-1.974967499999999709e-01 2.326117499999999783e-01 -3.380337499999999662e-01
-1.986322499999999824e-01 2.029935000000000211e-01 -3.432519999999999460e-01
-2.928714999999999513e-01 -1.987724999999999909e-02 -3.091449999999999476e-01
-2.911389999999999811e-01 -2.671199999999999963e-02 -3.090692500000000176e-01
-2.782117499999999799e-01 -9.906475000000000697e-02 -3.019014999999999893e-01
-7.049624999999999642e-02 -4.891234999999999888e-01 -2.376065000000000260e-01
-8.164200000000000623e-02 -4.651077499999999310e-01 -2.455087500000000256e-01
1.730324999999999919e-02 -6.630862499999999882e-01 -1.745227500000000043e-01
9.752650000000000208e-02 -7.682459999999999845e-01 -1.163987499999999953e-01
8.992424999999999724e-02 -7.580255000000000187e-01 -1.226782500000000026e-01
1.601702500000000140e-01 -7.853502499999999165e-01 -9.786875000000000435e-02
1.481675000000000075e-01 -7.869734999999999925e-01 -9.909125000000000572e-02
1.351849999999999996e-01 -7.848924999999999930e-01 -1.033575000000000049e-01
2.378657499999999869e-01 -7.526152499999999579e-01 -9.843425000000000091e-02
2.258150000000000435e-01 -7.636284999999999323e-01 -9.473674999999999458e-02
2.206227500000000064e-01 -7.669839999999998881e-01 -9.399674999999999003e-02
2.068787500000000279e-01 -7.697272499999999740e-01 -9.580774999999999708e-02
1.892955000000000054e-01 -7.685269999999999602e-01 -1.010167500000000024e-01
3.187699999999999978e-01 -6.546380000000000532e-01 -1.140672499999999950e-01
2.972292500000000004e-01 -6.804142499999999982e-01 -1.114664999999999961e-01
2.839622499999999716e-01 -6.884949999999999681e-01 -1.146507499999999957e-01
4.623077500000000173e-01 -3.702107500000000329e-01 -1.444357500000000016e-01
4.606922500000000253e-01 -3.397894999999999666e-01 -1.531647499999999884e-01
4.683957499999999996e-01 -2.895992499999999747e-01 -1.611994999999999956e-01
4.798052500000000165e-01 -2.464737500000000192e-01 -1.625437500000000146e-01
4.778067500000000578e-01 -2.482314999999999938e-01 -1.637157500000000210e-01
4.801334999999999908e-01 -2.128805000000000003e-01 -1.691985000000000017e-01
4.846232500000000054e-01 -1.816750000000000032e-01 -1.721695000000000031e-01
1.378445000000000087e-01 3.085155000000000536e-01 -3.175137499999999835e-01
7.958249999999996577e-03 4.795055000000000289e-01 -3.155557499999999682e-01
1.569499999999999715e-02 4.863107500000000138e-01 -3.123152499999999887e-01
2.938349999999999643e-02 4.790857499999999769e-01 -3.108750000000000124e-01
-2.381575000000000011e-02 5.414767500000000622e-01 -3.062377499999999753e-01
-2.090575000000000419e-02 5.412987500000000507e-01 -3.058122500000000077e-01
-1.621150000000000022e-02 5.354160000000000030e-01 -3.074434999999999807e-01
-5.259975000000000067e-02 5.022647500000000376e-01 -3.176797499999999830e-01
-3.983949999999999297e-02 5.237315000000000165e-01 -3.109772499999999829e-01
-3.606799999999999590e-02 5.189055000000000195e-01 -3.136232499999999646e-01
-3.870699999999999835e-02 5.070777499999999938e-01 -3.180695000000000050e-01
-1.340189999999999992e-01 3.825545000000000195e-01 -3.304827499999999918e-01
-9.944975000000000342e-02 4.313892500000000574e-01 -3.273037500000000044e-01
-6.521775000000000488e-02 4.644654999999999756e-01 -3.275612499999999705e-01
-1.876104999999999856e-01 2.501382500000000064e-01 -3.407654999999999990e-01
-1.875202499999999994e-01 2.292510000000000103e-01 -3.443867500000000192e-01
-2.876122500000000137e-01 -4.300800000000000456e-02 -3.081124999999999559e-01
-2.882644999999999791e-01 -3.532600000000000323e-02 -3.091605000000000047e-01
-2.229450000000000043e-01 -1.793822499999999931e-01 -2.971467500000000150e-01
-3.743224999999999331e-02 -5.503875000000000295e-01 -2.182202500000000323e-01
-5.269424999999999804e-02 -5.232307499999999667e-01 -2.268505000000000382e-01
-6.772399999999999254e-02 -4.905062500000000325e-01 -2.378265000000000240e-01
2.592480000000000340e-01 -7.201104999999999867e-01 -1.100939999999999974e-01
2.229052499999999992e-01 -7.384774999999998979e-01 -1.087214999999999987e-01
1.807975000000000276e-01 -7.532197499999999657e-01 -1.098397499999999999e-01
1.710697500000000204e-01 -7.534402500000000336e-01 -1.114174999999999888e-01
1.645030000000000103e-01 -7.493350000000000843e-01 -1.142444999999999850e-01
1.489440000000000208e-01 -7.349042500000000366e-01 -1.228915000000000007e-01
1.236389999999999850e-01 -7.052757499999999791e-01 -1.395057500000000117e-01
1.012227500000000002e-01 -6.709289999999999976e-01 -1.575787500000000174e-01
9.258199999999999763e-02 -6.520070000000000032e-01 -1.668989999999999918e-01
4.484920000000000018e-01 -3.953689999999999705e-01 -1.453372500000000012e-01
4.067119999999999624e-01 -4.677104999999999735e-01 -1.385265000000000246e-01
3.508842500000000086e-01 -5.497704999999999398e-01 -1.326805000000000068e-01
2.435497500000000093e-01 -5.434725000000000250e-01 -1.580034999999999912e-01
1.519054999999999989e-01 -5.158707499999999335e-01 -1.845775000000000055e-01
1.272455000000000114e-01 -4.656297499999999534e-01 -2.012692500000000106e-01
2.557770000000000321e-01 -2.678105000000000069e-01 -2.167100000000000137e-01
4.707224999999999882e-01 -2.542482499999999535e-01 -1.666822500000000040e-01
4.404107500000000175e-01 -1.690745000000000164e-01 -1.938515000000000099e-01
4.155360000000000165e-01 -6.662624999999999797e-02 -2.217322500000000196e-01
4.320809999999999929e-01 -8.413450000000000095e-02 -2.118750000000000078e-01
5.574075000000001251e-02 3.244310000000000249e-01 -3.304182499999999689e-01
-9.283749999999996866e-03 3.614325000000000454e-01 -3.341075000000000017e-01
-4.742999999999996351e-03 4.160845000000000793e-01 -3.263145000000000073e-01
9.007500000000001616e-03 4.436182499999999918e-01 -3.208792500000000047e-01
5.567275000000000001e-02 4.160460000000000269e-01 -3.183654999999999680e-01
-1.772112499999999868e-01 2.785980000000000123e-01 -3.397834999999999606e-01
-1.430319999999999925e-01 3.222742500000000399e-01 -3.385332499999999523e-01
-1.120919999999999972e-01 3.162127500000000424e-01 -3.434047499999999808e-01
-2.518714999999999704e-01 -1.307577500000000059e-01 -3.014142499999999947e-01
-2.550242500000000079e-01 -1.236360000000000237e-01 -3.019367499999999760e-01
-2.571845000000000381e-01 -1.127770000000000161e-01 -3.030820000000000181e-01
-2.609535000000000049e-01 -8.771000000000001018e-02 -3.058859999999999357e-01
-2.476829999999999865e-01 -3.359674999999999467e-02 -3.147572499999999329e-01
-2.204490000000000061e-01 2.438125000000000014e-02 -3.259754999999999736e-01
2.309022500000000311e-01 -1.653622500000000162e-01 -2.445907500000000234e-01
7.695899999999998575e-02 -3.135485000000000078e-01 -2.453485000000000249e-01
7.318600000000000105e-02 -3.090287499999999632e-01 -2.464402500000000273e-01
3.676399999999999807e-02 -2.370535000000000003e-01 -2.607109999999999705e-01
-5.020000000000006228e-03 -1.419030000000000014e-01 -2.787387499999999796e-01
-1.137800000000000963e-02 -6.709250000000000803e-03 -2.973744999999999861e-01
-7.425999999999997707e-03 1.143037499999999956e-01 -3.127857499999999735e-01
-9.292499999999951840e-04 1.294187499999999991e-01 -3.139204999999999912e-01
4.031974999999999448e-02 1.727042500000000036e-01 -3.141887499999999611e-01
1.440485000000000237e-01 2.114087500000000064e-01 -3.056279999999999553e-01
2.261522499999999991e-01 1.954932500000000073e-01 -2.927234999999999698e-01
2.922207500000000291e-01 1.235397500000000037e-01 -2.745525000000000326e-01
3.522890000000000188e-01 5.365650000000000280e-02 -2.574440000000000062e-01
3.702657500000000046e-01 2.681025000000000075e-02 -2.515429999999999611e-01
-6.345824999999999383e-02 7.085785000000000000e-01 -1.409102500000000147e-01
-7.852825000000000777e-02 7.152500000000000524e-01 -1.261322500000000013e-01
-8.650875000000000925e-02 7.200180000000000469e-01 -1.122992500000000032e-01
-8.640500000000000957e-02 7.209567500000000351e-01 -1.076117499999999921e-01
-6.864099999999999369e-02 7.153530000000000166e-01 -1.140359999999999985e-01
-4.915950000000000181e-02 7.084334999999999383e-01 -1.248467499999999925e-01
-4.442674999999999402e-02 7.061775000000000135e-01 -1.302699999999999969e-01
-4.274050000000000071e-02 7.050637500000001001e-01 -1.337097499999999883e-01
