3.303147499999999903e-01 2.141350000000000198e-01 4.111502499999999949e-01
3.256795000000000107e-01 2.134390000000000176e-01 4.118520000000000514e-01
3.262482500000000174e-01 2.123722500000000124e-01 4.119177500000000269e-01
2.727925000000000488e-01 1.918110000000000093e-01 4.157290000000000152e-01
2.089795000000000125e-01 1.828670000000000018e-01 4.085055000000000214e-01
1.404072500000000112e-01 1.666287499999999921e-01 4.016155000000000141e-01
1.787962500000000177e-01 1.590007500000000240e-01 4.076737500000000014e-01
4.105725000000000346e-02 1.294657500000000183e-01 3.885645000000000349e-01
-4.196599999999999636e-02 1.005420000000000064e-01 3.738262500000000266e-01
-3.369999999999974578e-04 3.724650000000000183e-02 3.709737499999999910e-01
3.155487499999999890e-01 2.032984999999999931e-01 4.122800000000000353e-01
3.003927499999999862e-01 1.985802500000000137e-01 4.136540000000000217e-01
2.823065000000000158e-01 1.883522499999999988e-01 4.146885000000000154e-01
3.559769999999999879e-01 2.119415000000000049e-01 4.046122500000000621e-01
3.532840000000000424e-01 2.137075000000000224e-01 4.054250000000000353e-01
3.514482500000000176e-01 2.126077500000000120e-01 4.063742499999999924e-01
3.456322500000000297e-01 2.147155000000000036e-01 4.078129999999999256e-01
3.402755000000000085e-01 2.143652500000000349e-01 4.090847499999999970e-01
3.381662500000000016e-01 2.136312500000000225e-01 4.097184999999999855e-01
3.284587500000000215e-01 2.156017500000000087e-01 4.108932499999999877e-01
3.333254999999999968e-01 2.158320000000000238e-01 4.099630000000000218e-01
3.344644999999999979e-01 2.168899999999999995e-01 4.093292499999999223e-01
1.431650000000000145e-01 1.814454999999999818e-01 3.991595000000000559e-01
7.369525000000000381e-02 1.748802500000000149e-01 3.899137500000000034e-01
-4.114499999999996632e-03 1.687312499999999993e-01 3.739442500000000336e-01
-7.502499999999999447e-02 1.405855000000000021e-01 3.644142499999999951e-01
2.668250000000003518e-03 1.370937500000000142e-01 3.825062499999999921e-01
-1.656762499999999971e-01 1.040337499999999943e-01 3.496760000000000423e-01
-1.745867499999999850e-01 1.270915000000000239e-01 3.420290000000000274e-01
-2.899052500000000032e-01 1.408297500000000035e-01 2.919055000000000399e-01
-4.226027500000000270e-01 1.457987500000000047e-01 2.360880000000000201e-01
-4.514019999999999699e-01 1.343314999999999926e-01 2.261262500000000009e-01
-4.728957499999999481e-01 9.891724999999999823e-02 2.232992500000000047e-01
-4.777327499999999838e-01 5.955975000000000158e-02 2.280485000000000151e-01
-3.354737499999999595e-01 5.182524999999999632e-02 2.883012500000000089e-01
-4.784822499999999978e-01 4.076149999999999912e-02 2.287700000000000289e-01
-4.518372499999999681e-01 -2.847024999999999903e-02 2.279285000000000339e-01
-3.518100000000000116e-01 -1.453999999999999737e-01 2.492992500000000278e-01
-2.775289999999999702e-01 -1.995927499999999855e-01 2.707692500000000169e-01
-7.789374999999999771e-02 -4.732649999999999357e-02 3.492489999999999761e-01
-1.403654999999999764e-01 8.469999999999979282e-04 3.460627500000000301e-01
-1.830642499999999839e-01 -1.272484999999999866e-01 3.080014999999999836e-01
-2.159317499999999779e-01 -2.507662500000000239e-01 2.731512500000000121e-01
-1.857820000000000027e-01 -2.428354999999999819e-01 2.816375000000000406e-01
-1.244322500000000081e-01 -2.100997499999999740e-01 3.026042500000000190e-01
-2.840092499999999909e-01 -3.369619999999999838e-01 2.348587500000000050e-01
-2.797432499999999989e-01 -3.391600000000000170e-01 2.346802500000000069e-01
-2.647249999999999881e-01 -3.232777499999999749e-01 2.438355000000000106e-01
4.051985000000000170e-01 1.180679999999999924e-01 3.658279999999999865e-01
3.940435000000000465e-01 1.350547500000000012e-01 3.747780000000000000e-01
3.664512500000000061e-01 1.443400000000000238e-01 3.833582500000000115e-01
3.292880000000000251e-01 1.493234999999999979e-01 3.917985000000000495e-01
2.972187500000000315e-01 1.365439999999999987e-01 3.920072500000000293e-01
2.011087500000000028e-01 4.371350000000000235e-02 3.700455000000000272e-01
1.235519999999999952e-01 -4.085950000000000693e-02 3.483207500000000123e-01
3.618107500000000143e-01 2.028397500000000131e-01 4.021035000000000026e-01
3.569955000000000211e-01 2.067347499999999949e-01 4.040444999999999731e-01
3.490702500000000263e-01 2.081085000000000018e-01 4.061170000000000058e-01
3.417875000000000218e-01 2.075454999999999939e-01 4.076144999999999907e-01
3.310879999999999934e-01 1.984717500000000023e-01 4.079767499999999991e-01
3.475852500000000123e-01 1.832602500000000134e-01 4.009105000000000030e-01
3.709457500000000185e-01 1.827080000000000093e-01 3.955814999999999748e-01
3.770677500000000348e-01 1.697387500000000216e-01 3.909650000000000070e-01
3.576652500000000456e-01 2.117657500000000026e-01 4.036204999999999932e-01
3.596580000000000332e-01 2.091534999999999922e-01 4.026287499999999797e-01
3.565050000000000163e-01 2.159387500000000404e-01 4.032772500000000315e-01
3.581932500000000186e-01 2.157630000000000381e-01 4.022855000000000181e-01
3.722812500000000080e-01 2.501025000000000054e-01 3.756635000000000391e-01
3.451405000000000167e-01 2.190980000000000150e-01 4.054399999999999671e-01
3.493582500000000368e-01 2.183902500000000080e-01 4.048019999999999952e-01
3.541787499999999866e-01 2.187560000000000060e-01 4.033512499999999945e-01
3.574085000000000178e-01 2.208962500000000162e-01 4.012155000000000582e-01
3.410405000000000242e-01 2.313450000000000228e-01 3.970092500000000357e-01
3.439022500000000204e-01 2.301587499999999953e-01 3.973309999999999342e-01
3.545782499999999837e-01 2.323667500000000108e-01 3.934417499999999790e-01
3.647602500000000081e-01 2.396340000000000137e-01 3.857720000000000593e-01
3.690519999999999912e-01 2.495430000000000148e-01 3.772862499999999897e-01
3.238234999999999864e-01 2.149057500000000065e-01 4.115949999999999886e-01
3.247249999999999859e-01 2.167792500000000067e-01 4.103430000000000133e-01
2.489647500000000124e-01 2.101090000000000180e-01 3.998847500000000110e-01
1.547470000000000234e-01 1.975825000000000220e-01 3.901249999999999996e-01
1.426800000000000013e-01 1.906057500000000182e-01 3.929972500000000202e-01
1.500845000000000096e-01 1.885425000000000018e-01 3.961027500000000034e-01
2.195542500000000063e-01 1.951077499999999965e-01 4.053485000000000005e-01
2.908787500000000192e-01 2.020390000000000241e-01 4.146945000000000214e-01
-1.903050000000000228e-02 1.728072500000000233e-01 3.687162500000000231e-01
-9.885149999999999493e-02 1.677192500000000142e-01 3.515392500000000253e-01
-5.936772499999999342e-01 1.690180000000000016e-01 1.605460000000000220e-01
-6.103524999999999645e-01 1.642807500000000032e-01 1.528754999999999975e-01
-6.296705000000000219e-01 1.583805000000000074e-01 1.425145000000000162e-01
-6.527702499999999963e-01 1.502742499999999981e-01 1.303927500000000017e-01
-6.554872499999999658e-01 1.286927500000000224e-01 1.342135000000000133e-01
-6.372059999999999391e-01 1.061219999999999941e-01 1.511787500000000006e-01
-7.362855000000000372e-01 1.268315000000000137e-01 7.784974999999998146e-02
-7.374045000000000183e-01 1.233764999999999862e-01 7.770149999999999280e-02
-7.300937499999999858e-01 1.106529999999999875e-01 8.592699999999998950e-02
-7.014567499999999622e-01 1.012109999999999954e-01 1.098422499999999885e-01
-6.831754999999999356e-01 7.864024999999999488e-02 1.268074999999999897e-01
-7.032729999999999260e-01 7.514774999999999927e-02 1.106677499999999953e-01
-6.938762499999999722e-01 3.789025000000000032e-02 1.102177499999999893e-01
-6.831382499999999469e-01 2.411249999999999331e-03 1.111629999999999979e-01
-6.685892499999999128e-01 -1.024800000000000016e-02 1.197242499999999904e-01
-6.531455000000000455e-01 -2.306425000000000142e-02 1.289395000000000124e-01
-6.468029999999999058e-01 -2.747375000000000164e-02 1.328995000000000037e-01
-6.315854999999999109e-01 6.045499999999999659e-03 1.514679999999999915e-01
-6.207412499999999111e-01 4.849599999999999744e-02 1.685172500000000073e-01
-6.333917500000000311e-01 -4.475000000000000505e-02 1.394895000000000163e-01
-5.959025000000000016e-01 -7.153125000000000455e-02 1.556972500000000093e-01
-2.647109999999999741e-01 -3.470727499999999854e-01 2.339795000000000069e-01
-2.033752500000000074e-01 -2.905419999999999670e-01 2.648022500000000168e-01
-2.182890000000000108e-01 -3.064787499999999665e-01 2.556400000000000339e-01
-1.935140000000000193e-01 -3.224704999999999377e-01 2.382752499999999940e-01
-1.283725000000000005e-01 -3.579427499999999762e-01 1.976630000000000054e-01
-7.624975000000000502e-02 -3.828112499999999918e-01 1.678640000000000132e-01
-4.755850000000001049e-02 -3.942344999999999877e-01 1.531997499999999957e-01
2.552399999999999461e-02 -3.946609999999999840e-01 1.378462500000000035e-01
1.652830000000000132e-01 -3.666394999999999516e-01 1.306125000000000203e-01
4.554532500000000317e-01 2.720375000000000223e-02 3.061470000000000025e-01
4.508927500000000088e-01 3.250699999999999423e-02 3.105632500000000129e-01
2.992719999999999825e-01 -2.795074999999999990e-02 3.120035000000000447e-01
1.166809999999999931e-01 -1.298707499999999793e-01 2.958620000000000139e-01
2.713265000000000260e-01 -2.291969999999999841e-01 1.955427500000000152e-01
4.933374999999999844e-01 -2.853519999999999945e-01 1.045982500000000037e-01
5.280742500000000783e-01 -2.007562499999999972e-01 1.477067499999999978e-01
5.226635000000000586e-01 -1.040210000000000162e-01 2.084797500000000192e-01
5.775175000000000169e-01 -3.788724999999999454e-01 1.240649999999999913e-02
5.995812500000000655e-01 -3.475344999999999684e-01 1.810099999999999903e-02
5.798575000000000257e-01 -3.028817500000000051e-01 5.762900000000000661e-02
5.507537500000000419e-01 -2.488527500000000114e-01 1.086737499999999995e-01
4.164535000000000320e-01 1.000634999999999997e-01 3.558277500000000537e-01
4.222852500000000564e-01 8.685624999999999596e-02 3.488877499999999965e-01
4.211307500000000537e-01 9.404824999999998603e-02 3.514257500000000367e-01
4.271802500000000391e-01 8.079850000000000920e-02 3.440740000000000465e-01
3.783207500000000389e-01 2.407522500000000010e-01 3.721074999999999799e-01
3.742277500000000257e-01 2.151932500000000026e-01 3.840672500000000267e-01
3.803497500000000420e-01 2.022240000000000149e-01 3.794507500000000033e-01
3.931522499999999809e-01 1.790887500000000188e-01 3.687635000000000218e-01
4.044072499999999959e-01 1.610842499999999844e-01 3.587632500000000335e-01
3.739965000000000095e-01 2.511317500000000424e-01 3.739672500000000288e-01
3.680402500000000132e-01 2.402442499999999925e-01 3.840757499999999935e-01
3.653057499999999846e-01 2.344095000000000206e-01 3.889717500000000050e-01
3.651037500000000047e-01 2.316587500000000244e-01 3.900417500000000204e-01
3.665597500000000175e-01 2.251402500000000140e-01 3.903730000000000255e-01
3.687124999999999986e-01 2.188265000000000349e-01 3.898477499999999929e-01
3.755572500000000091e-01 2.386544999999999916e-01 3.759974999999999845e-01
4.057512500000000077e-01 3.174727500000000258e-01 2.900420000000000220e-01
3.992890000000000050e-01 3.014537500000000203e-01 3.105997500000000078e-01
3.941187499999999622e-01 2.870210000000000261e-01 3.283405000000000351e-01
3.842349999999999932e-01 2.660742500000000121e-01 3.556377500000000302e-01
3.828877500000000267e-01 2.626137500000000347e-01 3.594847500000000196e-01
3.856512500000000010e-01 2.647115000000000440e-01 3.555947500000000150e-01
4.105982499999999980e-01 3.330204999999999971e-01 2.679882500000000389e-01
4.092287500000000300e-01 3.274772499999999975e-01 2.757225000000000370e-01
4.082602499999999912e-01 3.219117499999999965e-01 2.831625000000000392e-01
3.845407499999999867e-01 2.916099999999999803e-01 3.267327500000000162e-01
3.811357499999999954e-01 2.740870000000000251e-01 3.477347500000000369e-01
3.843650000000000122e-01 2.746465000000000156e-01 3.461120000000000307e-01
3.860802500000000137e-01 2.756757500000000527e-01 3.444157500000000205e-01
3.894052500000000361e-01 2.805070000000000063e-01 3.378970000000000029e-01
4.059909999999999908e-01 3.430944999999999689e-01 2.566532499999999994e-01
4.033869999999999956e-01 3.453065000000000162e-01 2.544455000000000466e-01
4.018100000000000005e-01 3.460822499999999802e-01 2.538432500000000203e-01
3.962630000000000319e-01 3.474922500000000025e-01 2.534437500000000232e-01
3.919182500000000235e-01 3.325967499999999966e-01 2.739820000000000033e-01
3.986730000000000551e-01 3.187324999999999742e-01 2.902992500000000642e-01
4.067197500000000465e-01 3.230382500000000268e-01 2.826020000000000199e-01
-2.532600000000001170e-02 2.845752500000000018e-01 2.331540000000000001e-01
1.668922500000000197e-01 2.594772500000000481e-01 3.156907500000000200e-01
2.560554999999999914e-01 2.786835000000000284e-01 3.137740000000000529e-01
2.744282500000000402e-01 3.074129999999999918e-01 2.810954999999999981e-01
2.793980000000000352e-01 3.402767500000000167e-01 2.395552500000000251e-01
2.786125000000000407e-01 3.566717500000000096e-01 2.179854999999999987e-01
2.736930000000000196e-01 3.596942499999999932e-01 2.127710000000000434e-01
2.519230000000000080e-01 3.679330000000000100e-01 1.963905000000000234e-01
2.295775000000000177e-01 3.749680000000000235e-01 1.814297500000000007e-01
2.238532500000000036e-01 3.763547500000000157e-01 1.781387500000000124e-01
-9.988750000000001100e-03 1.808772500000000172e-01 3.644032500000000119e-01
-1.079892500000000088e-01 2.185017499999999946e-01 2.916262500000000313e-01
-2.813792499999999697e-01 2.442707500000000365e-01 2.093425000000000147e-01
-3.687650000000000095e-01 2.150335000000000441e-01 2.159752500000000075e-01
-3.995562499999999462e-01 1.898447500000000066e-01 2.352715000000000223e-01
-5.451614999999999656e-01 1.936597500000000194e-01 1.705072499999999991e-01
-5.841735000000000122e-01 1.783852499999999952e-01 1.575825000000000142e-01
-5.879409999999999359e-01 1.748020000000000129e-01 1.588587500000000208e-01
-5.815532499999999105e-01 1.757480000000000153e-01 1.628372500000000167e-01
-5.648779999999999912e-01 1.804852500000000137e-01 1.705077500000000135e-01
-6.395457500000000239e-01 1.574345000000000050e-01 1.363947500000000090e-01
-7.779457499999998804e-01 1.213507499999999933e-01 3.837325000000000458e-02
-7.701399999999999357e-01 1.210262499999999880e-01 4.798125000000000306e-02
-7.660700000000000287e-01 1.216514999999999819e-01 5.235524999999999901e-02
-7.654835000000000944e-01 1.179012499999999991e-01 5.496025000000000216e-02
-7.625324999999999465e-01 1.150715000000000071e-01 5.918600000000000250e-02
-7.732892500000000391e-01 1.182257500000000044e-01 4.535225000000000367e-02
-7.773147500000000543e-01 1.187515000000000098e-01 3.997000000000000552e-02
-7.758209999999999829e-01 1.158280000000000004e-01 4.267475000000000435e-02
-7.552217499999999140e-01 1.023480000000000084e-01 6.741149999999999920e-02
-7.606545000000000112e-01 1.030305000000000110e-01 6.050824999999999954e-02
-7.637119999999999465e-01 1.027897499999999992e-01 5.646124999999999755e-02
-7.574247499999999800e-01 7.107574999999999310e-02 5.643350000000000449e-02
-7.491830000000000434e-01 3.737374999999999725e-02 5.843825000000000408e-02
-7.414979999999999905e-01 5.547074999999999922e-02 7.314474999999999449e-02
-7.429312500000000430e-01 2.630425000000000124e-02 6.282724999999998727e-02
-7.318164999999999809e-01 1.539425000000000168e-02 7.215874999999999373e-02
-7.209864999999999746e-01 7.303249999999999846e-03 8.202624999999999500e-02
-6.617659999999999654e-01 -6.916500000000000425e-02 1.127837500000000021e-01
-6.597472500000000073e-01 -7.054000000000000548e-02 1.141012500000000013e-01
2.640025000000000011e-02 -4.913862499999999689e-01 6.102724999999999816e-02
4.274749999999999384e-02 -4.961267500000000052e-01 5.061149999999999677e-02
5.426924999999999805e-02 -4.988670000000000049e-01 4.405350000000000238e-02
6.944749999999999535e-02 -5.000679999999999570e-01 3.855374999999999774e-02
9.919999999999999651e-02 -5.012455000000000105e-01 2.930649999999999922e-02
1.458877500000000105e-01 -5.023767500000000386e-01 1.572949999999999696e-02
1.990110000000000212e-01 -5.029247500000000315e-01 1.244249999999997962e-03
1.761212500000000070e-01 -4.897555000000000103e-01 2.434024999999999730e-02
3.158802500000000291e-01 -4.617339999999999223e-01 1.710650000000000018e-02
3.934372499999999606e-01 -4.743262500000000048e-01 -2.091274999999999731e-02
4.477737499999999704e-01 -4.723149999999999848e-01 -3.520749999999999574e-02
4.926384999999999792e-01 -4.683132499999999587e-01 -4.434374999999999428e-02
5.172932500000000378e-01 -4.631790000000000074e-01 -4.602099999999999247e-02
5.234975000000000600e-01 -4.376887499999999598e-01 -1.887599999999999695e-02
5.229599999999999804e-01 -4.100334999999999952e-01 1.279350000000000279e-02
5.126789999999999958e-01 -4.011629999999999918e-01 2.603725000000000137e-02
5.867304999999999326e-01 -4.751372499999999555e-01 -9.171950000000000935e-02
6.058720000000000772e-01 -4.616889999999999605e-01 -9.093125000000000513e-02
6.115157500000000246e-01 -4.535620000000000207e-01 -8.571474999999999234e-02
6.156890000000000418e-01 -4.451060000000000016e-01 -7.892749999999999766e-02
5.920604999999999896e-01 -4.431917499999999954e-01 -5.772750000000000103e-02
5.877985000000000015e-01 -3.877430000000000043e-01 -8.372500000000002119e-04
6.145847500000000130e-01 -3.924747499999999834e-01 -2.605800000000000130e-02
6.384202500000000224e-01 -3.917177499999999757e-01 -4.452524999999999539e-02
6.387105000000000699e-01 -3.785342499999999610e-01 -3.420799999999999536e-02
6.446367499999999806e-01 -4.027097499999999775e-01 -5.905499999999999639e-02
6.474019999999999220e-01 -3.973917499999999881e-01 -5.811124999999999624e-02
5.453430000000000222e-01 -1.521175000000000166e-01 1.694467499999999793e-01
5.534492500000000037e-01 -1.616739999999999844e-01 1.572947500000000109e-01
5.879637500000000072e-01 -2.312099999999999711e-01 9.535224999999999951e-02
6.078897500000000065e-01 -2.615514999999999923e-01 6.151875000000000399e-02
5.307697500000000401e-01 -1.135774999999999979e-01 1.963277500000000231e-01
5.664844999999999464e-01 -1.770784999999999720e-01 1.343852500000000116e-01
5.902922499999999628e-01 -2.160337499999999689e-01 9.180374999999998953e-02
5.967787500000000245e-01 -2.165514999999999801e-01 7.634224999999998651e-02
5.996137500000000564e-01 -1.994252499999999984e-01 6.294924999999999826e-02
5.812159999999999549e-01 -7.902875000000000871e-02 6.132899999999999463e-02
5.621260000000000145e-01 3.246749999999999636e-02 6.478349999999999387e-02
5.531669999999999643e-01 5.812824999999999243e-02 7.660024999999999473e-02
5.462192499999999340e-01 7.737924999999999665e-02 8.601199999999999124e-02
5.388865000000000460e-01 9.196825000000000139e-02 9.813674999999999482e-02
5.423550000000000315e-01 1.952180000000000026e-01 4.875225000000000392e-02
5.309405000000000374e-01 2.108517500000000044e-01 6.663574999999999360e-02
5.031225000000000280e-01 2.461437500000000222e-01 1.114229999999999943e-01
4.815845000000000264e-01 2.711149999999999949e-01 1.471075000000000021e-01
4.677737500000000437e-01 2.786760000000000348e-01 1.736094999999999999e-01
4.574472499999999719e-01 2.802397500000000097e-01 1.951777500000000110e-01
4.548545000000000504e-01 2.774770000000000292e-01 2.019442500000000196e-01
4.471752500000000241e-01 2.586052500000000087e-01 2.265645000000000020e-01
4.400549999999999740e-01 2.397562500000000041e-01 2.499717499999999926e-01
4.501015000000000432e-01 1.848232499999999945e-01 2.518677500000000014e-01
4.609932500000000211e-01 1.309945000000000137e-01 2.514702500000000063e-01
4.670427499999999510e-01 1.177447499999999952e-01 2.441185000000000160e-01
4.953157499999999991e-01 6.414999999999999869e-02 2.061914999999999998e-01
4.398185000000000011e-01 3.228234999999999855e-01 2.139495000000000147e-01
4.351680000000000548e-01 3.266384999999999983e-01 2.203637499999999971e-01
4.284497500000000181e-01 3.312475000000000280e-01 2.307200000000000362e-01
4.243187500000000223e-01 3.326172499999999754e-01 2.388560000000000128e-01
4.236797500000000216e-01 3.290589999999999904e-01 2.446665000000000090e-01
4.140622500000000206e-01 3.346937500000000121e-01 2.602960000000000274e-01
4.129315000000000069e-01 3.342887500000000234e-01 2.627230000000000398e-01
4.122224999999999917e-01 3.302177500000000321e-01 2.686617500000000325e-01
4.146425000000000249e-01 3.411695000000000144e-01 2.489462500000000078e-01
4.133697499999999803e-01 3.418150000000000355e-01 2.501615000000000366e-01
4.136989999999999834e-01 3.400257500000000155e-01 2.529907499999999865e-01
4.147012500000000212e-01 3.382519999999999971e-01 2.544855000000000311e-01
4.104242500000000460e-01 3.413895000000000124e-01 2.556282500000000568e-01
4.100420000000000176e-01 3.393802499999999944e-01 2.595500000000000029e-01
4.113072500000000131e-01 3.370914999999999884e-01 2.620495000000000463e-01
4.078869999999999996e-01 3.453957500000000014e-01 2.502112499999999962e-01
4.064720000000000555e-01 3.452707500000000151e-01 2.522162499999999752e-01
4.100949999999999873e-01 3.431787500000000324e-01 2.527989999999999959e-01
3.826384999999999925e-01 3.556245000000000100e-01 2.450992500000000185e-01
3.877687499999999954e-01 3.541250000000000231e-01 2.461307500000000092e-01
3.890097500000000430e-01 3.547770000000000090e-01 2.441949999999999954e-01
3.777190000000000270e-01 3.586469999999999936e-01 2.398847500000000355e-01
3.758337499999999665e-01 3.602314999999999823e-01 2.367802500000000254e-01
1.976602500000000096e-01 3.958162500000000361e-01 1.214897499999999936e-01
7.565224999999999034e-02 3.976029999999999842e-01 7.052374999999999616e-02
5.987900000000000167e-02 3.839787499999999798e-01 9.738424999999999165e-02
2.122342500000000132e-01 3.786765000000000270e-01 1.684417500000000012e-01
2.842417500000000152e-01 3.878175000000000372e-01 1.739072500000000132e-01
-2.771179999999999755e-01 3.984975000000000045e-01 -7.254675000000000706e-02
-3.001167499999999877e-01 3.957127500000000020e-01 -7.640149999999999719e-02
-3.222197500000000270e-01 3.556027500000000230e-01 5.059999999999900732e-04
-2.759932500000000233e-01 3.239684999999999926e-01 8.842974999999998753e-02
-1.118280000000000107e-01 3.522082500000000005e-01 9.793649999999999578e-02
-4.162560000000000149e-01 3.856767500000000126e-01 -1.256747500000000017e-01
-5.246699999999999697e-01 3.324952499999999644e-01 -1.305527499999999952e-01
-6.347494999999999665e-01 2.701014999999999944e-01 -1.156095000000000178e-01
-6.566657500000000480e-01 2.468677499999999969e-01 -8.701275000000001369e-02
-6.606352500000000072e-01 2.373569999999999847e-01 -6.926725000000000243e-02
-5.985822499999999824e-01 2.408657499999999896e-01 -2.653000000000005180e-03
-5.036647499999999944e-01 2.573925000000000241e-01 7.279399999999998372e-02
-4.395614999999999384e-01 2.914112500000000106e-01 6.957924999999999527e-02
-7.360320000000000196e-01 1.582647500000000096e-01 2.387799999999999645e-02
-7.366247499999999393e-01 1.512575000000000169e-01 3.532750000000000473e-02
-7.314097499999999696e-01 1.450182500000000152e-01 5.216699999999999809e-02
-7.262007499999999505e-01 1.399915000000000187e-01 6.689974999999999394e-02
-7.173024999999999540e-01 1.390470000000000039e-01 7.883224999999999261e-02
-6.875180000000000735e-01 1.442269999999999941e-01 1.043267499999999959e-01
-6.572829999999999506e-01 1.529115000000000058e-01 1.242730000000000085e-01
-6.357782499999999892e-01 1.610177500000000150e-01 1.351185000000000025e-01
-8.002639999999999754e-01 1.566572500000000256e-01 -5.064275000000000027e-02
-8.012437499999999213e-01 1.510677500000000006e-01 -4.171000000000000402e-02
-8.002947499999999437e-01 1.500482500000000219e-01 -3.789549999999999863e-02
-7.980849999999999334e-01 1.547560000000000047e-01 -4.273624999999999646e-02
-7.971419999999999062e-01 1.337905000000000066e-01 -6.321999999999999495e-03
-7.925844999999999141e-01 1.309095000000000120e-01 4.903999999999999505e-03
-8.015202499999999342e-01 1.402302500000000285e-01 -2.392225000000000254e-02
-8.000260000000000149e-01 1.363770000000000260e-01 -1.572799999999999893e-02
-7.986082499999999085e-01 1.378610000000000113e-01 -1.415974999999999873e-02
-7.915717500000000184e-01 1.267895000000000272e-01 1.021200000000000059e-02
-7.870202499999999768e-01 1.235767499999999991e-01 2.138999999999999929e-02
-7.827454999999999830e-01 1.224684999999999940e-01 3.106974999999999668e-02
-7.827739999999999698e-01 1.229205000000000020e-01 3.081474999999999839e-02
-8.019082499999999891e-01 1.303489999999999926e-01 -1.522624999999999847e-02
-8.013674999999998994e-01 1.285352500000000175e-01 -1.322699999999999744e-02
-7.991175000000000361e-01 1.278862500000000069e-01 -7.546500000000000256e-03
-7.974242499999999456e-01 1.297402500000000014e-01 -4.167749999999999580e-03
-7.985597500000000126e-01 1.323065000000000213e-01 -7.890249999999997960e-03
-7.846737499999999477e-01 1.198597500000000010e-01 2.627099999999999921e-02
-7.909184999999999688e-01 1.212184999999999929e-01 1.171425000000000070e-02
-7.894427499999999709e-01 9.914649999999999852e-02 6.837250000000000445e-03
-7.850657500000000066e-01 7.537225000000000175e-02 8.313500000000001444e-03
-7.807462499999999750e-01 9.317175000000001150e-02 2.554724999999999704e-02
-7.833937499999999998e-01 7.186525000000000551e-02 1.073725000000000027e-02
-7.753575000000000328e-01 6.035549999999999943e-02 2.311274999999999788e-02
-7.664227500000000415e-01 4.994799999999999934e-02 3.789500000000000507e-02
-7.615820000000000922e-01 1.846000000000000071e-02 3.451300000000000201e-02
-7.554249999999999021e-01 1.123925000000000271e-02 4.038525000000000448e-02
-7.481029999999999625e-01 3.677000000000000580e-03 4.860624999999999668e-02
-7.506162500000000959e-01 8.207249999999999268e-03 4.812074999999999686e-02
-7.102484999999999493e-01 -2.817574999999999941e-02 8.297149999999998971e-02
-6.526285000000000558e-01 -7.556000000000000216e-02 1.183827499999999949e-01
-6.486092499999999150e-01 -7.826924999999999855e-02 1.209209999999999868e-01
-3.104334999999999734e-01 -3.233092499999999370e-01 2.354037500000000227e-01
-2.991777500000000201e-01 -3.292092499999999533e-01 2.350125000000000131e-01
-2.991407499999999553e-01 -3.290104999999999835e-01 2.355277500000000079e-01
-4.753199999999999786e-02 -4.639922500000000505e-01 9.892549999999999955e-02
-4.600724999999999953e-02 -4.643702499999999844e-01 9.876424999999998400e-02
-1.648874999999999993e-02 -4.762712499999999793e-01 8.326274999999999649e-02
7.839999999999995410e-04 -4.822562499999999974e-01 7.541849999999999943e-02
4.685312499999999547e-01 -5.064217500000001149e-01 -8.133375000000001021e-02
5.012752499999999500e-01 -5.052432500000000326e-01 -9.135775000000000146e-02
5.115874999999999728e-01 -5.044932500000000042e-01 -9.415949999999999320e-02
5.214872499999999578e-01 -5.032745000000000690e-01 -9.577575000000000671e-02
5.290640000000000898e-01 -5.015120000000000688e-01 -9.522599999999999121e-02
5.312850000000000072e-01 -4.999075000000000046e-01 -9.272199999999999886e-02
5.549492500000000605e-01 -4.969324999999999437e-01 -9.832000000000000461e-02
5.642890000000000406e-01 -4.925292499999999740e-01 -9.916275000000000783e-02
5.682135000000000380e-01 -4.893507500000000010e-01 -9.636875000000000302e-02
5.625415000000000276e-01 -4.905862500000000015e-01 -9.244800000000000240e-02
5.961392500000000094e-01 -4.739005000000000023e-01 -9.996225000000000249e-02
6.093769999999999465e-01 -4.630177500000000057e-01 -9.643350000000000533e-02
5.924025000000000540e-01 -4.739017499999999550e-01 -9.564025000000000998e-02
6.367975000000000163e-01 -4.371472499999999872e-01 -8.849325000000000940e-02
6.392872499999999736e-01 -4.329689999999999928e-01 -8.522175000000001277e-02
6.386584999999999068e-01 -4.323387499999999939e-01 -8.278175000000000117e-02
6.428317500000000351e-01 -4.238827500000000303e-01 -7.599450000000000649e-02
6.447302499999999492e-01 -4.211369999999999281e-01 -7.610550000000000648e-02
6.460380000000000011e-01 -4.158187500000000147e-01 -7.221600000000000241e-02
6.443465000000000442e-01 -4.158932499999999921e-01 -6.937225000000001029e-02
6.490934999999999899e-01 -4.097437500000000177e-01 -7.089850000000000319e-02
6.500170000000000670e-01 -4.102864999999999429e-01 -7.374224999999999530e-02
6.521142500000000064e-01 -4.055104999999999404e-01 -7.294499999999999595e-02
6.530289999999999706e-01 -4.022372499999999351e-01 -7.116075000000000872e-02
6.298852499999999521e-01 -3.143002499999999477e-01 1.693149999999999863e-02
6.348980000000000734e-01 -3.371865000000000001e-01 -3.666500000000000488e-03
6.416780000000000816e-01 -3.589049999999999740e-01 -2.756975000000000051e-02
6.454277499999999668e-01 -3.657400000000000095e-01 -3.857274999999999593e-02
6.465265000000000040e-01 -3.646362499999999951e-01 -4.046599999999999503e-02
6.405742500000000117e-01 -3.293977499999999892e-01 -1.255374999999999894e-02
6.490927499999999961e-01 -3.590069999999999650e-01 -4.404474999999999363e-02
6.507485000000000630e-01 -3.468644999999999645e-01 -4.339899999999999314e-02
6.515622500000000095e-01 -3.311189999999999967e-01 -3.934249999999999553e-02
6.513470000000000093e-01 -3.187134999999999829e-01 -3.407974999999999893e-02
6.485012500000000291e-01 -3.053674999999999584e-01 -2.210674999999999793e-02
6.538899999999999713e-01 -2.991367500000000068e-01 -4.400049999999999101e-02
6.514897499999999786e-01 -2.810047499999999698e-01 -4.390049999999999508e-02
6.489360000000000683e-01 -2.631644999999999679e-01 -4.234450000000000019e-02
6.466642500000000515e-01 -2.543099999999999805e-01 -3.394375000000000170e-02
6.427597500000000741e-01 -2.184764999999999902e-01 -4.250874999999999793e-02
6.270820000000000283e-01 -1.248205000000000148e-01 -3.717924999999999702e-02
6.125887500000000152e-01 -4.025750000000000162e-02 -3.023450000000000096e-02
5.566815000000000513e-01 1.681432500000000219e-01 2.283075000000000035e-02
5.500239999999999574e-01 1.806582500000000202e-01 3.519649999999999862e-02
5.511907500000000626e-01 1.779535000000000144e-01 3.480875000000000635e-02
5.305312500000000098e-01 2.134897500000000059e-01 6.499599999999999822e-02
5.212697499999999762e-01 2.258835000000000148e-01 8.023274999999999157e-02
4.494832500000000564e-01 3.131387500000000212e-01 1.974555000000000060e-01
4.462720000000000020e-01 3.163132499999999903e-01 2.036142499999999966e-01
4.206157500000000660e-01 3.376417500000000183e-01 2.399467500000000419e-01
4.196769999999999667e-01 3.378590000000000204e-01 2.428202500000000152e-01
4.112620000000000164e-01 3.438749999999999862e-01 2.491825000000000012e-01
4.125134999999999774e-01 3.429945000000000355e-01 2.485499999999999932e-01
4.152344999999999509e-01 3.413565000000000071e-01 2.449764999999999859e-01
4.004147500000000415e-01 3.494697500000000234e-01 2.489122500000000016e-01
4.044337499999999808e-01 3.473827500000000179e-01 2.491150000000000031e-01
4.078087499999999976e-01 3.458620000000000028e-01 2.480862500000000082e-01
3.938885000000000303e-01 3.524754999999999971e-01 2.468007499999999854e-01
3.957339999999999747e-01 3.517617499999999842e-01 2.463742499999999891e-01
3.061997499999999928e-01 3.830867500000000314e-01 1.900450000000000195e-01
3.084974999999999801e-01 3.826372499999999843e-01 1.905852499999999838e-01
2.958607500000000057e-01 3.854957500000000259e-01 1.836042500000000244e-01
2.974050000000000304e-01 3.852925000000000377e-01 1.836025000000000018e-01
-3.500517499999999949e-01 3.967434999999999712e-01 -1.046689999999999982e-01
-4.050597499999999407e-01 3.929684999999999984e-01 -1.342789999999999817e-01
-3.989050000000000096e-01 3.921757499999999896e-01 -1.231192499999999995e-01
-3.809759999999999813e-01 3.933979999999999699e-01 -1.129085000000000089e-01
-3.777272499999999589e-01 3.949640000000000373e-01 -1.195475000000000010e-01
-4.912267500000000453e-01 3.685737499999999778e-01 -2.258527499999999910e-01
-4.996855000000000047e-01 3.652279999999999971e-01 -2.271797500000000136e-01
-5.061714999999999964e-01 3.625124999999999598e-01 -2.269377499999999936e-01
-4.829785000000000328e-01 3.684189999999999965e-01 -1.958869999999999778e-01
-4.434949999999999726e-01 3.805207500000000187e-01 -1.602002499999999885e-01
-4.276220000000000576e-01 3.868072499999999914e-01 -1.577807499999999974e-01
-4.410447499999999854e-01 3.833927500000000044e-01 -1.757847499999999896e-01
-5.390622499999999651e-01 3.485524999999999873e-01 -2.354562499999999781e-01
-5.497487500000000082e-01 3.426167500000000254e-01 -2.329187499999999800e-01
-5.616480000000000361e-01 3.358447499999999697e-01 -2.292514999999999969e-01
-6.074269999999999392e-01 3.085862500000000064e-01 -2.089142499999999680e-01
-6.481514999999999915e-01 2.841327500000000450e-01 -1.897639999999999882e-01
-6.562142499999999989e-01 2.787994999999999779e-01 -1.834292499999999881e-01
-6.631842499999999196e-01 2.739157500000000134e-01 -1.765399999999999747e-01
-5.706849999999999978e-01 3.207372500000000293e-01 -1.749407499999999782e-01
-7.335104999999999542e-01 2.319664999999999921e-01 -1.473304999999999754e-01
-7.451769999999999783e-01 2.222490000000000299e-01 -1.412509999999999877e-01
-7.567837499999999773e-01 2.124147499999999855e-01 -1.338792500000000052e-01
-7.592472499999999291e-01 2.102499999999999925e-01 -1.316984999999999961e-01
-7.639207500000000373e-01 2.056295000000000206e-01 -1.234829999999999955e-01
-7.673709999999999143e-01 2.019395000000000218e-01 -1.152007500000000045e-01
-7.862917500000000670e-01 1.851422500000000082e-01 -1.003037500000000110e-01
-7.879802499999999377e-01 1.830552500000000027e-01 -9.871724999999999250e-02
-7.916567500000000202e-01 1.763820000000000110e-01 -8.678575000000000872e-02
-7.946535000000000126e-01 1.701145000000000018e-01 -7.376349999999999574e-02
-7.939724999999998589e-01 1.703512500000000096e-01 -7.199524999999999675e-02
-7.951734999999998665e-01 1.726622500000000171e-01 -8.831349999999998923e-02
-7.977569999999999384e-01 1.677100000000000257e-01 -7.864950000000001107e-02
-7.972799999999999887e-01 1.678110000000000157e-01 -7.547525000000000761e-02
-8.019349999999999534e-01 1.568740000000000134e-01 -5.872424999999999867e-02
-8.026032500000001013e-01 1.517510000000000248e-01 -4.868224999999999636e-02
-8.009449999999999070e-01 1.564205000000000179e-01 -5.241099999999999925e-02
-8.024522499999999781e-01 1.593335000000000168e-01 -7.113850000000000728e-02
-8.038792499999999341e-01 1.544285000000000241e-01 -6.606425000000000491e-02
-8.041417499999999885e-01 1.518857500000000138e-01 -5.942825000000000191e-02
-8.036472499999999242e-01 1.520450000000000135e-01 -5.583124999999999200e-02
-8.024120000000000141e-01 1.567730000000000234e-01 -6.189850000000000213e-02
-8.040262500000000534e-01 1.468727499999999964e-01 -4.318974999999999898e-02
-8.040269999999999362e-01 1.418267500000000014e-01 -3.814875000000000210e-02
-8.032787499999999303e-01 1.363015000000000199e-01 -2.789975000000000441e-02
-8.024002499999999261e-01 1.366440000000000154e-01 -2.269625000000000115e-02
-8.024692500000000228e-01 1.412497500000000072e-01 -2.773675000000000099e-02
-8.062250000000000805e-01 1.420629999999999948e-01 -5.435399999999999954e-02
-8.057312499999998989e-01 1.371762499999999996e-01 -4.571599999999999969e-02
-8.068684999999998775e-01 1.294762500000000149e-01 -5.196300000000000224e-02
-8.056914999999998939e-01 1.178807499999999925e-01 -5.461749999999999244e-02
-8.038552499999999101e-01 1.043550000000000033e-01 -5.419474999999999293e-02
-8.031717499999999621e-01 9.966150000000000009e-02 -5.369799999999999573e-02
-8.028117500000000462e-01 9.835349999999999648e-02 -5.227299999999999308e-02
-8.024759999999999671e-01 1.129980000000000012e-01 -3.507799999999999807e-02
-8.027867499999999934e-01 1.300065000000000248e-01 -2.042974999999999999e-02
-8.011870000000000935e-01 1.107044999999999974e-01 -2.787525000000000072e-02
-7.996540000000000870e-01 8.982350000000001444e-02 -3.907624999999999987e-02
-7.959282500000001148e-01 8.294624999999999915e-02 -2.242875000000000077e-02
-7.940267499999998924e-01 6.126949999999999757e-02 -3.443324999999999858e-02
-7.932270000000000154e-01 5.937800000000000022e-02 -3.429700000000000110e-02
-7.890592500000001008e-01 5.216174999999999978e-02 -2.440675000000000136e-02
-7.860209999999999697e-01 4.894699999999999745e-02 -1.008700000000000048e-02
-7.877132499999999204e-01 5.406574999999999576e-02 -6.496500000000000538e-03
-7.813269999999999937e-01 3.894074999999999620e-02 -9.629249999999998921e-03
-7.790277499999999078e-01 3.550824999999999815e-02 -6.784250000000000350e-03
-7.745615000000000139e-01 3.182600000000000012e-02 6.609750000000000174e-03
-7.705167500000000835e-01 2.886750000000000080e-02 1.973074999999999829e-02
-7.611322500000000657e-01 1.465949999999999892e-02 2.388224999999999723e-02
-7.612247500000000056e-01 1.312999999999999931e-02 1.382474999999999850e-02
-7.501169999999999227e-01 1.252749999999999957e-03 2.966424999999999965e-02
-7.210784999999999556e-01 -2.008474999999999844e-02 7.310399999999998844e-02
-7.296799999999999953e-01 -1.370499999999999843e-02 6.425799999999999568e-02
-7.301817499999999628e-01 -1.458500000000000074e-02 5.875550000000000217e-02
-7.197620000000000129e-01 -2.432225000000000012e-02 6.147250000000000630e-02
-6.934947499999999376e-01 -4.459224999999999994e-02 8.535099999999999631e-02
-6.765609999999999680e-01 -5.691925000000000456e-02 1.036932500000000007e-01
-6.769474999999999243e-01 -5.651950000000000029e-02 1.037459999999999910e-01
-6.113822500000000160e-01 -1.048797500000000077e-01 1.369512500000000244e-01
-6.179342500000000182e-01 -1.003557500000000074e-01 1.329515000000000002e-01
-6.198709999999999498e-01 -9.905525000000001135e-02 1.314770000000000105e-01
-4.974739999999999718e-01 -1.900814999999999866e-01 1.544495000000000173e-01
-3.795810000000000017e-01 -2.753572499999999423e-01 1.956495000000000040e-01
-3.847145000000000148e-01 -2.691164999999999807e-01 2.139337500000000336e-01
-2.689769999999999661e-01 -3.448747499999999522e-01 2.341580000000000050e-01
-2.839417499999999928e-01 -3.372152500000000219e-01 2.343365000000000031e-01
-2.900639999999999885e-01 -3.375559999999999672e-01 2.164435000000000109e-01
-2.722844999999999849e-01 -3.534377499999999950e-01 1.811622500000000247e-01
-2.509317500000000090e-01 -3.676802499999999863e-01 1.637740000000000029e-01
-2.288637499999999769e-01 -3.754942499999999739e-01 1.815120000000000067e-01
-1.788724999999999898e-01 -4.054517499999999997e-01 1.345165000000000111e-01
-1.144639999999999963e-01 -4.335487499999999828e-01 1.226167499999999966e-01
-9.931374999999999231e-02 -4.390634999999999954e-01 1.290000000000000036e-01
5.687224999999999919e-02 -5.012047500000000877e-01 3.719425000000000509e-02
5.881274999999999697e-02 -5.013450000000000406e-01 3.824925000000000547e-02
7.033449999999999425e-02 -5.040852500000000402e-01 3.169125000000000414e-02
5.301667500000000199e-01 -5.039207500000000284e-01 -1.018347500000000155e-01
5.250470000000000415e-01 -5.043805000000001204e-01 -1.002072500000000116e-01
5.351635000000000142e-01 -5.032107500000000400e-01 -1.022315000000000168e-01
5.398807500000000203e-01 -5.025262500000000632e-01 -1.026282500000000181e-01
5.403574999999999351e-01 -5.023859999999999992e-01 -1.022202499999999986e-01
5.469667500000000571e-01 -5.013517499999999849e-01 -1.044187500000000046e-01
5.532442499999999930e-01 -4.988779999999999881e-01 -1.054777500000000090e-01
5.568889999999999674e-01 -4.971412499999999790e-01 -1.035722500000000185e-01
5.527282500000000320e-01 -4.985369999999999524e-01 -1.008240000000000108e-01
5.642930000000000446e-01 -4.942059999999999786e-01 -1.054020000000000096e-01
5.695655000000000578e-01 -4.915894999999999571e-01 -1.057647500000000046e-01
5.752762500000000445e-01 -4.884257499999999919e-01 -1.044507500000000089e-01
5.769612499999999811e-01 -4.872707499999999747e-01 -1.029172500000000157e-01
5.752402500000000085e-01 -4.879629999999999801e-01 -1.019630000000000120e-01
6.112587500000000729e-01 -4.632219999999999671e-01 -1.032600000000000046e-01
6.114617500000000261e-01 -4.626944999999999530e-01 -1.003050000000000053e-01
5.978602499999999820e-01 -4.732082499999999414e-01 -1.009165000000000062e-01
6.247570000000000068e-01 -4.517399999999999749e-01 -9.655675000000001063e-02
6.273132499999999334e-01 -4.497172499999999573e-01 -9.868075000000001151e-02
6.301480000000000414e-01 -4.466215000000000046e-01 -9.764250000000000707e-02
6.323362499999999331e-01 -4.435024999999999662e-01 -9.393700000000000661e-02
6.305250000000000021e-01 -4.446439999999999837e-01 -9.126975000000001059e-02
6.386087500000000583e-01 -4.360057499999999697e-01 -9.116050000000000542e-02
6.402142499999999847e-01 -4.343507500000000077e-01 -9.382775000000000143e-02
6.434637500000000010e-01 -4.299412499999999970e-01 -9.276299999999999824e-02
6.448947500000000721e-01 -4.276785000000000170e-01 -9.033775000000000832e-02
6.454422499999999951e-01 -4.236814999999999887e-01 -8.090450000000000419e-02
6.459890000000000354e-01 -4.239419999999999855e-01 -8.441800000000000692e-02
6.475960000000000605e-01 -4.214092500000000130e-01 -8.605400000000000549e-02
6.492805000000000382e-01 -4.163732499999999725e-01 -8.149474999999999081e-02
6.508194999999999952e-01 -4.143150000000000444e-01 -8.545975000000000099e-02
6.528779999999999584e-01 -4.085987500000000106e-01 -8.286525000000000141e-02
6.537910000000000110e-01 -4.055832500000000063e-01 -8.004450000000000454e-02
6.534925000000000317e-01 -4.056802500000000200e-01 -7.787675000000000847e-02
6.544072499999999959e-01 -4.024070000000000147e-01 -7.609249999999999348e-02
6.553244999999999765e-01 -3.981967499999999882e-01 -7.767349999999999255e-02
6.558869999999999978e-01 -3.916064999999999130e-01 -7.463499999999999301e-02
6.550449999999999884e-01 -3.942454999999999710e-01 -7.195700000000000707e-02
6.572710000000000496e-01 -3.848889999999999811e-01 -7.720300000000000773e-02
6.580847499999999961e-01 -3.753854999999999831e-01 -7.387924999999999354e-02
6.567357500000000625e-01 -3.124827499999999758e-01 -5.597349999999998854e-02
6.446792500000000370e-01 -2.265625000000000000e-01 -5.236549999999999538e-02
6.450315000000000909e-01 -2.273310000000000053e-01 -5.090949999999999642e-02
5.756765000000000354e-01 1.222654999999999853e-01 -5.338750000000000613e-03
5.681077500000000224e-01 1.408922499999999967e-01 -7.839999999999998663e-04
5.653597500000000498e-01 1.465152500000000135e-01 -1.779999999999999898e-04
5.639297500000000074e-01 1.516919999999999935e-01 6.067250000000000594e-03
5.651809999999999334e-01 1.508494999999999975e-01 1.031825000000000103e-02
5.400329999999999853e-01 1.993342499999999906e-01 4.856674999999999881e-02
5.369484999999999397e-01 2.041642499999999916e-01 5.350450000000000345e-02
5.381037499999999918e-01 2.027527499999999816e-01 5.407775000000000082e-02
5.278922499999999518e-01 2.156237500000000307e-01 6.139225000000000237e-02
5.293759999999999577e-01 2.149012500000000159e-01 6.442274999999998697e-02
4.396767500000000051e-01 3.225892499999999941e-01 2.107102500000000433e-01
4.443342500000000417e-01 3.180205000000000393e-01 2.028075000000000294e-01
3.693359999999999976e-01 3.617127500000000273e-01 2.266250000000000209e-01
3.732477499999999893e-01 3.601449999999999929e-01 2.288252500000000356e-01
3.787697500000000161e-01 3.576754999999999796e-01 2.306050000000000044e-01
3.868254999999999888e-01 3.538627500000000037e-01 2.321142499999999942e-01
3.929997499999999810e-01 3.502377500000000143e-01 2.296369999999999800e-01
3.983810000000000406e-01 3.465229999999999699e-01 2.246072500000000083e-01
4.041605000000000336e-01 3.421312500000000534e-01 2.171244999999999981e-01
4.089310000000000445e-01 3.377835000000000143e-01 2.072110000000000340e-01
3.303135000000000376e-01 3.756022500000000264e-01 2.060755000000000225e-01
3.501982499999999887e-01 3.689479999999999982e-01 2.193515000000000048e-01
3.437005000000000199e-01 3.704292499999999877e-01 2.091962500000000280e-01
1.894425000000000137e-01 3.916967500000000380e-01 8.497249999999999248e-02
1.946590000000000265e-01 3.930827500000000363e-01 9.894050000000000067e-02
2.283700000000000174e-01 3.916857499999999992e-01 1.238307500000000033e-01
1.639492499999999908e-01 3.972132500000000177e-01 9.659949999999999093e-02
-4.184825000000000350e-01 3.895540000000000114e-01 -1.522830000000000017e-01
-4.860254999999999992e-01 3.699472500000000053e-01 -2.245257499999999962e-01
-5.142479999999999274e-01 3.600240000000000107e-01 -2.404425000000000034e-01
-5.173262499999999875e-01 3.589562500000000322e-01 -2.387015000000000109e-01
-5.124305000000000110e-01 3.611060000000000381e-01 -2.376789999999999736e-01
-5.242795000000000094e-01 3.557617500000000432e-01 -2.393292499999999934e-01
-5.298534999999999773e-01 3.531662500000000149e-01 -2.380647499999999916e-01
-5.289312499999999639e-01 3.538807500000000217e-01 -2.368002499999999899e-01
-7.281159999999999854e-01 2.355855000000000310e-01 -1.546632499999999744e-01
-7.265404999999999225e-01 2.368502499999999844e-01 -1.542197499999999888e-01
-7.366080000000000405e-01 2.295945000000000069e-01 -1.498167499999999985e-01
-7.412374999999999936e-01 2.254977499999999968e-01 -1.476959999999999940e-01
-7.456030000000000157e-01 2.216799999999999882e-01 -1.455154999999999921e-01
-7.510645000000000238e-01 2.173240000000000172e-01 -1.411132499999999956e-01
-7.826042500000000013e-01 1.885465000000000058e-01 -1.122122499999999995e-01
-7.828414999999999679e-01 1.888322500000000348e-01 -1.085860000000000020e-01
-7.871329999999999716e-01 1.827235000000000109e-01 -1.085114999999999968e-01
-7.903819999999999180e-01 1.778032500000000238e-01 -1.046745000000000037e-01
-7.923432499999999434e-01 1.763175000000000159e-01 -9.844649999999999235e-02
-7.910200000000000564e-01 1.794365000000000265e-01 -9.707074999999999732e-02
-7.959089999999998666e-01 1.680987500000000190e-01 -9.964325000000000265e-02
-7.979242500000000016e-01 1.658125000000000016e-01 -9.067800000000000860e-02
-7.993822499999999609e-01 1.646092500000000125e-01 -8.262474999999999681e-02
-7.964967500000000866e-01 1.695432500000000064e-01 -8.968924999999999814e-02
-8.032989999999999853e-01 1.397055000000000102e-01 -8.547200000000000630e-02
-8.026282500000000431e-01 1.502200000000000202e-01 -7.919175000000000519e-02
-8.004867500000000247e-01 1.536577500000000096e-01 -8.927575000000000094e-02
-8.043219999999999814e-01 1.363417500000000115e-01 -8.171600000000001085e-02
-8.057217499999999033e-01 1.344100000000000295e-01 -7.301600000000001145e-02
-8.066060000000000452e-01 1.370645000000000335e-01 -6.364450000000000662e-02
-8.059625000000000261e-01 1.446057500000000051e-01 -6.099000000000000254e-02
-8.059444999999999526e-01 1.217112500000000069e-01 -7.911175000000000845e-02
-8.056517499999998888e-01 1.127702500000000024e-01 -7.239475000000000771e-02
-8.038154999999999051e-01 9.924449999999999938e-02 -7.197200000000000819e-02
-8.035624999999999574e-01 1.041327499999999961e-01 -7.845675000000000565e-02
-8.029957500000000081e-01 1.002525000000000083e-01 -7.815425000000000844e-02
-8.024812499999999238e-01 9.283224999999999116e-02 -7.398174999999999890e-02
-8.006122500000000253e-01 7.814524999999999944e-02 -6.183499999999999414e-02
-7.991017500000000551e-01 7.412799999999999945e-02 -6.054699999999999666e-02
-7.981107500000000909e-01 7.036599999999999799e-02 -5.578674999999999606e-02
-7.977525000000000865e-01 6.814674999999999205e-02 -5.108074999999999422e-02
-7.937625000000000375e-01 5.863949999999999718e-02 -4.878949999999999954e-02
-7.949205000000000298e-01 6.275024999999999353e-02 -5.363174999999999887e-02
-7.939077500000001342e-01 6.182974999999998889e-02 -5.644400000000000112e-02
-7.843652500000000138e-01 4.215549999999999853e-02 -2.394900000000000154e-02
-7.874742500000001533e-01 4.823800000000000310e-02 -3.632724999999999843e-02
-7.853742499999999405e-01 4.575624999999999831e-02 -3.788124999999999826e-02
-7.716052500000000203e-01 2.355649999999999758e-02 -5.441500000000000156e-03
-7.757710000000000994e-01 3.127674999999999900e-02 -1.959450000000000081e-02
-7.621280000000000276e-01 2.111974999999999963e-02 -3.347449999999999731e-02
-7.396972499999999728e-01 -8.484499999999998987e-03 3.238125000000000031e-02
-7.373407499999999892e-01 -6.516999999999999356e-03 2.388749999999999381e-03
-7.249735000000000484e-01 -1.360674999999999732e-02 -1.667500000000000232e-02
-7.161952500000000610e-01 -1.996174999999999686e-02 -1.969850000000000420e-02
-6.995694999999999553e-01 -3.276375000000000121e-02 -1.934425000000000380e-02
-5.924769999999999204e-01 -1.177892499999999981e-01 3.297749999999998599e-03
-3.211640000000000050e-01 -3.233157500000000129e-01 4.921875000000000555e-02
-2.173092499999999816e-01 -3.759224999999999928e-01 4.761625000000000579e-02
-1.396252499999999785e-01 -4.210412499999999780e-01 7.624749999999999583e-02
-2.009404999999999941e-01 -3.976377499999999565e-01 1.167784999999999934e-01
-6.882150000000000767e-02 -4.491160000000000152e-01 3.532900000000000623e-02
-3.569300000000000250e-02 -4.635249999999999648e-01 4.109150000000000302e-02
-1.402499999999984488e-04 -4.792559999999999598e-01 4.952124999999999583e-02
-3.034499999999999437e-03 -4.790485000000000437e-01 5.783750000000000696e-02
-1.744124999999999842e-02 -4.744482499999999603e-01 6.930825000000000180e-02
-4.339849999999999958e-02 -4.653784999999999727e-01 8.342399999999999816e-02
-6.268224999999999492e-02 -4.584774999999999823e-01 9.254224999999999257e-02
5.387609999999999344e-01 -5.025920000000000387e-01 -1.048195000000000238e-01
5.337642500000000512e-01 -5.033020000000000271e-01 -1.044227500000000225e-01
5.481669999999999598e-01 -5.004407500000001008e-01 -1.097872500000000029e-01
5.468000000000000638e-01 -5.010499999999999954e-01 -1.073069999999999996e-01
5.452367500000000478e-01 -5.014655000000000085e-01 -1.062480000000000230e-01
5.433742499999999476e-01 -5.015312499999999840e-01 -1.076965000000000144e-01
5.640155000000000030e-01 -4.940532499999999994e-01 -1.114595000000000169e-01
5.576979999999999160e-01 -4.967132499999999951e-01 -1.110967500000000080e-01
5.527875000000000982e-01 -4.985777499999999862e-01 -1.125180000000000069e-01
5.779965000000000241e-01 -4.850034999999999763e-01 -1.221445000000000031e-01
5.720660000000000744e-01 -4.893894999999999773e-01 -1.150887500000000035e-01
5.650325000000000486e-01 -4.922404999999999142e-01 -1.188780000000000114e-01
5.622665000000000024e-01 -4.928604999999999792e-01 -1.229605000000000142e-01
5.867299999999999738e-01 -4.795869999999999300e-01 -1.244352500000000111e-01
5.910962499999999897e-01 -4.759002499999999691e-01 -1.271069999999999978e-01
5.954562500000000203e-01 -4.727040000000000131e-01 -1.259230000000000071e-01
6.031827500000001008e-01 -4.681649999999999978e-01 -1.148815000000000114e-01
5.959722500000000922e-01 -4.748907499999999726e-01 -1.054050000000000126e-01
6.184692500000000814e-01 -4.564962499999999923e-01 -1.127365000000000034e-01
6.183472500000000149e-01 -4.542382499999999546e-01 -1.222130000000000022e-01
6.252167499999999878e-01 -4.477529999999999011e-01 -1.206822500000000048e-01
6.294809999999999572e-01 -4.448682499999999651e-01 -1.151895000000000141e-01
6.304727500000000262e-01 -4.460809999999999498e-01 -1.064127500000000143e-01
6.340060000000000695e-01 -4.412349999999999883e-01 -1.104952500000000032e-01
6.364167499999999755e-01 -4.390534999999999854e-01 -1.046422499999999922e-01
6.357182500000000402e-01 -4.408037499999999942e-01 -9.952149999999999885e-02
6.441627500000000062e-01 -4.282972500000000182e-01 -9.892824999999999536e-02
6.416117500000000362e-01 -4.309565000000000201e-01 -1.051137499999999919e-01
6.407907500000000756e-01 -4.306245000000000211e-01 -1.102344999999999992e-01
6.435287500000000938e-01 -4.263727500000000226e-01 -1.072785000000000127e-01
6.455937500000000773e-01 -4.260345000000000382e-01 -9.650300000000000544e-02
6.479652500000000481e-01 -4.204594999999999860e-01 -9.598150000000001125e-02
6.500750000000000695e-01 -4.166692500000000465e-01 -9.145224999999999882e-02
6.491350000000000176e-01 -4.193509999999999738e-01 -9.001900000000000179e-02
6.541302500000000242e-01 -4.036142500000000077e-01 -8.659100000000000130e-02
6.530117500000000019e-01 -4.066487500000000033e-01 -9.061874999999999791e-02
6.531522499999999898e-01 -4.043289999999999940e-01 -9.205200000000000882e-02
6.550432499999999658e-01 -4.005987500000000590e-01 -8.377025000000000443e-02
6.559112499999999457e-01 -3.939062499999999578e-01 -8.387000000000000011e-02
6.569577500000000070e-01 -3.888999999999999679e-01 -8.092799999999999994e-02
6.567085000000000283e-01 -3.914792500000000008e-01 -8.024150000000000726e-02
6.583339999999999748e-01 -3.754839999999999844e-01 -7.724374999999999991e-02
6.526737500000000525e-01 -3.266989999999999617e-01 -7.225425000000000597e-02
6.479987499999999567e-01 -2.726695000000000091e-01 -6.288124999999999964e-02
6.514294999999999947e-01 -2.846617499999999912e-01 -5.918424999999999381e-02
6.543355000000000699e-01 -3.032704999999999984e-01 -5.928424999999998973e-02
6.569509999999999517e-01 -3.248882499999999895e-01 -6.123624999999999902e-02
6.412484999999999991e-01 -2.145702500000000179e-01 -5.606249999999999428e-02
6.207705000000000028e-01 -1.202515000000000250e-01 -5.975950000000000012e-02
6.062517499999999782e-01 -2.278850000000000320e-02 -4.927700000000000136e-02
5.917584999999999651e-01 6.177449999999999608e-02 -4.233224999999999488e-02
5.826424999999999521e-01 6.766374999999999473e-02 -5.682450000000000001e-02
5.768140000000000489e-01 9.575474999999998571e-02 -3.671749999999999320e-02
5.770667500000000727e-01 1.152315000000000006e-01 -1.260074999999999910e-02
5.846354999999999746e-01 9.660475000000000312e-02 -1.715550000000000061e-02
5.572817500000000202e-01 8.390150000000000385e-02 -8.948074999999999779e-02
5.373774999999999524e-01 1.049794999999999895e-01 -9.956025000000000291e-02
5.349884999999999780e-01 1.251337500000000158e-01 -8.037575000000000969e-02
5.534400000000000430e-01 1.286577500000000152e-01 -4.434375000000000122e-02
5.658812500000000023e-01 1.240742499999999832e-01 -2.810225000000000223e-02
5.362397500000000150e-01 1.678420000000000190e-01 -2.082375000000000198e-02
5.369567499999999827e-01 1.849127500000000146e-01 1.364499999999999914e-02
5.429220000000000157e-01 1.886617500000000169e-01 3.246900000000000480e-02
5.474902500000000671e-01 1.831092500000000012e-01 3.056174999999999864e-02
5.554302500000000142e-01 1.689857499999999901e-01 1.857974999999999904e-02
5.177882499999999499e-01 1.643180000000000196e-01 -5.685574999999999657e-02
4.438375000000000514e-01 1.547555000000000180e-01 -1.589877499999999833e-01
3.543865000000000487e-01 1.666277500000000189e-01 -2.419352499999999906e-01
3.394895000000000551e-01 1.939415000000000444e-01 -2.118717499999999976e-01
5.177602500000000330e-01 2.296490000000000475e-01 7.965949999999999420e-02
5.180850000000000177e-01 2.167715000000000058e-01 4.953350000000000808e-02
4.285202500000000470e-01 2.174520000000000342e-01 -5.700374999999999193e-02
3.263505000000000433e-01 2.826190000000000091e-01 -2.593699999999999825e-02
3.281252500000000349e-01 3.419492500000000379e-01 1.168102499999999905e-01
3.536497500000000405e-01 3.415965000000000251e-01 1.467952500000000160e-01
3.657982500000000470e-01 3.392747500000000138e-01 1.559627500000000111e-01
3.721812500000000190e-01 3.378030000000000199e-01 1.601822500000000260e-01
3.874994999999999967e-01 3.322492499999999960e-01 1.655172500000000047e-01
4.319152499999999728e-01 3.114180000000000281e-01 1.697825000000000029e-01
4.661340000000000483e-01 2.927507500000000040e-01 1.668630000000000113e-01
4.712830000000000075e-01 2.878689999999999860e-01 1.615110000000000157e-01
2.387170000000000125e-01 1.852585000000000204e-01 -3.392390000000000128e-01
2.288857499999999989e-01 1.825855000000000117e-01 -3.492064999999999753e-01
1.176352499999999829e-01 2.045395000000000130e-01 -3.495834999999999915e-01
-1.217500000000000266e-03 2.289505000000000290e-01 -3.479260000000000130e-01
-3.291199999999999681e-02 2.390465000000000506e-01 -3.397609999999999797e-01
-9.125874999999999959e-02 2.590055000000000551e-01 -3.217727499999999963e-01
4.332024999999999071e-02 3.017632500000000384e-01 -1.720497499999999735e-01
2.213787500000000130e-01 3.309694999999999721e-01 -3.288449999999999707e-02
-3.553257499999999958e-01 3.111115000000000408e-01 -3.184524999999999717e-01
-3.977049999999999752e-01 3.261935000000000251e-01 -2.982462499999999905e-01
-4.299972499999999420e-01 3.387082499999999885e-01 -2.803804999999999770e-01
-4.344679999999999653e-01 3.433809999999999918e-01 -2.708089999999999664e-01
-4.273792499999999883e-01 3.479850000000000443e-01 -2.569837500000000108e-01
-4.130057500000000048e-01 3.525832500000000147e-01 -2.403859999999999886e-01
-3.904434999999999989e-01 3.587445000000000217e-01 -2.168842500000000006e-01
-3.672404999999999697e-01 3.633812500000000445e-01 -1.968179999999999930e-01
-3.395650000000000057e-01 3.651607499999999784e-01 -1.819394999999999762e-01
-2.666312499999999863e-01 3.669147500000000117e-01 -1.498172499999999852e-01
-1.203970000000000179e-01 3.674499999999999988e-01 -9.260875000000000357e-02
-1.235700000000000340e-02 3.656632500000000507e-01 -5.561075000000000046e-02
1.138399999999999482e-02 3.624904999999999933e-01 -5.419274999999999787e-02
-4.981312499999999144e-01 3.618300000000000405e-01 -2.449144999999999794e-01
-5.015374999999999694e-01 3.627462499999999923e-01 -2.413997499999999685e-01
-4.983155000000000223e-01 3.639697500000000363e-01 -2.396780000000000022e-01
-4.931142499999999762e-01 3.653432500000000083e-01 -2.383509999999999796e-01
-5.114589999999999970e-01 3.584220000000000184e-01 -2.466784999999999672e-01
-5.114987500000000020e-01 3.590260000000000118e-01 -2.453612499999999752e-01
-5.091927499999999718e-01 3.606115000000000292e-01 -2.429347499999999771e-01
-5.031729999999999814e-01 3.609852500000000353e-01 -2.447084999999999677e-01
-5.238397499999999374e-01 3.550200000000000022e-01 -2.421724999999999850e-01
-5.213487499999999164e-01 3.562985000000000180e-01 -2.421504999999999908e-01
-5.165539999999999576e-01 3.584384999999999932e-01 -2.428690000000000015e-01
-5.399844999999999784e-01 3.478380000000000360e-01 -2.367207499999999798e-01
-5.369015000000000315e-01 3.491549999999999931e-01 -2.380072500000000035e-01
-5.377497500000000263e-01 3.485754999999999826e-01 -2.380292500000000255e-01
-7.300787499999999985e-01 2.336872500000000130e-01 -1.547655000000000003e-01
-7.215867500000000545e-01 2.396782500000000371e-01 -1.596119999999999761e-01
-7.119484999999999841e-01 2.462762500000000299e-01 -1.655032499999999906e-01
-7.598920000000000119e-01 2.088737500000000247e-01 -1.369527499999999842e-01
-7.670527500000000609e-01 2.025140000000000273e-01 -1.319110000000000005e-01
-7.698320000000000718e-01 2.011300000000000310e-01 -1.286997500000000016e-01
-7.741957499999999603e-01 1.955437500000000162e-01 -1.261474999999999957e-01
-7.787324999999999386e-01 1.898277500000000173e-01 -1.222980000000000039e-01
-7.813609999999998612e-01 1.874262500000000164e-01 -1.189687499999999981e-01
-7.812147500000000688e-01 1.888170000000000126e-01 -1.176360000000000045e-01
-7.766859999999998765e-01 1.946400000000000075e-01 -1.213367500000000071e-01
-7.944887499999999658e-01 1.641835000000000100e-01 -1.045687500000000020e-01
-7.916572499999999790e-01 1.683169999999999944e-01 -1.088960000000000067e-01
-7.885544999999999360e-01 1.718465000000000131e-01 -1.140657500000000074e-01
-7.891572500000000323e-01 1.657045000000000046e-01 -1.153985000000000150e-01
-8.003800000000000914e-01 1.369425000000000225e-01 -1.008984999999999882e-01
-7.989229999999999388e-01 1.472592500000000082e-01 -1.004717500000000124e-01
-7.967445000000000777e-01 1.586279999999999912e-01 -1.013837500000000086e-01
-7.953242500000000659e-01 1.547127500000000100e-01 -1.063092500000000079e-01
-8.045145000000000213e-01 1.176585000000000131e-01 -8.559650000000000591e-02
-8.042917499999999720e-01 1.220462499999999811e-01 -8.781175000000000785e-02
-8.032687499999999758e-01 1.254100000000000215e-01 -9.156775000000001719e-02
-8.025842499999999990e-01 1.268420000000000103e-01 -9.376750000000000362e-02
-8.021552499999999863e-01 1.245664999999999828e-01 -9.393325000000000979e-02
-8.024592499999999573e-01 1.090585000000000027e-01 -8.680600000000000815e-02
-8.018667499999999615e-01 1.164829999999999893e-01 -9.126250000000001028e-02
-8.005922499999998942e-01 1.197732500000000117e-01 -9.541650000000000131e-02
-7.999924999999999953e-01 1.160152500000000003e-01 -9.509800000000000197e-02
-7.995999999999999774e-01 7.705249999999999599e-02 -6.361300000000001675e-02
-8.011005000000001042e-01 8.108049999999999979e-02 -6.492074999999999929e-02
-8.010165000000000202e-01 8.324199999999999655e-02 -6.772975000000000523e-02
-8.004800000000000804e-01 8.406224999999999115e-02 -6.999125000000000485e-02
-7.959574999999999845e-01 6.672549999999999315e-02 -5.871624999999999761e-02
-7.961200000000000498e-01 6.845074999999999077e-02 -6.043124999999999886e-02
-7.937984999999999625e-01 6.368449999999999112e-02 -5.893599999999999534e-02
-7.717312500000000908e-01 3.559924999999999895e-02 -5.176125000000000170e-02
-7.730197500000001165e-01 3.760724999999999485e-02 -5.315574999999999467e-02
-7.727480000000001015e-01 3.773674999999999946e-02 -5.393274999999999458e-02
-7.507314999999999960e-01 1.595424999999999968e-02 -5.438549999999999635e-02
-4.501182499999999975e-01 -2.094534999999999869e-01 -3.405849999999999850e-02
-3.406617499999999854e-01 -2.945729999999999738e-01 -1.330674999999999913e-02
-3.648764999999999925e-01 -2.913012500000000116e-01 9.047500000000001721e-03
-2.824072499999999986e-01 -3.134137499999999910e-01 -4.387075000000000002e-02
-2.015362499999999724e-01 -3.632124999999999937e-01 -2.350649999999999962e-02
-1.465054999999999830e-01 -4.039972499999999744e-01 6.697749999999999711e-03
6.839399999999999646e-02 -5.039450000000000873e-01 3.063624999999999682e-02
6.390750000000000597e-02 -5.020189999999999930e-01 2.841074999999999504e-02
8.306049999999999545e-02 -5.030014999999999903e-01 2.232224999999999834e-02
1.038344999999999824e-01 -5.061284999999999812e-01 2.015724999999999809e-02
1.335870000000000113e-01 -5.073060000000000347e-01 1.091000000000000129e-02
5.586630000000000207e-01 -4.945792499999999703e-01 -1.208032500000000148e-01
5.553292500000001075e-01 -4.963597499999999330e-01 -1.177792500000000159e-01
5.507087499999999691e-01 -4.982227499999999920e-01 -1.150485000000000119e-01
5.671247500000000663e-01 -4.875222499999999903e-01 -1.324232499999999924e-01
5.643110000000000070e-01 -4.902110000000000078e-01 -1.278384999999999938e-01
5.607075000000000253e-01 -4.919297499999999990e-01 -1.256812499999999944e-01
5.862100000000000088e-01 -4.736520000000000175e-01 -1.429502500000000009e-01
5.871009999999999840e-01 -4.756812499999999999e-01 -1.370655000000000068e-01
5.783675000000000344e-01 -4.810977500000000462e-01 -1.347747499999999987e-01
5.724847499999999867e-01 -4.834149999999999836e-01 -1.363862499999999867e-01
5.966922500000000351e-01 -4.635382499999999850e-01 -1.485799999999999899e-01
5.939057500000000100e-01 -4.689012499999999917e-01 -1.425167499999999976e-01
5.886485000000000190e-01 -4.705587499999999701e-01 -1.457297499999999912e-01
6.092742500000000172e-01 -4.599147499999999833e-01 -1.340854999999999964e-01
6.077007500000000118e-01 -4.577479999999999882e-01 -1.413327500000000070e-01
6.088020000000000653e-01 -4.536874999999999658e-01 -1.470672499999999827e-01
6.114900000000000890e-01 -4.518940000000000179e-01 -1.453337499999999838e-01
6.257242499999999819e-01 -4.440299999999999803e-01 -1.305790000000000006e-01
6.199692500000000273e-01 -4.465550000000000352e-01 -1.376234999999999820e-01
6.169225000000000403e-01 -4.463500000000000800e-01 -1.431372499999999937e-01
6.369787500000000380e-01 -4.361289999999999889e-01 -1.145777499999999921e-01
6.338664999999999994e-01 -4.383495000000000030e-01 -1.192720000000000030e-01
6.315782500000000077e-01 -4.386317499999999314e-01 -1.243539999999999923e-01
6.336939999999999795e-01 -4.352519999999999722e-01 -1.234212499999999962e-01
6.429162499999999669e-01 -4.252197499999999519e-01 -1.091982499999999828e-01
6.391817499999999930e-01 -4.283122499999999500e-01 -1.159157499999999980e-01
6.374332499999999513e-01 -4.283207499999999723e-01 -1.196772499999999989e-01
6.501857500000000067e-01 -4.132892499999999969e-01 -9.682050000000000378e-02
6.480012499999999731e-01 -4.172717499999999968e-01 -1.005714999999999942e-01
6.473887499999999573e-01 -4.161187499999999262e-01 -1.024912500000000060e-01
6.269562499999999927e-01 -1.852749999999999675e-01 -7.058850000000001235e-02
6.315699999999999648e-01 -2.390662499999999802e-01 -7.851999999999999258e-02
6.299857500000000110e-01 -2.462537499999999935e-01 -8.244800000000000739e-02
6.264067500000000122e-01 -2.540609999999999813e-01 -8.913625000000000020e-02
6.201857499999999801e-01 -2.631704999999999739e-01 -9.960475000000000578e-02
6.067244999999999999e-01 -2.673229999999999773e-01 -1.182240000000000096e-01
5.931049999999999933e-01 -2.663012499999999894e-01 -1.357084999999999819e-01
5.833125000000000115e-01 -2.580439999999999956e-01 -1.463299999999999879e-01
5.728742500000000293e-01 -2.452227499999999893e-01 -1.566097499999999920e-01
5.389742499999999881e-01 -1.959285000000000054e-01 -1.880104999999999693e-01
5.406782500000000269e-01 -4.017050000000000481e-02 -1.454132499999999939e-01
5.731625000000000192e-01 7.138124999999999332e-02 -7.416175000000001238e-02
4.246539999999999759e-01 -1.957785000000000220e-01 -3.261377500000000040e-01
4.066057499999999880e-01 -1.683917500000000067e-01 -3.383387500000000214e-01
3.910000000000000142e-01 -1.417394999999999905e-01 -3.479814999999999992e-01
3.656729999999999703e-01 -6.574800000000000089e-02 -3.536377499999999729e-01
3.541642499999999583e-01 -4.610000000000000382e-03 -3.480862499999999859e-01
3.583412500000000556e-01 -1.767250000000002326e-03 -3.424599999999999866e-01
4.361617500000000147e-01 -1.091524999999999787e-02 -2.565985000000000071e-01
5.247975000000000279e-01 -2.765024999999999775e-02 -1.607322499999999932e-01
3.803890000000000327e-01 1.192905000000000076e-01 -2.796037499999999842e-01
4.491205000000000336e-01 1.236334999999999934e-01 -1.938169999999999893e-01
2.560162500000000008e-01 1.216514999999999957e-01 -4.087302500000000172e-01
2.508932500000000121e-01 1.236980000000000024e-01 -4.111920000000000019e-01
2.736750000000000016e-01 1.241519999999999985e-01 -3.925987499999999963e-01
3.025685000000000180e-01 1.284385000000000110e-01 -3.654652500000000193e-01
2.792732500000000284e-01 1.284160000000000024e-01 -3.841332500000000372e-01
2.524715000000000154e-01 1.295537499999999953e-01 -4.042175000000000629e-01
2.474722500000000047e-01 1.428447500000000203e-01 -3.923007500000000314e-01
2.536140000000000061e-01 1.579447500000000226e-01 -3.693025000000000335e-01
2.177620000000000111e-01 1.416992499999999988e-01 -4.166909999999999781e-01
2.107667500000000027e-01 1.423515000000000197e-01 -4.180830000000000379e-01
1.878269999999999940e-01 1.498157500000000253e-01 -4.165822499999999873e-01
1.911327500000000179e-01 1.615905000000000258e-01 -4.021595000000000031e-01
1.358105000000000007e-01 1.648847499999999966e-01 -4.123560000000000003e-01
4.749424999999999480e-02 1.923672500000000174e-01 -3.994339999999999558e-01
-4.892287499999999900e-01 3.552935000000000398e-01 -2.569727500000000275e-01
-4.930459999999999843e-01 3.579215000000000035e-01 -2.525582499999999841e-01
-4.880042499999999728e-01 3.587662500000000088e-01 -2.527642499999999681e-01
-5.132472500000000437e-01 3.568997500000000156e-01 -2.479637499999999828e-01
-5.104769999999999586e-01 3.575457499999999955e-01 -2.480734999999999746e-01
-5.006797499999999790e-01 3.558954999999999758e-01 -2.529445000000000165e-01
-4.937300000000000022e-01 3.538827500000000237e-01 -2.573590000000000044e-01
-4.944319999999999826e-01 3.537949999999999706e-01 -2.572444999999999871e-01
-5.246879999999999322e-01 3.544404999999999917e-01 -2.421944999999999792e-01
-5.198749999999999760e-01 3.559747500000000064e-01 -2.442082499999999878e-01
-5.197247499999999576e-01 3.555875000000000008e-01 -2.447920000000000096e-01
-5.799742500000000245e-01 3.250947499999999879e-01 -2.260164999999999813e-01
-5.748064999999999980e-01 3.274735000000000285e-01 -2.282482499999999859e-01
-7.351729999999999654e-01 2.290937500000000127e-01 -1.524857500000000032e-01
-7.242529999999999246e-01 2.371560000000000334e-01 -1.591117499999999962e-01
-7.752499999999999947e-01 1.821992500000000070e-01 -1.294872499999999982e-01
-7.737082499999999863e-01 1.893362500000000392e-01 -1.290652499999999925e-01
-7.683197499999999680e-01 1.947977499999999917e-01 -1.335365000000000024e-01
-7.674424999999999164e-01 1.894942500000000030e-01 -1.361547499999999911e-01
-7.845729999999999649e-01 1.772067500000000240e-01 -1.190415000000000084e-01
-7.815779999999999950e-01 1.757857500000000184e-01 -1.233130000000000059e-01
-8.008807500000000301e-01 1.278567500000000190e-01 -9.808725000000000083e-02
-7.995827500000000088e-01 1.328162500000000246e-01 -1.010642500000000082e-01
-7.977750000000000119e-01 1.329222500000000196e-01 -1.034480000000000122e-01
-7.991847499999998883e-01 1.182327500000000114e-01 -9.751875000000000127e-02
-7.982287499999999314e-01 1.243722500000000036e-01 -1.004820000000000019e-01
-7.961647500000000877e-01 1.253337499999999938e-01 -1.031267500000000031e-01
-8.019447499999999840e-01 9.365249999999998576e-02 -7.624324999999999852e-02
-8.015164999999999651e-01 1.004057499999999881e-01 -8.216000000000001080e-02
-7.717820000000000791e-01 4.190199999999999481e-02 -5.938874999999999710e-02
-7.750675000000000203e-01 5.151649999999999285e-02 -6.445325000000000359e-02
-7.759032500000000443e-01 6.272324999999999429e-02 -7.275200000000001110e-02
-7.753400000000000292e-01 7.275900000000000423e-02 -8.123350000000000015e-02
-7.745322499999999222e-01 7.497650000000000148e-02 -8.365424999999999944e-02
-7.285607499999999792e-01 2.941700000000000217e-02 -8.398374999999999591e-02
-6.987039999999999917e-01 -1.630999999999999811e-02 -7.128450000000000064e-02
-3.918637499999999552e-01 -2.282942499999999764e-01 -6.462249999999999939e-02
-5.326015000000000610e-01 -1.329782499999999923e-01 -6.615300000000000347e-02
-5.276767500000000277e-01 -1.243867500000000043e-01 -8.038275000000000281e-02
-4.524617499999999959e-01 -1.433204999999999896e-01 -1.178949999999999998e-01
-3.030677500000000246e-01 -2.464857500000000035e-01 -1.138912499999999994e-01
1.128130000000000105e-01 -5.041790000000000438e-01 1.307500000000000155e-02
5.810725000000000612e-02 -4.874655000000000515e-01 1.073375000000000024e-02
-3.005199999999999885e-02 -4.322717500000000102e-01 -2.523300000000000196e-02
-8.639650000000000107e-02 -3.903222499999999817e-01 -5.582324999999999787e-02
-3.629374999999999962e-02 -3.944867499999999416e-01 -6.637300000000000144e-02
1.686557499999999932e-01 -4.408212499999999978e-01 -7.614924999999998778e-02
2.741740000000000288e-01 -4.961087499999999317e-01 -4.537474999999999148e-02
3.272972499999999840e-01 -4.966567499999999802e-01 -5.985999999999999654e-02
4.311065000000000591e-01 -4.882979999999999543e-01 -9.766350000000000031e-02
4.856700000000000461e-01 -4.943279999999999341e-01 -1.039495000000000002e-01
4.828000000000000069e-01 -4.972192499999999460e-01 -9.943775000000000530e-02
4.761350000000000304e-01 -5.017317500000000319e-01 -9.182900000000000784e-02
4.705815000000000414e-01 -5.043652499999999872e-01 -8.695724999999999982e-02
4.652747500000000702e-01 -5.055172500000000291e-01 -8.408025000000000915e-02
4.573002499999999637e-01 -5.065957500000000113e-01 -8.060750000000001247e-02
4.469387499999999958e-01 -5.072545000000000526e-01 -7.706300000000000650e-02
4.141947500000000559e-01 -5.084330000000000238e-01 -6.703900000000000137e-02
5.751890000000000613e-01 -4.780530000000000057e-01 -1.433092499999999714e-01
5.717512500000000442e-01 -4.822424999999999629e-01 -1.387407499999999683e-01
5.663912500000000128e-01 -4.863497499999999696e-01 -1.347777499999999740e-01
5.893209999999999837e-01 -4.611494999999999900e-01 -1.590792500000000054e-01
5.872102500000000447e-01 -4.659967500000000151e-01 -1.542014999999999914e-01
5.847717500000000346e-01 -4.690899999999999515e-01 -1.514220000000000010e-01
5.832177500000000903e-01 -4.692469999999999697e-01 -1.517172499999999979e-01
5.977935000000000887e-01 -4.594777499999999626e-01 -1.543144999999999933e-01
5.935960000000000125e-01 -4.602715000000000001e-01 -1.567230000000000012e-01
5.948087499999999972e-01 -4.567682499999999313e-01 -1.599479999999999791e-01
5.986070000000000002e-01 -4.554480000000000195e-01 -1.584895000000000054e-01
5.981575000000000086e-01 -4.524714999999999709e-01 -1.614094999999999835e-01
5.954182500000000378e-01 -4.505942500000000295e-01 -1.651037499999999936e-01
5.970212500000000588e-01 -4.472177500000000250e-01 -1.665229999999999766e-01
6.084432499999999910e-01 -4.516889999999999517e-01 -1.508474999999999955e-01
6.053560000000000052e-01 -4.529559999999999698e-01 -1.535309999999999730e-01
6.049064999999999026e-01 -4.499795000000000322e-01 -1.564509999999999790e-01
6.072299999999999365e-01 -4.471784999999999788e-01 -1.559099999999999930e-01
6.042792499999999345e-01 -4.419937500000000186e-01 -1.610992499999999994e-01
6.007157499999999928e-01 -4.414182499999999565e-01 -1.653344999999999954e-01
5.975885000000000780e-01 -4.373589999999999978e-01 -1.701359999999999817e-01
5.962672500000000264e-01 -4.320369999999999489e-01 -1.732654999999999890e-01
6.319455000000000489e-01 -4.352604999999999946e-01 -1.271827499999999833e-01
6.248934999999999906e-01 -4.399402499999999772e-01 -1.351600000000000024e-01
6.182882499999999837e-01 -4.420287500000000258e-01 -1.432269999999999932e-01
6.153374999999999817e-01 -4.368439999999999546e-01 -1.484162499999999718e-01
2.732605000000000173e-01 5.214199999999999391e-02 -4.105832500000000107e-01
2.903067500000000023e-01 6.096750000000000086e-02 -3.956884999999999986e-01
2.287137500000000212e-01 1.029857500000000009e-01 -4.324250000000000038e-01
2.256537499999999863e-01 1.101540000000000019e-01 -4.324807500000000249e-01
2.278132500000000227e-01 1.164432499999999981e-01 -4.295552499999999996e-01
2.372467500000000062e-01 1.148507499999999876e-01 -4.241679999999999340e-01
2.388647500000000146e-01 1.036590000000000011e-01 -4.260209999999999830e-01
2.274645000000000139e-01 1.260642500000000166e-01 -4.271592500000000459e-01
2.218742500000000228e-01 1.264370000000000216e-01 -4.303627500000000716e-01
2.211910000000000265e-01 1.271892500000000037e-01 -4.303202500000000152e-01
2.227612500000000217e-01 1.284082500000000016e-01 -4.286077500000000096e-01
2.158640000000000003e-01 1.270412499999999945e-01 -4.336142500000000344e-01
2.155745000000000300e-01 1.269859999999999878e-01 -4.337162499999999699e-01
2.103402500000000064e-01 1.289240000000000108e-01 -4.333052500000000307e-01
-4.544574999999999587e-01 3.433477500000000071e-01 -2.747292499999999804e-01
-4.518947500000000117e-01 3.436235000000000261e-01 -2.750444999999999696e-01
-4.427980000000000249e-01 3.372012500000000079e-01 -2.814789999999999792e-01
-4.118260000000000254e-01 3.276010000000000311e-01 -2.952507499999999507e-01
-3.668839999999999879e-01 3.127947500000000103e-01 -3.157722499999999766e-01
-5.658170000000000144e-01 3.332530000000000214e-01 -2.303812499999999819e-01
-5.529172500000000268e-01 3.399245000000000183e-01 -2.342052499999999760e-01
-5.397052500000000252e-01 3.454022500000000218e-01 -2.389542499999999792e-01
-5.332277500000000003e-01 3.467144999999999810e-01 -2.421260000000000079e-01
-7.046320000000000361e-01 2.157149999999999901e-01 -1.781327500000000064e-01
-7.081049999999999844e-01 2.286007500000000192e-01 -1.727229999999999877e-01
-7.042924999999999880e-01 2.317299999999999915e-01 -1.742679999999999785e-01
-6.617315000000000280e-01 2.578440000000000176e-01 -1.937594999999999734e-01
-6.196085000000000065e-01 2.823180000000000134e-01 -2.133992499999999848e-01
-6.285819999999999741e-01 2.546217500000000356e-01 -2.149334999999999996e-01
-7.608150000000000190e-01 2.014805000000000068e-01 -1.388717499999999883e-01
-7.563782500000000297e-01 2.059612500000000401e-01 -1.413550000000000084e-01
-7.458219999999999850e-01 2.136127500000000179e-01 -1.478817500000000063e-01
-7.314289999999999958e-01 2.087892499999999818e-01 -1.599174999999999902e-01
-7.957110000000001682e-01 1.338837500000000236e-01 -1.060927499999999996e-01
-7.946415000000001116e-01 1.401792500000000052e-01 -1.082077500000000053e-01
-7.919612500000000610e-01 1.468554999999999999e-01 -1.116370000000000140e-01
-7.863552500000000611e-01 1.547172500000000284e-01 -1.175550000000000067e-01
-7.800272499999999498e-01 1.611307500000000170e-01 -1.237292499999999990e-01
-7.837202500000000072e-01 1.444932500000000175e-01 -1.174747500000000028e-01
-7.381855000000000500e-01 1.452837500000000170e-01 -1.459192500000000003e-01
-7.320734999999999326e-01 1.637547500000000045e-01 -1.543700000000000072e-01
-7.109520000000000284e-01 1.710035000000000027e-01 -1.691825000000000134e-01
-6.841549999999999576e-01 1.779292499999999833e-01 -1.873977499999999741e-01
-6.476655000000000051e-01 6.272750000000003150e-03 -1.226722499999999966e-01
-6.918045000000000444e-01 5.470099999999999962e-02 -1.253060000000000007e-01
-6.881105000000000693e-01 5.819274999999999448e-02 -1.297182499999999794e-01
-6.425757500000000011e-01 5.898324999999999402e-02 -1.581627499999999908e-01
-5.411979999999999569e-01 3.281424999999999620e-02 -2.043419999999999681e-01
-2.529649999999999954e-01 -2.506502499999999634e-01 -1.244409999999999961e-01
-3.430142499999999650e-01 -1.244352500000000111e-01 -1.790362499999999801e-01
-2.996059999999999834e-01 -6.676574999999999871e-02 -2.254864999999999786e-01
-1.645524999999999904e-01 -5.845600000000000795e-02 -2.649374999999999925e-01
7.473624999999999019e-02 -1.269882499999999692e-01 -2.837167499999999620e-01
2.282230000000000092e-01 -1.969737500000000030e-01 -2.797812499999999813e-01
2.462095000000000256e-01 -2.242114999999999803e-01 -2.676312499999999872e-01
5.745117499999999877e-01 -4.108035000000000436e-01 -1.953684999999999727e-01
5.788362500000000521e-01 -4.202134999999999621e-01 -1.890372499999999900e-01
5.803500000000000325e-01 -4.304445000000000077e-01 -1.814982499999999721e-01
5.767125000000000723e-01 -4.411307500000000159e-01 -1.725502499999999884e-01
5.686837500000000434e-01 -4.499367499999999409e-01 -1.641422499999999896e-01
5.097289999999999877e-01 -4.482860000000000178e-01 -1.532877500000000004e-01
3.004014999999999880e-01 -4.013572500000000542e-01 -1.462587499999999929e-01
3.060862500000000042e-01 -3.088917499999999650e-01 -2.183787499999999826e-01
4.845307500000000100e-01 -2.804587499999999789e-01 -2.768852499999999717e-01
5.907847499999999696e-01 -4.444530000000000425e-01 -1.723759999999999737e-01
5.915927500000000006e-01 -4.487595000000000334e-01 -1.689054999999999862e-01
5.905337499999999684e-01 -4.519569999999999976e-01 -1.666697500000000054e-01
5.895512500000000822e-01 -4.532845000000000346e-01 -1.658532500000000076e-01
5.898729999999999807e-01 -4.395472500000000005e-01 -1.759479999999999933e-01
5.881847500000000339e-01 -4.349502500000000382e-01 -1.791999999999999982e-01
5.933702499999999880e-01 -4.454382499999999800e-01 -1.702462499999999879e-01
5.924584999999999990e-01 -4.405324999999999935e-01 -1.738182500000000075e-01
5.929822500000000440e-01 -4.382527499999999132e-01 -1.748964999999999825e-01
5.710137499999999866e-01 -4.037729999999999930e-01 -1.994982499999999881e-01
5.916609999999999925e-01 -4.329307499999999753e-01 -1.780259999999999898e-01
5.894490000000000007e-01 -4.306135000000000379e-01 -1.801997499999999919e-01
5.849499999999999700e-01 -4.236247499999999944e-01 -1.850887499999999686e-01
5.814520000000000799e-01 -4.165942499999999993e-01 -1.892184999999999839e-01
2.199924999999999797e-01 1.195252500000000134e-01 -4.333902500000000324e-01
2.163710000000000078e-01 1.261204999999999965e-01 -4.337587500000000262e-01
2.165472499999999967e-01 1.262890000000000124e-01 -4.336567499999999797e-01
-3.067412499999999653e-01 2.896410000000000373e-01 -3.379152500000000003e-01
-3.064534999999999898e-01 2.924590000000000245e-01 -3.367974999999999719e-01
-2.948952499999999977e-01 2.907757500000000550e-01 -3.394777499999999670e-01
-2.077129999999999810e-01 2.330035000000000023e-01 -3.728724999999999956e-01
-2.661470000000000224e-01 2.357305000000000095e-01 -3.592427499999999996e-01
-2.773820000000000174e-01 2.594124999999999903e-01 -3.514614999999999823e-01
-2.368362499999999982e-01 2.679987500000000078e-01 -3.585837499999999789e-01
-5.104132499999999295e-01 2.659252500000000019e-01 -2.658197500000000213e-01
-4.962720000000000464e-01 2.960002500000000203e-01 -2.665172499999999833e-01
-4.732387499999999858e-01 3.067685000000000550e-01 -2.742104999999999682e-01
-4.441629999999999745e-01 3.152157500000000168e-01 -2.848047499999999954e-01
-3.925289999999999613e-01 2.986219999999999986e-01 -3.090392499999999876e-01
-3.472870000000000124e-01 2.810547500000000198e-01 -3.307930000000000037e-01
-3.845205000000000428e-01 1.244569999999999843e-01 -3.035387499999999683e-01
-4.858777499999999971e-01 1.349400000000000044e-01 -2.633537499999999976e-01
-5.543464999999999643e-01 1.865057499999999979e-01 -2.438404999999999878e-01
-5.407712500000000366e-01 2.232060000000000155e-01 -2.557602499999999668e-01
-4.226024999999999920e-01 2.345095000000000096e-01 -3.066464999999999885e-01
2.216174999999999742e-02 1.238552500000000001e-01 -4.015357499999999691e-01
-1.288499999999999923e-01 1.153242500000000031e-01 -3.659819999999999740e-01
-2.085832499999999978e-01 1.671567500000000206e-01 -3.597642499999999521e-01
-1.438574999999999993e-01 2.116129999999999955e-01 -3.840952499999999437e-01
2.171367499999999895e-01 -4.860499999999999543e-02 -3.680377499999999968e-01
1.288597499999999951e-01 2.845825000000000438e-02 -3.848122500000000223e-01
2.307457500000000272e-01 3.835824999999999652e-02 -4.063937499999999425e-01
2.748645000000000116e-01 3.063474999999999879e-02 -4.107642499999999974e-01
2.781870000000000176e-01 2.689375000000000099e-02 -4.097847499999999754e-01
3.125827500000000203e-01 -2.462324999999999930e-02 -3.943470000000000031e-01
3.706234999999999946e-01 -1.185905000000000015e-01 -3.641022500000000162e-01
2.152557499999999957e-01 1.264379999999999948e-01 -4.341387499999999622e-01
-7.502999999999999253e-03 1.953877499999999989e-01 -4.089992499999999809e-01
-7.723750000000000060e-02 2.128302499999999986e-01 -3.975222499999999104e-01
-1.410929999999999962e-01 2.342207500000000053e-01 -3.862994999999999624e-01
2.100214999999999721e-01 1.283760000000000179e-01 -4.337277500000000230e-01
2.137417500000000081e-01 1.217692499999999817e-01 -4.333477499999999760e-01
2.178037500000000182e-01 1.143967500000000054e-01 -4.329120000000000190e-01
2.182587500000000014e-01 1.132352499999999956e-01 -4.328190000000000093e-01
1.757392500000000135e-01 1.189599999999999963e-01 -4.279747500000000149e-01
1.147369999999999918e-01 1.434500000000000219e-01 -4.231677500000000092e-01
9.818549999999999500e-02 1.619327500000000142e-01 -4.234220000000000206e-01
1.325047500000000045e-01 1.531100000000000239e-01 -4.267787500000000400e-01
2.291687500000000322e-01 1.018242499999999912e-01 -4.323319999999999941e-01
-5.576727499999999393e-01 -1.470597499999999891e-01 1.162212499999999843e-01
-4.657127500000000087e-01 -2.162027499999999991e-01 8.196874999999999301e-02
-3.475687499999999819e-01 -3.045952499999999841e-01 6.696674999999999156e-02
-3.038562499999999944e-01 -3.366097499999999854e-01 1.071379999999999971e-01
