2.108537500000000064e-01 4.793325000000000363e-02 4.079522500000000718e-01
1.998504999999999865e-01 5.615524999999999683e-02 4.083185000000000286e-01
1.781647499999999829e-01 3.681700000000000250e-02 4.137194999999999623e-01
1.619392499999999790e-01 1.702100000000000141e-02 4.184617500000000212e-01
1.827157500000000101e-01 2.179425000000000112e-02 4.150980000000000225e-01
-1.155049999999999966e-01 -1.054527499999999979e-01 4.220432500000000364e-01
-1.884372500000000006e-01 -1.416169999999999929e-01 4.172027500000000111e-01
-3.599287500000000195e-01 -2.232110000000000205e-01 3.967765000000000319e-01
-3.631500000000000283e-01 -2.342625000000000124e-01 3.948974999999999569e-01
9.880124999999999325e-02 -1.169500000000000053e-02 4.250165000000000748e-01
8.312425000000001063e-02 -2.959349999999999828e-02 4.247239999999999904e-01
3.872670000000000279e-01 1.136459999999999970e-01 3.438315000000000121e-01
3.652249999999999663e-01 1.037792500000000034e-01 3.546545000000000392e-01
3.769710000000000005e-01 1.054282500000000011e-01 3.495062500000000183e-01
2.728617500000000140e-01 8.429325000000000012e-02 3.867667499999999925e-01
2.478437500000000293e-01 6.774499999999999966e-02 3.960297500000000137e-01
2.563910000000000355e-01 8.851399999999999546e-02 3.883642500000000775e-01
2.249294999999999767e-01 9.430349999999999844e-02 3.913642500000000246e-01
1.975827499999999737e-01 9.162899999999998824e-02 3.971640000000000170e-01
1.930230000000000001e-01 7.751324999999999188e-02 4.037932500000000480e-01
1.788529999999999842e-01 8.616249999999998910e-02 3.988910000000000511e-01
3.764224999999998822e-02 3.114549999999999610e-02 3.974519999999999720e-01
-6.546250000000000679e-02 -3.009950000000000125e-02 4.051305000000000045e-01
4.529499999999993601e-03 -3.133174999999999849e-02 4.176495000000000624e-01
6.225499999999999090e-02 -1.910725000000000270e-02 4.224900000000000877e-01
1.150267499999999832e-01 8.100999999999998827e-03 4.202742500000000159e-01
-2.096135000000000081e-01 -1.132680000000000076e-01 4.075405000000000277e-01
-2.440035000000000120e-01 -1.065672500000000161e-01 3.983835000000000015e-01
-2.966217500000000173e-01 -1.525512499999999994e-01 3.969050000000000078e-01
-3.403654999999999875e-01 -2.041472499999999746e-01 3.986547500000000022e-01
-3.045220000000000149e-01 -2.015460000000000029e-01 4.060627500000000834e-01
-4.706064999999999832e-01 -2.526397499999999963e-01 3.629740000000000189e-01
-4.733694999999999986e-01 -2.655140000000000278e-01 3.640384999999999871e-01
-4.369800000000000351e-01 -2.491055000000000075e-01 3.762962499999999988e-01
-3.957722500000000476e-01 -2.258122500000000199e-01 3.893685000000000618e-01
-5.318642499999999274e-01 -3.026825000000000210e-01 3.435500000000000220e-01
-5.474277499999999907e-01 -3.123275000000000357e-01 3.354484999999999828e-01
-5.308985000000000509e-01 -3.086107499999999892e-01 3.429327500000000084e-01
-5.133322500000000455e-01 -3.010815000000000574e-01 3.515007500000000285e-01
-4.385419999999999874e-01 -2.663497499999999962e-01 3.761669999999999736e-01
-4.729287500000000088e-01 -2.848740000000000161e-01 3.643757499999999983e-01
-4.427019999999999844e-01 -2.787385000000000002e-01 3.724790000000000600e-01
-4.831054999999999655e-01 -2.949460000000000415e-01 3.596040000000000347e-01
-4.712324999999999431e-01 -3.024804999999999855e-01 3.585202500000000403e-01
-4.567200000000000149e-01 -3.082410000000000427e-01 3.586242500000000333e-01
-4.473910000000000386e-01 -3.027004999999999835e-01 3.625197500000000295e-01
2.813100000000000322e-02 -5.680175000000000501e-02 4.272322500000000356e-01
-3.559299999999999964e-02 -9.009375000000001410e-02 4.243754999999999611e-01
-8.138824999999999532e-02 -1.169195000000000095e-01 4.211212500000000580e-01
7.162750000000002448e-03 -8.120049999999999490e-02 4.207237500000000074e-01
1.578662499999999858e-01 -1.466999999999999771e-03 4.160732500000000056e-01
1.214127500000000137e-01 -2.413875000000000048e-02 4.191445000000000309e-01
1.061547499999999922e-01 -4.274474999999999802e-02 4.183985000000000620e-01
1.184577500000000005e-01 -4.267474999999999741e-02 4.156725000000000003e-01
3.323949999999999960e-01 9.302224999999998689e-02 3.698927500000000479e-01
2.966327500000000006e-01 7.650150000000000006e-02 3.818715000000000304e-01
2.596427499999999777e-01 5.668975000000000403e-02 3.937940000000000329e-01
5.381817500000000143e-01 1.473462500000000119e-01 2.509522500000000433e-01
5.334384999999999266e-01 1.455195000000000238e-01 2.549675000000000136e-01
5.515867499999999035e-01 1.454670000000000130e-01 2.410527499999999823e-01
5.070697499999999858e-01 1.445637500000000186e-01 2.743495000000000239e-01
4.892524999999999791e-01 1.407319999999999960e-01 2.862640000000000184e-01
4.847334999999999838e-01 1.369002500000000011e-01 2.900132500000000557e-01
5.106884999999999897e-01 1.517389999999999850e-01 2.677404999999999924e-01
5.105592500000000200e-01 1.476442500000000047e-01 2.703342499999999982e-01
5.221215000000000162e-01 1.494185000000000096e-01 2.621454999999999758e-01
3.064780000000000282e-01 1.091485000000000094e-01 3.674240000000000284e-01
3.229487500000000066e-01 1.049277500000000002e-01 3.658264999999999989e-01
3.336930000000000174e-01 1.049002500000000004e-01 3.631107500000000377e-01
3.639452499999999979e-01 1.153669999999999973e-01 3.489899999999999669e-01
2.175994999999999735e-01 1.431677500000000103e-01 3.605677500000000202e-01
2.403864999999999752e-01 1.242170000000000080e-01 3.704240000000000310e-01
2.891524999999999790e-01 1.302780000000000049e-01 3.557467500000000005e-01
-4.017699999999999050e-02 2.658344999999999736e-01 2.192547499999999705e-01
-5.596749999999990621e-03 1.999647499999999967e-01 2.769082500000000224e-01
1.335897500000000071e-01 1.602484999999999882e-01 3.360007500000000147e-01
1.490807499999999841e-01 1.661727500000000080e-01 3.346399999999999930e-01
1.536405000000000132e-01 1.877979999999999927e-01 3.189839999999999898e-01
-1.015442500000000026e-01 8.010674999999999046e-02 3.345300000000000495e-01
-2.390390000000000015e-01 9.378299999999999137e-02 2.911630000000000051e-01
-2.482785000000000131e-01 -1.530999999999997857e-03 3.473380000000000356e-01
-3.467905000000000015e-01 -2.518799999999999858e-02 3.039709999999999912e-01
-4.505105000000000359e-01 -1.554234999999999922e-01 3.202519999999999811e-01
-4.414022500000000515e-01 -1.943622499999999864e-01 3.497534999999999950e-01
-3.830852500000000438e-01 -1.777505000000000057e-01 3.753610000000000002e-01
-5.758627499999999788e-01 -2.841270000000000184e-01 3.123285000000000089e-01
-5.693122499999999642e-01 -2.974907500000000260e-01 3.197494999999999643e-01
-5.506327500000000041e-01 -2.898082500000000450e-01 3.292650000000000299e-01
-5.289234999999999909e-01 -2.692515000000000325e-01 3.373665000000000136e-01
-5.965197500000000153e-01 -3.100347499999999701e-01 3.031867500000000049e-01
-5.861497500000000249e-01 -3.082902499999999879e-01 3.107852500000000129e-01
-5.851642499999999414e-01 -2.931819999999999982e-01 3.084350000000000147e-01
-5.957324999999999982e-01 -3.257992500000000402e-01 3.059965000000000046e-01
-6.014165000000000205e-01 -3.261972500000000497e-01 3.015532500000000504e-01
-6.010010000000000074e-01 -3.301872500000000432e-01 3.010517500000000068e-01
-5.770259999999999279e-01 -3.197920000000000207e-01 3.197977499999999917e-01
-5.830594999999999528e-01 -3.240547500000000025e-01 3.150089999999999835e-01
-5.770107500000000167e-01 -3.265730000000000577e-01 3.180825000000000458e-01
-5.678612499999999841e-01 -3.242727500000000540e-01 3.242852500000000249e-01
-5.784980000000000677e-01 -3.386287499999999784e-01 3.113002500000000006e-01
-5.892682500000000489e-01 -3.401005000000000278e-01 3.037835000000000396e-01
-5.934512499999999857e-01 -3.420180000000000442e-01 3.000377500000000475e-01
-5.840885000000000105e-01 -3.520885000000000264e-01 2.996032500000000431e-01
-5.513320000000000443e-01 -3.205560000000000076e-01 3.317695000000000505e-01
-5.536322500000000479e-01 -3.306492500000000057e-01 3.249872500000000053e-01
-5.218927500000000164e-01 -3.283542500000000142e-01 3.344687500000000369e-01
-5.073802500000000881e-01 -3.341147500000000159e-01 3.345727500000000298e-01
-5.405272500000000147e-01 -3.479520000000000390e-01 3.171400000000000330e-01
-5.417969999999999731e-01 -3.541927500000000006e-01 3.120900000000000341e-01
-5.277414999999999745e-01 -3.604134999999999978e-01 3.102062500000000722e-01
-4.993500000000000161e-01 -3.515885000000000260e-01 3.228155000000000330e-01
-1.221172499999999828e-01 -1.664552499999999990e-01 4.014242499999999825e-01
-1.492542500000000050e-01 -1.757937499999999986e-01 3.998380000000000267e-01
-1.872052500000000175e-01 -1.908274999999999832e-01 3.961052500000000198e-01
-2.384452500000000252e-01 -2.166592499999999977e-01 3.868189999999999684e-01
-2.836104999999999876e-01 -2.426109999999999933e-01 3.761917499999999914e-01
-3.009620000000000073e-01 -2.589625000000000399e-01 3.672122500000000178e-01
-1.737182500000000185e-01 -2.325427499999999925e-01 3.613227500000000258e-01
1.946575000000000388e-02 -8.113050000000000817e-02 4.179977500000000012e-01
-2.390374999999999445e-02 -1.299587499999999840e-01 3.990467499999999501e-01
3.671685000000000088e-01 9.692024999999999946e-02 3.533612500000000156e-01
3.154845000000000010e-01 7.485949999999999549e-02 3.715502500000000263e-01
2.657862500000000017e-01 5.153800000000000048e-02 3.877457500000000556e-01
2.409367500000000328e-01 2.827675000000000327e-02 3.887210000000000387e-01
2.786580000000000168e-01 2.645325000000000107e-02 3.644400000000000417e-01
4.737789999999999502e-01 1.319145000000000179e-01 2.973937500000000123e-01
4.537352500000000344e-01 1.289052499999999990e-01 3.089357500000000090e-01
4.220180000000000042e-01 1.173879999999999924e-01 3.254815000000000347e-01
4.122155000000000680e-01 1.088800000000000046e-01 3.293364999999999765e-01
5.492837499999999595e-01 1.410322499999999979e-01 2.423227500000000034e-01
5.197807500000000136e-01 1.372530000000000139e-01 2.641840000000000299e-01
5.088262500000000355e-01 1.322672500000000029e-01 2.715645000000000420e-01
6.921212500000000212e-01 1.567044999999999966e-01 7.736325000000000840e-02
6.826079999999999925e-01 1.559207499999999968e-01 8.996425000000000949e-02
6.644527500000000364e-01 1.532627500000000031e-01 1.143137500000000056e-01
6.553090000000000304e-01 1.507230000000000236e-01 1.268884999999999874e-01
6.738942500000000280e-01 1.499250000000000027e-01 1.028747500000000009e-01
6.279187499999999700e-01 1.520062500000000094e-01 1.608287499999999925e-01
6.115517499999999496e-01 1.530964999999999965e-01 1.791414999999999813e-01
6.023662499999999920e-01 1.527350000000000096e-01 1.897160000000000235e-01
5.987187499999999662e-01 1.506075000000000053e-01 1.945205000000000128e-01
6.152537500000000437e-01 1.489415000000000044e-01 1.761922499999999947e-01
6.370624999999999760e-01 1.545460000000000167e-01 1.482539999999999969e-01
5.615430000000000144e-01 1.520342500000000097e-01 2.297174999999999911e-01
5.429792500000000244e-01 1.507805000000000117e-01 2.455755000000000021e-01
5.590395000000000225e-01 1.487082500000000140e-01 2.343822499999999864e-01
5.432477500000000292e-01 1.820694999999999952e-01 2.090494999999999992e-01
5.370037500000000019e-01 1.705592499999999956e-01 2.278302499999999842e-01
5.420295000000000529e-01 1.552284999999999915e-01 2.421687499999999882e-01
5.651905000000000401e-01 1.541617500000000140e-01 2.249130000000000018e-01
4.893985000000000141e-01 1.448792500000000150e-01 2.836465000000000236e-01
4.946812500000000168e-01 1.632379999999999942e-01 2.611192500000000249e-01
4.892417500000000308e-01 1.802567499999999934e-01 2.433917499999999901e-01
4.689972499999999767e-01 1.850124999999999964e-01 2.441537499999999750e-01
3.849572500000000286e-01 1.680580000000000129e-01 2.891219999999999901e-01
3.520344999999999724e-01 1.398235000000000172e-01 3.313369999999999926e-01
4.074085000000000623e-01 1.285332500000000155e-01 3.272959999999999758e-01
4.307302499999999812e-01 1.268122500000000152e-01 3.221375000000000210e-01
1.855062499999999837e-01 2.657939999999999747e-01 2.180557499999999649e-01
2.353292499999999898e-01 2.220934999999999993e-01 2.620917500000000122e-01
2.992882499999999779e-01 1.774632499999999891e-01 3.036754999999999871e-01
-1.356989999999999863e-01 3.918094999999999772e-01 3.874699999999999672e-02
-1.569167499999999937e-01 3.715907499999999697e-01 5.959649999999999670e-02
-5.642775000000001262e-02 3.288367499999999555e-01 1.413642499999999969e-01
4.130224999999999869e-02 3.015074999999999839e-01 2.023142500000000010e-01
4.155050000000000410e-02 3.020169999999999799e-01 2.017147499999999705e-01
-2.401070000000000149e-01 2.805099999999999816e-01 1.415234999999999965e-01
-1.379070000000000018e-01 2.931637500000000007e-01 1.583047499999999941e-01
-2.966212499999999475e-01 4.011449999999999738e-01 -4.322424999999999878e-02
-3.521697500000000036e-01 3.460594999999999644e-01 -2.170500000000000207e-02
-3.727269999999999750e-01 3.113124999999999920e-01 3.457499999999999636e-03
-3.121189999999999798e-01 3.083562499999999984e-01 5.549674999999999747e-02
-2.469210000000000016e-01 3.483639999999999515e-01 5.975574999999999637e-02
-3.053049999999999931e-01 2.405022500000000008e-01 1.372644999999999837e-01
-3.973162499999999819e-01 1.582077499999999803e-01 1.294887500000000136e-01
-4.288477499999999720e-01 2.737124999999998587e-02 2.089525000000000132e-01
-3.375509999999999899e-01 7.012599999999998002e-02 2.477959999999999885e-01
-5.401979999999999560e-01 -5.866099999999999787e-02 1.843955000000000177e-01
-5.710822500000000135e-01 -1.326097499999999985e-01 2.065832499999999960e-01
-5.918480000000000407e-01 -2.081874999999999976e-01 2.421917500000000112e-01
-5.903355000000000130e-01 -2.316762500000000002e-01 2.627984999999999904e-01
-5.804805000000000659e-01 -2.364502500000000007e-01 2.784210000000000296e-01
-5.702602500000000241e-01 -2.336864999999999915e-01 2.884490000000000109e-01
-5.609587499999999505e-01 -2.246314999999999840e-01 2.923425000000000051e-01
-6.151429999999999954e-01 -3.013202500000000117e-01 2.812207500000000193e-01
-6.113094999999999501e-01 -3.117325000000000235e-01 2.887665000000000370e-01
-6.098507499999999970e-01 -3.113345000000000140e-01 2.903070000000000372e-01
-6.057545000000000845e-01 -2.976902500000000451e-01 2.908085000000000253e-01
-6.170479999999999299e-01 -3.118050000000000543e-01 2.816100000000000270e-01
-6.189667500000000100e-01 -3.226355000000000195e-01 2.819170000000000287e-01
-6.158624999999999794e-01 -3.253115000000000312e-01 2.866562500000000013e-01
-6.209547499999999998e-01 -3.261655000000000526e-01 2.800155000000000283e-01
-6.205202499999999954e-01 -3.300505000000000244e-01 2.795745000000000036e-01
-6.178489999999999815e-01 -3.331122500000000541e-01 2.822620000000000129e-01
-6.067962499999999260e-01 -3.280670000000000530e-01 2.967015000000000069e-01
-6.091477499999999878e-01 -3.284852500000000064e-01 2.938950000000000173e-01
-6.115687499999999943e-01 -3.324010000000000020e-01 2.899417500000000536e-01
-6.089569999999999705e-01 -3.363222499999999893e-01 2.917197499999999999e-01
-6.049237499999999823e-01 -3.364442500000000003e-01 2.962775000000000269e-01
-6.152372499999999578e-01 -3.370335000000000414e-01 2.840400000000000147e-01
-6.186785000000000201e-01 -3.411640000000000228e-01 2.766137500000000471e-01
-6.200634999999999897e-01 -3.451120000000000299e-01 2.717962500000000170e-01
-6.130292499999999700e-01 -3.557374999999999843e-01 2.717175000000000007e-01
-5.955610000000000070e-01 -3.465147500000000380e-01 2.958430000000000226e-01
-5.960012500000000379e-01 -3.611487500000000184e-01 2.837802500000000117e-01
-5.956547500000000106e-01 -3.763860000000000539e-01 2.718649999999999678e-01
-5.877962500000000201e-01 -3.772910000000000430e-01 2.774294999999999956e-01
-5.779400000000000093e-01 -3.738682500000000131e-01 2.880550000000000055e-01
-5.977685000000000359e-01 -3.890520000000000089e-01 2.577149999999999719e-01
-5.955685000000000562e-01 -3.986697500000000449e-01 2.479569999999999552e-01
-5.865860000000000518e-01 -4.068032500000000051e-01 2.454042499999999627e-01
-5.797879999999999701e-01 -4.097865000000001090e-01 2.472714999999999774e-01
-5.638845000000000107e-01 -3.800890000000000102e-01 2.861712500000000436e-01
-5.647427499999999601e-01 -3.961127500000000690e-01 2.676550000000000318e-01
-5.510582499999999717e-01 -4.052907499999999774e-01 2.613762500000000322e-01
-5.661034999999999817e-01 -4.189645000000000175e-01 2.409927499999999501e-01
-5.619990000000000263e-01 -4.295075000000000420e-01 2.283167499999999850e-01
-5.536664999999999504e-01 -4.421907500000000213e-01 2.139477500000000199e-01
-5.455725000000000158e-01 -4.465327499999999783e-01 2.103874999999999773e-01
-3.917990000000000084e-01 -3.907130000000000325e-01 2.454144999999999799e-01
-4.088502499999999706e-01 -4.121387500000000537e-01 2.219120000000000259e-01
-4.114277499999999810e-01 -4.393182499999999657e-01 1.871595000000000064e-01
-4.038192500000000185e-01 -4.637792500000000318e-01 1.533090000000000008e-01
-3.837535000000000251e-01 -4.771265000000000644e-01 1.307129999999999959e-01
-3.711692500000000061e-01 -4.843525000000000191e-01 1.180337500000000067e-01
-3.488519999999999954e-01 -4.819245000000000334e-01 1.154122499999999940e-01
-2.412469999999999892e-01 -4.624747500000000455e-01 1.128652500000000003e-01
-3.201472499999999943e-01 -2.762807500000000194e-01 3.566302500000000375e-01
-3.340940000000000021e-01 -2.893249999999999988e-01 3.460274999999999879e-01
-2.265430000000000221e-01 -3.284495000000000053e-01 2.686264999999999903e-01
-8.268999999999999961e-02 -3.374955000000000038e-01 2.144097499999999823e-01
3.346470000000000278e-01 -3.407499999999992566e-04 2.981969999999999898e-01
2.727752500000000246e-01 -2.111899999999999888e-02 3.228232500000000060e-01
2.159442500000000043e-01 -7.297499999999999820e-02 3.061975000000000113e-01
1.618582499999999813e-01 -1.240372500000000017e-01 2.883255000000000123e-01
1.538749999999999840e-01 -1.842489999999999684e-01 2.226050000000000251e-01
1.682364999999999833e-01 -2.356069999999999831e-01 1.496077500000000116e-01
5.796382500000000215e-01 9.433450000000000168e-02 1.852767499999999901e-01
5.444240000000000190e-01 9.757875000000000576e-02 2.160514999999999797e-01
4.859930000000000083e-01 8.570875000000000021e-02 2.533097500000000557e-01
4.289690000000000447e-01 4.860400000000000137e-02 2.692490000000000161e-01
4.849580000000000002e-01 2.180999999999999953e-02 2.030059999999999920e-01
6.486252499999999310e-01 9.888324999999999199e-02 1.090862500000000096e-01
6.189782499999999521e-01 9.912824999999998721e-02 1.447867499999999918e-01
6.012754999999999628e-01 6.680274999999999408e-02 1.401204999999999812e-01
6.041657499999999459e-01 3.643949999999999967e-02 1.123627499999999974e-01
6.165509999999999602e-01 1.411455000000000071e-01 1.724805000000000088e-01
5.962587499999999485e-01 1.407392500000000102e-01 1.954734999999999945e-01
5.935492500000000282e-01 1.393247499999999972e-01 1.981287499999999924e-01
5.912462500000000842e-01 1.348900000000000099e-01 1.993987500000000135e-01
5.973410000000000108e-01 1.266599999999999948e-01 1.899430000000000007e-01
6.718437499999999618e-01 1.411647500000000333e-01 1.035380000000000050e-01
6.522115000000000551e-01 1.409255000000000091e-01 1.290612499999999885e-01
6.535087499999999716e-01 1.331295000000000117e-01 1.253495000000000026e-01
6.675734999999999308e-01 1.232400000000000023e-01 1.044562500000000005e-01
7.305764999999999620e-01 1.588680000000000092e-01 -1.043425000000000082e-02
7.254880000000000217e-01 1.652247500000000036e-01 -5.802500000000000366e-04
7.202782500000000088e-01 1.584125000000000116e-01 1.460249999999999916e-02
7.131969999999999699e-01 1.581182500000000157e-01 3.158525000000000221e-02
7.135732500000000478e-01 1.649315000000000087e-01 2.785624999999999907e-02
7.053740000000000565e-01 1.608610000000000040e-01 4.725724999999999371e-02
6.985215000000000174e-01 1.537535000000000152e-01 6.505850000000000521e-02
7.245765000000000677e-01 1.728995000000000115e-01 -2.024249999999999574e-03
7.237477500000000230e-01 1.754777500000000157e-01 -3.173249999999998988e-03
7.188532499999999992e-01 1.748147499999999910e-01 9.226750000000000576e-03
7.148484999999999978e-01 1.722375000000000156e-01 2.182950000000000168e-02
7.114197500000000174e-01 1.733477500000000227e-01 2.697374999999999773e-02
7.037442499999999601e-01 1.689927499999999971e-01 4.530524999999999830e-02
6.989737500000000603e-01 1.638120000000000132e-01 5.956199999999999689e-02
7.220814999999999317e-01 1.852020000000000055e-01 -1.650574999999999959e-02
7.153444999999999387e-01 1.837157500000000110e-01 -5.710000000000003267e-04
7.125424999999999676e-01 1.775837500000000124e-01 1.674099999999999894e-02
7.154245000000000188e-01 1.759249999999999980e-01 1.437100000000000009e-02
7.008467499999999628e-01 1.708500000000000296e-01 4.747249999999999387e-02
6.431439999999999380e-01 1.763495000000000201e-01 1.047190000000000065e-01
6.038282499999999553e-01 1.687680000000000013e-01 1.633427500000000088e-01
6.299307499999999838e-01 1.565525000000000111e-01 1.542932499999999929e-01
6.552177499999999322e-01 1.572040000000000104e-01 1.239045000000000146e-01
5.825635000000000119e-01 1.896509999999999863e-01 1.504257499999999692e-01
6.430682500000000079e-01 1.902835000000000221e-01 7.586725000000001107e-02
6.454242500000000327e-01 1.966562500000000047e-01 5.791999999999999926e-02
5.626387499999999653e-01 2.396867500000000040e-01 5.590749999999999886e-02
4.911515000000000186e-01 2.433565000000000034e-01 1.335317499999999769e-01
4.743312499999999821e-01 2.860685000000000033e-01 5.109000000000000347e-02
4.362662499999999666e-01 3.052630000000000066e-01 2.606025000000000008e-02
3.988107499999999916e-01 3.229099999999999748e-01 4.102749999999997024e-03
2.870300000000000074e-01 3.037849999999999717e-01 9.316900000000000182e-02
1.895495000000000096e-01 2.743412499999999810e-01 1.983302499999999580e-01
3.335052499999999753e-01 2.381182500000000035e-01 2.146712499999999524e-01
3.913550000000000362e-02 4.278107499999999619e-01 -9.412374999999999214e-02
-2.464499999999994039e-03 4.258109999999999395e-01 -7.338875000000000259e-02
-2.006999999999994466e-03 4.174304999999999821e-01 -5.333125000000000365e-02
6.251874999999999793e-02 3.790087499999999499e-01 1.475399999999999802e-02
-2.061247499999999677e-01 4.636979999999999991e-01 -1.093212499999999948e-01
-2.279617500000000185e-01 4.605302499999999744e-01 -1.100232500000000030e-01
-2.423279999999999879e-01 4.573114999999999264e-01 -1.077454999999999941e-01
-2.095962499999999840e-01 4.506142499999999940e-01 -7.906074999999999908e-02
-2.433405000000000151e-01 4.455905000000000005e-01 -8.088249999999999607e-02
-2.411969999999999947e-01 4.362219999999999431e-01 -5.978950000000000237e-02
-2.312202499999999605e-01 4.280464999999999964e-01 -3.791025000000000644e-02
-2.002247500000000069e-01 4.302312500000000095e-01 -2.933825000000000321e-02
-2.861110000000000042e-01 4.576754999999999574e-01 -1.344570000000000209e-01
-2.966457500000000413e-01 4.525827499999999781e-01 -1.351090000000000069e-01
-3.063735000000000208e-01 4.471620000000000039e-01 -1.340085000000000026e-01
-2.923862500000000142e-01 4.472572499999999396e-01 -1.173447499999999977e-01
-2.760722500000000190e-01 4.522877499999999329e-01 -1.095672499999999910e-01
-3.110424999999999995e-01 4.393892499999999535e-01 -1.223189999999999972e-01
-3.242367499999999625e-01 4.239259999999999695e-01 -1.108079999999999898e-01
-3.382497500000000157e-01 3.981952500000000006e-01 -8.246299999999999464e-02
-3.065979999999999817e-01 4.093204999999999205e-01 -6.510349999999999471e-02
-3.744429999999999703e-01 3.737809999999999744e-01 -8.651524999999998800e-02
-4.045042500000000096e-01 3.337999999999999856e-01 -6.729274999999998452e-02
-4.280992499999999867e-01 2.956224999999999548e-01 -3.903525000000000050e-02
-4.219347500000000251e-01 2.916432499999999650e-01 -1.937900000000000039e-02
-4.424919999999999964e-01 2.568962499999999927e-01 5.783499999999998711e-03
-4.779757500000000325e-01 1.896722500000000144e-01 2.212100000000000177e-02
-5.112292499999999684e-01 1.094324999999999881e-01 5.738175000000000220e-02
-5.179627500000000273e-01 7.522174999999999001e-02 8.530775000000000163e-02
-5.086665000000000214e-01 7.217549999999998966e-02 1.049317500000000042e-01
-5.691389999999999505e-01 -3.149774999999999797e-02 1.149512500000000187e-01
-5.858717500000000244e-01 -8.408250000000000446e-02 1.387934999999999863e-01
-5.972172500000000328e-01 -1.315927500000000083e-01 1.692754999999999954e-01
-6.020725000000000104e-01 -1.560029999999999750e-01 1.872449999999999948e-01
-6.249354999999999771e-01 -2.934964999999999935e-01 2.610275000000000234e-01
-6.218949999999999756e-01 -2.933867499999999739e-01 2.675279999999999880e-01
-6.199900000000000411e-01 -2.829019999999999868e-01 2.671387500000000359e-01
-6.299084999999999823e-01 -3.224517500000000370e-01 2.607570000000000165e-01
-6.274412499999999504e-01 -3.222110000000000252e-01 2.666212500000000318e-01
-6.264417500000000194e-01 -3.215345000000000009e-01 2.687757500000000355e-01
-6.258934999999999915e-01 -3.184227500000000322e-01 2.689097500000000029e-01
-6.270152500000000240e-01 -3.077020000000000310e-01 2.621022500000000366e-01
-6.310802500000000093e-01 -3.297800000000000176e-01 2.591849999999999987e-01
-6.308857500000000229e-01 -3.364320000000000088e-01 2.571107499999999990e-01
-6.297967500000000163e-01 -3.410440000000000693e-01 2.579762500000000180e-01
-6.249204999999999899e-01 -3.307270000000000487e-01 2.729877500000000290e-01
-6.268377499999999714e-01 -3.376005000000000256e-01 2.659147500000000330e-01
-6.268599999999999728e-01 -3.445520000000000249e-01 2.628895000000000537e-01
-6.298190000000000177e-01 -3.479955000000000132e-01 2.549510000000000387e-01
-6.306269999999999376e-01 -3.566157500000000646e-01 2.426270000000000093e-01
-6.302927500000000682e-01 -3.673055000000000070e-01 2.305109999999999937e-01
-6.270877499999999438e-01 -3.741405000000000425e-01 2.298534999999999606e-01
-6.258480000000000709e-01 -3.639552500000000079e-01 2.450904999999999612e-01
-6.188137500000000513e-01 -3.745807500000000179e-01 2.450117500000000004e-01
-6.173007499999999537e-01 -3.902904999999999847e-01 2.294532499999999697e-01
-6.114235000000000086e-01 -3.925312499999999427e-01 2.370384999999999853e-01
-6.056270000000000264e-01 -3.881470000000000198e-01 2.521504999999999996e-01
-6.154982500000000245e-01 -4.042005000000000181e-01 2.117819999999999703e-01
-6.140645000000000131e-01 -4.106650000000000023e-01 2.020337499999999842e-01
-6.046494999999999509e-01 -4.201060000000000350e-01 2.019834999999999825e-01
-5.980867500000000003e-01 -4.188749999999999973e-01 2.170857499999999940e-01
-5.891042499999999960e-01 -4.270085000000000686e-01 2.145329999999999737e-01
-5.843565000000000564e-01 -4.400490000000000235e-01 1.974434999999999940e-01
-5.762477499999999475e-01 -4.429877500000000690e-01 2.017369999999999719e-01
-5.774685000000000512e-01 -4.526300000000000323e-01 1.830389999999999795e-01
-5.746392500000000458e-01 -4.555840000000000445e-01 1.794547499999999962e-01
-5.642252500000000115e-01 -4.617240000000000788e-01 1.774789999999999979e-01
-5.569410000000000194e-01 -4.627752500000000269e-01 1.837837499999999957e-01
-5.488469999999999738e-01 -4.671172499999999839e-01 1.802235000000000087e-01
-5.425834999999999964e-01 -4.741664999999999908e-01 1.677259999999999862e-01
-5.358384999999999954e-01 -4.787724999999999898e-01 1.606960000000000055e-01
-5.303582500000000310e-01 -4.786987500000000062e-01 1.632022499999999932e-01
-5.162069999999999714e-01 -4.911090000000000733e-01 1.406062499999999882e-01
-4.996117500000000211e-01 -4.975737500000000368e-01 1.313449999999999895e-01
-4.456694999999999962e-01 -5.168789999999999774e-01 7.831500000000000961e-02
-4.285849999999999937e-01 -5.212082499999999285e-01 6.133074999999999638e-02
-3.894097499999999989e-01 -5.236357499999999554e-01 4.049024999999999846e-02
-3.374774999999999858e-01 -5.243212499999999610e-01 1.897800000000000181e-02
-3.207577500000000081e-01 -5.222187500000000648e-01 1.766074999999999590e-02
-3.772202500000000347e-01 -5.113282499999999287e-01 6.554174999999999585e-02
-2.696152500000000285e-01 -4.918785000000000518e-01 6.299475000000000213e-02
-1.910857499999999987e-01 -4.996780000000000110e-01 1.256124999999999603e-02
-6.832850000000000035e-02 -3.888535000000000186e-01 1.414124999999999965e-01
-1.014349999999999974e-01 -4.134705000000000186e-01 1.230500000000000066e-01
-1.105319999999999914e-01 -4.402262499999999856e-01 7.062700000000000922e-02
-1.121982499999999994e-01 -4.652904999999999958e-01 1.324075000000000078e-02
-6.247375000000000150e-02 -4.488000000000000322e-01 -7.721249999999993743e-03
7.353374999999999495e-02 -3.854120000000000323e-01 -2.173049999999999288e-02
5.800865000000000604e-01 2.530724999999999988e-02 1.285342499999999888e-01
3.862519999999999842e-01 -1.015140000000000070e-01 1.332012499999999933e-01
2.818164999999999698e-01 -2.184029999999999860e-01 5.162100000000000022e-02
3.750647500000000023e-01 -2.063775000000000193e-01 -3.545524999999999372e-02
4.706650000000000000e-01 -1.352387499999999909e-01 -2.288124999999999187e-02
5.652012499999999884e-01 -5.444925000000000459e-02 7.637250000000005146e-03
6.455297500000000133e-01 8.282749999999998447e-03 -2.007099999999999856e-02
6.324329999999999119e-01 1.602749999999999661e-02 2.031524999999999997e-02
5.981157499999999461e-01 2.433249999999997915e-03 6.047199999999999798e-02
7.005232499999999307e-01 8.546074999999998811e-02 1.089124999999999989e-02
6.963404999999999179e-01 1.031692500000000040e-01 3.862650000000000111e-02
6.870782500000000015e-01 1.043832499999999969e-01 5.607149999999999634e-02
6.681300000000000017e-01 8.002649999999998653e-02 6.070149999999999851e-02
7.170590000000000019e-01 1.025587499999999902e-01 -7.335500000000000007e-03
7.147202500000000569e-01 1.043249999999999872e-01 3.404999999999996571e-04
7.076149999999999940e-01 1.033277499999999960e-01 1.597500000000000309e-02
7.023002499999999593e-01 8.755125000000001101e-02 9.519500000000000184e-03
7.098152500000000087e-01 1.283950000000000091e-01 3.229024999999999951e-02
7.023682500000000273e-01 1.390872499999999956e-01 5.290674999999999545e-02
6.963979999999999615e-01 1.385822499999999902e-01 6.554725000000000135e-02
6.943475000000000064e-01 1.298220000000000207e-01 6.621050000000000546e-02
7.276470000000000438e-01 1.308820000000000261e-01 -8.670499999999999388e-03
7.230309999999999793e-01 1.406730000000000202e-01 6.217250000000000554e-03
7.159497499999999404e-01 1.403787499999999966e-01 2.319999999999999840e-02
7.169205000000000716e-01 1.293922500000000142e-01 1.665574999999999695e-02
7.344460000000000433e-01 1.720195000000000196e-01 -4.934324999999999822e-02
7.339467499999999811e-01 1.647802500000000170e-01 -3.831249999999999933e-02
7.348527499999999435e-01 1.573807500000000137e-01 -3.779450000000000170e-02
7.325130000000000807e-01 1.684734999999999983e-01 -3.179074999999999956e-02
7.310710000000000264e-01 1.682774999999999965e-01 -2.248924999999999536e-02
7.301112499999999894e-01 1.667760000000000076e-01 -1.492924999999999808e-02
7.311070000000000624e-01 1.593392500000000156e-01 -1.378024999999999910e-02
7.322307500000000413e-01 1.527650000000000119e-01 -1.430074999999999923e-02
7.307817500000000077e-01 1.824232500000000090e-01 -4.742800000000000488e-02
7.320320000000000160e-01 1.792140000000000122e-01 -4.676550000000000151e-02
7.330590000000000162e-01 1.786107500000000126e-01 -5.328725000000000128e-02
7.298207500000000181e-01 1.788862499999999967e-01 -3.055125000000000202e-02
7.290007499999999752e-01 1.817307499999999965e-01 -3.380575000000000246e-02
7.277694999999999581e-01 1.808075000000000099e-01 -2.500650000000000095e-02
7.268010000000000304e-01 1.790397500000000253e-01 -1.534099999999999873e-02
7.273125000000000284e-01 1.915054999999999952e-01 -6.765749999999999542e-02
7.283399999999999874e-01 1.882092499999999946e-01 -5.572875000000000051e-02
7.299417499999999448e-01 1.853114999999999901e-01 -5.079075000000000256e-02
7.308085000000000830e-01 1.853650000000000020e-01 -5.800200000000000494e-02
7.230499999999999705e-01 1.869697500000000179e-01 -2.617125000000000007e-02
7.226795000000000302e-01 1.907907500000000089e-01 -3.990849999999999953e-02
7.178097500000000242e-01 1.954057500000000169e-01 -3.889400000000000496e-02
7.137992499999999962e-01 1.964712500000000139e-01 -2.716924999999999896e-02
7.235475000000000101e-01 1.971030000000000004e-01 -7.979499999999999094e-02
7.201832499999999415e-01 2.010707499999999925e-01 -9.080799999999998595e-02
7.107487500000000402e-01 2.106010000000000104e-01 -1.090064999999999923e-01
6.996385000000000520e-01 2.212232500000000102e-01 -1.256635000000000113e-01
7.071215000000000694e-01 2.106132500000000296e-01 -8.699349999999998750e-02
7.031110000000000415e-01 2.116787499999999989e-01 -7.526874999999999538e-02
6.907662500000000261e-01 2.261880000000000279e-01 -1.177714999999999873e-01
6.680222500000000396e-01 2.414260000000000017e-01 -1.366427500000000073e-01
6.435469999999999802e-01 2.571807499999999580e-01 -1.536245000000000249e-01
5.917280000000000317e-01 2.715684999999999905e-01 -9.149249999999999050e-02
5.458184999999999842e-01 2.823987499999999762e-01 -2.653425000000000228e-02
5.281302500000000233e-01 3.149179999999999757e-01 -1.648132499999999945e-01
4.392749999999999710e-01 3.527195000000000191e-01 -1.731757499999999894e-01
3.756339999999999679e-01 3.788377499999999731e-01 -1.711399999999999866e-01
3.805147500000000127e-01 3.710609999999999742e-01 -1.228489999999999860e-01
2.668439999999999701e-01 4.081442499999999862e-01 -1.913077499999999986e-01
1.846992499999999815e-01 4.209917500000000534e-01 -1.902790000000000037e-01
1.280642499999999906e-01 4.225967500000000210e-01 -1.437777500000000097e-01
2.154420000000000224e-01 4.015555000000000097e-01 -9.830524999999999680e-02
-5.973200000000000037e-02 4.614632499999999915e-01 -2.238987500000000075e-01
-9.563599999999999879e-02 4.626917500000000127e-01 -1.973250000000000004e-01
-1.116317499999999879e-01 4.611577499999999774e-01 -1.696782500000000027e-01
-1.007369999999999932e-01 4.567172499999999635e-01 -1.468440000000000023e-01
-4.824225000000000041e-02 4.488519999999999732e-01 -1.395962500000000051e-01
-2.429959999999999898e-01 4.676597499999999852e-01 -1.544955000000000078e-01
-2.351289999999999769e-01 4.672540000000000027e-01 -1.435465000000000213e-01
-2.170194999999999763e-01 4.681384999999999574e-01 -1.321555000000000091e-01
-2.607045000000000057e-01 4.636530000000000373e-01 -1.432865000000000111e-01
-2.688969999999999971e-01 4.616047500000000636e-01 -1.385457499999999953e-01
-2.651585000000000192e-01 4.605040000000000244e-01 -1.278567500000000190e-01
-2.937599999999999656e-01 4.583944999999999825e-01 -1.555355000000000210e-01
-2.957112499999999811e-01 4.570059999999999678e-01 -1.506667500000000159e-01
-2.898494999999999822e-01 4.587762500000000521e-01 -1.451459999999999972e-01
-3.054467499999999891e-01 4.529519999999999658e-01 -1.524062499999999931e-01
-3.101197500000000273e-01 4.496295000000000153e-01 -1.475375000000000159e-01
-3.170982500000000259e-01 4.471977499999999495e-01 -1.534242500000000120e-01
-3.179005000000000303e-01 4.466669999999999807e-01 -1.540980000000000127e-01
-3.274182500000000218e-01 4.394412499999999500e-01 -1.547132499999999966e-01
-3.317982499999999613e-01 4.350572499999999510e-01 -1.465852500000000003e-01
-3.250297500000000062e-01 4.392940000000000178e-01 -1.389827500000000160e-01
-3.400480000000000169e-01 4.295287499999999592e-01 -1.532212500000000033e-01
-3.409674999999999789e-01 4.286429999999999962e-01 -1.533552500000000263e-01
-3.514455000000000218e-01 4.163720000000000199e-01 -1.462164999999999992e-01
-3.646994999999999543e-01 3.982837499999999920e-01 -1.269690000000000263e-01
-3.604300000000000281e-01 3.995117499999999988e-01 -1.148602499999999971e-01
-3.855507499999999421e-01 3.759617499999999835e-01 -1.280922499999999908e-01
-4.086137499999999978e-01 3.424657499999999577e-01 -1.071279999999999871e-01
-4.292880000000000029e-01 3.107147499999999840e-01 -7.782424999999998372e-02
-4.320167500000000049e-01 3.054577499999999723e-01 -6.745724999999998250e-02
-4.556117499999999820e-01 2.672802499999999415e-01 -3.919974999999999848e-02
-4.805395000000000083e-01 2.128930000000000267e-01 -2.480424999999999991e-02
-5.091962500000000169e-01 1.422204999999999997e-01 1.321700000000000132e-02
-5.400690000000000213e-01 7.633124999999998939e-02 1.857750000000000373e-02
-5.600247499999999601e-01 1.706349999999999881e-02 5.712500000000000216e-02
-5.624055000000000026e-01 2.713000000000002736e-03 8.702525000000001232e-02
-6.249179999999999735e-01 -2.303194999999999826e-01 2.084612500000000146e-01
-6.275872500000000409e-01 -2.643515000000000170e-01 2.256392499999999857e-01
-6.266227500000000061e-01 -2.737285000000000412e-01 2.411062499999999942e-01
-6.245429999999999593e-01 -2.595230000000000037e-01 2.400314999999999810e-01
-6.363064999999999971e-01 -3.109842500000000176e-01 2.095994999999999664e-01
-6.347842499999999388e-01 -3.113830000000000209e-01 2.215614999999999946e-01
-6.329839999999999911e-01 -3.112047500000000300e-01 2.350577499999999820e-01
-6.321670000000000345e-01 -3.090057500000000235e-01 2.390649999999999997e-01
-6.309952500000000075e-01 -3.016775000000000428e-01 2.406370000000000176e-01
-6.362339999999999662e-01 -3.459192500000000114e-01 2.219602499999999978e-01
-6.334222499999999645e-01 -3.386310000000000153e-01 2.489527499999999727e-01
-6.337002499999999650e-01 -3.503722500000000517e-01 2.354564999999999853e-01
-6.335330000000000128e-01 -3.630975000000000175e-01 2.237862499999999921e-01
-6.329740000000000366e-01 -3.645885000000000375e-01 2.258239999999999970e-01
-6.312035000000000284e-01 -3.822010000000000685e-01 2.016987500000000100e-01
-6.273767500000000386e-01 -3.955230000000000135e-01 1.875067499999999998e-01
-6.259737499999999955e-01 -3.994722500000000287e-01 1.855524999999999813e-01
-6.286219999999999031e-01 -3.885677500000000451e-01 2.012317500000000148e-01
-6.254170000000000007e-01 -3.954027500000000250e-01 2.005742499999999817e-01
-6.212889999999999802e-01 -4.073072500000000651e-01 1.905547499999999950e-01
-6.213754999999999695e-01 -4.019597500000000601e-01 2.041967500000000102e-01
-6.210590000000000277e-01 -4.134654999999999858e-01 1.748754999999999893e-01
-6.205047499999999383e-01 -4.149955000000000171e-01 1.699519999999999920e-01
-6.162377500000000285e-01 -4.225035000000000318e-01 1.580837499999999951e-01
-6.106952500000000228e-01 -4.311475000000000724e-01 1.494232500000000075e-01
-6.086207500000000437e-01 -4.337272500000000086e-01 1.501787499999999997e-01
-6.133702500000000057e-01 -4.246702500000000824e-01 1.676564999999999861e-01
-6.039552500000000546e-01 -4.341112500000000041e-01 1.676062499999999844e-01
-5.920845000000000136e-01 -4.468849999999999767e-01 1.640104999999999758e-01
-5.855772499999999381e-01 -4.496912499999999868e-01 1.787455000000000016e-01
-5.966915000000000413e-01 -4.465855000000000241e-01 1.465327499999999894e-01
-5.952432500000000015e-01 -4.481415000000000259e-01 1.430012499999999964e-01
-5.820092500000000335e-01 -4.586457500000000187e-01 1.402252499999999957e-01
-5.741209999999999924e-01 -4.628500000000000392e-01 1.549075000000000035e-01
-5.637069999999999581e-01 -4.689900000000000735e-01 1.529317500000000052e-01
-5.579634999999999456e-01 -4.750525000000000442e-01 1.367154999999999898e-01
-5.482595000000000107e-01 -4.783552500000000651e-01 1.452050000000000007e-01
-5.505345000000000377e-01 -4.803415000000000323e-01 1.288064999999999904e-01
-5.442095000000000127e-01 -4.832084999999999853e-01 1.267339999999999856e-01
-5.242027500000000506e-01 -4.917210000000000192e-01 1.248437500000000172e-01
-5.107005000000000017e-01 -4.970755000000000590e-01 1.268412499999999887e-01
-5.216872499999999357e-01 -4.911827500000000568e-01 1.381000000000000005e-01
-4.927630000000000066e-01 -5.041959999999999775e-01 1.167427500000000201e-01
-4.792499999999999538e-01 -5.085807499999999148e-01 1.025722500000000176e-01
-4.638784999999999714e-01 -5.126004999999999034e-01 9.256375000000001407e-02
-4.713499999999999912e-01 -5.091844999999999288e-01 1.066597500000000115e-01
-4.282702500000000190e-01 -5.236804999999998822e-01 4.843224999999999614e-02
-4.381979999999999764e-01 -5.202949999999999520e-01 6.421900000000001218e-02
-2.665027500000000105e-01 -5.344114999999999283e-01 -3.637900000000000161e-02
-2.451620000000000188e-01 -5.334802499999999892e-01 -5.064550000000000302e-02
-2.245347500000000052e-01 -5.318207499999999532e-01 -5.866575000000000262e-02
-2.200380000000000114e-01 -5.275585000000000413e-01 -3.531975000000000392e-02
-2.098845000000000016e-01 -5.280015000000000125e-01 -4.826899999999999941e-02
-1.833187500000000025e-01 -5.260434999999999972e-01 -6.247325000000000100e-02
-1.689819999999999933e-01 -5.232272499999999216e-01 -5.902924999999999839e-02
-1.643989999999999896e-01 -5.243367499999999071e-01 -7.077599999999999170e-02
-1.528005000000000058e-01 -5.208085000000000075e-01 -8.148374999999999369e-02
-1.339307500000000151e-01 -5.146774999999998990e-01 -9.562450000000000117e-02
-1.106287499999999979e-01 -5.061472499999999375e-01 -1.050360000000000044e-01
-7.594125000000000181e-02 -4.924805000000000432e-01 -1.109195000000000042e-01
-6.561600000000000765e-02 -4.869155000000000011e-01 -1.001105000000000050e-01
7.039149999999998186e-02 -4.235275000000000567e-01 -1.141197499999999920e-01
9.663949999999998930e-02 -4.132952500000000584e-01 -1.303664999999999963e-01
1.804370000000000140e-01 -3.716497500000000564e-01 -1.358042500000000152e-01
2.489200000000000301e-01 -3.366557500000000314e-01 -1.352862499999999968e-01
2.608169999999999655e-01 -3.290292499999999953e-01 -1.271947499999999953e-01
2.708922500000000011e-01 -3.219167500000000293e-01 -1.169619999999999965e-01
3.305474999999999941e-01 -2.809692500000000037e-01 -1.251172500000000132e-01
3.850167500000000187e-01 -2.388347500000000123e-01 -1.224272500000000014e-01
4.211389999999999856e-01 -2.085489999999999844e-01 -1.020269999999999927e-01
4.496617499999999712e-01 -1.843917499999999932e-01 -8.398774999999999991e-02
5.441980000000000706e-01 -1.036022500000000207e-01 -5.346925000000000289e-02
5.756252499999999772e-01 -7.225775000000000947e-02 -5.379824999999999885e-02
6.206857499999999250e-01 -2.466400000000000536e-02 -4.371300000000000185e-02
6.352697499999999664e-01 -6.870750000000000121e-03 -3.093549999999999772e-02
6.783087500000000158e-01 3.853675000000000156e-02 -3.362774999999999792e-02
6.920007500000000533e-01 5.710674999999999779e-02 -2.919974999999999654e-02
6.939962499999999812e-01 6.126474999999999976e-02 -1.970700000000000229e-02
6.911120000000000596e-01 5.853724999999999901e-02 -1.342174999999999965e-02
6.893349999999999200e-01 5.644674999999999693e-02 -1.204999999999999995e-02
7.170784999999999521e-01 9.833324999999999705e-02 -1.797125000000000111e-02
7.116839999999999833e-01 8.966800000000001158e-02 -1.290649999999999957e-02
7.261909999999999199e-01 1.181307499999999927e-01 -1.975575000000000248e-02
7.245852499999999585e-01 1.160175000000000095e-01 -1.362624999999999947e-02
7.232787499999999703e-01 1.130557499999999965e-01 -1.295874999999999978e-02
7.216432499999999584e-01 1.075042499999999818e-01 -1.852974999999999761e-02
7.318670000000000453e-01 1.459312500000000123e-01 -1.837074999999999819e-02
7.317002500000000520e-01 1.456932500000000241e-01 -1.755525000000000141e-02
7.300652499999999989e-01 1.356642500000000140e-01 -1.726024999999999782e-02
7.294194999999999984e-01 1.266327500000000161e-01 -2.221599999999999964e-02
7.342817499999999553e-01 1.488937500000000191e-01 -3.364525000000000154e-02
7.330119999999999969e-01 1.486605000000000010e-01 -2.423324999999999785e-02
7.326482500000000009e-01 1.418267500000000014e-01 -2.830325000000000202e-02
7.311892500000000128e-01 1.795350000000000001e-01 -7.382849999999999135e-02
7.313835000000000752e-01 1.794352500000000183e-01 -7.245224999999999582e-02
7.323837500000000000e-01 1.758902499999999980e-01 -6.839999999999998859e-02
7.337707500000000271e-01 1.692990000000000050e-01 -6.445599999999998553e-02
7.334224999999999772e-01 1.662090000000000234e-01 -7.019074999999998232e-02
7.225475000000000092e-01 1.920767500000000183e-01 -1.160732500000000028e-01
7.254389999999999450e-01 1.898757499999999820e-01 -1.000184999999999963e-01
7.281839999999999424e-01 1.814112499999999961e-01 -9.115125000000000310e-02
7.229792499999999622e-01 1.967399999999999982e-01 -9.817449999999998400e-02
7.267442499999999805e-01 1.911424999999999930e-01 -8.603700000000000236e-02
7.284442500000000154e-01 1.879994999999999861e-01 -8.269574999999999843e-02
7.075719999999999787e-01 2.130757499999999804e-01 -1.388770000000000004e-01
7.134369999999999878e-01 2.079880000000000062e-01 -1.219527499999999987e-01
7.157562499999999828e-01 2.031804999999999861e-01 -1.226269999999999999e-01
7.164555000000000229e-01 1.998399999999999899e-01 -1.278122499999999884e-01
7.004074999999999607e-01 2.220557500000000239e-01 -1.431914999999999993e-01
7.039769999999999639e-01 2.176132500000000081e-01 -1.419172500000000225e-01
6.892972499999999725e-01 2.326780000000000237e-01 -1.598485000000000045e-01
6.813744999999999941e-01 2.366250000000000020e-01 -1.756787500000000224e-01
6.689557500000000712e-01 2.446997500000000214e-01 -1.929742499999999861e-01
6.638175000000000603e-01 2.490262500000000045e-01 -1.962055000000000049e-01
6.708672500000000261e-01 2.458015000000000339e-01 -1.809767499999999918e-01
6.494592500000000435e-01 2.593719999999999914e-01 -2.049507499999999871e-01
6.366270000000000540e-01 2.689977499999999799e-01 -2.067037499999999917e-01
6.127829999999999666e-01 2.822247499999999687e-01 -2.350942500000000046e-01
5.851442500000000324e-01 2.932115000000000138e-01 -2.511039999999999939e-01
5.471632499999999899e-01 3.106869999999999910e-01 -2.608077499999999493e-01
5.425995000000000124e-01 3.154779999999999807e-01 -2.480577499999999935e-01
5.799492499999999717e-01 3.005302499999999988e-01 -2.269452500000000150e-01
4.766544999999999810e-01 3.416552499999999659e-01 -2.770874999999999866e-01
4.443804999999999561e-01 3.542437500000000239e-01 -2.836314999999999809e-01
4.192634999999999557e-01 3.661487499999999673e-01 -2.710349999999999704e-01
4.000319999999999987e-01 3.764139999999999708e-01 -2.517409999999999926e-01
2.979317499999999952e-01 4.061439999999999495e-01 -2.653619999999999868e-01
2.078472500000000112e-01 4.195327500000000098e-01 -2.709122499999999656e-01
1.753242500000000148e-01 4.271635000000000293e-01 -2.552554999999999685e-01
2.619632499999999808e-01 4.159210000000000407e-01 -2.395987499999999992e-01
5.340674999999999589e-02 4.430202500000000043e-01 -2.720049999999999968e-01
9.805999999999995276e-03 4.490694999999999548e-01 -2.696572499999999595e-01
-1.469300000000000467e-02 4.549032500000000367e-01 -2.498432500000000167e-01
3.340199999999999420e-02 4.504589999999999983e-01 -2.355055000000000065e-01
-2.097799999999999943e-01 4.680654999999999677e-01 -1.851494999999999946e-01
-2.088907499999999862e-01 4.700782499999999753e-01 -1.707512499999999933e-01
-2.753982499999999556e-01 4.569782499999999748e-01 -1.921145000000000214e-01
-2.739042500000000158e-01 4.590342500000000325e-01 -1.806272499999999892e-01
-2.714590000000000058e-01 4.611974999999999825e-01 -1.694137500000000018e-01
-2.631467499999999848e-01 4.626374999999999793e-01 -1.686337499999999989e-01
-2.528587500000000210e-01 4.642257499999999926e-01 -1.688937500000000091e-01
-2.356385000000000007e-01 4.646314999999999751e-01 -1.835519999999999929e-01
-3.082822499999999799e-01 4.509930000000000327e-01 -1.687265000000000292e-01
-3.050944999999999907e-01 4.524347499999999966e-01 -1.677085000000000103e-01
-2.962052500000000310e-01 4.562312500000000326e-01 -1.667490000000000083e-01
-3.129925000000000068e-01 4.460137499999999866e-01 -1.821072500000000260e-01
-3.094959999999999933e-01 4.499342499999999800e-01 -1.710460000000000036e-01
-3.014035000000000464e-01 4.523557500000000009e-01 -1.798462500000000130e-01
-2.939677500000000276e-01 4.541199999999999681e-01 -1.903154999999999986e-01
-3.238757500000000178e-01 4.402967499999999590e-01 -1.825142500000000167e-01
-3.301142499999999980e-01 4.368080000000000296e-01 -1.722022500000000289e-01
-3.356680000000000219e-01 4.339127500000000137e-01 -1.613492500000000274e-01
-3.349262499999999809e-01 4.302137500000000059e-01 -1.876780000000000115e-01
-3.455967500000000081e-01 4.183819999999999761e-01 -1.923007499999999925e-01
-3.547992500000000105e-01 4.092387499999999845e-01 -1.920644999999999991e-01
-3.506019999999999692e-01 4.172894999999999799e-01 -1.767227500000000118e-01
-3.614874999999999616e-01 4.017899999999999805e-01 -1.860252500000000031e-01
-3.727042499999999592e-01 3.908214999999999884e-01 -1.637810000000000099e-01
-3.722967500000000096e-01 3.940499999999999559e-01 -1.473397500000000193e-01
-4.320675000000000487e-01 3.006744999999999557e-01 -1.173004999999999881e-01
-4.094119999999999981e-01 3.309420000000000139e-01 -1.547060000000000102e-01
-4.188407499999999839e-01 3.061969999999999970e-01 -1.711472500000000008e-01
-4.527417499999999428e-01 2.689234999999999265e-01 -8.799674999999999858e-02
-4.780577499999999480e-01 2.102084999999999926e-01 -7.964399999999999258e-02
-5.089712499999999862e-01 1.480172499999999891e-01 -3.640324999999999811e-02
-5.185382500000000894e-01 1.296420000000000072e-01 -1.999349999999999739e-02
-5.114122500000000127e-01 1.470037500000000164e-01 -1.944374999999999576e-02
-5.627592500000000442e-01 1.651775000000000118e-02 3.497700000000000115e-02
-5.781137499999999818e-01 -8.097700000000000731e-02 3.442725000000000646e-02
-5.973277499999999351e-01 -1.891594999999999804e-01 4.755650000000000155e-02
-6.010867500000000030e-01 -1.585999999999999910e-01 1.018487500000000018e-01
-6.133720000000000283e-01 -2.469952499999999718e-01 9.858475000000001265e-02
-6.196702499999999780e-01 -2.693687500000000457e-01 1.240512500000000157e-01
-6.243717500000000031e-01 -2.696235000000000159e-01 1.595082499999999903e-01
-6.257039999999999269e-01 -2.470489999999999908e-01 1.922027500000000055e-01
-6.200627499999999959e-01 -2.059092500000000159e-01 1.904917499999999875e-01
-6.289804999999999424e-01 -3.687482499999999996e-01 1.665677499999999867e-01
-6.317625000000000046e-01 -3.582457500000000294e-01 1.771967499999999862e-01
-6.334520000000000151e-01 -3.455205000000000082e-01 1.773037500000000100e-01
-6.349742499999999623e-01 -3.335587500000000150e-01 1.769050000000000067e-01
-6.251537499999999525e-01 -3.820702500000000557e-01 1.523757499999999765e-01
-6.247565000000000479e-01 -3.593512500000000109e-01 1.271489999999999843e-01
-6.195195000000000007e-01 -3.896540000000000559e-01 1.243864999999999971e-01
-6.149352499999999333e-01 -4.203900000000000969e-01 1.261782499999999918e-01
-6.182149999999999590e-01 -4.180307500000000620e-01 1.445272499999999960e-01
-6.135559999999999903e-01 -4.254717499999999819e-01 1.291364999999999874e-01
-6.130585000000000617e-01 -4.289445000000000063e-01 1.370332499999999953e-01
-6.102762499999999646e-01 -4.278310000000000168e-01 1.107874999999999971e-01
-6.094515000000000349e-01 -4.283492499999999592e-01 1.078877499999999906e-01
-6.064915000000000722e-01 -4.323155000000000192e-01 1.030319999999999986e-01
-6.034607499999999902e-01 -4.368407500000000554e-01 9.928425000000000444e-02
-6.032592499999999136e-01 -4.384837500000000055e-01 1.025712500000000027e-01
-6.075160000000000560e-01 -4.375884999999999914e-01 1.283727500000000077e-01
-6.045964999999999812e-01 -4.395465000000000066e-01 1.171155000000000113e-01
-6.011014999999999553e-01 -4.433847499999999942e-01 1.127485000000000015e-01
-6.004982500000000112e-01 -4.455625000000000280e-01 1.212297500000000111e-01
-5.997642499999999988e-01 -4.423220000000000485e-01 9.820425000000000681e-02
-5.925764999999999505e-01 -4.458560000000000301e-01 8.365725000000000244e-02
-5.833645000000000636e-01 -4.522402500000000103e-01 7.239725000000001021e-02
-5.811712500000000281e-01 -4.550082500000000030e-01 7.468525000000000857e-02
-5.872642500000000432e-01 -4.560667500000000207e-01 1.184537500000000104e-01
-5.784865000000000146e-01 -4.601910000000000167e-01 9.771349999999999481e-02
-5.650924999999999976e-01 -4.708962500000000162e-01 1.011107500000000131e-01
-5.602384999999999726e-01 -4.770387500000000114e-01 1.203170000000000073e-01
-5.677772500000000111e-01 -4.657135000000000025e-01 7.808250000000001301e-02
-5.609159999999999702e-01 -4.668295000000000083e-01 6.577500000000000013e-02
-5.440997499999999931e-01 -4.726432500000000148e-01 5.153175000000000117e-02
-5.135707499999999648e-01 -4.873817500000000025e-01 4.730800000000000283e-02
-5.194775000000000365e-01 -4.908825000000000549e-01 8.097300000000000331e-02
-4.994707499999999634e-01 -4.993949999999999778e-01 7.908275000000000721e-02
-4.621072499999999694e-01 -5.104410000000000336e-01 4.190725000000000700e-02
-4.492109999999999714e-01 -5.167207499999999509e-01 4.977700000000000180e-02
-4.595592499999999747e-01 -5.154139999999999278e-01 7.477950000000001263e-02
-4.179220000000000157e-01 -5.249872500000000164e-01 2.342974999999999919e-02
-4.110609999999999542e-01 -5.224557499999998855e-01 5.857499999999994655e-04
-3.803082500000000143e-01 -5.250462499999999366e-01 -1.381125000000000061e-02
-3.554327499999999640e-01 -5.285214999999999774e-01 -1.674450000000000244e-02
-3.772847500000000021e-01 -5.289534999999999654e-01 7.835250000000000201e-03
-3.318635000000000335e-01 -5.313809999999999922e-01 -1.925149999999999778e-02
-3.184350000000000236e-01 -5.337259999999999227e-01 -1.486674999999999802e-02
-2.076847500000000013e-01 -5.300322499999999826e-01 -8.129774999999998808e-02
-1.972862499999999963e-01 -5.273225000000000273e-01 -9.148249999999999438e-02
-1.874862499999999932e-01 -5.271294999999999176e-01 -8.314974999999999450e-02
-1.787357499999999988e-01 -5.271529999999999827e-01 -7.421999999999999431e-02
-1.795897499999999924e-01 -5.243862499999999427e-01 -9.511249999999998872e-02
-1.592407499999999865e-01 -5.208814999999999973e-01 -9.689049999999999052e-02
-3.499825000000000158e-02 -4.779762500000000469e-01 -1.399557500000000176e-01
-1.574549999999999908e-02 -4.690042499999999559e-01 -1.483227500000000310e-01
8.174249999999999225e-03 -4.583392500000000314e-01 -1.546752500000000141e-01
2.132200000000000067e-02 -4.526037500000000824e-01 -1.571057500000000162e-01
2.721275000000000083e-02 -4.507755000000000511e-01 -1.519729999999999970e-01
4.222249999999999615e-02 -4.430690000000000461e-01 -1.631512499999999977e-01
9.846425000000000316e-02 -4.143385000000000540e-01 -1.635320000000000107e-01
1.672520000000000118e-01 -3.803995000000000570e-01 -1.577915000000000012e-01
3.430522500000000030e-01 -2.689185000000000048e-01 -1.499409999999999910e-01
3.204722500000000140e-01 -2.880817500000000253e-01 -1.353499999999999981e-01
5.186197499999999350e-01 -1.235760000000000053e-01 -1.019962499999999966e-01
5.796305000000000485e-01 -6.608575000000001254e-02 -8.797900000000000165e-02
5.958729999999999860e-01 -5.429149999999999948e-02 -7.026874999999999094e-02
6.452579999999999982e-01 4.244999999999993136e-04 -6.924574999999999481e-02
6.664115000000000455e-01 2.655375000000000096e-02 -6.047949999999999854e-02
6.721285000000000176e-01 3.251749999999999780e-02 -5.141725000000000462e-02
6.637247499999999745e-01 2.074349999999999805e-02 -4.640525000000000205e-02
7.060014999999999485e-01 8.351725000000000121e-02 -4.634400000000000325e-02
7.158544999999999492e-01 9.948424999999999629e-02 -3.746250000000000274e-02
7.132234999999998992e-01 9.073749999999998483e-02 -2.802249999999999880e-02
7.086587500000000039e-01 8.156650000000000011e-02 -2.746400000000000230e-02
7.309397499999999992e-01 1.354995000000000227e-01 -5.018800000000000344e-02
7.317402499999999810e-01 1.360760000000000025e-01 -4.547450000000000103e-02
7.312254999999999727e-01 1.336392500000000150e-01 -4.132500000000000062e-02
7.297142500000000087e-01 1.284742500000000121e-01 -3.605325000000000196e-02
7.264857500000000412e-01 1.199722499999999886e-01 -3.359300000000000480e-02
7.316194999999999782e-01 1.653485000000000094e-01 -8.168299999999999172e-02
7.324457500000000065e-01 1.562725000000000086e-01 -6.739024999999999876e-02
7.318292499999999867e-01 1.472090000000000065e-01 -6.221974999999999728e-02
7.342487500000000056e-01 1.571329999999999949e-01 -5.589799999999999630e-02
7.350037499999999557e-01 1.529837500000000017e-01 -4.601400000000000629e-02
7.344327499999999675e-01 1.444967500000000071e-01 -4.186475000000000612e-02
6.980337500000000084e-01 2.077847499999999903e-01 -1.698822499999999847e-01
7.066032500000000161e-01 2.005387500000000156e-01 -1.519642499999999952e-01
7.126952500000000024e-01 1.927755000000000163e-01 -1.402252499999999957e-01
7.066630000000000411e-01 1.923947500000000310e-01 -1.549342500000000233e-01
6.678379999999999317e-01 2.160932500000000145e-01 -2.320037499999999808e-01
6.781525000000000469e-01 2.144162500000000304e-01 -2.105100000000000027e-01
6.859437499999999632e-01 2.054915000000000214e-01 -1.975550000000000084e-01
6.798597499999999849e-01 1.990464999999999873e-01 -2.134175000000000100e-01
6.771604999999999430e-01 2.308187499999999892e-01 -1.968030000000000057e-01
6.886527500000000357e-01 2.224292500000000228e-01 -1.796985000000000110e-01
6.922477499999999395e-01 2.178917500000000229e-01 -1.766582499999999889e-01
6.902424999999999811e-01 2.167094999999999994e-01 -1.828372500000000067e-01
6.413502500000000106e-01 2.475255000000000372e-01 -2.446192500000000103e-01
6.563087499999999963e-01 2.414537500000000503e-01 -2.257402500000000034e-01
6.608569999999999167e-01 2.311847500000000222e-01 -2.297462500000000130e-01
6.600294999999999357e-01 2.232900000000000162e-01 -2.403145000000000142e-01
6.110272500000000218e-01 2.774464999999999848e-01 -2.522162499999999752e-01
6.266720000000000068e-01 2.685937500000000200e-01 -2.390545000000000031e-01
6.393177500000000180e-01 2.594859999999999944e-01 -2.321987500000000093e-01
6.294975000000000431e-01 2.612312499999999704e-01 -2.478464999999999974e-01
5.612399999999999611e-01 2.895094999999999752e-01 -2.919904999999999862e-01
5.519947499999999785e-01 2.988359999999999905e-01 -2.865372499999999656e-01
5.808290000000000397e-01 2.883219999999999672e-01 -2.713802499999999340e-01
6.053760000000000252e-01 2.742244999999999822e-01 -2.673897499999999816e-01
5.039440000000000586e-01 3.206654999999999922e-01 -3.007852499999999485e-01
4.794509999999999605e-01 3.299129999999999563e-01 -3.084454999999999836e-01
4.658720000000000083e-01 3.391502499999999864e-01 -3.029509999999999703e-01
4.812182499999999585e-01 3.368642500000000317e-01 -2.898374999999999702e-01
2.953115000000000046e-01 3.881602499999999845e-01 -3.106372499999999759e-01
2.626155000000000017e-01 3.994077499999999503e-01 -3.004217499999999874e-01
3.171632500000000077e-01 3.958787500000000015e-01 -2.846560000000000201e-01
1.618502499999999733e-01 4.148562499999999820e-01 -3.082034999999999636e-01
1.039997500000000019e-01 4.246564999999999368e-01 -3.066637499999999572e-01
6.890250000000000541e-02 4.328434999999999921e-01 -3.003187500000000232e-01
6.086300000000000043e-02 4.352759999999999407e-01 -2.975205000000000211e-01
5.557649999999999396e-02 4.377624999999999433e-01 -2.935392499999999738e-01
8.592974999999999919e-02 4.353894999999999849e-01 -2.876617499999999938e-01
-1.510964999999999947e-01 4.552687499999999998e-01 -2.473752499999999910e-01
-1.704787500000000122e-01 4.616892499999999955e-01 -2.244634999999999825e-01
-1.446202500000000057e-01 4.651232499999999326e-01 -2.260609999999999842e-01
-1.078270000000000062e-01 4.659074999999999744e-01 -2.382365000000000177e-01
-2.643309999999999826e-01 4.306242499999999862e-01 -2.542927500000000118e-01
-2.647955000000000170e-01 4.311814999999999953e-01 -2.528940000000000077e-01
-2.627240000000000131e-01 4.401369999999999449e-01 -2.344957500000000028e-01
-2.598550000000000026e-01 4.489845000000000086e-01 -2.166720000000000035e-01
-2.412855000000000139e-01 4.518427499999999597e-01 -2.184710000000000263e-01
-1.948767499999999875e-01 4.493239999999999457e-01 -2.437737500000000113e-01
-3.217920000000000225e-01 4.270214999999999983e-01 -2.221497500000000069e-01
-3.206244999999999790e-01 4.305397500000000544e-01 -2.152217500000000172e-01
-3.185472500000000040e-01 4.337204999999999533e-01 -2.101920000000000177e-01
-3.076639999999999930e-01 4.394374999999999809e-01 -2.097849999999999993e-01
-3.328180000000000027e-01 4.064807500000000018e-01 -2.454622500000000207e-01
-3.335517499999999802e-01 4.066812500000000496e-01 -2.442662500000000181e-01
-3.320502499999999912e-01 4.132144999999999846e-01 -2.346895000000000231e-01
-3.206745000000000290e-01 4.203369999999999607e-01 -2.355182500000000123e-01
-3.106952499999999784e-01 4.206167499999999837e-01 -2.465815000000000090e-01
-3.409932499999999700e-01 4.179424999999999391e-01 -2.099477500000000163e-01
-3.422284999999999910e-01 4.108379999999999810e-01 -2.213209999999999900e-01
-3.516044999999999865e-01 4.024495000000000156e-01 -2.194075000000000053e-01
-3.436029999999999918e-01 4.042297499999999988e-01 -2.312895000000000090e-01
-3.502560000000000118e-01 3.938332499999999681e-01 -2.317982500000000112e-01
-3.589755000000000029e-01 3.812724999999999587e-01 -2.312327500000000147e-01
-3.864720000000000377e-01 3.579434999999999700e-01 -1.953277500000000222e-01
-3.804859999999999909e-01 3.646899999999999586e-01 -2.013670000000000182e-01
-3.802172499999999511e-01 3.646972499999999728e-01 -2.019950000000000079e-01
-3.809352500000000030e-01 3.539167499999999467e-01 -2.133115000000000150e-01
-3.830737499999999907e-01 3.408279999999999643e-01 -2.240480000000000249e-01
-3.955887500000000445e-01 3.231392499999999890e-01 -2.157482500000000025e-01
-4.129822499999999952e-01 3.008912499999999435e-01 -2.013930000000000164e-01
-4.934667499999999540e-01 1.203232499999999788e-01 -1.094932499999999864e-01
-4.602964999999999973e-01 1.802565000000000139e-01 -1.552515000000000145e-01
-4.471910000000000052e-01 1.966735000000000011e-01 -1.764412500000000217e-01
-4.533240000000000047e-01 1.592767499999999947e-01 -1.792535000000000378e-01
-5.574390000000000178e-01 -1.515259999999999663e-01 -6.660950000000000204e-02
-5.681129999999999791e-01 -1.691742499999999982e-01 -4.758849999999999886e-02
-5.531397500000000411e-01 -7.159524999999999917e-02 -4.642499999999999405e-02
-5.282182500000000003e-01 4.427474999999999467e-02 -6.228500000000000009e-02
-5.122360000000000246e-01 2.560774999999999857e-02 -1.080074999999999924e-01
-5.927032500000000148e-01 -2.570275000000000198e-01 -4.380249999999999595e-03
-5.974359999999999671e-01 -3.210040000000000115e-01 3.150850000000000178e-02
-6.052652499999999769e-01 -3.614852500000000357e-01 6.588850000000000262e-02
-6.106742499999999740e-01 -3.302309999999999968e-01 6.699650000000000050e-02
-6.096130000000000715e-01 -2.775547500000000167e-01 4.429249999999999854e-02
-5.904557499999999459e-01 -3.637682500000000152e-01 3.296174999999999800e-02
-5.834739999999999371e-01 -4.085370000000000390e-01 3.710324999999999734e-02
-5.805274999999999741e-01 -4.335042500000000909e-01 4.145299999999999679e-02
-5.838477499999999987e-01 -4.355525000000000646e-01 4.948049999999999671e-02
-5.956347499999999906e-01 -4.350670000000000370e-01 7.465500000000001302e-02
-5.926040000000000196e-01 -4.395922500000000732e-01 7.090725000000000500e-02
-5.839124999999999455e-01 -4.439987500000000531e-01 5.563074999999999964e-02
-5.850539999999999630e-01 -4.468062500000000159e-01 6.172600000000001003e-02
-5.727655000000000385e-01 -4.432285000000000807e-01 3.045624999999999721e-02
-5.656657499999999672e-01 -4.470965000000000633e-01 2.263699999999999740e-02
-5.758420000000000760e-01 -4.531904999999999961e-01 5.046600000000000391e-02
-5.676007499999999872e-01 -4.542510000000000159e-01 3.655150000000000066e-02
-5.605795000000000083e-01 -4.561357500000000065e-01 2.659774999999999640e-02
-5.597662500000000207e-01 -4.589592499999999853e-01 3.049274999999999902e-02
-5.470009999999999595e-01 -4.573107499999999881e-01 8.013999999999998555e-03
-5.234022500000000688e-01 -4.634075000000000277e-01 -8.734749999999999459e-03
-5.032059999999999311e-01 -4.721439999999999526e-01 -1.697500000000000397e-02
-5.158492499999999259e-01 -4.732097499999999846e-01 -4.992500000000005614e-04
-4.853202500000000086e-01 -4.879482500000000278e-01 -4.722999999999999768e-03
-4.466450000000000142e-01 -4.970505000000000062e-01 -2.985249999999999709e-02
-4.227285000000000070e-01 -5.098702499999999693e-01 -2.835100000000000120e-02
-4.299469999999999681e-01 -5.153147499999999326e-01 -6.732000000000000137e-03
-4.021580000000000155e-01 -5.077709999999999724e-01 -5.626550000000000301e-02
-3.609215000000000062e-01 -5.116532499999999484e-01 -6.556899999999998840e-02
-3.191350000000000020e-01 -5.169382499999999325e-01 -7.208749999999999880e-02
-3.368372499999999770e-01 -5.210909999999998599e-01 -5.556200000000000722e-02
-3.100114999999999954e-01 -5.309490000000000043e-01 -4.383125000000000215e-02
-2.922872499999999985e-01 -5.269112499999999422e-01 -6.035675000000000068e-02
-2.453570000000000195e-01 -5.262402499999999650e-01 -7.992124999999998536e-02
-2.283119999999999872e-01 -5.316917500000000185e-01 -7.327749999999999542e-02
-1.635697499999999860e-01 -5.192677499999999169e-01 -1.089959999999999957e-01
-1.553812500000000263e-01 -5.160190000000000055e-01 -1.137082499999999968e-01
-1.375777499999999987e-01 -5.105505000000000182e-01 -1.201030000000000014e-01
-1.210922500000000124e-01 -5.084299999999999375e-01 -1.189187499999999897e-01
-1.008712499999999956e-01 -4.985537499999999622e-01 -1.325482500000000063e-01
-7.276675000000000504e-02 -4.902970000000000383e-01 -1.382902500000000312e-01
-6.968575000000000463e-02 -4.916429999999999967e-01 -1.340722500000000317e-01
1.345660000000000189e-01 -3.879580000000000251e-01 -1.855667500000000025e-01
2.033537499999999998e-01 -3.540190000000000281e-01 -1.798262499999999930e-01
1.913709999999999856e-01 -3.500287499999999996e-01 -2.006027500000000241e-01
2.594147500000000273e-01 -3.019752500000000284e-01 -2.050849999999999895e-01
3.197707499999999925e-01 -2.732054999999999900e-01 -1.850675000000000237e-01
2.841082500000000066e-01 -3.126455000000000206e-01 -1.580325000000000202e-01
3.787147499999999889e-01 -2.294785000000000019e-01 -1.769759999999999944e-01
3.859380000000000033e-01 -2.100355000000000139e-01 -2.006555000000000144e-01
4.249522500000000313e-01 -1.691312500000000107e-01 -2.043175000000000130e-01
4.683712500000000167e-01 -1.284804999999999975e-01 -1.989532499999999982e-01
5.012505000000000432e-01 -1.167392500000000027e-01 -1.579927500000000151e-01
4.824975000000000236e-01 -1.538617499999999916e-01 -1.223965000000000053e-01
5.820279999999999898e-01 8.135499999999996901e-03 -1.908990000000000131e-01
6.389062500000000089e-01 9.093999999999999306e-02 -1.882142500000000274e-01
6.466202500000000075e-01 8.888024999999999398e-02 -1.724720000000000142e-01
6.490740000000000398e-01 4.792100000000000526e-02 -1.208272499999999972e-01
6.290155000000000607e-01 -1.136975000000000138e-02 -8.695599999999999163e-02
6.929617500000000430e-01 1.228069999999999856e-01 -1.274037500000000100e-01
7.066050000000000386e-01 1.242370000000000002e-01 -9.679799999999999516e-02
7.141537500000000316e-01 1.156514999999999904e-01 -6.854174999999999851e-02
7.132642500000000441e-01 1.039419999999999927e-01 -5.650999999999999773e-02
7.002845000000000875e-01 7.755349999999999744e-02 -5.540624999999999717e-02
6.815697499999999742e-01 1.859207499999999957e-01 -2.077862500000000334e-01
6.901909999999999989e-01 1.847390000000000143e-01 -1.887147500000000144e-01
6.954492500000000188e-01 1.745680000000000009e-01 -1.730345000000000077e-01
6.905080000000000107e-01 1.637662500000000299e-01 -1.790485000000000271e-01
7.119212499999999499e-01 1.822237499999999899e-01 -1.392540000000000167e-01
7.208449999999999580e-01 1.742422500000000152e-01 -1.146514999999999895e-01
7.234542499999999654e-01 1.648705000000000032e-01 -1.047687499999999938e-01
6.351430000000000131e-01 2.147689999999999877e-01 -2.762712499999999682e-01
6.393579999999999819e-01 2.215380000000000404e-01 -2.690234999999999710e-01
6.488539999999999308e-01 2.186535000000000284e-01 -2.573959999999999582e-01
6.566625000000000378e-01 2.114567499999999989e-01 -2.490852500000000080e-01
6.166890000000000427e-01 2.228172499999999945e-01 -2.950987499999999653e-01
6.262007499999999727e-01 2.151967499999999922e-01 -2.865889999999999826e-01
6.139615000000000489e-01 2.309337500000000210e-01 -2.955227500000000007e-01
6.132760000000000433e-01 2.436767499999999975e-01 -2.861467499999999498e-01
6.158354999999999801e-01 2.560349999999999571e-01 -2.731925000000000048e-01
6.231627499999999875e-01 2.530439999999999912e-01 -2.668109999999999649e-01
6.350155000000000660e-01 2.393382500000000024e-01 -2.635837500000000055e-01
5.639752499999999280e-01 2.688232500000000136e-01 -3.102284999999999626e-01
5.841834999999999667e-01 2.639409999999999812e-01 -2.979647500000000004e-01
5.969257500000000327e-01 2.468117500000000242e-01 -3.014752500000000279e-01
5.962690000000000490e-01 2.346012500000000112e-01 -3.117717499999999586e-01
4.873370000000000202e-01 3.194407499999999955e-01 -3.172229999999999772e-01
5.226454999999999851e-01 3.024934999999999707e-01 -3.092644999999999977e-01
5.297687500000000105e-01 2.927452500000000124e-01 -3.152387500000000120e-01
5.120974999999999833e-01 2.960012499999999935e-01 -3.254799999999999915e-01
4.104594999999999771e-01 3.512989999999999724e-01 -3.210467499999999919e-01
3.551122500000000182e-01 3.617557499999999870e-01 -3.260289999999999577e-01
3.365567500000000156e-01 3.728805000000000036e-01 -3.190197499999999908e-01
3.749762500000000109e-01 3.727262499999999812e-01 -3.074680000000000191e-01
1.945462500000000039e-01 4.036087500000000161e-01 -3.184189999999999521e-01
2.286690000000000111e-01 3.914427500000000060e-01 -3.254282499999999745e-01
1.938772500000000010e-01 3.906542499999999807e-01 -3.354745000000000088e-01
-7.095324999999999549e-02 4.429634999999999545e-01 -2.932334999999999803e-01
-1.279810000000000114e-01 4.406950000000000034e-01 -2.814067499999999833e-01
-1.246109999999999995e-01 4.456957499999999461e-01 -2.757632499999999598e-01
-8.083075000000000676e-02 4.516404999999999448e-01 -2.793647499999999950e-01
-2.107085000000000208e-01 4.270370000000000554e-01 -2.748422500000000102e-01
-2.554319999999999924e-01 4.253444999999999587e-01 -2.631184999999999774e-01
-2.187042500000000167e-01 4.324379999999999336e-01 -2.662487499999999785e-01
-3.215352499999999947e-01 4.089487500000000275e-01 -2.522404999999999786e-01
-3.140135000000000010e-01 4.151655000000000206e-01 -2.508142500000000163e-01
-3.045260000000000189e-01 4.213107500000000116e-01 -2.510465000000000058e-01
-3.046579999999999844e-01 4.185652500000000553e-01 -2.542287499999999478e-01
-3.054577499999999723e-01 4.154382500000000089e-01 -2.573337499999999722e-01
-3.322602500000000347e-01 4.042385000000000006e-01 -2.479245000000000199e-01
-3.288590000000000124e-01 4.048590000000000244e-01 -2.501499999999999835e-01
-3.290195000000000203e-01 4.029159999999999964e-01 -2.515762500000000013e-01
-3.422817500000000512e-01 3.928754999999999886e-01 -2.456590000000000162e-01
-3.348949999999999982e-01 4.030714999999999715e-01 -2.463462500000000166e-01
-3.343372500000000302e-01 4.008292499999999703e-01 -2.488085000000000158e-01
-3.851062499999999833e-01 3.200302500000000161e-01 -2.313255000000000172e-01
-3.739249999999999519e-01 3.349207499999999338e-01 -2.395180000000000087e-01
-3.797429999999999972e-01 3.129434999999999856e-01 -2.395990000000000064e-01
-4.191152500000000503e-01 2.634944999999999649e-01 -2.042052500000000326e-01
-4.100149999999999628e-01 2.600014999999999965e-01 -2.169702500000000034e-01
-5.857229999999999936e-01 -2.997917500000000235e-01 -2.926999999999999914e-03
-5.780580000000000718e-01 -2.593449999999999922e-01 -2.340124999999999844e-02
-5.643807499999999866e-01 -2.765265000000000084e-01 -3.677174999999999888e-02
-5.443682499999999980e-01 -4.392500000000000293e-01 -1.207325000000000065e-02
-5.581450000000000022e-01 -4.131774999999999753e-01 -4.337500000000000210e-03
-5.539767500000000178e-01 -3.627917500000000239e-01 -2.446625000000000189e-02
-5.437699999999999756e-01 -3.485097500000000070e-01 -4.045349999999999641e-02
-5.625062499999999854e-01 -4.430112500000000231e-01 1.253075000000000022e-02
-5.516759999999999442e-01 -4.441164999999999696e-01 4.452500000000003330e-04
-5.409097499999999670e-01 -4.497867500000000129e-01 -7.910749999999999379e-03
-5.478142499999999471e-01 -4.544872499999999538e-01 4.119000000000000265e-03
-5.336020000000000207e-01 -4.449202500000000726e-01 -2.042925000000000296e-02
-5.192287500000000167e-01 -4.494932500000000108e-01 -2.827149999999999802e-02
-4.989522499999999861e-01 -4.605102499999999544e-01 -3.568075000000000413e-02
-4.966312500000000241e-01 -4.667344999999999966e-01 -3.255750000000000310e-02
-4.764350000000000529e-01 -4.754710000000000325e-01 -4.079775000000000068e-02
-4.489617499999999928e-01 -4.829910000000000037e-01 -5.377624999999999766e-02
-4.247767500000000362e-01 -4.910860000000000780e-01 -6.343449999999999089e-02
-4.240182499999999854e-01 -4.928782500000000177e-01 -6.189474999999999838e-02
-4.260745000000000227e-01 -4.949512500000000093e-01 -5.776700000000000584e-02
-3.602517499999999817e-01 -5.045884999999999954e-01 -7.985199999999999243e-02
-3.186839999999999673e-01 -5.074152499999999844e-01 -8.932049999999998324e-02
-2.747835000000000139e-01 -5.120457499999999662e-01 -9.744624999999999815e-02
-2.500569999999999737e-01 -5.193105000000000082e-01 -9.458524999999999572e-02
-2.480864999999999876e-01 -5.174387499999999473e-01 -9.753525000000000389e-02
-2.133874999999999800e-01 -5.191137499999999294e-01 -1.043469999999999953e-01
-1.848839999999999928e-01 -5.229654999999999720e-01 -1.067160000000000053e-01
-1.893897499999999956e-01 -5.245792500000000524e-01 -1.034452499999999886e-01
-4.174500000000000433e-02 -4.742490000000000316e-01 -1.551512500000000183e-01
-1.941125000000000142e-02 -4.666229999999999545e-01 -1.593002500000000043e-01
2.158500000000000262e-03 -4.510637499999999855e-01 -1.719460000000000155e-01
1.776575000000000029e-02 -4.472387500000000737e-01 -1.715390000000000248e-01
1.756464999999999832e-01 -3.342772500000000258e-01 -2.416119999999999934e-01
2.091115000000000057e-01 -3.006282500000000413e-01 -2.551309999999999967e-01
2.522187499999999916e-01 -2.622860000000000191e-01 -2.665544999999999720e-01
2.858747500000000108e-01 -2.503327500000000483e-01 -2.539379999999999415e-01
3.011150000000000215e-01 -2.557425000000000392e-01 -2.352640000000000009e-01
3.451572500000000265e-01 -1.850789999999999935e-01 -2.778752499999999626e-01
3.994117499999999543e-01 -1.242470000000000102e-01 -2.831385000000000152e-01
4.432027499999999787e-01 -1.057934999999999987e-01 -2.628632499999999927e-01
4.824625000000000163e-01 -3.315875000000000072e-02 -2.880734999999999824e-01
5.062470000000000026e-01 1.244200000000000167e-02 -2.960789999999999811e-01
5.397312499999999957e-01 6.063525000000000165e-02 -2.945427500000000198e-01
5.541002500000000719e-01 7.568424999999999458e-02 -2.893769999999999953e-01
5.730327499999999796e-01 7.846424999999999927e-02 -2.689287499999999942e-01
5.974062500000000275e-01 7.935149999999999149e-02 -2.404495000000000104e-01
5.491487499999999633e-01 -3.605749999999997846e-03 -2.318595000000000239e-01
6.024527499999999813e-01 1.922165000000000123e-01 -3.104684999999999806e-01
6.115197500000000286e-01 1.933792500000000025e-01 -3.004942499999999628e-01
6.204619999999999580e-01 1.929515000000000258e-01 -2.901764999999999484e-01
6.255747499999999572e-01 1.795507500000000090e-01 -2.802614999999999967e-01
6.499482500000000051e-01 1.804380000000000150e-01 -2.517822499999999852e-01
6.568589999999999707e-01 1.934110000000000273e-01 -2.461387499999999895e-01
6.708779999999999744e-01 1.891227500000000061e-01 -2.267570000000000141e-01
6.725880000000000747e-01 1.759969999999999868e-01 -2.211257500000000376e-01
5.970395000000000563e-01 2.240130000000000454e-01 -3.139917499999999584e-01
5.983817500000000456e-01 2.234805000000000264e-01 -3.130712499999999676e-01
6.011092500000000394e-01 2.153639999999999999e-01 -3.126472499999999877e-01
6.015540000000000331e-01 2.065807500000000074e-01 -3.141117499999999674e-01
5.827065000000000161e-01 2.261894999999999878e-01 -3.223412499999999681e-01
5.914362499999999967e-01 2.249170000000000058e-01 -3.173047499999999688e-01
5.922067500000000040e-01 2.143287500000000123e-01 -3.195247499999999685e-01
5.377482500000000387e-01 2.736857500000000054e-01 -3.247367499999999629e-01
5.637737499999999624e-01 2.546094999999999886e-01 -3.204697499999999977e-01
5.745954999999999258e-01 2.387892500000000084e-01 -3.235389999999999655e-01
3.860049999999999870e-01 3.357354999999999645e-01 -3.400985000000000258e-01
4.159089999999999732e-01 3.346317499999999501e-01 -3.331707499999999600e-01
4.452582499999999666e-01 3.301037499999999736e-01 -3.284867499999999940e-01
4.584882499999999861e-01 3.192097500000000143e-01 -3.318109999999999671e-01
2.859947500000000198e-01 3.673827499999999802e-01 -3.392445000000000044e-01
3.114379999999999926e-01 3.580297499999999800e-01 -3.411899999999999933e-01
2.741852499999999915e-01 3.598272499999999874e-01 -3.474702499999999805e-01
-1.130150000000000043e-01 4.346252500000000185e-01 -2.919700000000000073e-01
-1.143832500000000058e-01 4.354814999999999658e-01 -2.910314999999999985e-01
-6.566675000000000983e-02 4.404769999999999519e-01 -2.972147500000000275e-01
-2.569514999999999993e-01 4.220247500000000040e-01 -2.662235000000000018e-01
-2.098244999999999971e-01 4.257277499999999604e-01 -2.759357499999999797e-01
-2.087070000000000036e-01 4.246622499999999634e-01 -2.768742499999999884e-01
-3.226904999999999912e-01 4.060109999999999553e-01 -2.536667499999999964e-01
-3.168252500000000027e-01 4.092052500000000204e-01 -2.553067499999999712e-01
-3.611139999999999906e-01 3.681837499999999763e-01 -2.419692500000000246e-01
-3.522947499999999899e-01 3.779314999999999758e-01 -2.449052500000000188e-01
-3.533672500000000216e-01 3.660222499999999934e-01 -2.472757500000000164e-01
-3.635202499999999892e-01 3.534762499999999918e-01 -2.442325000000000190e-01
-3.693382499999999791e-01 3.314989999999999881e-01 -2.443135000000000168e-01
-3.679670000000000440e-01 3.166297499999999876e-01 -2.484230000000000327e-01
-5.541740000000000554e-01 -2.622444999999999915e-01 -5.275900000000000034e-02
-5.407337500000000130e-01 -1.800082500000000085e-01 -7.997999999999998166e-02
-5.193139999999999423e-01 -1.792382499999999879e-01 -9.657424999999998649e-02
-4.799612500000000059e-01 -4.496654999999999958e-01 -5.492050000000000404e-02
-4.979044999999999721e-01 -4.047379999999999867e-01 -5.532975000000000393e-02
-4.868887499999999813e-01 -3.177027500000000337e-01 -8.422949999999999882e-02
-4.464884999999999549e-01 -3.323492499999999850e-01 -1.053107499999999946e-01
-4.547847499999999599e-01 -4.744267500000000637e-01 -5.689949999999999869e-02
-4.361147499999999955e-01 -4.682025000000000214e-01 -7.218499999999999917e-02
-4.063205000000000289e-01 -4.731024999999999814e-01 -8.747049999999999270e-02
-3.584792500000000270e-01 -5.008849999999999136e-01 -8.434174999999997924e-02
-3.590942500000000037e-01 -4.914657500000000345e-01 -8.996899999999999342e-02
-3.333572499999999939e-01 -4.846930000000000405e-01 -1.006732499999999780e-01
-2.848562499999999775e-01 -4.961937500000000445e-01 -1.059472499999999789e-01
-2.400845000000000062e-01 -5.137207499999999483e-01 -1.042580000000000034e-01
-2.360990000000000033e-01 -5.111717499999999248e-01 -1.070334999999999898e-01
-1.972177500000000250e-01 -5.123612499999999903e-01 -1.141147499999999870e-01
1.451782500000000087e-01 -3.418275000000000063e-01 -2.429334999999999967e-01
1.641615000000000157e-01 -3.296237499999999931e-01 -2.483950000000000047e-01
1.613827499999999915e-01 -3.376705000000000401e-01 -2.427917500000000006e-01
1.976629999999999776e-01 -2.960539999999999838e-01 -2.634937499999999710e-01
2.283492500000000036e-01 -2.704517499999999908e-01 -2.714094999999999702e-01
4.014984999999999804e-01 -8.074800000000000033e-02 -3.132837499999999720e-01
4.386714999999999920e-01 -5.161224999999999841e-02 -3.083487500000000048e-01
5.601807500000000051e-01 1.435797500000000060e-01 -3.279252500000000015e-01
5.735487499999999406e-01 1.567677500000000113e-01 -3.230709999999999971e-01
5.837654999999999372e-01 1.838677500000000242e-01 -3.235692499999999749e-01
5.859874999999999945e-01 1.876817500000000083e-01 -3.226485000000000047e-01
5.892410000000000148e-01 1.899949999999999972e-01 -3.206277499999999892e-01
5.952040000000000664e-01 1.904000000000000137e-01 -3.161352500000000343e-01
5.961027500000000146e-01 1.760357500000000186e-01 -3.124919999999999920e-01
5.624087500000000128e-01 1.994902500000000078e-01 -3.363282499999999953e-01
5.649389999999999690e-01 2.139982499999999732e-01 -3.327909999999999480e-01
5.721124999999999128e-01 2.258877499999999983e-01 -3.277797499999999808e-01
5.802235000000000031e-01 2.132880000000000054e-01 -3.265819999999999834e-01
4.581345000000000001e-01 2.774949999999999917e-01 -3.443479999999999874e-01
4.797969999999999735e-01 2.771719999999999740e-01 -3.395925000000000193e-01
5.055637499999999784e-01 2.709107499999999780e-01 -3.352457499999999535e-01
5.312145000000000339e-01 2.485952500000000176e-01 -3.345024999999999804e-01
5.450679999999999970e-01 2.176295000000000035e-01 -3.383160000000000056e-01
3.487522499999999859e-01 3.375329999999999719e-01 -3.463787500000000130e-01
3.702237499999999626e-01 3.258582499999999604e-01 -3.475307499999999994e-01
3.194379999999999997e-01 3.313649999999999651e-01 -3.539632500000000070e-01
-1.118974999999999970e-01 4.335597499999999660e-01 -2.929084999999999606e-01
-5.722950000000000259e-02 4.367862499999999870e-01 -3.009514999999999829e-01
-9.705700000000000438e-02 4.288717499999999405e-01 -2.973964999999999526e-01
-2.915984999999999827e-01 3.430844999999999589e-01 -2.767080000000000095e-01
-2.989319999999999755e-01 3.751602500000000284e-01 -2.679257500000000181e-01
-2.949542499999999734e-01 3.779219999999999802e-01 -2.681967499999999838e-01
-2.453304999999999791e-01 3.834430000000000338e-01 -2.780249999999999666e-01
-1.883485000000000020e-01 3.844259999999999899e-01 -2.905042499999999639e-01
-2.133005000000000040e-01 3.463614999999999333e-01 -2.934262499999999996e-01
-3.520362499999999950e-01 3.507379999999999387e-01 -2.514662499999999468e-01
-3.435770000000000213e-01 3.706252499999999617e-01 -2.515580000000000038e-01
-3.416605000000000336e-01 3.720914999999999639e-01 -2.521002499999999702e-01
-3.353315000000000046e-01 3.751864999999999783e-01 -2.541907499999999653e-01
-3.221327499999999677e-01 3.463049999999999740e-01 -2.646129999999999871e-01
-4.789137500000000269e-01 -1.938847499999999668e-01 -1.176554999999999823e-01
-4.795702499999999757e-01 -1.333910000000000096e-01 -1.277627500000000083e-01
-4.552107499999999973e-01 -6.003925000000000234e-02 -1.504382500000000233e-01
-4.180737499999999662e-01 3.374299999999999522e-02 -1.819112499999999966e-01
-3.989829999999999766e-01 7.179449999999998333e-02 -1.963475000000000081e-01
-3.893587500000000312e-01 8.225124999999998410e-02 -2.021282500000000371e-01
-3.583127499999999577e-01 8.894424999999998860e-02 -2.161360000000000225e-01
-3.277784999999999727e-01 8.572374999999998746e-02 -2.282309999999999894e-01
-3.181642499999999818e-01 6.143199999999999356e-02 -2.280457500000000193e-01
-3.805834999999999635e-01 -4.663297500000000428e-01 -9.817474999999999119e-02
-3.879207499999999809e-01 -4.311487500000000250e-01 -1.043797499999999795e-01
-3.362355000000000205e-01 -1.988797499999999663e-01 -1.676587499999999953e-01
-1.182374999999999954e-01 -1.607672500000000004e-01 -2.247327500000000089e-01
4.451400000000001189e-02 -3.269597499999999934e-01 -2.239660000000000262e-01
2.738925000000001081e-02 -3.487959999999999949e-01 -2.152834999999999888e-01
-5.119999999999992613e-03 -3.813057499999999989e-01 -2.007940000000000003e-01
-2.459749999999999992e-01 -4.973832500000000545e-01 -1.130284999999999901e-01
-1.174485000000000112e-01 -4.474157500000000010e-01 -1.557772500000000060e-01
3.284974999999999701e-02 -4.079375000000000084e-01 -1.979167500000000024e-01
-2.205750000000002414e-03 -4.341692500000000621e-01 -1.810367499999999963e-01
-4.952625000000000777e-02 -4.680602500000000110e-01 -1.588797500000000140e-01
-8.093975000000000475e-02 -4.855775000000000508e-01 -1.462340000000000029e-01
-1.173567500000000097e-01 -5.006742499999999874e-01 -1.337325000000000041e-01
2.429992500000000000e-01 -2.478287499999999588e-01 -2.812042499999999889e-01
2.885782500000000361e-01 -1.978059999999999818e-01 -2.941042500000000115e-01
3.341169999999999973e-01 -1.503905000000000103e-01 -3.059312499999999324e-01
3.285827499999999790e-01 -1.653359999999999830e-01 -3.006899999999999573e-01
3.115012500000000073e-01 -1.970322499999999921e-01 -2.904917499999999930e-01
4.070327500000000542e-01 -6.580249999999999988e-02 -3.185250000000000026e-01
4.129279999999999617e-01 -3.838249999999999301e-02 -3.233217499999999633e-01
4.736642500000000089e-01 4.250449999999999368e-02 -3.278122499999999717e-01
5.288237500000000368e-01 9.102824999999999112e-02 -3.263334999999999986e-01
5.301287500000000374e-01 8.458749999999999603e-02 -3.246072499999999583e-01
5.605759999999999632e-01 1.778190000000000048e-01 -3.337165000000000270e-01
5.689952499999999525e-01 1.759132499999999932e-01 -3.299022500000000080e-01
5.588757500000000045e-01 1.500205000000000011e-01 -3.296514999999999862e-01
3.271247499999999642e-01 3.178179999999999894e-01 -3.567585000000000339e-01
4.073487499999999817e-01 2.777034999999999920e-01 -3.514780000000000126e-01
3.954557499999999948e-01 2.441882500000000233e-01 -3.574559999999999960e-01
-1.220089999999999925e-01 3.908072499999999949e-01 -3.003184999999999882e-01
-4.708424999999999416e-02 3.905347499999999861e-01 -3.102185000000000081e-01
2.131349999999999911e-02 3.709274999999999656e-01 -3.218044999999999933e-01
7.617825000000000291e-02 3.494534999999999725e-01 -3.318547499999999761e-01
9.995950000000000668e-02 3.326659999999999617e-01 -3.371957499999999608e-01
1.076462499999999989e-01 3.191189999999999860e-01 -3.399909999999999877e-01
-1.001662499999999983e-01 9.954449999999999410e-02 -2.851197500000000051e-01
-9.244224999999998971e-02 1.233684999999999921e-01 -2.892730000000000024e-01
9.102825000000000499e-02 1.261212499999999903e-01 -3.137897499999999784e-01
2.986137500000000111e-01 9.130499999999999727e-02 -3.365352500000000080e-01
3.334297500000000247e-01 -2.155899999999999136e-02 -3.262602499999999739e-01
3.264507500000000118e-01 -1.267364999999999742e-01 -3.114947499999999869e-01
4.302717500000000084e-01 1.313242500000000035e-01 -3.471810000000000174e-01
4.858617499999999811e-01 1.287050000000000138e-01 -3.395177500000000070e-01
4.971297499999999814e-01 1.250737500000000113e-01 -3.375562499999999466e-01
4.952969999999999873e-01 1.034024999999999944e-01 -3.349444999999999784e-01
6.090874999999999762e-02 -4.121757500000000074e-01 -1.963065000000000226e-01
1.096939999999999998e-01 -3.810002500000000958e-01 -2.141570000000000140e-01
1.239577500000000054e-01 -3.776070000000000260e-01 -2.129772499999999791e-01
1.195149999999999824e-01 -3.854680000000000328e-01 -2.057354999999999878e-01
7.660624999999998685e-02 -4.174270000000000480e-01 -1.849590000000000123e-01
3.633174999999999599e-02 -4.448972500000000219e-01 -1.682839999999999892e-01
